<?xml version="1.0" encoding="UTF-8"?>
<robot generator="Robot 7.4 (Python 3.13.5 on win32)" generated="2026-02-05T01:25:49.663171" rpa="false" schemaversion="5">
<suite id="s1" name="AdmitHis" source="D:\Mehrshad\Test-Project\HisAdmit\AdmitHis-Test\AdmitHis.robot">
<kw name="Create AdmitHIS Session" type="SETUP">
<kw name="Create Session" owner="RequestsLibrary">
<msg time="2026-02-05T01:25:49.952467" level="INFO">Creating Session using : alias=HIS, url=http://192.168.5.19:1600, headers={},                     cookies={}, auth=None, timeout=None, proxies=None, verify=False,                     debug=0 </msg>
<arg>HIS</arg>
<arg>${AdmitHis_Api_URL}</arg>
<arg>verify=${False}</arg>
<doc>Create Session: create a HTTP session to a server</doc>
<status status="PASS" start="2026-02-05T01:25:49.952174" elapsed="0.000498"/>
</kw>
<status status="PASS" start="2026-02-05T01:25:49.951149" elapsed="0.001636"/>
</kw>
<test id="s1-t1" name="13-UI - Open Filling Page" line="395">
<kw name="Disable Screenshots">
<kw name="Register Keyword To Run On Failure" owner="SeleniumLibrary">
<msg time="2026-02-05T01:25:49.953944" level="INFO">No keyword will be run on failure.</msg>
<arg>NONE</arg>
<doc>Sets the keyword to execute, when a SeleniumLibrary keyword fails.</doc>
<status status="PASS" start="2026-02-05T01:25:49.953799" elapsed="0.000203"/>
</kw>
<status status="PASS" start="2026-02-05T01:25:49.953555" elapsed="0.000520"/>
</kw>
<kw name="Start Browser AdmitHis With Token">
<kw name="Open Browser" owner="SeleniumLibrary">
<msg time="2026-02-05T01:25:49.954843" level="INFO">Opening browser 'chrome' to base url 'http://192.168.5.19:8019/filing'.</msg>
<arg>${AdmitHis_App_URL}</arg>
<arg>chrome</arg>
<doc>Opens a new browser instance to the optional ``url``.</doc>
<status status="PASS" start="2026-02-05T01:25:49.954667" elapsed="1.707578"/>
</kw>
<kw name="Maximize Browser Window" owner="SeleniumLibrary">
<doc>Maximizes current browser window.</doc>
<status status="PASS" start="2026-02-05T01:25:51.662439" elapsed="0.042243"/>
</kw>
<kw name="Add Cookie" owner="SeleniumLibrary">
<arg>token</arg>
<arg>${COOKIE_TOKEN}</arg>
<doc>Adds a cookie to your current session.</doc>
<status status="PASS" start="2026-02-05T01:25:51.705009" elapsed="0.010324"/>
</kw>
<kw name="Reload Page" owner="SeleniumLibrary">
<doc>Simulates user reloading page.</doc>
<status status="PASS" start="2026-02-05T01:25:51.715590" elapsed="0.134849"/>
</kw>
<doc>باز کردن کروم + تزریق کوکی token</doc>
<status status="PASS" start="2026-02-05T01:25:49.954446" elapsed="1.896176"/>
</kw>
<kw name="Go To AdmitHis Page">
<kw name="Go To" owner="SeleniumLibrary">
<msg time="2026-02-05T01:25:51.853577" level="INFO">Opening url 'http://192.168.5.19:8019/filing'</msg>
<arg>${AdmitHis_App_URL}</arg>
<doc>Navigates the current browser window to the provided ``url``.</doc>
<status status="PASS" start="2026-02-05T01:25:51.853212" elapsed="0.081778"/>
</kw>
<kw name="Reload Page" owner="SeleniumLibrary">
<doc>Simulates user reloading page.</doc>
<status status="PASS" start="2026-02-05T01:25:51.935163" elapsed="0.064429"/>
</kw>
<doc>رفتن مستقیم به صفحه پذیرش بستری</doc>
<status status="PASS" start="2026-02-05T01:25:51.852232" elapsed="0.147534"/>
</kw>
<kw name="Wait For Page Ready">
<kw name="Run Keyword And Ignore Error" owner="BuiltIn">
<kw name="Wait Until Page Contains Element" owner="SeleniumLibrary">
<msg time="2026-02-05T01:25:55.025177" level="FAIL">Element 'css=.ngx-spinner-overlay,.loading-overlay,.spinner,.mat-progress-spinner,.cdk-overlay-backdrop' did not appear in 3 seconds.</msg>
<arg>${GLOBAL_SPINNER}</arg>
<arg>3</arg>
<doc>Waits until the element ``locator`` appears on the current page.</doc>
<status status="FAIL" start="2026-02-05T01:25:52.000968" elapsed="3.032583">Element 'css=.ngx-spinner-overlay,.loading-overlay,.spinner,.mat-progress-spinner,.cdk-overlay-backdrop' did not appear in 3 seconds.</status>
</kw>
<arg>Wait Until Page Contains Element</arg>
<arg>${GLOBAL_SPINNER}</arg>
<arg>3</arg>
<doc>Runs the given keyword with the given arguments and ignores possible error.</doc>
<status status="PASS" start="2026-02-05T01:25:52.000567" elapsed="3.033420"/>
</kw>
<kw name="Wait Until Element Is Not Visible" owner="SeleniumLibrary">
<arg>${GLOBAL_SPINNER}</arg>
<arg>${timeout}</arg>
<doc>Waits until the element ``locator`` is not visible.</doc>
<status status="PASS" start="2026-02-05T01:25:55.034509" elapsed="0.027283"/>
</kw>
<status status="PASS" start="2026-02-05T01:25:52.000231" elapsed="3.061991"/>
</kw>
<kw name="Wait For Spinner Hidden">
<kw name="Wait Until Element Is Not Visible" owner="SeleniumLibrary">
<arg>css=div.back-spenner.ng-star-inserted</arg>
<arg>1000</arg>
<doc>Waits until the element ``locator`` is not visible.</doc>
<status status="PASS" start="2026-02-05T01:25:55.064581" elapsed="0.026859"/>
</kw>
<doc>صبر کردن تا loading Angular ناپدید شود</doc>
<status status="PASS" start="2026-02-05T01:25:55.063417" elapsed="0.028251"/>
</kw>
<kw name="Log To Console" owner="BuiltIn">
<arg>---- DONE ----</arg>
<doc>Logs the given message to the console.</doc>
<status status="PASS" start="2026-02-05T01:25:55.092250" elapsed="0.001034"/>
</kw>
<doc>باز  کردن صفحه پذیرش بستری</doc>
<tag>inpatient</tag>
<tag>Open_Browser</tag>
<tag>step13</tag>
<tag>UI_Test</tag>
<status status="PASS" start="2026-02-05T01:25:49.952875" elapsed="5.141024"/>
</test>
<test id="s1-t2" name="14- Enter national code of inpatient" line="406">
<kw name="Disable Screenshots">
<kw name="Register Keyword To Run On Failure" owner="SeleniumLibrary">
<msg time="2026-02-05T01:25:55.097569" level="INFO">No keyword will be run on failure.</msg>
<arg>NONE</arg>
<doc>Sets the keyword to execute, when a SeleniumLibrary keyword fails.</doc>
<status status="PASS" start="2026-02-05T01:25:55.097258" elapsed="0.000444"/>
</kw>
<status status="PASS" start="2026-02-05T01:25:55.096698" elapsed="0.001264"/>
</kw>
<kw name="Wait For Page Ready">
<kw name="Run Keyword And Ignore Error" owner="BuiltIn">
<kw name="Wait Until Page Contains Element" owner="SeleniumLibrary">
<msg time="2026-02-05T01:25:58.113728" level="FAIL">Element 'css=.ngx-spinner-overlay,.loading-overlay,.spinner,.mat-progress-spinner,.cdk-overlay-backdrop' did not appear in 3 seconds.</msg>
<arg>${GLOBAL_SPINNER}</arg>
<arg>3</arg>
<doc>Waits until the element ``locator`` appears on the current page.</doc>
<status status="FAIL" start="2026-02-05T01:25:55.100251" elapsed="3.014943">Element 'css=.ngx-spinner-overlay,.loading-overlay,.spinner,.mat-progress-spinner,.cdk-overlay-backdrop' did not appear in 3 seconds.</status>
</kw>
<arg>Wait Until Page Contains Element</arg>
<arg>${GLOBAL_SPINNER}</arg>
<arg>3</arg>
<doc>Runs the given keyword with the given arguments and ignores possible error.</doc>
<status status="PASS" start="2026-02-05T01:25:55.099403" elapsed="3.015948"/>
</kw>
<kw name="Wait Until Element Is Not Visible" owner="SeleniumLibrary">
<arg>${GLOBAL_SPINNER}</arg>
<arg>${timeout}</arg>
<doc>Waits until the element ``locator`` is not visible.</doc>
<status status="PASS" start="2026-02-05T01:25:58.115527" elapsed="0.007691"/>
</kw>
<status status="PASS" start="2026-02-05T01:25:55.098660" elapsed="3.024687"/>
</kw>
<kw name="Wait Until Element Is Visible" owner="SeleniumLibrary">
<arg>//input[@formcontrolname='nationalCode']</arg>
<arg>10s</arg>
<doc>Waits until the element ``locator`` is visible.</doc>
<status status="PASS" start="2026-02-05T01:25:58.123677" elapsed="0.031632"/>
</kw>
<kw name="Clear Element Text" owner="SeleniumLibrary">
<arg>//input[@formcontrolname='nationalCode']</arg>
<doc>Clears the value of the text-input-element identified by ``locator``.</doc>
<status status="PASS" start="2026-02-05T01:25:58.156402" elapsed="0.111881"/>
</kw>
<kw name="Input Text" owner="SeleniumLibrary">
<msg time="2026-02-05T01:25:58.268997" level="INFO">Typing text '1520554001' into text field '//input[@formcontrolname='nationalCode']'.</msg>
<arg>//input[@formcontrolname='nationalCode']</arg>
<arg>${nationalCode}</arg>
<doc>Types the given ``text`` into the text field identified by ``locator``.</doc>
<status status="PASS" start="2026-02-05T01:25:58.268654" elapsed="0.250371"/>
</kw>
<kw name="Click Element Safe">
<kw name="Wait For Spinner Hidden">
<kw name="Wait Until Element Is Not Visible" owner="SeleniumLibrary">
<arg>css=div.back-spenner.ng-star-inserted</arg>
<arg>1000</arg>
<doc>Waits until the element ``locator`` is not visible.</doc>
<status status="PASS" start="2026-02-05T01:25:58.522702" elapsed="1.885777"/>
</kw>
<doc>صبر کردن تا loading Angular ناپدید شود</doc>
<status status="PASS" start="2026-02-05T01:25:58.522249" elapsed="1.886341"/>
</kw>
<kw name="Wait Until Element Is Visible" owner="SeleniumLibrary">
<arg>${locator}</arg>
<doc>Waits until the element ``locator`` is visible.</doc>
<status status="PASS" start="2026-02-05T01:26:00.408733" elapsed="0.018572"/>
</kw>
<kw name="Wait Until Element Is Enabled" owner="SeleniumLibrary">
<arg>${locator}</arg>
<doc>Waits until the element ``locator`` is enabled.</doc>
<status status="PASS" start="2026-02-05T01:26:00.427475" elapsed="0.021187"/>
</kw>
<kw name="Scroll Element Into View" owner="SeleniumLibrary">
<arg>${locator}</arg>
<doc>Scrolls the element identified by ``locator`` into view.</doc>
<status status="PASS" start="2026-02-05T01:26:00.448830" elapsed="0.269247"/>
</kw>
<kw name="Click Element" owner="SeleniumLibrary">
<msg time="2026-02-05T01:26:00.719515" level="INFO">Clicking element 'id=button-addon3'.</msg>
<arg>${locator}</arg>
<doc>Click the element identified by ``locator``.</doc>
<status status="PASS" start="2026-02-05T01:26:00.718655" elapsed="0.148617"/>
</kw>
<arg>id=button-addon3</arg>
<status status="PASS" start="2026-02-05T01:25:58.521519" elapsed="2.345870"/>
</kw>
<kw name="Wait For Page Ready">
<kw name="Run Keyword And Ignore Error" owner="BuiltIn">
<kw name="Wait Until Page Contains Element" owner="SeleniumLibrary">
<msg time="2026-02-05T01:26:03.931161" level="FAIL">Element 'css=.ngx-spinner-overlay,.loading-overlay,.spinner,.mat-progress-spinner,.cdk-overlay-backdrop' did not appear in 3 seconds.</msg>
<arg>${GLOBAL_SPINNER}</arg>
<arg>3</arg>
<doc>Waits until the element ``locator`` appears on the current page.</doc>
<status status="FAIL" start="2026-02-05T01:26:00.869001" elapsed="3.068456">Element 'css=.ngx-spinner-overlay,.loading-overlay,.spinner,.mat-progress-spinner,.cdk-overlay-backdrop' did not appear in 3 seconds.</status>
</kw>
<arg>Wait Until Page Contains Element</arg>
<arg>${GLOBAL_SPINNER}</arg>
<arg>3</arg>
<doc>Runs the given keyword with the given arguments and ignores possible error.</doc>
<status status="PASS" start="2026-02-05T01:26:00.868136" elapsed="3.069814"/>
</kw>
<kw name="Wait Until Element Is Not Visible" owner="SeleniumLibrary">
<arg>${GLOBAL_SPINNER}</arg>
<arg>${timeout}</arg>
<doc>Waits until the element ``locator`` is not visible.</doc>
<status status="PASS" start="2026-02-05T01:26:03.938692" elapsed="0.024673"/>
</kw>
<status status="PASS" start="2026-02-05T01:26:00.867720" elapsed="3.096070"/>
</kw>
<doc>وارد کردن کد ملی بیمار و استعلام کد ملی</doc>
<tag>inpatient</tag>
<tag>step14</tag>
<tag>UI_Test</tag>
<status status="PASS" start="2026-02-05T01:25:55.095436" elapsed="8.868972"/>
</test>
<test id="s1-t3" name="15-UI - Fill inpatient Info" line="418">
<kw name="Disable Screenshots">
<kw name="Register Keyword To Run On Failure" owner="SeleniumLibrary">
<msg time="2026-02-05T01:26:03.968138" level="INFO">No keyword will be run on failure.</msg>
<arg>NONE</arg>
<doc>Sets the keyword to execute, when a SeleniumLibrary keyword fails.</doc>
<status status="PASS" start="2026-02-05T01:26:03.967859" elapsed="0.000400"/>
</kw>
<status status="PASS" start="2026-02-05T01:26:03.967332" elapsed="0.001093"/>
</kw>
<kw name="Wait For Page Ready">
<kw name="Run Keyword And Ignore Error" owner="BuiltIn">
<kw name="Wait Until Page Contains Element" owner="SeleniumLibrary">
<msg time="2026-02-05T01:26:07.094344" level="FAIL">Element 'css=.ngx-spinner-overlay,.loading-overlay,.spinner,.mat-progress-spinner,.cdk-overlay-backdrop' did not appear in 3 seconds.</msg>
<arg>${GLOBAL_SPINNER}</arg>
<arg>3</arg>
<doc>Waits until the element ``locator`` appears on the current page.</doc>
<status status="FAIL" start="2026-02-05T01:26:03.970741" elapsed="3.125649">Element 'css=.ngx-spinner-overlay,.loading-overlay,.spinner,.mat-progress-spinner,.cdk-overlay-backdrop' did not appear in 3 seconds.</status>
</kw>
<arg>Wait Until Page Contains Element</arg>
<arg>${GLOBAL_SPINNER}</arg>
<arg>3</arg>
<doc>Runs the given keyword with the given arguments and ignores possible error.</doc>
<status status="PASS" start="2026-02-05T01:26:03.969566" elapsed="3.127031"/>
</kw>
<kw name="Wait Until Element Is Not Visible" owner="SeleniumLibrary">
<arg>${GLOBAL_SPINNER}</arg>
<arg>${timeout}</arg>
<doc>Waits until the element ``locator`` is not visible.</doc>
<status status="PASS" start="2026-02-05T01:26:07.096862" elapsed="0.019507"/>
</kw>
<status status="PASS" start="2026-02-05T01:26:03.969041" elapsed="3.147529"/>
</kw>
<kw name="Select From Ng Select">
<kw name="Wait For Spinner Hidden">
<kw name="Wait Until Element Is Not Visible" owner="SeleniumLibrary">
<arg>css=div.back-spenner.ng-star-inserted</arg>
<arg>1000</arg>
<doc>Waits until the element ``locator`` is not visible.</doc>
<status status="PASS" start="2026-02-05T01:26:07.118699" elapsed="4.727042"/>
</kw>
<doc>صبر کردن تا loading Angular ناپدید شود</doc>
<status status="PASS" start="2026-02-05T01:26:07.118242" elapsed="4.727683"/>
</kw>
<kw name="Wait Until Element Is Visible" owner="SeleniumLibrary">
<arg>css=ng-select[formcontrolname='${formcontrol}']</arg>
<doc>Waits until the element ``locator`` is visible.</doc>
<status status="PASS" start="2026-02-05T01:26:11.846161" elapsed="0.024004"/>
</kw>
<kw name="Click Element" owner="SeleniumLibrary">
<msg time="2026-02-05T01:26:11.870601" level="INFO">Clicking element 'css=ng-select[formcontrolname='maritalStatus']'.</msg>
<arg>css=ng-select[formcontrolname='${formcontrol}']</arg>
<doc>Click the element identified by ``locator``.</doc>
<status status="PASS" start="2026-02-05T01:26:11.870342" elapsed="0.110282"/>
</kw>
<kw name="Wait Until Element Is Visible" owner="SeleniumLibrary">
<arg>css=ng-select[formcontrolname='${formcontrol}'] input[type='text']</arg>
<doc>Waits until the element ``locator`` is visible.</doc>
<status status="PASS" start="2026-02-05T01:26:11.980883" elapsed="0.033313"/>
</kw>
<kw name="Input Text" owner="SeleniumLibrary">
<msg time="2026-02-05T01:26:12.014976" level="INFO">Typing text 'مجرد' into text field 'css=ng-select[formcontrolname='maritalStatus'] input[type='text']'.</msg>
<arg>css=ng-select[formcontrolname='${formcontrol}'] input[type='text']</arg>
<arg>${value}</arg>
<doc>Types the given ``text`` into the text field identified by ``locator``.</doc>
<status status="PASS" start="2026-02-05T01:26:12.014494" elapsed="0.123635"/>
</kw>
<kw name="Wait Until Element Is Visible" owner="SeleniumLibrary">
<arg>xpath=//div[contains(@class,'ng-option') and contains(normalize-space(.), '${value}')]</arg>
<doc>Waits until the element ``locator`` is visible.</doc>
<status status="PASS" start="2026-02-05T01:26:12.138421" elapsed="0.069627"/>
</kw>
<kw name="Click Element" owner="SeleniumLibrary">
<msg time="2026-02-05T01:26:12.208452" level="INFO">Clicking element 'xpath=//div[contains(@class,'ng-option') and contains(normalize-space(.), 'مجرد')]'.</msg>
<arg>xpath=//div[contains(@class,'ng-option') and contains(normalize-space(.), '${value}')]</arg>
<doc>Click the element identified by ``locator``.</doc>
<status status="PASS" start="2026-02-05T01:26:12.208220" elapsed="0.067443"/>
</kw>
<kw name="Press Keys" owner="SeleniumLibrary">
<msg time="2026-02-05T01:26:12.277859" level="INFO">Sending key(s) ('TAB',) to css=ng-select[formcontrolname='maritalStatus'] input[type='text'] element.</msg>
<msg time="2026-02-05T01:26:12.602244" level="INFO">Pressing special key TAB to element.</msg>
<msg time="2026-02-05T01:26:12.602339" level="INFO">Releasing special key TAB.</msg>
<arg>css=ng-select[formcontrolname='${formcontrol}'] input[type='text']</arg>
<arg>TAB</arg>
<doc>Simulates the user pressing key(s) to an element or on the active browser.</doc>
<status status="PASS" start="2026-02-05T01:26:12.275978" elapsed="0.346615"/>
</kw>
<arg>maritalStatus</arg>
<arg>مجرد</arg>
<status status="PASS" start="2026-02-05T01:26:07.117312" elapsed="5.505439"/>
</kw>
<kw name="Select From Ng Select">
<kw name="Wait For Spinner Hidden">
<kw name="Wait Until Element Is Not Visible" owner="SeleniumLibrary">
<arg>css=div.back-spenner.ng-star-inserted</arg>
<arg>1000</arg>
<doc>Waits until the element ``locator`` is not visible.</doc>
<status status="PASS" start="2026-02-05T01:26:12.624236" elapsed="0.030873"/>
</kw>
<doc>صبر کردن تا loading Angular ناپدید شود</doc>
<status status="PASS" start="2026-02-05T01:26:12.623820" elapsed="0.031530"/>
</kw>
<kw name="Wait Until Element Is Visible" owner="SeleniumLibrary">
<arg>css=ng-select[formcontrolname='${formcontrol}']</arg>
<doc>Waits until the element ``locator`` is visible.</doc>
<status status="PASS" start="2026-02-05T01:26:12.655569" elapsed="0.032867"/>
</kw>
<kw name="Click Element" owner="SeleniumLibrary">
<msg time="2026-02-05T01:26:12.691521" level="INFO">Clicking element 'css=ng-select[formcontrolname='insurRelation']'.</msg>
<arg>css=ng-select[formcontrolname='${formcontrol}']</arg>
<doc>Click the element identified by ``locator``.</doc>
<status status="PASS" start="2026-02-05T01:26:12.690846" elapsed="0.092208"/>
</kw>
<kw name="Wait Until Element Is Visible" owner="SeleniumLibrary">
<arg>css=ng-select[formcontrolname='${formcontrol}'] input[type='text']</arg>
<doc>Waits until the element ``locator`` is visible.</doc>
<status status="PASS" start="2026-02-05T01:26:12.783226" elapsed="0.020862"/>
</kw>
<kw name="Input Text" owner="SeleniumLibrary">
<msg time="2026-02-05T01:26:12.804510" level="INFO">Typing text 'خود فرد' into text field 'css=ng-select[formcontrolname='insurRelation'] input[type='text']'.</msg>
<arg>css=ng-select[formcontrolname='${formcontrol}'] input[type='text']</arg>
<arg>${value}</arg>
<doc>Types the given ``text`` into the text field identified by ``locator``.</doc>
<status status="PASS" start="2026-02-05T01:26:12.804256" elapsed="0.109789"/>
</kw>
<kw name="Wait Until Element Is Visible" owner="SeleniumLibrary">
<arg>xpath=//div[contains(@class,'ng-option') and contains(normalize-space(.), '${value}')]</arg>
<doc>Waits until the element ``locator`` is visible.</doc>
<status status="PASS" start="2026-02-05T01:26:12.914394" elapsed="0.017486"/>
</kw>
<kw name="Click Element" owner="SeleniumLibrary">
<msg time="2026-02-05T01:26:12.932285" level="INFO">Clicking element 'xpath=//div[contains(@class,'ng-option') and contains(normalize-space(.), 'خود فرد')]'.</msg>
<arg>xpath=//div[contains(@class,'ng-option') and contains(normalize-space(.), '${value}')]</arg>
<doc>Click the element identified by ``locator``.</doc>
<status status="PASS" start="2026-02-05T01:26:12.932051" elapsed="0.067278"/>
</kw>
<kw name="Press Keys" owner="SeleniumLibrary">
<msg time="2026-02-05T01:26:12.999913" level="INFO">Sending key(s) ('TAB',) to css=ng-select[formcontrolname='insurRelation'] input[type='text'] element.</msg>
<msg time="2026-02-05T01:26:13.335462" level="INFO">Pressing special key TAB to element.</msg>
<msg time="2026-02-05T01:26:13.335647" level="INFO">Releasing special key TAB.</msg>
<arg>css=ng-select[formcontrolname='${formcontrol}'] input[type='text']</arg>
<arg>TAB</arg>
<doc>Simulates the user pressing key(s) to an element or on the active browser.</doc>
<status status="PASS" start="2026-02-05T01:26:12.999502" elapsed="0.383212"/>
</kw>
<arg>insurRelation</arg>
<arg>خود فرد</arg>
<status status="PASS" start="2026-02-05T01:26:12.623260" elapsed="0.759575"/>
</kw>
<kw name="Input Text" owner="SeleniumLibrary">
<msg time="2026-02-05T01:26:13.383486" level="INFO">Typing text '09383509316' into text field '//input[@formcontrolname='mobileNumber']'.</msg>
<arg>//input[@formcontrolname='mobileNumber']</arg>
<arg>09383509316</arg>
<doc>Types the given ``text`` into the text field identified by ``locator``.</doc>
<status status="PASS" start="2026-02-05T01:26:13.383175" elapsed="0.205684"/>
</kw>
<kw name="Input Text" owner="SeleniumLibrary">
<msg time="2026-02-05T01:26:13.590179" level="INFO">Typing text 'dfgdfgdfgd' into text field '//input[@formcontrolname='address']'.</msg>
<arg>//input[@formcontrolname='address']</arg>
<arg>dfgdfgdfgd</arg>
<doc>Types the given ``text`` into the text field identified by ``locator``.</doc>
<status status="PASS" start="2026-02-05T01:26:13.589831" elapsed="0.183506"/>
</kw>
<kw name="Input Text" owner="SeleniumLibrary">
<msg time="2026-02-05T01:26:13.774413" level="INFO">Typing text 'مهرشاد شیخ الاسلامی' into text field '//input[@formcontrolname='accompanyfullName']'.</msg>
<arg>//input[@formcontrolname='accompanyfullName']</arg>
<arg>مهرشاد شیخ الاسلامی</arg>
<doc>Types the given ``text`` into the text field identified by ``locator``.</doc>
<status status="PASS" start="2026-02-05T01:26:13.774038" elapsed="0.214446"/>
</kw>
<kw name="Input Text" owner="SeleniumLibrary">
<msg time="2026-02-05T01:26:13.989820" level="INFO">Typing text '09383586316' into text field '//input[@formcontrolname='accompanyMobileNumber']'.</msg>
<arg>//input[@formcontrolname='accompanyMobileNumber']</arg>
<arg>09383586316</arg>
<doc>Types the given ``text`` into the text field identified by ``locator``.</doc>
<status status="PASS" start="2026-02-05T01:26:13.989503" elapsed="0.167662"/>
</kw>
<kw name="Wait For Spinner Hidden">
<kw name="Wait Until Element Is Not Visible" owner="SeleniumLibrary">
<arg>css=div.back-spenner.ng-star-inserted</arg>
<arg>1000</arg>
<doc>Waits until the element ``locator`` is not visible.</doc>
<status status="PASS" start="2026-02-05T01:26:14.158122" elapsed="0.007772"/>
</kw>
<doc>صبر کردن تا loading Angular ناپدید شود</doc>
<status status="PASS" start="2026-02-05T01:26:14.157660" elapsed="0.008419"/>
</kw>
<kw name="Wait Until Element Is Visible" owner="SeleniumLibrary">
<arg>id=button-addon2</arg>
<doc>Waits until the element ``locator`` is visible.</doc>
<status status="PASS" start="2026-02-05T01:26:14.166904" elapsed="0.034101"/>
</kw>
<kw name="Click Element" owner="SeleniumLibrary">
<msg time="2026-02-05T01:26:14.201621" level="INFO">Clicking element 'id=button-addon2'.</msg>
<arg>id=button-addon2</arg>
<doc>Click the element identified by ``locator``.</doc>
<status status="PASS" start="2026-02-05T01:26:14.201330" elapsed="0.073684"/>
</kw>
<kw name="Select From Ng Select">
<kw name="Wait For Spinner Hidden">
<kw name="Wait Until Element Is Not Visible" owner="SeleniumLibrary">
<arg>css=div.back-spenner.ng-star-inserted</arg>
<arg>1000</arg>
<doc>Waits until the element ``locator`` is not visible.</doc>
<status status="PASS" start="2026-02-05T01:26:14.276000" elapsed="0.011405"/>
</kw>
<doc>صبر کردن تا loading Angular ناپدید شود</doc>
<status status="PASS" start="2026-02-05T01:26:14.275790" elapsed="0.012007"/>
</kw>
<kw name="Wait Until Element Is Visible" owner="SeleniumLibrary">
<arg>css=ng-select[formcontrolname='${formcontrol}']</arg>
<doc>Waits until the element ``locator`` is visible.</doc>
<status status="PASS" start="2026-02-05T01:26:14.288101" elapsed="0.016752"/>
</kw>
<kw name="Click Element" owner="SeleniumLibrary">
<msg time="2026-02-05T01:26:14.305271" level="INFO">Clicking element 'css=ng-select[formcontrolname='patientClass']'.</msg>
<arg>css=ng-select[formcontrolname='${formcontrol}']</arg>
<doc>Click the element identified by ``locator``.</doc>
<status status="PASS" start="2026-02-05T01:26:14.305038" elapsed="0.070156"/>
</kw>
<kw name="Wait Until Element Is Visible" owner="SeleniumLibrary">
<arg>css=ng-select[formcontrolname='${formcontrol}'] input[type='text']</arg>
<doc>Waits until the element ``locator`` is visible.</doc>
<status status="PASS" start="2026-02-05T01:26:14.375844" elapsed="0.025411"/>
</kw>
<kw name="Input Text" owner="SeleniumLibrary">
<msg time="2026-02-05T01:26:14.401867" level="INFO">Typing text 'بستری' into text field 'css=ng-select[formcontrolname='patientClass'] input[type='text']'.</msg>
<arg>css=ng-select[formcontrolname='${formcontrol}'] input[type='text']</arg>
<arg>${value}</arg>
<doc>Types the given ``text`` into the text field identified by ``locator``.</doc>
<status status="PASS" start="2026-02-05T01:26:14.401494" elapsed="0.089847"/>
</kw>
<kw name="Wait Until Element Is Visible" owner="SeleniumLibrary">
<arg>xpath=//div[contains(@class,'ng-option') and contains(normalize-space(.), '${value}')]</arg>
<doc>Waits until the element ``locator`` is visible.</doc>
<status status="PASS" start="2026-02-05T01:26:14.491644" elapsed="0.048718"/>
</kw>
<kw name="Click Element" owner="SeleniumLibrary">
<msg time="2026-02-05T01:26:14.540784" level="INFO">Clicking element 'xpath=//div[contains(@class,'ng-option') and contains(normalize-space(.), 'بستری')]'.</msg>
<arg>xpath=//div[contains(@class,'ng-option') and contains(normalize-space(.), '${value}')]</arg>
<doc>Click the element identified by ``locator``.</doc>
<status status="PASS" start="2026-02-05T01:26:14.540524" elapsed="0.064952"/>
</kw>
<kw name="Press Keys" owner="SeleniumLibrary">
<msg time="2026-02-05T01:26:14.606509" level="INFO">Sending key(s) ('TAB',) to css=ng-select[formcontrolname='patientClass'] input[type='text'] element.</msg>
<msg time="2026-02-05T01:26:14.911173" level="INFO">Pressing special key TAB to element.</msg>
<msg time="2026-02-05T01:26:14.911407" level="INFO">Releasing special key TAB.</msg>
<arg>css=ng-select[formcontrolname='${formcontrol}'] input[type='text']</arg>
<arg>TAB</arg>
<doc>Simulates the user pressing key(s) to an element or on the active browser.</doc>
<status status="PASS" start="2026-02-05T01:26:14.605760" elapsed="0.339563"/>
</kw>
<arg>patientClass</arg>
<arg>بستری</arg>
<status status="PASS" start="2026-02-05T01:26:14.275429" elapsed="0.670073"/>
</kw>
<kw name="Select From Ng Select">
<kw name="Wait For Spinner Hidden">
<kw name="Wait Until Element Is Not Visible" owner="SeleniumLibrary">
<arg>css=div.back-spenner.ng-star-inserted</arg>
<arg>1000</arg>
<doc>Waits until the element ``locator`` is not visible.</doc>
<status status="PASS" start="2026-02-05T01:26:14.947116" elapsed="0.028766"/>
</kw>
<doc>صبر کردن تا loading Angular ناپدید شود</doc>
<status status="PASS" start="2026-02-05T01:26:14.946707" elapsed="0.029359"/>
</kw>
<kw name="Wait Until Element Is Visible" owner="SeleniumLibrary">
<arg>css=ng-select[formcontrolname='${formcontrol}']</arg>
<doc>Waits until the element ``locator`` is visible.</doc>
<status status="PASS" start="2026-02-05T01:26:14.976276" elapsed="0.025894"/>
</kw>
<kw name="Click Element" owner="SeleniumLibrary">
<msg time="2026-02-05T01:26:15.002782" level="INFO">Clicking element 'css=ng-select[formcontrolname='firstRecognition']'.</msg>
<arg>css=ng-select[formcontrolname='${formcontrol}']</arg>
<doc>Click the element identified by ``locator``.</doc>
<status status="PASS" start="2026-02-05T01:26:15.002425" elapsed="0.083544"/>
</kw>
<kw name="Wait Until Element Is Visible" owner="SeleniumLibrary">
<arg>css=ng-select[formcontrolname='${formcontrol}'] input[type='text']</arg>
<doc>Waits until the element ``locator`` is visible.</doc>
<status status="PASS" start="2026-02-05T01:26:15.086182" elapsed="0.018431"/>
</kw>
<kw name="Input Text" owner="SeleniumLibrary">
<msg time="2026-02-05T01:26:15.105128" level="INFO">Typing text 'شکستگی' into text field 'css=ng-select[formcontrolname='firstRecognition'] input[type='text']'.</msg>
<arg>css=ng-select[formcontrolname='${formcontrol}'] input[type='text']</arg>
<arg>${value}</arg>
<doc>Types the given ``text`` into the text field identified by ``locator``.</doc>
<status status="PASS" start="2026-02-05T01:26:15.104807" elapsed="0.293168"/>
</kw>
<kw name="Wait Until Element Is Visible" owner="SeleniumLibrary">
<arg>xpath=//div[contains(@class,'ng-option') and contains(normalize-space(.), '${value}')]</arg>
<doc>Waits until the element ``locator`` is visible.</doc>
<status status="PASS" start="2026-02-05T01:26:15.398410" elapsed="0.025318"/>
</kw>
<kw name="Click Element" owner="SeleniumLibrary">
<msg time="2026-02-05T01:26:15.424127" level="INFO">Clicking element 'xpath=//div[contains(@class,'ng-option') and contains(normalize-space(.), 'شکستگی')]'.</msg>
<arg>xpath=//div[contains(@class,'ng-option') and contains(normalize-space(.), '${value}')]</arg>
<doc>Click the element identified by ``locator``.</doc>
<status status="PASS" start="2026-02-05T01:26:15.423895" elapsed="0.079253"/>
</kw>
<kw name="Press Keys" owner="SeleniumLibrary">
<msg time="2026-02-05T01:26:15.503734" level="INFO">Sending key(s) ('TAB',) to css=ng-select[formcontrolname='firstRecognition'] input[type='text'] element.</msg>
<msg time="2026-02-05T01:26:15.802954" level="INFO">Pressing special key TAB to element.</msg>
<msg time="2026-02-05T01:26:15.803038" level="INFO">Releasing special key TAB.</msg>
<arg>css=ng-select[formcontrolname='${formcontrol}'] input[type='text']</arg>
<arg>TAB</arg>
<doc>Simulates the user pressing key(s) to an element or on the active browser.</doc>
<status status="PASS" start="2026-02-05T01:26:15.503325" elapsed="0.313591"/>
</kw>
<arg>firstRecognition</arg>
<arg>شکستگی</arg>
<status status="PASS" start="2026-02-05T01:26:14.946118" elapsed="0.870999"/>
</kw>
<kw name="Select From Ng Select">
<kw name="Wait For Spinner Hidden">
<kw name="Wait Until Element Is Not Visible" owner="SeleniumLibrary">
<arg>css=div.back-spenner.ng-star-inserted</arg>
<arg>1000</arg>
<doc>Waits until the element ``locator`` is not visible.</doc>
<status status="PASS" start="2026-02-05T01:26:15.818509" elapsed="0.008828"/>
</kw>
<doc>صبر کردن تا loading Angular ناپدید شود</doc>
<status status="PASS" start="2026-02-05T01:26:15.818151" elapsed="0.009352"/>
</kw>
<kw name="Wait Until Element Is Visible" owner="SeleniumLibrary">
<arg>css=ng-select[formcontrolname='${formcontrol}']</arg>
<doc>Waits until the element ``locator`` is visible.</doc>
<status status="PASS" start="2026-02-05T01:26:15.827709" elapsed="0.023890"/>
</kw>
<kw name="Click Element" owner="SeleniumLibrary">
<msg time="2026-02-05T01:26:15.852009" level="INFO">Clicking element 'css=ng-select[formcontrolname='howToRefer']'.</msg>
<arg>css=ng-select[formcontrolname='${formcontrol}']</arg>
<doc>Click the element identified by ``locator``.</doc>
<status status="PASS" start="2026-02-05T01:26:15.851763" elapsed="0.083187"/>
</kw>
<kw name="Wait Until Element Is Visible" owner="SeleniumLibrary">
<arg>css=ng-select[formcontrolname='${formcontrol}'] input[type='text']</arg>
<doc>Waits until the element ``locator`` is visible.</doc>
<status status="PASS" start="2026-02-05T01:26:15.935128" elapsed="0.025525"/>
</kw>
<kw name="Input Text" owner="SeleniumLibrary">
<msg time="2026-02-05T01:26:15.961132" level="INFO">Typing text 'وسیله شخصی' into text field 'css=ng-select[formcontrolname='howToRefer'] input[type='text']'.</msg>
<arg>css=ng-select[formcontrolname='${formcontrol}'] input[type='text']</arg>
<arg>${value}</arg>
<doc>Types the given ``text`` into the text field identified by ``locator``.</doc>
<status status="PASS" start="2026-02-05T01:26:15.960815" elapsed="0.136625"/>
</kw>
<kw name="Wait Until Element Is Visible" owner="SeleniumLibrary">
<arg>xpath=//div[contains(@class,'ng-option') and contains(normalize-space(.), '${value}')]</arg>
<doc>Waits until the element ``locator`` is visible.</doc>
<status status="PASS" start="2026-02-05T01:26:16.097757" elapsed="0.018945"/>
</kw>
<kw name="Click Element" owner="SeleniumLibrary">
<msg time="2026-02-05T01:26:16.117128" level="INFO">Clicking element 'xpath=//div[contains(@class,'ng-option') and contains(normalize-space(.), 'وسیله شخصی')]'.</msg>
<arg>xpath=//div[contains(@class,'ng-option') and contains(normalize-space(.), '${value}')]</arg>
<doc>Click the element identified by ``locator``.</doc>
<status status="PASS" start="2026-02-05T01:26:16.116878" elapsed="0.065523"/>
</kw>
<kw name="Press Keys" owner="SeleniumLibrary">
<msg time="2026-02-05T01:26:16.182985" level="INFO">Sending key(s) ('TAB',) to css=ng-select[formcontrolname='howToRefer'] input[type='text'] element.</msg>
<msg time="2026-02-05T01:26:16.501271" level="INFO">Pressing special key TAB to element.</msg>
<msg time="2026-02-05T01:26:16.501531" level="INFO">Releasing special key TAB.</msg>
<arg>css=ng-select[formcontrolname='${formcontrol}'] input[type='text']</arg>
<arg>TAB</arg>
<doc>Simulates the user pressing key(s) to an element or on the active browser.</doc>
<status status="PASS" start="2026-02-05T01:26:16.182577" elapsed="0.369543"/>
</kw>
<arg>howToRefer</arg>
<arg>وسیله شخصی</arg>
<status status="PASS" start="2026-02-05T01:26:15.817643" elapsed="0.734653"/>
</kw>
<kw name="Select From Ng Select">
<kw name="Wait For Spinner Hidden">
<kw name="Wait Until Element Is Not Visible" owner="SeleniumLibrary">
<arg>css=div.back-spenner.ng-star-inserted</arg>
<arg>1000</arg>
<doc>Waits until the element ``locator`` is not visible.</doc>
<status status="PASS" start="2026-02-05T01:26:16.556012" elapsed="0.013949"/>
</kw>
<doc>صبر کردن تا loading Angular ناپدید شود</doc>
<status status="PASS" start="2026-02-05T01:26:16.555589" elapsed="0.014576"/>
</kw>
<kw name="Wait Until Element Is Visible" owner="SeleniumLibrary">
<arg>css=ng-select[formcontrolname='${formcontrol}']</arg>
<doc>Waits until the element ``locator`` is visible.</doc>
<status status="PASS" start="2026-02-05T01:26:16.570390" elapsed="0.028142"/>
</kw>
<kw name="Click Element" owner="SeleniumLibrary">
<msg time="2026-02-05T01:26:16.598919" level="INFO">Clicking element 'css=ng-select[formcontrolname='causeOfHospitalization']'.</msg>
<arg>css=ng-select[formcontrolname='${formcontrol}']</arg>
<doc>Click the element identified by ``locator``.</doc>
<status status="PASS" start="2026-02-05T01:26:16.598693" elapsed="0.081376"/>
</kw>
<kw name="Wait Until Element Is Visible" owner="SeleniumLibrary">
<arg>css=ng-select[formcontrolname='${formcontrol}'] input[type='text']</arg>
<doc>Waits until the element ``locator`` is visible.</doc>
<status status="PASS" start="2026-02-05T01:26:16.680336" elapsed="0.027617"/>
</kw>
<kw name="Input Text" owner="SeleniumLibrary">
<msg time="2026-02-05T01:26:16.708473" level="INFO">Typing text 'دل درد' into text field 'css=ng-select[formcontrolname='causeOfHospitalization'] input[type='text']'.</msg>
<arg>css=ng-select[formcontrolname='${formcontrol}'] input[type='text']</arg>
<arg>${value}</arg>
<doc>Types the given ``text`` into the text field identified by ``locator``.</doc>
<status status="PASS" start="2026-02-05T01:26:16.708144" elapsed="0.090878"/>
</kw>
<kw name="Wait Until Element Is Visible" owner="SeleniumLibrary">
<arg>xpath=//div[contains(@class,'ng-option') and contains(normalize-space(.), '${value}')]</arg>
<doc>Waits until the element ``locator`` is visible.</doc>
<status status="PASS" start="2026-02-05T01:26:16.799268" elapsed="0.019405"/>
</kw>
<kw name="Click Element" owner="SeleniumLibrary">
<msg time="2026-02-05T01:26:16.819071" level="INFO">Clicking element 'xpath=//div[contains(@class,'ng-option') and contains(normalize-space(.), 'دل درد')]'.</msg>
<arg>xpath=//div[contains(@class,'ng-option') and contains(normalize-space(.), '${value}')]</arg>
<doc>Click the element identified by ``locator``.</doc>
<status status="PASS" start="2026-02-05T01:26:16.818841" elapsed="0.061454"/>
</kw>
<kw name="Press Keys" owner="SeleniumLibrary">
<msg time="2026-02-05T01:26:16.880830" level="INFO">Sending key(s) ('TAB',) to css=ng-select[formcontrolname='causeOfHospitalization'] input[type='text'] element.</msg>
<msg time="2026-02-05T01:26:17.208766" level="INFO">Pressing special key TAB to element.</msg>
<msg time="2026-02-05T01:26:17.209005" level="INFO">Releasing special key TAB.</msg>
<arg>css=ng-select[formcontrolname='${formcontrol}'] input[type='text']</arg>
<arg>TAB</arg>
<doc>Simulates the user pressing key(s) to an element or on the active browser.</doc>
<status status="PASS" start="2026-02-05T01:26:16.880461" elapsed="0.353356"/>
</kw>
<arg>causeOfHospitalization</arg>
<arg>دل درد</arg>
<status status="PASS" start="2026-02-05T01:26:16.554114" elapsed="0.679892"/>
</kw>
<doc>پر کردن اطلاعات مورد نیاز بیمار</doc>
<tag>inpatient</tag>
<tag>step15</tag>
<tag>UI_Test</tag>
<status status="PASS" start="2026-02-05T01:26:03.966211" elapsed="13.268239"/>
</test>
<test id="s1-t4" name="16-UI - Assign Ward And Doctor" line="441">
<kw name="Disable Screenshots">
<kw name="Register Keyword To Run On Failure" owner="SeleniumLibrary">
<msg time="2026-02-05T01:26:17.237894" level="INFO">No keyword will be run on failure.</msg>
<arg>NONE</arg>
<doc>Sets the keyword to execute, when a SeleniumLibrary keyword fails.</doc>
<status status="PASS" start="2026-02-05T01:26:17.237679" elapsed="0.000441"/>
</kw>
<status status="PASS" start="2026-02-05T01:26:17.237260" elapsed="0.001048"/>
</kw>
<kw name="Select From Ng Select">
<kw name="Wait For Spinner Hidden">
<kw name="Wait Until Element Is Not Visible" owner="SeleniumLibrary">
<arg>css=div.back-spenner.ng-star-inserted</arg>
<arg>1000</arg>
<doc>Waits until the element ``locator`` is not visible.</doc>
<status status="PASS" start="2026-02-05T01:26:17.244013" elapsed="0.014677"/>
</kw>
<doc>صبر کردن تا loading Angular ناپدید شود</doc>
<status status="PASS" start="2026-02-05T01:26:17.243592" elapsed="0.015280"/>
</kw>
<kw name="Wait Until Element Is Visible" owner="SeleniumLibrary">
<arg>css=ng-select[formcontrolname='${formcontrol}']</arg>
<doc>Waits until the element ``locator`` is visible.</doc>
<status status="PASS" start="2026-02-05T01:26:17.259286" elapsed="0.026977"/>
</kw>
<kw name="Click Element" owner="SeleniumLibrary">
<msg time="2026-02-05T01:26:17.286817" level="INFO">Clicking element 'css=ng-select[formcontrolname='wardfileld']'.</msg>
<arg>css=ng-select[formcontrolname='${formcontrol}']</arg>
<doc>Click the element identified by ``locator``.</doc>
<status status="PASS" start="2026-02-05T01:26:17.286494" elapsed="0.061881"/>
</kw>
<kw name="Wait Until Element Is Visible" owner="SeleniumLibrary">
<arg>css=ng-select[formcontrolname='${formcontrol}'] input[type='text']</arg>
<doc>Waits until the element ``locator`` is visible.</doc>
<status status="PASS" start="2026-02-05T01:26:17.348544" elapsed="0.014139"/>
</kw>
<kw name="Input Text" owner="SeleniumLibrary">
<msg time="2026-02-05T01:26:17.363111" level="INFO">Typing text 'اطفال 2 - تخت خالی (33)' into text field 'css=ng-select[formcontrolname='wardfileld'] input[type='text']'.</msg>
<arg>css=ng-select[formcontrolname='${formcontrol}'] input[type='text']</arg>
<arg>${value}</arg>
<doc>Types the given ``text`` into the text field identified by ``locator``.</doc>
<status status="PASS" start="2026-02-05T01:26:17.362849" elapsed="0.162517"/>
</kw>
<kw name="Wait Until Element Is Visible" owner="SeleniumLibrary">
<arg>xpath=//div[contains(@class,'ng-option') and contains(normalize-space(.), '${value}')]</arg>
<doc>Waits until the element ``locator`` is visible.</doc>
<status status="PASS" start="2026-02-05T01:26:17.525685" elapsed="0.016971"/>
</kw>
<kw name="Click Element" owner="SeleniumLibrary">
<msg time="2026-02-05T01:26:17.543061" level="INFO">Clicking element 'xpath=//div[contains(@class,'ng-option') and contains(normalize-space(.), 'اطفال 2 - تخت خالی (33)')]'.</msg>
<arg>xpath=//div[contains(@class,'ng-option') and contains(normalize-space(.), '${value}')]</arg>
<doc>Click the element identified by ``locator``.</doc>
<status status="PASS" start="2026-02-05T01:26:17.542826" elapsed="0.063285"/>
</kw>
<kw name="Press Keys" owner="SeleniumLibrary">
<msg time="2026-02-05T01:26:17.606736" level="INFO">Sending key(s) ('TAB',) to css=ng-select[formcontrolname='wardfileld'] input[type='text'] element.</msg>
<msg time="2026-02-05T01:26:17.934666" level="INFO">Pressing special key TAB to element.</msg>
<msg time="2026-02-05T01:26:17.934806" level="INFO">Releasing special key TAB.</msg>
<arg>css=ng-select[formcontrolname='${formcontrol}'] input[type='text']</arg>
<arg>TAB</arg>
<doc>Simulates the user pressing key(s) to an element or on the active browser.</doc>
<status status="PASS" start="2026-02-05T01:26:17.606295" elapsed="0.366156"/>
</kw>
<arg>wardfileld</arg>
<arg>اطفال 2 - تخت خالی (33)</arg>
<status status="PASS" start="2026-02-05T01:26:17.242265" elapsed="0.730368"/>
</kw>
<kw name="Select From Ng Select">
<kw name="Wait For Spinner Hidden">
<kw name="Wait Until Element Is Not Visible" owner="SeleniumLibrary">
<arg>css=div.back-spenner.ng-star-inserted</arg>
<arg>1000</arg>
<doc>Waits until the element ``locator`` is not visible.</doc>
<status status="PASS" start="2026-02-05T01:26:17.974029" elapsed="3.060469"/>
</kw>
<doc>صبر کردن تا loading Angular ناپدید شود</doc>
<status status="PASS" start="2026-02-05T01:26:17.973762" elapsed="3.061206"/>
</kw>
<kw name="Wait Until Element Is Visible" owner="SeleniumLibrary">
<arg>css=ng-select[formcontrolname='${formcontrol}']</arg>
<doc>Waits until the element ``locator`` is visible.</doc>
<status status="PASS" start="2026-02-05T01:26:21.035503" elapsed="0.031949"/>
</kw>
<kw name="Click Element" owner="SeleniumLibrary">
<msg time="2026-02-05T01:26:21.068230" level="INFO">Clicking element 'css=ng-select[formcontrolname='bedNum']'.</msg>
<arg>css=ng-select[formcontrolname='${formcontrol}']</arg>
<doc>Click the element identified by ``locator``.</doc>
<status status="PASS" start="2026-02-05T01:26:21.067866" elapsed="0.072406"/>
</kw>
<kw name="Wait Until Element Is Visible" owner="SeleniumLibrary">
<arg>css=ng-select[formcontrolname='${formcontrol}'] input[type='text']</arg>
<doc>Waits until the element ``locator`` is visible.</doc>
<status status="PASS" start="2026-02-05T01:26:21.140443" elapsed="0.022017"/>
</kw>
<kw name="Input Text" owner="SeleniumLibrary">
<msg time="2026-02-05T01:26:21.163183" level="INFO">Typing text 'اتاق1 - تخت عمومي - تخت18' into text field 'css=ng-select[formcontrolname='bedNum'] input[type='text']'.</msg>
<arg>css=ng-select[formcontrolname='${formcontrol}'] input[type='text']</arg>
<arg>${value}</arg>
<doc>Types the given ``text`` into the text field identified by ``locator``.</doc>
<status status="PASS" start="2026-02-05T01:26:21.162729" elapsed="0.199683"/>
</kw>
<kw name="Wait Until Element Is Visible" owner="SeleniumLibrary">
<arg>xpath=//div[contains(@class,'ng-option') and contains(normalize-space(.), '${value}')]</arg>
<doc>Waits until the element ``locator`` is visible.</doc>
<status status="PASS" start="2026-02-05T01:26:21.362597" elapsed="0.017796"/>
</kw>
<kw name="Click Element" owner="SeleniumLibrary">
<msg time="2026-02-05T01:26:21.380840" level="INFO">Clicking element 'xpath=//div[contains(@class,'ng-option') and contains(normalize-space(.), 'اتاق1 - تخت عمومي - تخت18')]'.</msg>
<arg>xpath=//div[contains(@class,'ng-option') and contains(normalize-space(.), '${value}')]</arg>
<doc>Click the element identified by ``locator``.</doc>
<status status="PASS" start="2026-02-05T01:26:21.380572" elapsed="0.051704"/>
</kw>
<kw name="Press Keys" owner="SeleniumLibrary">
<msg time="2026-02-05T01:26:21.432862" level="INFO">Sending key(s) ('TAB',) to css=ng-select[formcontrolname='bedNum'] input[type='text'] element.</msg>
<msg time="2026-02-05T01:26:21.753188" level="INFO">Pressing special key TAB to element.</msg>
<msg time="2026-02-05T01:26:21.753397" level="INFO">Releasing special key TAB.</msg>
<arg>css=ng-select[formcontrolname='${formcontrol}'] input[type='text']</arg>
<arg>TAB</arg>
<doc>Simulates the user pressing key(s) to an element or on the active browser.</doc>
<status status="PASS" start="2026-02-05T01:26:21.432460" elapsed="0.347054"/>
</kw>
<arg>bedNum</arg>
<arg>اتاق1 - تخت عمومي - تخت18</arg>
<status status="PASS" start="2026-02-05T01:26:17.973309" elapsed="3.806360"/>
</kw>
<kw name="Select From Ng Select">
<kw name="Wait For Spinner Hidden">
<kw name="Wait Until Element Is Not Visible" owner="SeleniumLibrary">
<arg>css=div.back-spenner.ng-star-inserted</arg>
<arg>1000</arg>
<doc>Waits until the element ``locator`` is not visible.</doc>
<status status="PASS" start="2026-02-05T01:26:21.782659" elapsed="0.029058"/>
</kw>
<doc>صبر کردن تا loading Angular ناپدید شود</doc>
<status status="PASS" start="2026-02-05T01:26:21.782253" elapsed="0.029572"/>
</kw>
<kw name="Wait Until Element Is Visible" owner="SeleniumLibrary">
<arg>css=ng-select[formcontrolname='${formcontrol}']</arg>
<doc>Waits until the element ``locator`` is visible.</doc>
<status status="PASS" start="2026-02-05T01:26:21.811959" elapsed="0.023005"/>
</kw>
<kw name="Click Element" owner="SeleniumLibrary">
<msg time="2026-02-05T01:26:21.835380" level="INFO">Clicking element 'css=ng-select[formcontrolname='doctorField']'.</msg>
<arg>css=ng-select[formcontrolname='${formcontrol}']</arg>
<doc>Click the element identified by ``locator``.</doc>
<status status="PASS" start="2026-02-05T01:26:21.835130" elapsed="0.103515"/>
</kw>
<kw name="Wait Until Element Is Visible" owner="SeleniumLibrary">
<arg>css=ng-select[formcontrolname='${formcontrol}'] input[type='text']</arg>
<doc>Waits until the element ``locator`` is visible.</doc>
<status status="PASS" start="2026-02-05T01:26:21.938820" elapsed="0.022283"/>
</kw>
<kw name="Input Text" owner="SeleniumLibrary">
<msg time="2026-02-05T01:26:21.961798" level="INFO">Typing text 'Siavash Siavash' into text field 'css=ng-select[formcontrolname='doctorField'] input[type='text']'.</msg>
<arg>css=ng-select[formcontrolname='${formcontrol}'] input[type='text']</arg>
<arg>${value}</arg>
<doc>Types the given ``text`` into the text field identified by ``locator``.</doc>
<status status="PASS" start="2026-02-05T01:26:21.961339" elapsed="0.127459"/>
</kw>
<kw name="Wait Until Element Is Visible" owner="SeleniumLibrary">
<arg>xpath=//div[contains(@class,'ng-option') and contains(normalize-space(.), '${value}')]</arg>
<doc>Waits until the element ``locator`` is visible.</doc>
<status status="PASS" start="2026-02-05T01:26:22.088966" elapsed="0.015328"/>
</kw>
<kw name="Click Element" owner="SeleniumLibrary">
<msg time="2026-02-05T01:26:22.104695" level="INFO">Clicking element 'xpath=//div[contains(@class,'ng-option') and contains(normalize-space(.), 'Siavash Siavash')]'.</msg>
<arg>xpath=//div[contains(@class,'ng-option') and contains(normalize-space(.), '${value}')]</arg>
<doc>Click the element identified by ``locator``.</doc>
<status status="PASS" start="2026-02-05T01:26:22.104470" elapsed="0.050198"/>
</kw>
<kw name="Press Keys" owner="SeleniumLibrary">
<msg time="2026-02-05T01:26:22.155237" level="INFO">Sending key(s) ('TAB',) to css=ng-select[formcontrolname='doctorField'] input[type='text'] element.</msg>
<msg time="2026-02-05T01:26:22.498213" level="INFO">Pressing special key TAB to element.</msg>
<msg time="2026-02-05T01:26:22.498375" level="INFO">Releasing special key TAB.</msg>
<arg>css=ng-select[formcontrolname='${formcontrol}'] input[type='text']</arg>
<arg>TAB</arg>
<doc>Simulates the user pressing key(s) to an element or on the active browser.</doc>
<status status="PASS" start="2026-02-05T01:26:22.154841" elapsed="0.376917"/>
</kw>
<arg>doctorField</arg>
<arg>Siavash Siavash</arg>
<status status="PASS" start="2026-02-05T01:26:21.781576" elapsed="0.750379"/>
</kw>
<kw name="Select From Ng Select">
<kw name="Wait For Spinner Hidden">
<kw name="Wait Until Element Is Not Visible" owner="SeleniumLibrary">
<arg>css=div.back-spenner.ng-star-inserted</arg>
<arg>1000</arg>
<doc>Waits until the element ``locator`` is not visible.</doc>
<status status="PASS" start="2026-02-05T01:26:22.534609" elapsed="0.009534"/>
</kw>
<doc>صبر کردن تا loading Angular ناپدید شود</doc>
<status status="PASS" start="2026-02-05T01:26:22.533884" elapsed="0.010641"/>
</kw>
<kw name="Wait Until Element Is Visible" owner="SeleniumLibrary">
<arg>css=ng-select[formcontrolname='${formcontrol}']</arg>
<doc>Waits until the element ``locator`` is visible.</doc>
<status status="PASS" start="2026-02-05T01:26:22.546812" elapsed="0.021752"/>
</kw>
<kw name="Click Element" owner="SeleniumLibrary">
<msg time="2026-02-05T01:26:22.568953" level="INFO">Clicking element 'css=ng-select[formcontrolname='responsiblePatient']'.</msg>
<arg>css=ng-select[formcontrolname='${formcontrol}']</arg>
<doc>Click the element identified by ``locator``.</doc>
<status status="PASS" start="2026-02-05T01:26:22.568727" elapsed="0.056105"/>
</kw>
<kw name="Wait Until Element Is Visible" owner="SeleniumLibrary">
<arg>css=ng-select[formcontrolname='${formcontrol}'] input[type='text']</arg>
<doc>Waits until the element ``locator`` is visible.</doc>
<status status="PASS" start="2026-02-05T01:26:22.625038" elapsed="0.013827"/>
</kw>
<kw name="Input Text" owner="SeleniumLibrary">
<msg time="2026-02-05T01:26:22.639300" level="INFO">Typing text 'خود فرد' into text field 'css=ng-select[formcontrolname='responsiblePatient'] input[type='text']'.</msg>
<arg>css=ng-select[formcontrolname='${formcontrol}'] input[type='text']</arg>
<arg>${value}</arg>
<doc>Types the given ``text`` into the text field identified by ``locator``.</doc>
<status status="PASS" start="2026-02-05T01:26:22.639036" elapsed="0.084026"/>
</kw>
<kw name="Wait Until Element Is Visible" owner="SeleniumLibrary">
<arg>xpath=//div[contains(@class,'ng-option') and contains(normalize-space(.), '${value}')]</arg>
<doc>Waits until the element ``locator`` is visible.</doc>
<status status="PASS" start="2026-02-05T01:26:22.723278" elapsed="0.013212"/>
</kw>
<kw name="Click Element" owner="SeleniumLibrary">
<msg time="2026-02-05T01:26:22.737379" level="INFO">Clicking element 'xpath=//div[contains(@class,'ng-option') and contains(normalize-space(.), 'خود فرد')]'.</msg>
<arg>xpath=//div[contains(@class,'ng-option') and contains(normalize-space(.), '${value}')]</arg>
<doc>Click the element identified by ``locator``.</doc>
<status status="PASS" start="2026-02-05T01:26:22.736892" elapsed="0.050618"/>
</kw>
<kw name="Press Keys" owner="SeleniumLibrary">
<msg time="2026-02-05T01:26:22.788050" level="INFO">Sending key(s) ('TAB',) to css=ng-select[formcontrolname='responsiblePatient'] input[type='text'] element.</msg>
<msg time="2026-02-05T01:26:23.091465" level="INFO">Pressing special key TAB to element.</msg>
<msg time="2026-02-05T01:26:23.091591" level="INFO">Releasing special key TAB.</msg>
<arg>css=ng-select[formcontrolname='${formcontrol}'] input[type='text']</arg>
<arg>TAB</arg>
<doc>Simulates the user pressing key(s) to an element or on the active browser.</doc>
<status status="PASS" start="2026-02-05T01:26:22.787678" elapsed="0.341669"/>
</kw>
<arg>responsiblePatient</arg>
<arg>خود فرد</arg>
<status status="PASS" start="2026-02-05T01:26:22.533242" elapsed="0.596276"/>
</kw>
<doc>انتخاب بخش و پزشک بیمار preadmit</doc>
<tag>inpatient</tag>
<tag>step16</tag>
<tag>UI_Test</tag>
<status status="PASS" start="2026-02-05T01:26:17.236170" elapsed="5.896995"/>
</test>
<test id="s1-t5" name="17-UI - Save Admission Filing" line="454">
<kw name="Click Element Safe">
<kw name="Wait For Spinner Hidden">
<kw name="Wait Until Element Is Not Visible" owner="SeleniumLibrary">
<arg>css=div.back-spenner.ng-star-inserted</arg>
<arg>1000</arg>
<doc>Waits until the element ``locator`` is not visible.</doc>
<status status="PASS" start="2026-02-05T01:26:23.136567" elapsed="0.011477"/>
</kw>
<doc>صبر کردن تا loading Angular ناپدید شود</doc>
<status status="PASS" start="2026-02-05T01:26:23.136171" elapsed="0.012017"/>
</kw>
<kw name="Wait Until Element Is Visible" owner="SeleniumLibrary">
<arg>${locator}</arg>
<doc>Waits until the element ``locator`` is visible.</doc>
<status status="PASS" start="2026-02-05T01:26:23.148337" elapsed="0.033970"/>
</kw>
<kw name="Wait Until Element Is Enabled" owner="SeleniumLibrary">
<arg>${locator}</arg>
<doc>Waits until the element ``locator`` is enabled.</doc>
<status status="PASS" start="2026-02-05T01:26:23.183064" elapsed="0.020893"/>
</kw>
<kw name="Scroll Element Into View" owner="SeleniumLibrary">
<arg>${locator}</arg>
<doc>Scrolls the element identified by ``locator`` into view.</doc>
<status status="PASS" start="2026-02-05T01:26:23.204128" elapsed="0.305283"/>
</kw>
<kw name="Click Element" owner="SeleniumLibrary">
<msg time="2026-02-05T01:26:23.510371" level="INFO">Clicking element 'css=button.btn-saveFile'.</msg>
<arg>${locator}</arg>
<doc>Click the element identified by ``locator``.</doc>
<status status="PASS" start="2026-02-05T01:26:23.509912" elapsed="0.107165"/>
</kw>
<arg>css=button.btn-saveFile</arg>
<status status="PASS" start="2026-02-05T01:26:23.135657" elapsed="0.481541"/>
</kw>
<kw name="Click Element Safe">
<kw name="Wait For Spinner Hidden">
<kw name="Wait Until Element Is Not Visible" owner="SeleniumLibrary">
<arg>css=div.back-spenner.ng-star-inserted</arg>
<arg>1000</arg>
<doc>Waits until the element ``locator`` is not visible.</doc>
<status status="PASS" start="2026-02-05T01:26:23.618444" elapsed="0.026654"/>
</kw>
<doc>صبر کردن تا loading Angular ناپدید شود</doc>
<status status="PASS" start="2026-02-05T01:26:23.618162" elapsed="0.027079"/>
</kw>
<kw name="Wait Until Element Is Visible" owner="SeleniumLibrary">
<arg>${locator}</arg>
<doc>Waits until the element ``locator`` is visible.</doc>
<status status="PASS" start="2026-02-05T01:26:23.645414" elapsed="0.027885"/>
</kw>
<kw name="Wait Until Element Is Enabled" owner="SeleniumLibrary">
<arg>${locator}</arg>
<doc>Waits until the element ``locator`` is enabled.</doc>
<status status="PASS" start="2026-02-05T01:26:23.673498" elapsed="0.035840"/>
</kw>
<kw name="Scroll Element Into View" owner="SeleniumLibrary">
<arg>${locator}</arg>
<doc>Scrolls the element identified by ``locator`` into view.</doc>
<status status="PASS" start="2026-02-05T01:26:23.709501" elapsed="0.308442"/>
</kw>
<kw name="Click Element" owner="SeleniumLibrary">
<msg time="2026-02-05T01:26:24.019292" level="INFO">Clicking element 'css=button.swal2-confirm.swal2-styled'.</msg>
<arg>${locator}</arg>
<doc>Click the element identified by ``locator``.</doc>
<status status="PASS" start="2026-02-05T01:26:24.018585" elapsed="0.096721"/>
</kw>
<arg>css=button.swal2-confirm.swal2-styled</arg>
<status status="PASS" start="2026-02-05T01:26:23.617723" elapsed="0.497708"/>
</kw>
<kw name="Wait For Page Ready">
<kw name="Run Keyword And Ignore Error" owner="BuiltIn">
<kw name="Wait Until Page Contains Element" owner="SeleniumLibrary">
<msg time="2026-02-05T01:26:27.188533" level="FAIL">Element 'css=.ngx-spinner-overlay,.loading-overlay,.spinner,.mat-progress-spinner,.cdk-overlay-backdrop' did not appear in 3 seconds.</msg>
<arg>${GLOBAL_SPINNER}</arg>
<arg>3</arg>
<doc>Waits until the element ``locator`` appears on the current page.</doc>
<status status="FAIL" start="2026-02-05T01:26:24.116543" elapsed="3.075930">Element 'css=.ngx-spinner-overlay,.loading-overlay,.spinner,.mat-progress-spinner,.cdk-overlay-backdrop' did not appear in 3 seconds.</status>
</kw>
<arg>Wait Until Page Contains Element</arg>
<arg>${GLOBAL_SPINNER}</arg>
<arg>3</arg>
<doc>Runs the given keyword with the given arguments and ignores possible error.</doc>
<status status="PASS" start="2026-02-05T01:26:24.116212" elapsed="3.076575"/>
</kw>
<kw name="Wait Until Element Is Not Visible" owner="SeleniumLibrary">
<arg>${GLOBAL_SPINNER}</arg>
<arg>${timeout}</arg>
<doc>Waits until the element ``locator`` is not visible.</doc>
<status status="PASS" start="2026-02-05T01:26:27.193028" elapsed="0.008555"/>
</kw>
<status status="PASS" start="2026-02-05T01:26:24.115823" elapsed="3.085881"/>
</kw>
<doc>سیو کردن پذیرش preadmit</doc>
<tag>inpatient</tag>
<tag>step17</tag>
<tag>UI_Test</tag>
<status status="PASS" start="2026-02-05T01:26:23.134698" elapsed="4.067335"/>
</test>
<test id="s1-t6" name="18-UI - deny admit print page" line="462">
<kw name="Click Element Safe">
<kw name="Wait For Spinner Hidden">
<kw name="Wait Until Element Is Not Visible" owner="SeleniumLibrary">
<msg time="2026-02-05T01:26:45.677281" level="INFO">Suppressing StaleElementReferenceException from Selenium.</msg>
<arg>css=div.back-spenner.ng-star-inserted</arg>
<arg>1000</arg>
<doc>Waits until the element ``locator`` is not visible.</doc>
<status status="PASS" start="2026-02-05T01:26:27.203922" elapsed="18.680388"/>
</kw>
<doc>صبر کردن تا loading Angular ناپدید شود</doc>
<status status="PASS" start="2026-02-05T01:26:27.203702" elapsed="18.680871"/>
</kw>
<kw name="Wait Until Element Is Visible" owner="SeleniumLibrary">
<arg>${locator}</arg>
<doc>Waits until the element ``locator`` is visible.</doc>
<status status="PASS" start="2026-02-05T01:26:45.884840" elapsed="0.023915"/>
</kw>
<kw name="Wait Until Element Is Enabled" owner="SeleniumLibrary">
<arg>${locator}</arg>
<doc>Waits until the element ``locator`` is enabled.</doc>
<status status="PASS" start="2026-02-05T01:26:45.909022" elapsed="0.028667"/>
</kw>
<kw name="Scroll Element Into View" owner="SeleniumLibrary">
<arg>${locator}</arg>
<doc>Scrolls the element identified by ``locator`` into view.</doc>
<status status="PASS" start="2026-02-05T01:26:45.937941" elapsed="0.273525"/>
</kw>
<kw name="Click Element" owner="SeleniumLibrary">
<msg time="2026-02-05T01:26:46.212845" level="INFO">Clicking element 'css=button.swal2-deny.swal2-styled'.</msg>
<arg>${locator}</arg>
<doc>Click the element identified by ``locator``.</doc>
<status status="PASS" start="2026-02-05T01:26:46.212062" elapsed="0.219548"/>
</kw>
<arg>css=button.swal2-deny.swal2-styled</arg>
<status status="PASS" start="2026-02-05T01:26:27.203397" elapsed="19.228489"/>
</kw>
<doc>لغو پرینت برگه پذیرش</doc>
<tag>inpatient</tag>
<tag>step18</tag>
<tag>UI_Test</tag>
<status status="PASS" start="2026-02-05T01:26:27.202824" elapsed="19.230607"/>
</test>
<status status="PASS" start="2026-02-05T01:25:49.664608" elapsed="56.771933"/>
</suite>
<statistics>
<total>
<stat pass="6" fail="0" skip="0">All Tests</stat>
</total>
<tag>
<stat pass="6" fail="0" skip="0">inpatient</stat>
<stat pass="1" fail="0" skip="0">Open_Browser</stat>
<stat pass="1" fail="0" skip="0">step13</stat>
<stat pass="1" fail="0" skip="0">step14</stat>
<stat pass="1" fail="0" skip="0">step15</stat>
<stat pass="1" fail="0" skip="0">step16</stat>
<stat pass="1" fail="0" skip="0">step17</stat>
<stat pass="1" fail="0" skip="0">step18</stat>
<stat pass="6" fail="0" skip="0">UI_Test</stat>
</tag>
<suite>
<stat name="AdmitHis" id="s1" pass="6" fail="0" skip="0">AdmitHis</stat>
</suite>
</statistics>
<errors>
</errors>
</robot>
