<?xml version="1.0" encoding="UTF-8"?>
<robot generator="Robot 7.3.2 (Python 3.13.2 on win32)" generated="2025-12-25T14:07:57.207421" rpa="false" schemaversion="5">
<suite id="s1" name="AdmitHis-Test" source="D:\Payvand\Projects\HisAdmit\AdmitHis-Test">
<suite id="s1-s1" name="AdmitHis" source="D:\Payvand\Projects\HisAdmit\AdmitHis-Test\AdmitHis.robot">
<kw name="Create AdmitHIS Session" type="SETUP">
<kw name="Create Session" owner="RequestsLibrary">
<msg time="2025-12-25T14:07:57.729056" level="INFO">Creating Session using : alias=HIS, url=http://192.168.5.19:1600, headers={},                     cookies={}, auth=None, timeout=None, proxies=None, verify=False,                     debug=0 </msg>
<arg>HIS</arg>
<arg>${AdmitHis_Api_URL}</arg>
<arg>verify=${False}</arg>
<doc>Create Session: create a HTTP session to a server</doc>
<status status="PASS" start="2025-12-25T14:07:57.728794" elapsed="0.000450"/>
</kw>
<status status="PASS" start="2025-12-25T14:07:57.728033" elapsed="0.001328"/>
</kw>
<test id="s1-s1-t1" name="1-UI-Open Filing Page" line="183">
<kw name="Start Browser AdmitHis With Token">
<kw name="Open Browser" owner="SeleniumLibrary">
<msg time="2025-12-25T14:07:57.730356" level="INFO">Opening browser 'chrome' to base url 'http://192.168.5.19:8019/filing'.</msg>
<arg>${AdmitHis_App_URL}</arg>
<arg>chrome</arg>
<doc>Opens a new browser instance to the optional ``url``.</doc>
<status status="PASS" start="2025-12-25T14:07:57.730177" elapsed="2.692023"/>
</kw>
<kw name="Maximize Browser Window" owner="SeleniumLibrary">
<doc>Maximizes current browser window.</doc>
<status status="PASS" start="2025-12-25T14:08:00.422761" elapsed="0.031670"/>
</kw>
<kw name="Add Cookie" owner="SeleniumLibrary">
<arg>token</arg>
<arg>${COOKIE_TOKEN}</arg>
<doc>Adds a cookie to your current session.</doc>
<status status="PASS" start="2025-12-25T14:08:00.454811" elapsed="0.012681"/>
</kw>
<kw name="Reload Page" owner="SeleniumLibrary">
<doc>Simulates user reloading page.</doc>
<status status="PASS" start="2025-12-25T14:08:00.468034" elapsed="2.396659"/>
</kw>
<doc>باز کردن کروم + تزریق کوکی token</doc>
<status status="PASS" start="2025-12-25T14:07:57.729946" elapsed="5.135041"/>
</kw>
<kw name="Go To AdmitHis Page">
<kw name="Go To" owner="SeleniumLibrary">
<msg time="2025-12-25T14:08:02.866901" level="INFO">Opening url 'http://192.168.5.19:8019/filing'</msg>
<arg>${AdmitHis_App_URL}</arg>
<doc>Navigates the current browser window to the provided ``url``.</doc>
<status status="PASS" start="2025-12-25T14:08:02.866429" elapsed="0.073418"/>
</kw>
<kw name="Reload Page" owner="SeleniumLibrary">
<doc>Simulates user reloading page.</doc>
<status status="PASS" start="2025-12-25T14:08:02.940147" elapsed="0.205665"/>
</kw>
<doc>رفتن مستقیم به صفحه پذیرش بستری</doc>
<status status="PASS" start="2025-12-25T14:08:02.865635" elapsed="0.280506"/>
</kw>
<kw name="Wait For Spinner Hidden">
<kw name="Wait Until Element Is Not Visible" owner="SeleniumLibrary">
<arg>css=div.back-spenner.ng-star-inserted</arg>
<arg>1000</arg>
<doc>Waits until the element ``locator`` is not visible.</doc>
<status status="PASS" start="2025-12-25T14:08:03.147808" elapsed="0.017994"/>
</kw>
<doc>صبر کردن تا loading Angular ناپدید شود</doc>
<status status="PASS" start="2025-12-25T14:08:03.147007" elapsed="0.019184"/>
</kw>
<kw name="Log To Console" owner="BuiltIn">
<arg>---- DONE ----</arg>
<doc>Logs the given message to the console.</doc>
<status status="PASS" start="2025-12-25T14:08:03.167308" elapsed="0.000812"/>
</kw>
<doc>باز  کردن صفحه پذیرش بستری</doc>
<tag>STEP_01_Open_Browser</tag>
<tag>UI_Test</tag>
<status status="PASS" start="2025-12-25T14:07:57.729438" elapsed="5.439504"/>
</test>
<test id="s1-s1-t2" name="9-UI-Enter national code of patiant" line="385">
<kw name="Wait For Page Ready">
<kw name="Run Keyword And Ignore Error" owner="BuiltIn">
<kw name="Wait Until Page Contains Element" owner="SeleniumLibrary">
<msg time="2025-12-25T14:08:05.638476" level="WARN">Keyword 'Capture Page Screenshot' could not be run on failure: Message: no such window: target window already closed
from unknown error: web view not found
  (Session info: chrome=143.0.7499.169)
Stacktrace:
Symbols not available. Dumping unresolved backtrace:
	0x7ff7a21388e5
	0x7ff7a2138940
	0x7ff7a1f1165d
	0x7ff7a1ee91b1
	0x7ff7a1f997e6
	0x7ff7a1fba5c2
	0x7ff7a1f5ac29
	0x7ff7a1f5ba93
	0x7ff7a2450640
	0x7ff7a244af80
	0x7ff7a24696e6
	0x7ff7a2155de4
	0x7ff7a215ed8c
	0x7ff7a2142004
	0x7ff7a21421b5
	0x7ff7a2127ee2
	0x7ff91140e8d7
	0x7ff912ecc53c
</msg>
<msg time="2025-12-25T14:08:05.640849" level="FAIL">NoSuchWindowException: Message: no such window: target window already closed
from unknown error: web view not found
  (Session info: chrome=143.0.7499.169)
Stacktrace:
Symbols not available. Dumping unresolved backtrace:
	0x7ff7a21388e5
	0x7ff7a2138940
	0x7ff7a1f1165d
	0x7ff7a1ee91b1
	0x7ff7a1f997e6
	0x7ff7a1fba5c2
	0x7ff7a1f5ac29
	0x7ff7a1f5ba93
	0x7ff7a2450640
	0x7ff7a244af80
	0x7ff7a24696e6
	0x7ff7a2155de4
	0x7ff7a215ed8c
	0x7ff7a2142004
	0x7ff7a21421b5
	0x7ff7a2127ee2
	0x7ff91140e8d7
	0x7ff912ecc53c
</msg>
<arg>${GLOBAL_SPINNER}</arg>
<arg>3</arg>
<doc>Waits until the element ``locator`` appears on the current page.</doc>
<status status="FAIL" start="2025-12-25T14:08:03.175166" elapsed="2.475346">NoSuchWindowException: Message: no such window: target window already closed
from unknown error: web view not found
  (Session info: chrome=143.0.7499.169)
Stacktrace:
Symbols not available. Dumping unresolved backtrace:
	0x7ff7a21388e5
	0x7ff7a2138940
	0x7ff7a1f1165d
	0x7ff7a1ee91b1
	0x7ff7a1f997e6
	0x7ff7a1fba5c2
	0x7ff7a1f5ac29
	0x7ff7a1f5ba93
	0x7ff7a2450640
	0x7ff7a244af80
	0x7ff7a24696e6
	0x7ff7a2155de4
	0x7ff7a215ed8c
	0x7ff7a2142004
	0x7ff7a21421b5
	0x7ff7a2127ee2
	0x7ff91140e8d7
	0x7ff912ecc53c
</status>
</kw>
<arg>Wait Until Page Contains Element</arg>
<arg>${GLOBAL_SPINNER}</arg>
<arg>3</arg>
<doc>Runs the given keyword with the given arguments and ignores possible error.</doc>
<status status="PASS" start="2025-12-25T14:08:03.174298" elapsed="2.476402"/>
</kw>
<kw name="Wait Until Element Is Not Visible" owner="SeleniumLibrary">
<msg time="2025-12-25T14:08:05.653840" level="WARN">Keyword 'Capture Page Screenshot' could not be run on failure: Message: no such window: target window already closed
from unknown error: web view not found
  (Session info: chrome=143.0.7499.169)
Stacktrace:
Symbols not available. Dumping unresolved backtrace:
	0x7ff7a21388e5
	0x7ff7a2138940
	0x7ff7a1f1165d
	0x7ff7a1ee91b1
	0x7ff7a1f997e6
	0x7ff7a1fba5c2
	0x7ff7a1f5ac29
	0x7ff7a1f5ba93
	0x7ff7a2450640
	0x7ff7a244af80
	0x7ff7a24696e6
	0x7ff7a2155de4
	0x7ff7a215ed8c
	0x7ff7a2142004
	0x7ff7a21421b5
	0x7ff7a2127ee2
	0x7ff91140e8d7
	0x7ff912ecc53c
</msg>
<msg time="2025-12-25T14:08:05.654843" level="FAIL">NoSuchWindowException: Message: no such window: target window already closed
from unknown error: web view not found
  (Session info: chrome=143.0.7499.169)
Stacktrace:
Symbols not available. Dumping unresolved backtrace:
	0x7ff7a21388e5
	0x7ff7a2138940
	0x7ff7a1f1165d
	0x7ff7a1ee91b1
	0x7ff7a1f997e6
	0x7ff7a1fba5c2
	0x7ff7a1f5ac29
	0x7ff7a1f5ba93
	0x7ff7a2450640
	0x7ff7a244af80
	0x7ff7a24696e6
	0x7ff7a2155de4
	0x7ff7a215ed8c
	0x7ff7a2142004
	0x7ff7a21421b5
	0x7ff7a2127ee2
	0x7ff91140e8d7
	0x7ff912ecc53c
</msg>
<arg>${GLOBAL_SPINNER}</arg>
<arg>${timeout}</arg>
<doc>Waits until the element ``locator`` is not visible.</doc>
<status status="FAIL" start="2025-12-25T14:08:05.650914" elapsed="0.008670">NoSuchWindowException: Message: no such window: target window already closed
from unknown error: web view not found
  (Session info: chrome=143.0.7499.169)
Stacktrace:
Symbols not available. Dumping unresolved backtrace:
	0x7ff7a21388e5
	0x7ff7a2138940
	0x7ff7a1f1165d
	0x7ff7a1ee91b1
	0x7ff7a1f997e6
	0x7ff7a1fba5c2
	0x7ff7a1f5ac29
	0x7ff7a1f5ba93
	0x7ff7a2450640
	0x7ff7a244af80
	0x7ff7a24696e6
	0x7ff7a2155de4
	0x7ff7a215ed8c
	0x7ff7a2142004
	0x7ff7a21421b5
	0x7ff7a2127ee2
	0x7ff91140e8d7
	0x7ff912ecc53c
</status>
</kw>
<status status="FAIL" start="2025-12-25T14:08:03.172628" elapsed="2.487377">NoSuchWindowException: Message: no such window: target window already closed
from unknown error: web view not found
  (Session info: chrome=143.0.7499.169)
Stacktrace:
Symbols not available. Dumping unresolved backtrace:
	0x7ff7a21388e5
	0x7ff7a2138940
	0x7ff7a1f1165d
	0x7ff7a1ee91b1
	0x7ff7a1f997e6
	0x7ff7a1fba5c2
	0x7ff7a1f5ac29
	0x7ff7a1f5ba93
	0x7ff7a2450640
	0x7ff7a244af80
	0x7ff7a24696e6
	0x7ff7a2155de4
	0x7ff7a215ed8c
	0x7ff7a2142004
	0x7ff7a21421b5
	0x7ff7a2127ee2
	0x7ff91140e8d7
	0x7ff912ecc53c
</status>
</kw>
<kw name="Wait Until Element Is Visible" owner="SeleniumLibrary">
<arg>//input[@formcontrolname='nationalCode']</arg>
<arg>10s</arg>
<doc>Waits until the element ``locator`` is visible.</doc>
<status status="NOT RUN" start="2025-12-25T14:08:05.660480" elapsed="0.000057"/>
</kw>
<kw name="Clear Element Text" owner="SeleniumLibrary">
<arg>//input[@formcontrolname='nationalCode']</arg>
<doc>Clears the value of the text-input-element identified by ``locator``.</doc>
<status status="NOT RUN" start="2025-12-25T14:08:05.660885" elapsed="0.000042"/>
</kw>
<kw name="Input Text" owner="SeleniumLibrary">
<arg>//input[@formcontrolname='nationalCode']</arg>
<arg>${nationalCode}</arg>
<doc>Types the given ``text`` into the text field identified by ``locator``.</doc>
<status status="NOT RUN" start="2025-12-25T14:08:05.661247" elapsed="0.000061"/>
</kw>
<kw name="Click Element Safe">
<arg>id=button-addon3</arg>
<status status="NOT RUN" start="2025-12-25T14:08:05.661679" elapsed="0.000065"/>
</kw>
<kw name="Wait For Page Ready">
<status status="NOT RUN" start="2025-12-25T14:08:05.662163" elapsed="0.000080"/>
</kw>
<doc>وارد کردن کد ملی بیمار و استعلام کد ملی</doc>
<tag>UI_Test</tag>
<status status="FAIL" start="2025-12-25T14:08:03.170531" elapsed="2.492178">NoSuchWindowException: Message: no such window: target window already closed
from unknown error: web view not found
  (Session info: chrome=143.0.7499.169)
Stacktrace:
Symbols not available. Dumping unresolved backtrace:
	0x7ff7a21388e5
	0x7ff7a2138940
	0x7ff7a1f1165d
	0x7ff7a1ee91b1
	0x7ff7a1f997e6
	0x7ff7a1fba5c2
	0x7ff7a1f5ac29
	0x7ff7a1f5ba93
	0x7ff7a2450640
	0x7ff7a244af80
	0x7ff7a24696e6
	0x7ff7a2155de4
	0x7ff7a215ed8c
	0x7ff7a2142004
	0x7ff7a21421b5
	0x7ff7a2127ee2
	0x7ff91140e8d7
	0x7ff912ecc53c
</status>
</test>
<test id="s1-s1-t3" name="14-UI - Fill Filing Form (Patient Info)" line="562">
<kw name="Wait For Page Ready">
<kw name="Run Keyword And Ignore Error" owner="BuiltIn">
<kw name="Wait Until Page Contains Element" owner="SeleniumLibrary">
<msg time="2025-12-25T14:08:05.670435" level="WARN">Keyword 'Capture Page Screenshot' could not be run on failure: Message: no such window: target window already closed
from unknown error: web view not found
  (Session info: chrome=143.0.7499.169)
Stacktrace:
Symbols not available. Dumping unresolved backtrace:
	0x7ff7a21388e5
	0x7ff7a2138940
	0x7ff7a1f1165d
	0x7ff7a1ee91b1
	0x7ff7a1f997e6
	0x7ff7a1fba5c2
	0x7ff7a1f5ac29
	0x7ff7a1f5ba93
	0x7ff7a2450640
	0x7ff7a244af80
	0x7ff7a24696e6
	0x7ff7a2155de4
	0x7ff7a215ed8c
	0x7ff7a2142004
	0x7ff7a21421b5
	0x7ff7a2127ee2
	0x7ff91140e8d7
	0x7ff912ecc53c
</msg>
<msg time="2025-12-25T14:08:05.671279" level="FAIL">NoSuchWindowException: Message: no such window: target window already closed
from unknown error: web view not found
  (Session info: chrome=143.0.7499.169)
Stacktrace:
Symbols not available. Dumping unresolved backtrace:
	0x7ff7a21388e5
	0x7ff7a2138940
	0x7ff7a1f1165d
	0x7ff7a1ee91b1
	0x7ff7a1f997e6
	0x7ff7a1fba5c2
	0x7ff7a1f5ac29
	0x7ff7a1f5ba93
	0x7ff7a2450640
	0x7ff7a244af80
	0x7ff7a24696e6
	0x7ff7a2155de4
	0x7ff7a215ed8c
	0x7ff7a2142004
	0x7ff7a21421b5
	0x7ff7a2127ee2
	0x7ff91140e8d7
	0x7ff912ecc53c
</msg>
<arg>${GLOBAL_SPINNER}</arg>
<arg>3</arg>
<doc>Waits until the element ``locator`` appears on the current page.</doc>
<status status="FAIL" start="2025-12-25T14:08:05.665551" elapsed="0.008569">NoSuchWindowException: Message: no such window: target window already closed
from unknown error: web view not found
  (Session info: chrome=143.0.7499.169)
Stacktrace:
Symbols not available. Dumping unresolved backtrace:
	0x7ff7a21388e5
	0x7ff7a2138940
	0x7ff7a1f1165d
	0x7ff7a1ee91b1
	0x7ff7a1f997e6
	0x7ff7a1fba5c2
	0x7ff7a1f5ac29
	0x7ff7a1f5ba93
	0x7ff7a2450640
	0x7ff7a244af80
	0x7ff7a24696e6
	0x7ff7a2155de4
	0x7ff7a215ed8c
	0x7ff7a2142004
	0x7ff7a21421b5
	0x7ff7a2127ee2
	0x7ff91140e8d7
	0x7ff912ecc53c
</status>
</kw>
<arg>Wait Until Page Contains Element</arg>
<arg>${GLOBAL_SPINNER}</arg>
<arg>3</arg>
<doc>Runs the given keyword with the given arguments and ignores possible error.</doc>
<status status="PASS" start="2025-12-25T14:08:05.665336" elapsed="0.008963"/>
</kw>
<kw name="Wait Until Element Is Not Visible" owner="SeleniumLibrary">
<msg time="2025-12-25T14:08:05.679560" level="WARN">Keyword 'Capture Page Screenshot' could not be run on failure: Message: no such window: target window already closed
from unknown error: web view not found
  (Session info: chrome=143.0.7499.169)
Stacktrace:
Symbols not available. Dumping unresolved backtrace:
	0x7ff7a21388e5
	0x7ff7a2138940
	0x7ff7a1f1165d
	0x7ff7a1ee91b1
	0x7ff7a1f997e6
	0x7ff7a1fba5c2
	0x7ff7a1f5ac29
	0x7ff7a1f5ba93
	0x7ff7a2450640
	0x7ff7a244af80
	0x7ff7a24696e6
	0x7ff7a2155de4
	0x7ff7a215ed8c
	0x7ff7a2142004
	0x7ff7a21421b5
	0x7ff7a2127ee2
	0x7ff91140e8d7
	0x7ff912ecc53c
</msg>
<msg time="2025-12-25T14:08:05.680352" level="FAIL">NoSuchWindowException: Message: no such window: target window already closed
from unknown error: web view not found
  (Session info: chrome=143.0.7499.169)
Stacktrace:
Symbols not available. Dumping unresolved backtrace:
	0x7ff7a21388e5
	0x7ff7a2138940
	0x7ff7a1f1165d
	0x7ff7a1ee91b1
	0x7ff7a1f997e6
	0x7ff7a1fba5c2
	0x7ff7a1f5ac29
	0x7ff7a1f5ba93
	0x7ff7a2450640
	0x7ff7a244af80
	0x7ff7a24696e6
	0x7ff7a2155de4
	0x7ff7a215ed8c
	0x7ff7a2142004
	0x7ff7a21421b5
	0x7ff7a2127ee2
	0x7ff91140e8d7
	0x7ff912ecc53c
</msg>
<arg>${GLOBAL_SPINNER}</arg>
<arg>${timeout}</arg>
<doc>Waits until the element ``locator`` is not visible.</doc>
<status status="FAIL" start="2025-12-25T14:08:05.674647" elapsed="0.009222">NoSuchWindowException: Message: no such window: target window already closed
from unknown error: web view not found
  (Session info: chrome=143.0.7499.169)
Stacktrace:
Symbols not available. Dumping unresolved backtrace:
	0x7ff7a21388e5
	0x7ff7a2138940
	0x7ff7a1f1165d
	0x7ff7a1ee91b1
	0x7ff7a1f997e6
	0x7ff7a1fba5c2
	0x7ff7a1f5ac29
	0x7ff7a1f5ba93
	0x7ff7a2450640
	0x7ff7a244af80
	0x7ff7a24696e6
	0x7ff7a2155de4
	0x7ff7a215ed8c
	0x7ff7a2142004
	0x7ff7a21421b5
	0x7ff7a2127ee2
	0x7ff91140e8d7
	0x7ff912ecc53c
</status>
</kw>
<status status="FAIL" start="2025-12-25T14:08:05.664938" elapsed="0.019233">NoSuchWindowException: Message: no such window: target window already closed
from unknown error: web view not found
  (Session info: chrome=143.0.7499.169)
Stacktrace:
Symbols not available. Dumping unresolved backtrace:
	0x7ff7a21388e5
	0x7ff7a2138940
	0x7ff7a1f1165d
	0x7ff7a1ee91b1
	0x7ff7a1f997e6
	0x7ff7a1fba5c2
	0x7ff7a1f5ac29
	0x7ff7a1f5ba93
	0x7ff7a2450640
	0x7ff7a244af80
	0x7ff7a24696e6
	0x7ff7a2155de4
	0x7ff7a215ed8c
	0x7ff7a2142004
	0x7ff7a21421b5
	0x7ff7a2127ee2
	0x7ff91140e8d7
	0x7ff912ecc53c
</status>
</kw>
<kw name="Select From Ng Select">
<arg>maritalStatus</arg>
<arg>مجرد</arg>
<status status="NOT RUN" start="2025-12-25T14:08:05.684666" elapsed="0.000045"/>
</kw>
<kw name="Select From Ng Select">
<arg>insurRelation</arg>
<arg>خود فرد</arg>
<status status="NOT RUN" start="2025-12-25T14:08:05.685116" elapsed="0.000035"/>
</kw>
<kw name="Input Text" owner="SeleniumLibrary">
<arg>//input[@formcontrolname='mobileNumber']</arg>
<arg>09383509316</arg>
<doc>Types the given ``text`` into the text field identified by ``locator``.</doc>
<status status="NOT RUN" start="2025-12-25T14:08:05.685552" elapsed="0.000059"/>
</kw>
<kw name="Input Text" owner="SeleniumLibrary">
<arg>//input[@formcontrolname='address']</arg>
<arg>dfgdfgdfgd</arg>
<doc>Types the given ``text`` into the text field identified by ``locator``.</doc>
<status status="NOT RUN" start="2025-12-25T14:08:05.686052" elapsed="0.000033"/>
</kw>
<kw name="Input Text" owner="SeleniumLibrary">
<arg>//input[@formcontrolname='accompanyfullName']</arg>
<arg>مهرشاد شیخ الاسلامی</arg>
<doc>Types the given ``text`` into the text field identified by ``locator``.</doc>
<status status="NOT RUN" start="2025-12-25T14:08:05.686247" elapsed="0.000026"/>
</kw>
<kw name="Input Text" owner="SeleniumLibrary">
<arg>//input[@formcontrolname='accompanyMobileNumber']</arg>
<arg>09383586316</arg>
<doc>Types the given ``text`` into the text field identified by ``locator``.</doc>
<status status="NOT RUN" start="2025-12-25T14:08:05.686493" elapsed="0.000029"/>
</kw>
<kw name="Wait For Spinner Hidden">
<doc>صبر کردن تا loading Angular ناپدید شود</doc>
<status status="NOT RUN" start="2025-12-25T14:08:05.686813" elapsed="0.000031"/>
</kw>
<kw name="Wait Until Element Is Visible" owner="SeleniumLibrary">
<arg>id=button-addon2</arg>
<doc>Waits until the element ``locator`` is visible.</doc>
<status status="NOT RUN" start="2025-12-25T14:08:05.687147" elapsed="0.000067"/>
</kw>
<kw name="Click Element" owner="SeleniumLibrary">
<arg>id=button-addon2</arg>
<doc>Click the element identified by ``locator``.</doc>
<status status="NOT RUN" start="2025-12-25T14:08:05.687776" elapsed="0.000038"/>
</kw>
<kw name="Select From Ng Select">
<arg>firstRecognition</arg>
<arg>شکستگی</arg>
<status status="NOT RUN" start="2025-12-25T14:08:05.688116" elapsed="0.000046"/>
</kw>
<kw name="Select From Ng Select">
<arg>howToRefer</arg>
<arg>وسیله شخصی</arg>
<status status="NOT RUN" start="2025-12-25T14:08:05.688561" elapsed="0.000047"/>
</kw>
<kw name="Select From Ng Select">
<arg>causeOfHospitalization</arg>
<arg>دل درد</arg>
<status status="NOT RUN" start="2025-12-25T14:08:05.688869" elapsed="0.000032"/>
</kw>
<doc>پر کردن اطلاعات مورد نیاز بیمار</doc>
<tag>UI_Test</tag>
<status status="FAIL" start="2025-12-25T14:08:05.664223" elapsed="0.025495">NoSuchWindowException: Message: no such window: target window already closed
from unknown error: web view not found
  (Session info: chrome=143.0.7499.169)
Stacktrace:
Symbols not available. Dumping unresolved backtrace:
	0x7ff7a21388e5
	0x7ff7a2138940
	0x7ff7a1f1165d
	0x7ff7a1ee91b1
	0x7ff7a1f997e6
	0x7ff7a1fba5c2
	0x7ff7a1f5ac29
	0x7ff7a1f5ba93
	0x7ff7a2450640
	0x7ff7a244af80
	0x7ff7a24696e6
	0x7ff7a2155de4
	0x7ff7a215ed8c
	0x7ff7a2142004
	0x7ff7a21421b5
	0x7ff7a2127ee2
	0x7ff91140e8d7
	0x7ff912ecc53c
</status>
</test>
<test id="s1-s1-t4" name="15-UI - Assign Ward And Doctor And Prepayment" line="585">
<kw name="Wait For Page Ready">
<kw name="Run Keyword And Ignore Error" owner="BuiltIn">
<kw name="Wait Until Page Contains Element" owner="SeleniumLibrary">
<msg time="2025-12-25T14:08:05.696720" level="WARN">Keyword 'Capture Page Screenshot' could not be run on failure: Message: no such window: target window already closed
from unknown error: web view not found
  (Session info: chrome=143.0.7499.169)
Stacktrace:
Symbols not available. Dumping unresolved backtrace:
	0x7ff7a21388e5
	0x7ff7a2138940
	0x7ff7a1f1165d
	0x7ff7a1ee91b1
	0x7ff7a1f997e6
	0x7ff7a1fba5c2
	0x7ff7a1f5ac29
	0x7ff7a1f5ba93
	0x7ff7a2450640
	0x7ff7a244af80
	0x7ff7a24696e6
	0x7ff7a2155de4
	0x7ff7a215ed8c
	0x7ff7a2142004
	0x7ff7a21421b5
	0x7ff7a2127ee2
	0x7ff91140e8d7
	0x7ff912ecc53c
</msg>
<msg time="2025-12-25T14:08:05.697802" level="FAIL">NoSuchWindowException: Message: no such window: target window already closed
from unknown error: web view not found
  (Session info: chrome=143.0.7499.169)
Stacktrace:
Symbols not available. Dumping unresolved backtrace:
	0x7ff7a21388e5
	0x7ff7a2138940
	0x7ff7a1f1165d
	0x7ff7a1ee91b1
	0x7ff7a1f997e6
	0x7ff7a1fba5c2
	0x7ff7a1f5ac29
	0x7ff7a1f5ba93
	0x7ff7a2450640
	0x7ff7a244af80
	0x7ff7a24696e6
	0x7ff7a2155de4
	0x7ff7a215ed8c
	0x7ff7a2142004
	0x7ff7a21421b5
	0x7ff7a2127ee2
	0x7ff91140e8d7
	0x7ff912ecc53c
</msg>
<arg>${GLOBAL_SPINNER}</arg>
<arg>3</arg>
<doc>Waits until the element ``locator`` appears on the current page.</doc>
<status status="FAIL" start="2025-12-25T14:08:05.692274" elapsed="0.008162">NoSuchWindowException: Message: no such window: target window already closed
from unknown error: web view not found
  (Session info: chrome=143.0.7499.169)
Stacktrace:
Symbols not available. Dumping unresolved backtrace:
	0x7ff7a21388e5
	0x7ff7a2138940
	0x7ff7a1f1165d
	0x7ff7a1ee91b1
	0x7ff7a1f997e6
	0x7ff7a1fba5c2
	0x7ff7a1f5ac29
	0x7ff7a1f5ba93
	0x7ff7a2450640
	0x7ff7a244af80
	0x7ff7a24696e6
	0x7ff7a2155de4
	0x7ff7a215ed8c
	0x7ff7a2142004
	0x7ff7a21421b5
	0x7ff7a2127ee2
	0x7ff91140e8d7
	0x7ff912ecc53c
</status>
</kw>
<arg>Wait Until Page Contains Element</arg>
<arg>${GLOBAL_SPINNER}</arg>
<arg>3</arg>
<doc>Runs the given keyword with the given arguments and ignores possible error.</doc>
<status status="PASS" start="2025-12-25T14:08:05.692006" elapsed="0.008574"/>
</kw>
<kw name="Wait Until Element Is Not Visible" owner="SeleniumLibrary">
<msg time="2025-12-25T14:08:05.704593" level="WARN">Keyword 'Capture Page Screenshot' could not be run on failure: Message: no such window: target window already closed
from unknown error: web view not found
  (Session info: chrome=143.0.7499.169)
Stacktrace:
Symbols not available. Dumping unresolved backtrace:
	0x7ff7a21388e5
	0x7ff7a2138940
	0x7ff7a1f1165d
	0x7ff7a1ee91b1
	0x7ff7a1f997e6
	0x7ff7a1fba5c2
	0x7ff7a1f5ac29
	0x7ff7a1f5ba93
	0x7ff7a2450640
	0x7ff7a244af80
	0x7ff7a24696e6
	0x7ff7a2155de4
	0x7ff7a215ed8c
	0x7ff7a2142004
	0x7ff7a21421b5
	0x7ff7a2127ee2
	0x7ff91140e8d7
	0x7ff912ecc53c
</msg>
<msg time="2025-12-25T14:08:05.705623" level="FAIL">NoSuchWindowException: Message: no such window: target window already closed
from unknown error: web view not found
  (Session info: chrome=143.0.7499.169)
Stacktrace:
Symbols not available. Dumping unresolved backtrace:
	0x7ff7a21388e5
	0x7ff7a2138940
	0x7ff7a1f1165d
	0x7ff7a1ee91b1
	0x7ff7a1f997e6
	0x7ff7a1fba5c2
	0x7ff7a1f5ac29
	0x7ff7a1f5ba93
	0x7ff7a2450640
	0x7ff7a244af80
	0x7ff7a24696e6
	0x7ff7a2155de4
	0x7ff7a215ed8c
	0x7ff7a2142004
	0x7ff7a21421b5
	0x7ff7a2127ee2
	0x7ff91140e8d7
	0x7ff912ecc53c
</msg>
<arg>${GLOBAL_SPINNER}</arg>
<arg>${timeout}</arg>
<doc>Waits until the element ``locator`` is not visible.</doc>
<status status="FAIL" start="2025-12-25T14:08:05.700778" elapsed="0.007090">NoSuchWindowException: Message: no such window: target window already closed
from unknown error: web view not found
  (Session info: chrome=143.0.7499.169)
Stacktrace:
Symbols not available. Dumping unresolved backtrace:
	0x7ff7a21388e5
	0x7ff7a2138940
	0x7ff7a1f1165d
	0x7ff7a1ee91b1
	0x7ff7a1f997e6
	0x7ff7a1fba5c2
	0x7ff7a1f5ac29
	0x7ff7a1f5ba93
	0x7ff7a2450640
	0x7ff7a244af80
	0x7ff7a24696e6
	0x7ff7a2155de4
	0x7ff7a215ed8c
	0x7ff7a2142004
	0x7ff7a21421b5
	0x7ff7a2127ee2
	0x7ff91140e8d7
	0x7ff912ecc53c
</status>
</kw>
<status status="FAIL" start="2025-12-25T14:08:05.691354" elapsed="0.016718">NoSuchWindowException: Message: no such window: target window already closed
from unknown error: web view not found
  (Session info: chrome=143.0.7499.169)
Stacktrace:
Symbols not available. Dumping unresolved backtrace:
	0x7ff7a21388e5
	0x7ff7a2138940
	0x7ff7a1f1165d
	0x7ff7a1ee91b1
	0x7ff7a1f997e6
	0x7ff7a1fba5c2
	0x7ff7a1f5ac29
	0x7ff7a1f5ba93
	0x7ff7a2450640
	0x7ff7a244af80
	0x7ff7a24696e6
	0x7ff7a2155de4
	0x7ff7a215ed8c
	0x7ff7a2142004
	0x7ff7a21421b5
	0x7ff7a2127ee2
	0x7ff91140e8d7
	0x7ff912ecc53c
</status>
</kw>
<kw name="Select From Ng Select">
<arg>wardfileld</arg>
<arg>اطفال 2 - تخت خالی (33)</arg>
<status status="NOT RUN" start="2025-12-25T14:08:05.708806" elapsed="0.000108"/>
</kw>
<kw name="Select From Ng Select">
<arg>doctorField</arg>
<arg>Siavash Siavash</arg>
<status status="NOT RUN" start="2025-12-25T14:08:05.709625" elapsed="0.000090"/>
</kw>
<kw name="Select From Ng Select">
<arg>responsiblePatient</arg>
<arg>خود فرد</arg>
<status status="NOT RUN" start="2025-12-25T14:08:05.710352" elapsed="0.000092"/>
</kw>
<kw name="Input Text" owner="SeleniumLibrary">
<arg>//input[@formcontrolname='prepayment']</arg>
<arg>10000</arg>
<doc>Types the given ``text`` into the text field identified by ``locator``.</doc>
<status status="NOT RUN" start="2025-12-25T14:08:05.711003" elapsed="0.000075"/>
</kw>
<doc>انتخاب بخش و پزشک بیمار preadmit</doc>
<tag>UI_Test</tag>
<status status="FAIL" start="2025-12-25T14:08:05.690706" elapsed="0.020908">NoSuchWindowException: Message: no such window: target window already closed
from unknown error: web view not found
  (Session info: chrome=143.0.7499.169)
Stacktrace:
Symbols not available. Dumping unresolved backtrace:
	0x7ff7a21388e5
	0x7ff7a2138940
	0x7ff7a1f1165d
	0x7ff7a1ee91b1
	0x7ff7a1f997e6
	0x7ff7a1fba5c2
	0x7ff7a1f5ac29
	0x7ff7a1f5ba93
	0x7ff7a2450640
	0x7ff7a244af80
	0x7ff7a24696e6
	0x7ff7a2155de4
	0x7ff7a215ed8c
	0x7ff7a2142004
	0x7ff7a21421b5
	0x7ff7a2127ee2
	0x7ff91140e8d7
	0x7ff912ecc53c
</status>
</test>
<test id="s1-s1-t5" name="18-UI - Save Admission Filing" line="704">
<kw name="Click Element Safe">
<kw name="Wait For Spinner Hidden">
<kw name="Wait Until Element Is Not Visible" owner="SeleniumLibrary">
<msg time="2025-12-25T14:08:05.716149" level="WARN">Keyword 'Capture Page Screenshot' could not be run on failure: Message: no such window: target window already closed
from unknown error: web view not found
  (Session info: chrome=143.0.7499.169)
Stacktrace:
Symbols not available. Dumping unresolved backtrace:
	0x7ff7a21388e5
	0x7ff7a2138940
	0x7ff7a1f1165d
	0x7ff7a1ee91b1
	0x7ff7a1f997e6
	0x7ff7a1fba5c2
	0x7ff7a1f5ac29
	0x7ff7a1f5ba93
	0x7ff7a2450640
	0x7ff7a244af80
	0x7ff7a24696e6
	0x7ff7a2155de4
	0x7ff7a215ed8c
	0x7ff7a2142004
	0x7ff7a21421b5
	0x7ff7a2127ee2
	0x7ff91140e8d7
	0x7ff912ecc53c
</msg>
<msg time="2025-12-25T14:08:05.716682" level="FAIL">NoSuchWindowException: Message: no such window: target window already closed
from unknown error: web view not found
  (Session info: chrome=143.0.7499.169)
Stacktrace:
Symbols not available. Dumping unresolved backtrace:
	0x7ff7a21388e5
	0x7ff7a2138940
	0x7ff7a1f1165d
	0x7ff7a1ee91b1
	0x7ff7a1f997e6
	0x7ff7a1fba5c2
	0x7ff7a1f5ac29
	0x7ff7a1f5ba93
	0x7ff7a2450640
	0x7ff7a244af80
	0x7ff7a24696e6
	0x7ff7a2155de4
	0x7ff7a215ed8c
	0x7ff7a2142004
	0x7ff7a21421b5
	0x7ff7a2127ee2
	0x7ff91140e8d7
	0x7ff912ecc53c
</msg>
<arg>css=div.back-spenner.ng-star-inserted</arg>
<arg>1000</arg>
<doc>Waits until the element ``locator`` is not visible.</doc>
<status status="FAIL" start="2025-12-25T14:08:05.713655" elapsed="0.004996">NoSuchWindowException: Message: no such window: target window already closed
from unknown error: web view not found
  (Session info: chrome=143.0.7499.169)
Stacktrace:
Symbols not available. Dumping unresolved backtrace:
	0x7ff7a21388e5
	0x7ff7a2138940
	0x7ff7a1f1165d
	0x7ff7a1ee91b1
	0x7ff7a1f997e6
	0x7ff7a1fba5c2
	0x7ff7a1f5ac29
	0x7ff7a1f5ba93
	0x7ff7a2450640
	0x7ff7a244af80
	0x7ff7a24696e6
	0x7ff7a2155de4
	0x7ff7a215ed8c
	0x7ff7a2142004
	0x7ff7a21421b5
	0x7ff7a2127ee2
	0x7ff91140e8d7
	0x7ff912ecc53c
</status>
</kw>
<doc>صبر کردن تا loading Angular ناپدید شود</doc>
<status status="FAIL" start="2025-12-25T14:08:05.713477" elapsed="0.005373">NoSuchWindowException: Message: no such window: target window already closed
from unknown error: web view not found
  (Session info: chrome=143.0.7499.169)
Stacktrace:
Symbols not available. Dumping unresolved backtrace:
	0x7ff7a21388e5
	0x7ff7a2138940
	0x7ff7a1f1165d
	0x7ff7a1ee91b1
	0x7ff7a1f997e6
	0x7ff7a1fba5c2
	0x7ff7a1f5ac29
	0x7ff7a1f5ba93
	0x7ff7a2450640
	0x7ff7a244af80
	0x7ff7a24696e6
	0x7ff7a2155de4
	0x7ff7a215ed8c
	0x7ff7a2142004
	0x7ff7a21421b5
	0x7ff7a2127ee2
	0x7ff91140e8d7
	0x7ff912ecc53c
</status>
</kw>
<kw name="Wait Until Element Is Visible" owner="SeleniumLibrary">
<arg>${locator}</arg>
<doc>Waits until the element ``locator`` is visible.</doc>
<status status="NOT RUN" start="2025-12-25T14:08:05.719049" elapsed="0.000059"/>
</kw>
<kw name="Wait Until Element Is Enabled" owner="SeleniumLibrary">
<arg>${locator}</arg>
<doc>Waits until the element ``locator`` is enabled.</doc>
<status status="NOT RUN" start="2025-12-25T14:08:05.719283" elapsed="0.000043"/>
</kw>
<kw name="Scroll Element Into View" owner="SeleniumLibrary">
<arg>${locator}</arg>
<doc>Scrolls the element identified by ``locator`` into view.</doc>
<status status="NOT RUN" start="2025-12-25T14:08:05.719451" elapsed="0.000036"/>
</kw>
<kw name="Click Element" owner="SeleniumLibrary">
<arg>${locator}</arg>
<doc>Click the element identified by ``locator``.</doc>
<status status="NOT RUN" start="2025-12-25T14:08:05.719613" elapsed="0.000032"/>
</kw>
<arg>css=button.btn-saveFile</arg>
<status status="FAIL" start="2025-12-25T14:08:05.713184" elapsed="0.006613">NoSuchWindowException: Message: no such window: target window already closed
from unknown error: web view not found
  (Session info: chrome=143.0.7499.169)
Stacktrace:
Symbols not available. Dumping unresolved backtrace:
	0x7ff7a21388e5
	0x7ff7a2138940
	0x7ff7a1f1165d
	0x7ff7a1ee91b1
	0x7ff7a1f997e6
	0x7ff7a1fba5c2
	0x7ff7a1f5ac29
	0x7ff7a1f5ba93
	0x7ff7a2450640
	0x7ff7a244af80
	0x7ff7a24696e6
	0x7ff7a2155de4
	0x7ff7a215ed8c
	0x7ff7a2142004
	0x7ff7a21421b5
	0x7ff7a2127ee2
	0x7ff91140e8d7
	0x7ff912ecc53c
</status>
</kw>
<kw name="Wait For Page Ready">
<status status="NOT RUN" start="2025-12-25T14:08:05.720185" elapsed="0.000045"/>
</kw>
<doc>سیو کردن پذیرش preadmit</doc>
<tag>UI_Test</tag>
<status status="FAIL" start="2025-12-25T14:08:05.712570" elapsed="0.007866">NoSuchWindowException: Message: no such window: target window already closed
from unknown error: web view not found
  (Session info: chrome=143.0.7499.169)
Stacktrace:
Symbols not available. Dumping unresolved backtrace:
	0x7ff7a21388e5
	0x7ff7a2138940
	0x7ff7a1f1165d
	0x7ff7a1ee91b1
	0x7ff7a1f997e6
	0x7ff7a1fba5c2
	0x7ff7a1f5ac29
	0x7ff7a1f5ba93
	0x7ff7a2450640
	0x7ff7a244af80
	0x7ff7a24696e6
	0x7ff7a2155de4
	0x7ff7a215ed8c
	0x7ff7a2142004
	0x7ff7a21421b5
	0x7ff7a2127ee2
	0x7ff91140e8d7
	0x7ff912ecc53c
</status>
</test>
<test id="s1-s1-t6" name="21-UI - deny admit print page" line="808">
<kw name="Click Element Safe">
<kw name="Wait For Spinner Hidden">
<kw name="Wait Until Element Is Not Visible" owner="SeleniumLibrary">
<msg time="2025-12-25T14:08:05.726393" level="WARN">Keyword 'Capture Page Screenshot' could not be run on failure: Message: no such window: target window already closed
from unknown error: web view not found
  (Session info: chrome=143.0.7499.169)
Stacktrace:
Symbols not available. Dumping unresolved backtrace:
	0x7ff7a21388e5
	0x7ff7a2138940
	0x7ff7a1f1165d
	0x7ff7a1ee91b1
	0x7ff7a1f997e6
	0x7ff7a1fba5c2
	0x7ff7a1f5ac29
	0x7ff7a1f5ba93
	0x7ff7a2450640
	0x7ff7a244af80
	0x7ff7a24696e6
	0x7ff7a2155de4
	0x7ff7a215ed8c
	0x7ff7a2142004
	0x7ff7a21421b5
	0x7ff7a2127ee2
	0x7ff91140e8d7
	0x7ff912ecc53c
</msg>
<msg time="2025-12-25T14:08:05.728015" level="FAIL">NoSuchWindowException: Message: no such window: target window already closed
from unknown error: web view not found
  (Session info: chrome=143.0.7499.169)
Stacktrace:
Symbols not available. Dumping unresolved backtrace:
	0x7ff7a21388e5
	0x7ff7a2138940
	0x7ff7a1f1165d
	0x7ff7a1ee91b1
	0x7ff7a1f997e6
	0x7ff7a1fba5c2
	0x7ff7a1f5ac29
	0x7ff7a1f5ba93
	0x7ff7a2450640
	0x7ff7a244af80
	0x7ff7a24696e6
	0x7ff7a2155de4
	0x7ff7a215ed8c
	0x7ff7a2142004
	0x7ff7a21421b5
	0x7ff7a2127ee2
	0x7ff91140e8d7
	0x7ff912ecc53c
</msg>
<arg>css=div.back-spenner.ng-star-inserted</arg>
<arg>1000</arg>
<doc>Waits until the element ``locator`` is not visible.</doc>
<status status="FAIL" start="2025-12-25T14:08:05.722520" elapsed="0.008819">NoSuchWindowException: Message: no such window: target window already closed
from unknown error: web view not found
  (Session info: chrome=143.0.7499.169)
Stacktrace:
Symbols not available. Dumping unresolved backtrace:
	0x7ff7a21388e5
	0x7ff7a2138940
	0x7ff7a1f1165d
	0x7ff7a1ee91b1
	0x7ff7a1f997e6
	0x7ff7a1fba5c2
	0x7ff7a1f5ac29
	0x7ff7a1f5ba93
	0x7ff7a2450640
	0x7ff7a244af80
	0x7ff7a24696e6
	0x7ff7a2155de4
	0x7ff7a215ed8c
	0x7ff7a2142004
	0x7ff7a21421b5
	0x7ff7a2127ee2
	0x7ff91140e8d7
	0x7ff912ecc53c
</status>
</kw>
<doc>صبر کردن تا loading Angular ناپدید شود</doc>
<status status="FAIL" start="2025-12-25T14:08:05.722318" elapsed="0.009278">NoSuchWindowException: Message: no such window: target window already closed
from unknown error: web view not found
  (Session info: chrome=143.0.7499.169)
Stacktrace:
Symbols not available. Dumping unresolved backtrace:
	0x7ff7a21388e5
	0x7ff7a2138940
	0x7ff7a1f1165d
	0x7ff7a1ee91b1
	0x7ff7a1f997e6
	0x7ff7a1fba5c2
	0x7ff7a1f5ac29
	0x7ff7a1f5ba93
	0x7ff7a2450640
	0x7ff7a244af80
	0x7ff7a24696e6
	0x7ff7a2155de4
	0x7ff7a215ed8c
	0x7ff7a2142004
	0x7ff7a21421b5
	0x7ff7a2127ee2
	0x7ff91140e8d7
	0x7ff912ecc53c
</status>
</kw>
<kw name="Wait Until Element Is Visible" owner="SeleniumLibrary">
<arg>${locator}</arg>
<doc>Waits until the element ``locator`` is visible.</doc>
<status status="NOT RUN" start="2025-12-25T14:08:05.731733" elapsed="0.000031"/>
</kw>
<kw name="Wait Until Element Is Enabled" owner="SeleniumLibrary">
<arg>${locator}</arg>
<doc>Waits until the element ``locator`` is enabled.</doc>
<status status="NOT RUN" start="2025-12-25T14:08:05.731839" elapsed="0.000020"/>
</kw>
<kw name="Scroll Element Into View" owner="SeleniumLibrary">
<arg>${locator}</arg>
<doc>Scrolls the element identified by ``locator`` into view.</doc>
<status status="NOT RUN" start="2025-12-25T14:08:05.731923" elapsed="0.000019"/>
</kw>
<kw name="Click Element" owner="SeleniumLibrary">
<arg>${locator}</arg>
<doc>Click the element identified by ``locator``.</doc>
<status status="NOT RUN" start="2025-12-25T14:08:05.732036" elapsed="0.000019"/>
</kw>
<arg>css=button.swal2-deny.swal2-styled</arg>
<status status="FAIL" start="2025-12-25T14:08:05.722025" elapsed="0.010161">NoSuchWindowException: Message: no such window: target window already closed
from unknown error: web view not found
  (Session info: chrome=143.0.7499.169)
Stacktrace:
Symbols not available. Dumping unresolved backtrace:
	0x7ff7a21388e5
	0x7ff7a2138940
	0x7ff7a1f1165d
	0x7ff7a1ee91b1
	0x7ff7a1f997e6
	0x7ff7a1fba5c2
	0x7ff7a1f5ac29
	0x7ff7a1f5ba93
	0x7ff7a2450640
	0x7ff7a244af80
	0x7ff7a24696e6
	0x7ff7a2155de4
	0x7ff7a215ed8c
	0x7ff7a2142004
	0x7ff7a21421b5
	0x7ff7a2127ee2
	0x7ff91140e8d7
	0x7ff912ecc53c
</status>
</kw>
<doc>لغو پرینت برگه پذیرش</doc>
<tag>UI_Test</tag>
<status status="FAIL" start="2025-12-25T14:08:05.721400" elapsed="0.011150">NoSuchWindowException: Message: no such window: target window already closed
from unknown error: web view not found
  (Session info: chrome=143.0.7499.169)
Stacktrace:
Symbols not available. Dumping unresolved backtrace:
	0x7ff7a21388e5
	0x7ff7a2138940
	0x7ff7a1f1165d
	0x7ff7a1ee91b1
	0x7ff7a1f997e6
	0x7ff7a1fba5c2
	0x7ff7a1f5ac29
	0x7ff7a1f5ba93
	0x7ff7a2450640
	0x7ff7a244af80
	0x7ff7a24696e6
	0x7ff7a2155de4
	0x7ff7a215ed8c
	0x7ff7a2142004
	0x7ff7a21421b5
	0x7ff7a2127ee2
	0x7ff91140e8d7
	0x7ff912ecc53c
</status>
</test>
<test id="s1-s1-t7" name="21-UI - Open Cash Web And Pay" line="814">
<kw name="Cash Pay Patient By National Code">
<kw name="Wait For Page Ready">
<kw name="Run Keyword And Ignore Error" owner="BuiltIn">
<kw name="Wait Until Page Contains Element" owner="SeleniumLibrary">
<msg time="2025-12-25T14:08:05.736842" level="WARN">Keyword 'Capture Page Screenshot' could not be run on failure: Message: no such window: target window already closed
from unknown error: web view not found
  (Session info: chrome=143.0.7499.169)
Stacktrace:
Symbols not available. Dumping unresolved backtrace:
	0x7ff7a21388e5
	0x7ff7a2138940
	0x7ff7a1f1165d
	0x7ff7a1ee91b1
	0x7ff7a1f997e6
	0x7ff7a1fba5c2
	0x7ff7a1f5ac29
	0x7ff7a1f5ba93
	0x7ff7a2450640
	0x7ff7a244af80
	0x7ff7a24696e6
	0x7ff7a2155de4
	0x7ff7a215ed8c
	0x7ff7a2142004
	0x7ff7a21421b5
	0x7ff7a2127ee2
	0x7ff91140e8d7
	0x7ff912ecc53c
</msg>
<msg time="2025-12-25T14:08:05.737328" level="FAIL">NoSuchWindowException: Message: no such window: target window already closed
from unknown error: web view not found
  (Session info: chrome=143.0.7499.169)
Stacktrace:
Symbols not available. Dumping unresolved backtrace:
	0x7ff7a21388e5
	0x7ff7a2138940
	0x7ff7a1f1165d
	0x7ff7a1ee91b1
	0x7ff7a1f997e6
	0x7ff7a1fba5c2
	0x7ff7a1f5ac29
	0x7ff7a1f5ba93
	0x7ff7a2450640
	0x7ff7a244af80
	0x7ff7a24696e6
	0x7ff7a2155de4
	0x7ff7a215ed8c
	0x7ff7a2142004
	0x7ff7a21421b5
	0x7ff7a2127ee2
	0x7ff91140e8d7
	0x7ff912ecc53c
</msg>
<arg>${GLOBAL_SPINNER}</arg>
<arg>3</arg>
<doc>Waits until the element ``locator`` appears on the current page.</doc>
<status status="FAIL" start="2025-12-25T14:08:05.734428" elapsed="0.004982">NoSuchWindowException: Message: no such window: target window already closed
from unknown error: web view not found
  (Session info: chrome=143.0.7499.169)
Stacktrace:
Symbols not available. Dumping unresolved backtrace:
	0x7ff7a21388e5
	0x7ff7a2138940
	0x7ff7a1f1165d
	0x7ff7a1ee91b1
	0x7ff7a1f997e6
	0x7ff7a1fba5c2
	0x7ff7a1f5ac29
	0x7ff7a1f5ba93
	0x7ff7a2450640
	0x7ff7a244af80
	0x7ff7a24696e6
	0x7ff7a2155de4
	0x7ff7a215ed8c
	0x7ff7a2142004
	0x7ff7a21421b5
	0x7ff7a2127ee2
	0x7ff91140e8d7
	0x7ff912ecc53c
</status>
</kw>
<arg>Wait Until Page Contains Element</arg>
<arg>${GLOBAL_SPINNER}</arg>
<arg>3</arg>
<doc>Runs the given keyword with the given arguments and ignores possible error.</doc>
<status status="PASS" start="2025-12-25T14:08:05.734313" elapsed="0.005211"/>
</kw>
<kw name="Wait Until Element Is Not Visible" owner="SeleniumLibrary">
<msg time="2025-12-25T14:08:05.743753" level="WARN">Keyword 'Capture Page Screenshot' could not be run on failure: Message: no such window: target window already closed
from unknown error: web view not found
  (Session info: chrome=143.0.7499.169)
Stacktrace:
Symbols not available. Dumping unresolved backtrace:
	0x7ff7a21388e5
	0x7ff7a2138940
	0x7ff7a1f1165d
	0x7ff7a1ee91b1
	0x7ff7a1f997e6
	0x7ff7a1fba5c2
	0x7ff7a1f5ac29
	0x7ff7a1f5ba93
	0x7ff7a2450640
	0x7ff7a244af80
	0x7ff7a24696e6
	0x7ff7a2155de4
	0x7ff7a215ed8c
	0x7ff7a2142004
	0x7ff7a21421b5
	0x7ff7a2127ee2
	0x7ff91140e8d7
	0x7ff912ecc53c
</msg>
<msg time="2025-12-25T14:08:05.744930" level="FAIL">NoSuchWindowException: Message: no such window: target window already closed
from unknown error: web view not found
  (Session info: chrome=143.0.7499.169)
Stacktrace:
Symbols not available. Dumping unresolved backtrace:
	0x7ff7a21388e5
	0x7ff7a2138940
	0x7ff7a1f1165d
	0x7ff7a1ee91b1
	0x7ff7a1f997e6
	0x7ff7a1fba5c2
	0x7ff7a1f5ac29
	0x7ff7a1f5ba93
	0x7ff7a2450640
	0x7ff7a244af80
	0x7ff7a24696e6
	0x7ff7a2155de4
	0x7ff7a215ed8c
	0x7ff7a2142004
	0x7ff7a21421b5
	0x7ff7a2127ee2
	0x7ff91140e8d7
	0x7ff912ecc53c
</msg>
<arg>${GLOBAL_SPINNER}</arg>
<arg>${timeout}</arg>
<doc>Waits until the element ``locator`` is not visible.</doc>
<status status="FAIL" start="2025-12-25T14:08:05.739668" elapsed="0.007119">NoSuchWindowException: Message: no such window: target window already closed
from unknown error: web view not found
  (Session info: chrome=143.0.7499.169)
Stacktrace:
Symbols not available. Dumping unresolved backtrace:
	0x7ff7a21388e5
	0x7ff7a2138940
	0x7ff7a1f1165d
	0x7ff7a1ee91b1
	0x7ff7a1f997e6
	0x7ff7a1fba5c2
	0x7ff7a1f5ac29
	0x7ff7a1f5ba93
	0x7ff7a2450640
	0x7ff7a244af80
	0x7ff7a24696e6
	0x7ff7a2155de4
	0x7ff7a215ed8c
	0x7ff7a2142004
	0x7ff7a21421b5
	0x7ff7a2127ee2
	0x7ff91140e8d7
	0x7ff912ecc53c
</status>
</kw>
<status status="FAIL" start="2025-12-25T14:08:05.734117" elapsed="0.012898">NoSuchWindowException: Message: no such window: target window already closed
from unknown error: web view not found
  (Session info: chrome=143.0.7499.169)
Stacktrace:
Symbols not available. Dumping unresolved backtrace:
	0x7ff7a21388e5
	0x7ff7a2138940
	0x7ff7a1f1165d
	0x7ff7a1ee91b1
	0x7ff7a1f997e6
	0x7ff7a1fba5c2
	0x7ff7a1f5ac29
	0x7ff7a1f5ba93
	0x7ff7a2450640
	0x7ff7a244af80
	0x7ff7a24696e6
	0x7ff7a2155de4
	0x7ff7a215ed8c
	0x7ff7a2142004
	0x7ff7a21421b5
	0x7ff7a2127ee2
	0x7ff91140e8d7
	0x7ff912ecc53c
</status>
</kw>
<kw name="Switch To Cash App">
<status status="NOT RUN" start="2025-12-25T14:08:05.747197" elapsed="0.000036"/>
</kw>
<kw name="Wait For Page Ready">
<status status="NOT RUN" start="2025-12-25T14:08:05.747333" elapsed="0.000021"/>
</kw>
<kw name="Wait For Spinner Hidden">
<doc>صبر کردن تا loading Angular ناپدید شود</doc>
<status status="NOT RUN" start="2025-12-25T14:08:05.747433" elapsed="0.000021"/>
</kw>
<kw name="Input Text" owner="SeleniumLibrary">
<arg>xpath=//input[@formcontrolname='nationalCode']</arg>
<arg>${nationalCode}</arg>
<doc>Types the given ``text`` into the text field identified by ``locator``.</doc>
<status status="NOT RUN" start="2025-12-25T14:08:05.747542" elapsed="0.000020"/>
</kw>
<kw name="Wait For Page Ready">
<status status="NOT RUN" start="2025-12-25T14:08:05.747643" elapsed="0.000020"/>
</kw>
<kw name="Click Element Safe">
<arg>xpath=//button[contains(@class,'btn-warning') and .//mat-icon[.='search']]</arg>
<status status="NOT RUN" start="2025-12-25T14:08:05.747738" elapsed="0.000032"/>
</kw>
<kw name="Wait For Page Ready">
<status status="NOT RUN" start="2025-12-25T14:08:05.747838" elapsed="0.000018"/>
</kw>
<kw name="Wait For Spinner Hidden">
<doc>صبر کردن تا loading Angular ناپدید شود</doc>
<status status="NOT RUN" start="2025-12-25T14:08:05.747918" elapsed="0.000017"/>
</kw>
<kw name="Set Variable" owner="BuiltIn">
<var>${row_xpath}</var>
<arg>//tr[.//td[contains(normalize-space(), '${nationalCode}')]]</arg>
<doc>Returns the given values which can then be assigned to a variables.</doc>
<status status="NOT RUN" start="2025-12-25T14:08:05.748005" elapsed="0.000019"/>
</kw>
<kw name="Wait Until Keyword Succeeds" owner="BuiltIn">
<arg>3x</arg>
<arg>5s</arg>
<arg>Element Should Be Visible</arg>
<arg>${row_xpath}</arg>
<doc>Runs the specified keyword and retries if it fails.</doc>
<status status="NOT RUN" start="2025-12-25T14:08:05.748125" elapsed="0.000019"/>
</kw>
<kw name="Double Click Element" owner="SeleniumLibrary">
<arg>${row_xpath}</arg>
<doc>Double clicks the element identified by ``locator``.</doc>
<status status="NOT RUN" start="2025-12-25T14:08:05.748212" elapsed="0.000019"/>
</kw>
<kw name="Wait Until Element Is Visible" owner="SeleniumLibrary">
<arg>xpath=//button[normalize-space(text())='پرداخت']</arg>
<arg>30s</arg>
<doc>Waits until the element ``locator`` is visible.</doc>
<status status="NOT RUN" start="2025-12-25T14:08:05.748316" elapsed="0.000020"/>
</kw>
<kw name="Click Element Safe">
<arg>xpath=//button[normalize-space(text())='پرداخت']</arg>
<status status="NOT RUN" start="2025-12-25T14:08:05.748434" elapsed="0.000022"/>
</kw>
<kw name="Wait For Page Ready">
<status status="NOT RUN" start="2025-12-25T14:08:05.748540" elapsed="0.000020"/>
</kw>
<kw name="Click Element Safe">
<arg>xpath=//button[contains(@class,'swal2-confirm') and normalize-space(.)='بله']</arg>
<status status="NOT RUN" start="2025-12-25T14:08:05.748657" elapsed="0.000026"/>
</kw>
<arg>${nationalCode}</arg>
<doc>Open Cash App, search patient by national code and complete payment flow</doc>
<status status="FAIL" start="2025-12-25T14:08:05.733823" elapsed="0.014971">NoSuchWindowException: Message: no such window: target window already closed
from unknown error: web view not found
  (Session info: chrome=143.0.7499.169)
Stacktrace:
Symbols not available. Dumping unresolved backtrace:
	0x7ff7a21388e5
	0x7ff7a2138940
	0x7ff7a1f1165d
	0x7ff7a1ee91b1
	0x7ff7a1f997e6
	0x7ff7a1fba5c2
	0x7ff7a1f5ac29
	0x7ff7a1f5ba93
	0x7ff7a2450640
	0x7ff7a244af80
	0x7ff7a24696e6
	0x7ff7a2155de4
	0x7ff7a215ed8c
	0x7ff7a2142004
	0x7ff7a21421b5
	0x7ff7a2127ee2
	0x7ff91140e8d7
	0x7ff912ecc53c
</status>
</kw>
<tag>UI_Test</tag>
<status status="FAIL" start="2025-12-25T14:08:05.733343" elapsed="0.015797">NoSuchWindowException: Message: no such window: target window already closed
from unknown error: web view not found
  (Session info: chrome=143.0.7499.169)
Stacktrace:
Symbols not available. Dumping unresolved backtrace:
	0x7ff7a21388e5
	0x7ff7a2138940
	0x7ff7a1f1165d
	0x7ff7a1ee91b1
	0x7ff7a1f997e6
	0x7ff7a1fba5c2
	0x7ff7a1f5ac29
	0x7ff7a1f5ba93
	0x7ff7a2450640
	0x7ff7a244af80
	0x7ff7a24696e6
	0x7ff7a2155de4
	0x7ff7a215ed8c
	0x7ff7a2142004
	0x7ff7a21421b5
	0x7ff7a2127ee2
	0x7ff91140e8d7
	0x7ff912ecc53c
</status>
</test>
<test id="s1-s1-t8" name="22-UI - go to inpatient list" line="820">
<kw name="Wait For Page Ready">
<kw name="Run Keyword And Ignore Error" owner="BuiltIn">
<kw name="Wait Until Page Contains Element" owner="SeleniumLibrary">
<msg time="2025-12-25T14:08:05.753480" level="WARN">Keyword 'Capture Page Screenshot' could not be run on failure: Message: no such window: target window already closed
from unknown error: web view not found
  (Session info: chrome=143.0.7499.169)
Stacktrace:
Symbols not available. Dumping unresolved backtrace:
	0x7ff7a21388e5
	0x7ff7a2138940
	0x7ff7a1f1165d
	0x7ff7a1ee91b1
	0x7ff7a1f997e6
	0x7ff7a1fba5c2
	0x7ff7a1f5ac29
	0x7ff7a1f5ba93
	0x7ff7a2450640
	0x7ff7a244af80
	0x7ff7a24696e6
	0x7ff7a2155de4
	0x7ff7a215ed8c
	0x7ff7a2142004
	0x7ff7a21421b5
	0x7ff7a2127ee2
	0x7ff91140e8d7
	0x7ff912ecc53c
</msg>
<msg time="2025-12-25T14:08:05.753964" level="FAIL">NoSuchWindowException: Message: no such window: target window already closed
from unknown error: web view not found
  (Session info: chrome=143.0.7499.169)
Stacktrace:
Symbols not available. Dumping unresolved backtrace:
	0x7ff7a21388e5
	0x7ff7a2138940
	0x7ff7a1f1165d
	0x7ff7a1ee91b1
	0x7ff7a1f997e6
	0x7ff7a1fba5c2
	0x7ff7a1f5ac29
	0x7ff7a1f5ba93
	0x7ff7a2450640
	0x7ff7a244af80
	0x7ff7a24696e6
	0x7ff7a2155de4
	0x7ff7a215ed8c
	0x7ff7a2142004
	0x7ff7a21421b5
	0x7ff7a2127ee2
	0x7ff91140e8d7
	0x7ff912ecc53c
</msg>
<arg>${GLOBAL_SPINNER}</arg>
<arg>3</arg>
<doc>Waits until the element ``locator`` appears on the current page.</doc>
<status status="FAIL" start="2025-12-25T14:08:05.750774" elapsed="0.005204">NoSuchWindowException: Message: no such window: target window already closed
from unknown error: web view not found
  (Session info: chrome=143.0.7499.169)
Stacktrace:
Symbols not available. Dumping unresolved backtrace:
	0x7ff7a21388e5
	0x7ff7a2138940
	0x7ff7a1f1165d
	0x7ff7a1ee91b1
	0x7ff7a1f997e6
	0x7ff7a1fba5c2
	0x7ff7a1f5ac29
	0x7ff7a1f5ba93
	0x7ff7a2450640
	0x7ff7a244af80
	0x7ff7a24696e6
	0x7ff7a2155de4
	0x7ff7a215ed8c
	0x7ff7a2142004
	0x7ff7a21421b5
	0x7ff7a2127ee2
	0x7ff91140e8d7
	0x7ff912ecc53c
</status>
</kw>
<arg>Wait Until Page Contains Element</arg>
<arg>${GLOBAL_SPINNER}</arg>
<arg>3</arg>
<doc>Runs the given keyword with the given arguments and ignores possible error.</doc>
<status status="PASS" start="2025-12-25T14:08:05.750637" elapsed="0.005447"/>
</kw>
<kw name="Wait Until Element Is Not Visible" owner="SeleniumLibrary">
<msg time="2025-12-25T14:08:05.759981" level="WARN">Keyword 'Capture Page Screenshot' could not be run on failure: Message: no such window: target window already closed
from unknown error: web view not found
  (Session info: chrome=143.0.7499.169)
Stacktrace:
Symbols not available. Dumping unresolved backtrace:
	0x7ff7a21388e5
	0x7ff7a2138940
	0x7ff7a1f1165d
	0x7ff7a1ee91b1
	0x7ff7a1f997e6
	0x7ff7a1fba5c2
	0x7ff7a1f5ac29
	0x7ff7a1f5ba93
	0x7ff7a2450640
	0x7ff7a244af80
	0x7ff7a24696e6
	0x7ff7a2155de4
	0x7ff7a215ed8c
	0x7ff7a2142004
	0x7ff7a21421b5
	0x7ff7a2127ee2
	0x7ff91140e8d7
	0x7ff912ecc53c
</msg>
<msg time="2025-12-25T14:08:05.760831" level="FAIL">NoSuchWindowException: Message: no such window: target window already closed
from unknown error: web view not found
  (Session info: chrome=143.0.7499.169)
Stacktrace:
Symbols not available. Dumping unresolved backtrace:
	0x7ff7a21388e5
	0x7ff7a2138940
	0x7ff7a1f1165d
	0x7ff7a1ee91b1
	0x7ff7a1f997e6
	0x7ff7a1fba5c2
	0x7ff7a1f5ac29
	0x7ff7a1f5ba93
	0x7ff7a2450640
	0x7ff7a244af80
	0x7ff7a24696e6
	0x7ff7a2155de4
	0x7ff7a215ed8c
	0x7ff7a2142004
	0x7ff7a21421b5
	0x7ff7a2127ee2
	0x7ff91140e8d7
	0x7ff912ecc53c
</msg>
<arg>${GLOBAL_SPINNER}</arg>
<arg>${timeout}</arg>
<doc>Waits until the element ``locator`` is not visible.</doc>
<status status="FAIL" start="2025-12-25T14:08:05.756211" elapsed="0.007590">NoSuchWindowException: Message: no such window: target window already closed
from unknown error: web view not found
  (Session info: chrome=143.0.7499.169)
Stacktrace:
Symbols not available. Dumping unresolved backtrace:
	0x7ff7a21388e5
	0x7ff7a2138940
	0x7ff7a1f1165d
	0x7ff7a1ee91b1
	0x7ff7a1f997e6
	0x7ff7a1fba5c2
	0x7ff7a1f5ac29
	0x7ff7a1f5ba93
	0x7ff7a2450640
	0x7ff7a244af80
	0x7ff7a24696e6
	0x7ff7a2155de4
	0x7ff7a215ed8c
	0x7ff7a2142004
	0x7ff7a21421b5
	0x7ff7a2127ee2
	0x7ff91140e8d7
	0x7ff912ecc53c
</status>
</kw>
<status status="FAIL" start="2025-12-25T14:08:05.750375" elapsed="0.013668">NoSuchWindowException: Message: no such window: target window already closed
from unknown error: web view not found
  (Session info: chrome=143.0.7499.169)
Stacktrace:
Symbols not available. Dumping unresolved backtrace:
	0x7ff7a21388e5
	0x7ff7a2138940
	0x7ff7a1f1165d
	0x7ff7a1ee91b1
	0x7ff7a1f997e6
	0x7ff7a1fba5c2
	0x7ff7a1f5ac29
	0x7ff7a1f5ba93
	0x7ff7a2450640
	0x7ff7a244af80
	0x7ff7a24696e6
	0x7ff7a2155de4
	0x7ff7a215ed8c
	0x7ff7a2142004
	0x7ff7a21421b5
	0x7ff7a2127ee2
	0x7ff91140e8d7
	0x7ff912ecc53c
</status>
</kw>
<kw name="Switch To AdmitHis App">
<status status="NOT RUN" start="2025-12-25T14:08:05.764376" elapsed="0.000041"/>
</kw>
<kw name="Click Element Safe">
<arg>xpath=//img[@src='assets/icons/inpatient.svg']/ancestor::a</arg>
<status status="NOT RUN" start="2025-12-25T14:08:05.764651" elapsed="0.000029"/>
</kw>
<kw name="Wait For Page Ready">
<status status="NOT RUN" start="2025-12-25T14:08:05.764840" elapsed="0.000025"/>
</kw>
<doc>رفتن به لیست بیماران بستری</doc>
<tag>UI_Test</tag>
<status status="FAIL" start="2025-12-25T14:08:05.749849" elapsed="0.015196">NoSuchWindowException: Message: no such window: target window already closed
from unknown error: web view not found
  (Session info: chrome=143.0.7499.169)
Stacktrace:
Symbols not available. Dumping unresolved backtrace:
	0x7ff7a21388e5
	0x7ff7a2138940
	0x7ff7a1f1165d
	0x7ff7a1ee91b1
	0x7ff7a1f997e6
	0x7ff7a1fba5c2
	0x7ff7a1f5ac29
	0x7ff7a1f5ba93
	0x7ff7a2450640
	0x7ff7a244af80
	0x7ff7a24696e6
	0x7ff7a2155de4
	0x7ff7a215ed8c
	0x7ff7a2142004
	0x7ff7a21421b5
	0x7ff7a2127ee2
	0x7ff91140e8d7
	0x7ff912ecc53c
</status>
</test>
<test id="s1-s1-t9" name="25-UI - Load Preadmit Patient List" line="916">
<kw name="Wait For Page Ready">
<kw name="Run Keyword And Ignore Error" owner="BuiltIn">
<kw name="Wait Until Page Contains Element" owner="SeleniumLibrary">
<msg time="2025-12-25T14:08:05.769562" level="WARN">Keyword 'Capture Page Screenshot' could not be run on failure: Message: no such window: target window already closed
from unknown error: web view not found
  (Session info: chrome=143.0.7499.169)
Stacktrace:
Symbols not available. Dumping unresolved backtrace:
	0x7ff7a21388e5
	0x7ff7a2138940
	0x7ff7a1f1165d
	0x7ff7a1ee91b1
	0x7ff7a1f997e6
	0x7ff7a1fba5c2
	0x7ff7a1f5ac29
	0x7ff7a1f5ba93
	0x7ff7a2450640
	0x7ff7a244af80
	0x7ff7a24696e6
	0x7ff7a2155de4
	0x7ff7a215ed8c
	0x7ff7a2142004
	0x7ff7a21421b5
	0x7ff7a2127ee2
	0x7ff91140e8d7
	0x7ff912ecc53c
</msg>
<msg time="2025-12-25T14:08:05.770218" level="FAIL">NoSuchWindowException: Message: no such window: target window already closed
from unknown error: web view not found
  (Session info: chrome=143.0.7499.169)
Stacktrace:
Symbols not available. Dumping unresolved backtrace:
	0x7ff7a21388e5
	0x7ff7a2138940
	0x7ff7a1f1165d
	0x7ff7a1ee91b1
	0x7ff7a1f997e6
	0x7ff7a1fba5c2
	0x7ff7a1f5ac29
	0x7ff7a1f5ba93
	0x7ff7a2450640
	0x7ff7a244af80
	0x7ff7a24696e6
	0x7ff7a2155de4
	0x7ff7a215ed8c
	0x7ff7a2142004
	0x7ff7a21421b5
	0x7ff7a2127ee2
	0x7ff91140e8d7
	0x7ff912ecc53c
</msg>
<arg>${GLOBAL_SPINNER}</arg>
<arg>3</arg>
<doc>Waits until the element ``locator`` appears on the current page.</doc>
<status status="FAIL" start="2025-12-25T14:08:05.766667" elapsed="0.005133">NoSuchWindowException: Message: no such window: target window already closed
from unknown error: web view not found
  (Session info: chrome=143.0.7499.169)
Stacktrace:
Symbols not available. Dumping unresolved backtrace:
	0x7ff7a21388e5
	0x7ff7a2138940
	0x7ff7a1f1165d
	0x7ff7a1ee91b1
	0x7ff7a1f997e6
	0x7ff7a1fba5c2
	0x7ff7a1f5ac29
	0x7ff7a1f5ba93
	0x7ff7a2450640
	0x7ff7a244af80
	0x7ff7a24696e6
	0x7ff7a2155de4
	0x7ff7a215ed8c
	0x7ff7a2142004
	0x7ff7a21421b5
	0x7ff7a2127ee2
	0x7ff91140e8d7
	0x7ff912ecc53c
</status>
</kw>
<arg>Wait Until Page Contains Element</arg>
<arg>${GLOBAL_SPINNER}</arg>
<arg>3</arg>
<doc>Runs the given keyword with the given arguments and ignores possible error.</doc>
<status status="PASS" start="2025-12-25T14:08:05.766530" elapsed="0.005370"/>
</kw>
<kw name="Wait Until Element Is Not Visible" owner="SeleniumLibrary">
<msg time="2025-12-25T14:08:05.773858" level="WARN">Keyword 'Capture Page Screenshot' could not be run on failure: Message: no such window: target window already closed
from unknown error: web view not found
  (Session info: chrome=143.0.7499.169)
Stacktrace:
Symbols not available. Dumping unresolved backtrace:
	0x7ff7a21388e5
	0x7ff7a2138940
	0x7ff7a1f1165d
	0x7ff7a1ee91b1
	0x7ff7a1f997e6
	0x7ff7a1fba5c2
	0x7ff7a1f5ac29
	0x7ff7a1f5ba93
	0x7ff7a2450640
	0x7ff7a244af80
	0x7ff7a24696e6
	0x7ff7a2155de4
	0x7ff7a215ed8c
	0x7ff7a2142004
	0x7ff7a21421b5
	0x7ff7a2127ee2
	0x7ff91140e8d7
	0x7ff912ecc53c
</msg>
<msg time="2025-12-25T14:08:05.774493" level="FAIL">NoSuchWindowException: Message: no such window: target window already closed
from unknown error: web view not found
  (Session info: chrome=143.0.7499.169)
Stacktrace:
Symbols not available. Dumping unresolved backtrace:
	0x7ff7a21388e5
	0x7ff7a2138940
	0x7ff7a1f1165d
	0x7ff7a1ee91b1
	0x7ff7a1f997e6
	0x7ff7a1fba5c2
	0x7ff7a1f5ac29
	0x7ff7a1f5ba93
	0x7ff7a2450640
	0x7ff7a244af80
	0x7ff7a24696e6
	0x7ff7a2155de4
	0x7ff7a215ed8c
	0x7ff7a2142004
	0x7ff7a21421b5
	0x7ff7a2127ee2
	0x7ff91140e8d7
	0x7ff912ecc53c
</msg>
<arg>${GLOBAL_SPINNER}</arg>
<arg>${timeout}</arg>
<doc>Waits until the element ``locator`` is not visible.</doc>
<status status="FAIL" start="2025-12-25T14:08:05.772011" elapsed="0.005303">NoSuchWindowException: Message: no such window: target window already closed
from unknown error: web view not found
  (Session info: chrome=143.0.7499.169)
Stacktrace:
Symbols not available. Dumping unresolved backtrace:
	0x7ff7a21388e5
	0x7ff7a2138940
	0x7ff7a1f1165d
	0x7ff7a1ee91b1
	0x7ff7a1f997e6
	0x7ff7a1fba5c2
	0x7ff7a1f5ac29
	0x7ff7a1f5ba93
	0x7ff7a2450640
	0x7ff7a244af80
	0x7ff7a24696e6
	0x7ff7a2155de4
	0x7ff7a215ed8c
	0x7ff7a2142004
	0x7ff7a21421b5
	0x7ff7a2127ee2
	0x7ff91140e8d7
	0x7ff912ecc53c
</status>
</kw>
<status status="FAIL" start="2025-12-25T14:08:05.766240" elapsed="0.011487">NoSuchWindowException: Message: no such window: target window already closed
from unknown error: web view not found
  (Session info: chrome=143.0.7499.169)
Stacktrace:
Symbols not available. Dumping unresolved backtrace:
	0x7ff7a21388e5
	0x7ff7a2138940
	0x7ff7a1f1165d
	0x7ff7a1ee91b1
	0x7ff7a1f997e6
	0x7ff7a1fba5c2
	0x7ff7a1f5ac29
	0x7ff7a1f5ba93
	0x7ff7a2450640
	0x7ff7a244af80
	0x7ff7a24696e6
	0x7ff7a2155de4
	0x7ff7a215ed8c
	0x7ff7a2142004
	0x7ff7a21421b5
	0x7ff7a2127ee2
	0x7ff91140e8d7
	0x7ff912ecc53c
</status>
</kw>
<kw name="Click Element Safe">
<arg>xpath=//span[contains(@class,'mat-checkbox-inner-container')]</arg>
<status status="NOT RUN" start="2025-12-25T14:08:05.778589" elapsed="0.000065"/>
</kw>
<kw name="Wait For Page Ready">
<status status="NOT RUN" start="2025-12-25T14:08:05.778909" elapsed="0.000032"/>
</kw>
<doc>لیست بیماران preadmit</doc>
<tag>UI_Test</tag>
<status status="FAIL" start="2025-12-25T14:08:05.765653" elapsed="0.013572">NoSuchWindowException: Message: no such window: target window already closed
from unknown error: web view not found
  (Session info: chrome=143.0.7499.169)
Stacktrace:
Symbols not available. Dumping unresolved backtrace:
	0x7ff7a21388e5
	0x7ff7a2138940
	0x7ff7a1f1165d
	0x7ff7a1ee91b1
	0x7ff7a1f997e6
	0x7ff7a1fba5c2
	0x7ff7a1f5ac29
	0x7ff7a1f5ba93
	0x7ff7a2450640
	0x7ff7a244af80
	0x7ff7a24696e6
	0x7ff7a2155de4
	0x7ff7a215ed8c
	0x7ff7a2142004
	0x7ff7a21421b5
	0x7ff7a2127ee2
	0x7ff91140e8d7
	0x7ff912ecc53c
</status>
</test>
<test id="s1-s1-t10" name="27-UI - Edit Preadmit Patient" line="1011">
<kw name="Wait For Page Ready">
<kw name="Run Keyword And Ignore Error" owner="BuiltIn">
<kw name="Wait Until Page Contains Element" owner="SeleniumLibrary">
<msg time="2025-12-25T14:08:05.782844" level="WARN">Keyword 'Capture Page Screenshot' could not be run on failure: Message: no such window: target window already closed
from unknown error: web view not found
  (Session info: chrome=143.0.7499.169)
Stacktrace:
Symbols not available. Dumping unresolved backtrace:
	0x7ff7a21388e5
	0x7ff7a2138940
	0x7ff7a1f1165d
	0x7ff7a1ee91b1
	0x7ff7a1f997e6
	0x7ff7a1fba5c2
	0x7ff7a1f5ac29
	0x7ff7a1f5ba93
	0x7ff7a2450640
	0x7ff7a244af80
	0x7ff7a24696e6
	0x7ff7a2155de4
	0x7ff7a215ed8c
	0x7ff7a2142004
	0x7ff7a21421b5
	0x7ff7a2127ee2
	0x7ff91140e8d7
	0x7ff912ecc53c
</msg>
<msg time="2025-12-25T14:08:05.783397" level="FAIL">NoSuchWindowException: Message: no such window: target window already closed
from unknown error: web view not found
  (Session info: chrome=143.0.7499.169)
Stacktrace:
Symbols not available. Dumping unresolved backtrace:
	0x7ff7a21388e5
	0x7ff7a2138940
	0x7ff7a1f1165d
	0x7ff7a1ee91b1
	0x7ff7a1f997e6
	0x7ff7a1fba5c2
	0x7ff7a1f5ac29
	0x7ff7a1f5ba93
	0x7ff7a2450640
	0x7ff7a244af80
	0x7ff7a24696e6
	0x7ff7a2155de4
	0x7ff7a215ed8c
	0x7ff7a2142004
	0x7ff7a21421b5
	0x7ff7a2127ee2
	0x7ff91140e8d7
	0x7ff912ecc53c
</msg>
<arg>${GLOBAL_SPINNER}</arg>
<arg>3</arg>
<doc>Waits until the element ``locator`` appears on the current page.</doc>
<status status="FAIL" start="2025-12-25T14:08:05.780785" elapsed="0.004352">NoSuchWindowException: Message: no such window: target window already closed
from unknown error: web view not found
  (Session info: chrome=143.0.7499.169)
Stacktrace:
Symbols not available. Dumping unresolved backtrace:
	0x7ff7a21388e5
	0x7ff7a2138940
	0x7ff7a1f1165d
	0x7ff7a1ee91b1
	0x7ff7a1f997e6
	0x7ff7a1fba5c2
	0x7ff7a1f5ac29
	0x7ff7a1f5ba93
	0x7ff7a2450640
	0x7ff7a244af80
	0x7ff7a24696e6
	0x7ff7a2155de4
	0x7ff7a215ed8c
	0x7ff7a2142004
	0x7ff7a21421b5
	0x7ff7a2127ee2
	0x7ff91140e8d7
	0x7ff912ecc53c
</status>
</kw>
<arg>Wait Until Page Contains Element</arg>
<arg>${GLOBAL_SPINNER}</arg>
<arg>3</arg>
<doc>Runs the given keyword with the given arguments and ignores possible error.</doc>
<status status="PASS" start="2025-12-25T14:08:05.780654" elapsed="0.004585"/>
</kw>
<kw name="Wait Until Element Is Not Visible" owner="SeleniumLibrary">
<msg time="2025-12-25T14:08:05.787550" level="WARN">Keyword 'Capture Page Screenshot' could not be run on failure: Message: no such window: target window already closed
from unknown error: web view not found
  (Session info: chrome=143.0.7499.169)
Stacktrace:
Symbols not available. Dumping unresolved backtrace:
	0x7ff7a21388e5
	0x7ff7a2138940
	0x7ff7a1f1165d
	0x7ff7a1ee91b1
	0x7ff7a1f997e6
	0x7ff7a1fba5c2
	0x7ff7a1f5ac29
	0x7ff7a1f5ba93
	0x7ff7a2450640
	0x7ff7a244af80
	0x7ff7a24696e6
	0x7ff7a2155de4
	0x7ff7a215ed8c
	0x7ff7a2142004
	0x7ff7a21421b5
	0x7ff7a2127ee2
	0x7ff91140e8d7
	0x7ff912ecc53c
</msg>
<msg time="2025-12-25T14:08:05.788095" level="FAIL">NoSuchWindowException: Message: no such window: target window already closed
from unknown error: web view not found
  (Session info: chrome=143.0.7499.169)
Stacktrace:
Symbols not available. Dumping unresolved backtrace:
	0x7ff7a21388e5
	0x7ff7a2138940
	0x7ff7a1f1165d
	0x7ff7a1ee91b1
	0x7ff7a1f997e6
	0x7ff7a1fba5c2
	0x7ff7a1f5ac29
	0x7ff7a1f5ba93
	0x7ff7a2450640
	0x7ff7a244af80
	0x7ff7a24696e6
	0x7ff7a2155de4
	0x7ff7a215ed8c
	0x7ff7a2142004
	0x7ff7a21421b5
	0x7ff7a2127ee2
	0x7ff91140e8d7
	0x7ff912ecc53c
</msg>
<arg>${GLOBAL_SPINNER}</arg>
<arg>${timeout}</arg>
<doc>Waits until the element ``locator`` is not visible.</doc>
<status status="FAIL" start="2025-12-25T14:08:05.785394" elapsed="0.004332">NoSuchWindowException: Message: no such window: target window already closed
from unknown error: web view not found
  (Session info: chrome=143.0.7499.169)
Stacktrace:
Symbols not available. Dumping unresolved backtrace:
	0x7ff7a21388e5
	0x7ff7a2138940
	0x7ff7a1f1165d
	0x7ff7a1ee91b1
	0x7ff7a1f997e6
	0x7ff7a1fba5c2
	0x7ff7a1f5ac29
	0x7ff7a1f5ba93
	0x7ff7a2450640
	0x7ff7a244af80
	0x7ff7a24696e6
	0x7ff7a2155de4
	0x7ff7a215ed8c
	0x7ff7a2142004
	0x7ff7a21421b5
	0x7ff7a2127ee2
	0x7ff91140e8d7
	0x7ff912ecc53c
</status>
</kw>
<status status="FAIL" start="2025-12-25T14:08:05.780394" elapsed="0.009670">NoSuchWindowException: Message: no such window: target window already closed
from unknown error: web view not found
  (Session info: chrome=143.0.7499.169)
Stacktrace:
Symbols not available. Dumping unresolved backtrace:
	0x7ff7a21388e5
	0x7ff7a2138940
	0x7ff7a1f1165d
	0x7ff7a1ee91b1
	0x7ff7a1f997e6
	0x7ff7a1fba5c2
	0x7ff7a1f5ac29
	0x7ff7a1f5ba93
	0x7ff7a2450640
	0x7ff7a244af80
	0x7ff7a24696e6
	0x7ff7a2155de4
	0x7ff7a215ed8c
	0x7ff7a2142004
	0x7ff7a21421b5
	0x7ff7a2127ee2
	0x7ff91140e8d7
	0x7ff912ecc53c
</status>
</kw>
<kw name="Input Text" owner="SeleniumLibrary">
<arg>//input[@formcontrolname='nationalCode']</arg>
<arg>${nationalCode}</arg>
<doc>Types the given ``text`` into the text field identified by ``locator``.</doc>
<status status="NOT RUN" start="2025-12-25T14:08:05.790456" elapsed="0.000079"/>
</kw>
<kw name="Click Element Safe">
<arg>css=button.mat-tooltip-trigger.btn.btn-warning</arg>
<status status="NOT RUN" start="2025-12-25T14:08:05.790918" elapsed="0.000070"/>
</kw>
<kw name="Wait For Page Ready">
<status status="NOT RUN" start="2025-12-25T14:08:05.791484" elapsed="0.000076"/>
</kw>
<kw name="Click Element Safe">
<arg>css=button.mat-tooltip-trigger.btn-action.ng-star-inserted</arg>
<status status="NOT RUN" start="2025-12-25T14:08:05.792349" elapsed="0.000075"/>
</kw>
<kw name="Wait For Page Ready">
<status status="NOT RUN" start="2025-12-25T14:08:05.792751" elapsed="0.000047"/>
</kw>
<kw name="Click Element Safe">
<arg>css=button.mat-tooltip-trigger.btn.btn-edit1</arg>
<status status="NOT RUN" start="2025-12-25T14:08:05.793110" elapsed="0.000065"/>
</kw>
<kw name="Wait For Page Ready">
<status status="NOT RUN" start="2025-12-25T14:08:05.793450" elapsed="0.000046"/>
</kw>
<kw name="Select From Ng Select">
<arg>wardfileld</arg>
<arg>اطفال 2 - تخت خالی (33)</arg>
<status status="NOT RUN" start="2025-12-25T14:08:05.793782" elapsed="0.000041"/>
</kw>
<kw name="Select From Ng Select">
<arg>doctorField</arg>
<arg>Siavash Siavash</arg>
<status status="NOT RUN" start="2025-12-25T14:08:05.794262" elapsed="0.000029"/>
</kw>
<kw name="Wait For Page Ready">
<status status="NOT RUN" start="2025-12-25T14:08:05.794465" elapsed="0.000027"/>
</kw>
<kw name="Click Element Safe">
<arg>css=button.btn-saveFile</arg>
<status status="NOT RUN" start="2025-12-25T14:08:05.794649" elapsed="0.000027"/>
</kw>
<kw name="Wait For Page Ready">
<status status="NOT RUN" start="2025-12-25T14:08:05.794817" elapsed="0.000026"/>
</kw>
<kw name="Click Element Safe">
<arg>css=button.swal2-deny.swal2-styled</arg>
<status status="NOT RUN" start="2025-12-25T14:08:05.794994" elapsed="0.000025"/>
</kw>
<kw name="Wait For Page Ready">
<status status="NOT RUN" start="2025-12-25T14:08:05.795214" elapsed="0.000027"/>
</kw>
<kw name="Click Element Safe">
<arg>xpath=//span[contains(@class,'mat-checkbox-inner-container')]</arg>
<status status="NOT RUN" start="2025-12-25T14:08:05.795387" elapsed="0.000023"/>
</kw>
<kw name="Wait For Page Ready">
<status status="NOT RUN" start="2025-12-25T14:08:05.795538" elapsed="0.000022"/>
</kw>
<doc>ویرایش بیمار preadmit</doc>
<tag>UI_Test</tag>
<status status="FAIL" start="2025-12-25T14:08:05.779976" elapsed="0.015844">NoSuchWindowException: Message: no such window: target window already closed
from unknown error: web view not found
  (Session info: chrome=143.0.7499.169)
Stacktrace:
Symbols not available. Dumping unresolved backtrace:
	0x7ff7a21388e5
	0x7ff7a2138940
	0x7ff7a1f1165d
	0x7ff7a1ee91b1
	0x7ff7a1f997e6
	0x7ff7a1fba5c2
	0x7ff7a1f5ac29
	0x7ff7a1f5ba93
	0x7ff7a2450640
	0x7ff7a244af80
	0x7ff7a24696e6
	0x7ff7a2155de4
	0x7ff7a215ed8c
	0x7ff7a2142004
	0x7ff7a21421b5
	0x7ff7a2127ee2
	0x7ff91140e8d7
	0x7ff912ecc53c
</status>
</test>
<test id="s1-s1-t11" name="29-UI - Cancel Preadmit" line="1233">
<kw name="Input Text" owner="SeleniumLibrary">
<msg time="2025-12-25T14:08:05.797339" level="INFO">Typing text '1520554001' into text field 'xpath=//input[@formcontrolname='nationalCode']'.</msg>
<msg time="2025-12-25T14:08:05.799423" level="WARN">Keyword 'Capture Page Screenshot' could not be run on failure: Message: no such window: target window already closed
from unknown error: web view not found
  (Session info: chrome=143.0.7499.169)
Stacktrace:
Symbols not available. Dumping unresolved backtrace:
	0x7ff7a21388e5
	0x7ff7a2138940
	0x7ff7a1f1165d
	0x7ff7a1ee91b1
	0x7ff7a1f997e6
	0x7ff7a1fba5c2
	0x7ff7a1f5ac29
	0x7ff7a1f5ba93
	0x7ff7a2450640
	0x7ff7a244af80
	0x7ff7a24696e6
	0x7ff7a2155de4
	0x7ff7a215ed8c
	0x7ff7a2142004
	0x7ff7a21421b5
	0x7ff7a2127ee2
	0x7ff91140e8d7
	0x7ff912ecc53c
</msg>
<msg time="2025-12-25T14:08:05.800207" level="FAIL">NoSuchWindowException: Message: no such window: target window already closed
from unknown error: web view not found
  (Session info: chrome=143.0.7499.169)
Stacktrace:
Symbols not available. Dumping unresolved backtrace:
	0x7ff7a21388e5
	0x7ff7a2138940
	0x7ff7a1f1165d
	0x7ff7a1ee91b1
	0x7ff7a1f997e6
	0x7ff7a1fba5c2
	0x7ff7a1f5ac29
	0x7ff7a1f5ba93
	0x7ff7a2450640
	0x7ff7a244af80
	0x7ff7a24696e6
	0x7ff7a2155de4
	0x7ff7a215ed8c
	0x7ff7a2142004
	0x7ff7a21421b5
	0x7ff7a2127ee2
	0x7ff91140e8d7
	0x7ff912ecc53c
</msg>
<arg>xpath=//input[@formcontrolname='nationalCode']</arg>
<arg>${nationalCode}</arg>
<doc>Types the given ``text`` into the text field identified by ``locator``.</doc>
<status status="FAIL" start="2025-12-25T14:08:05.797044" elapsed="0.005027">NoSuchWindowException: Message: no such window: target window already closed
from unknown error: web view not found
  (Session info: chrome=143.0.7499.169)
Stacktrace:
Symbols not available. Dumping unresolved backtrace:
	0x7ff7a21388e5
	0x7ff7a2138940
	0x7ff7a1f1165d
	0x7ff7a1ee91b1
	0x7ff7a1f997e6
	0x7ff7a1fba5c2
	0x7ff7a1f5ac29
	0x7ff7a1f5ba93
	0x7ff7a2450640
	0x7ff7a244af80
	0x7ff7a24696e6
	0x7ff7a2155de4
	0x7ff7a215ed8c
	0x7ff7a2142004
	0x7ff7a21421b5
	0x7ff7a2127ee2
	0x7ff91140e8d7
	0x7ff912ecc53c
</status>
</kw>
<kw name="Click Element Safe">
<arg>css=button.mat-tooltip-trigger.btn.btn-warning</arg>
<status status="NOT RUN" start="2025-12-25T14:08:05.802387" elapsed="0.000038"/>
</kw>
<kw name="Wait For Page Ready">
<status status="NOT RUN" start="2025-12-25T14:08:05.802636" elapsed="0.000030"/>
</kw>
<kw name="Click Element Safe">
<arg>xpath=//button[not(@hidden) and .//mat-icon[normalize-space(.)='cancel']]</arg>
<status status="NOT RUN" start="2025-12-25T14:08:05.802824" elapsed="0.000028"/>
</kw>
<kw name="Wait For Page Ready">
<status status="NOT RUN" start="2025-12-25T14:08:05.803011" elapsed="0.000024"/>
</kw>
<kw name="Click Element Safe">
<arg>xpath=//button[contains(@class,'swal2-confirm') and normalize-space(.)='بله']</arg>
<status status="NOT RUN" start="2025-12-25T14:08:05.803176" elapsed="0.000024"/>
</kw>
<doc>لغو پذیرش preadmit</doc>
<tag>UI_Test</tag>
<status status="FAIL" start="2025-12-25T14:08:05.796563" elapsed="0.006818">NoSuchWindowException: Message: no such window: target window already closed
from unknown error: web view not found
  (Session info: chrome=143.0.7499.169)
Stacktrace:
Symbols not available. Dumping unresolved backtrace:
	0x7ff7a21388e5
	0x7ff7a2138940
	0x7ff7a1f1165d
	0x7ff7a1ee91b1
	0x7ff7a1f997e6
	0x7ff7a1fba5c2
	0x7ff7a1f5ac29
	0x7ff7a1f5ba93
	0x7ff7a2450640
	0x7ff7a244af80
	0x7ff7a24696e6
	0x7ff7a2155de4
	0x7ff7a215ed8c
	0x7ff7a2142004
	0x7ff7a21421b5
	0x7ff7a2127ee2
	0x7ff91140e8d7
	0x7ff912ecc53c
</status>
</test>
<status status="FAIL" start="2025-12-25T14:07:57.236614" elapsed="8.567884"/>
</suite>
<suite id="s1-s2" name="AdmitRis" source="D:\Payvand\Projects\HisAdmit\AdmitHis-Test\AdmitRis.robot">
<kw name="Create AdmitRis Session" type="SETUP">
<kw name="Create Session" owner="RequestsLibrary">
<msg time="2025-12-25T14:08:05.814943" level="INFO">Creating Session using : alias=RIS, url=http://192.168.5.19:8023, headers={},                     cookies={}, auth=None, timeout=None, proxies=None, verify=False,                     debug=0 </msg>
<arg>RIS</arg>
<arg>${AdmitRis_Api_URL}</arg>
<arg>verify=${False}</arg>
<doc>Create Session: create a HTTP session to a server</doc>
<status status="PASS" start="2025-12-25T14:08:05.814630" elapsed="0.000534"/>
</kw>
<status status="PASS" start="2025-12-25T14:08:05.814377" elapsed="0.000898"/>
</kw>
<test id="s1-s2-t1" name="1-UI-Open Filing Page" line="182">
<kw name="Start Browser AdmitRis With Token">
<kw name="Open Browser" owner="SeleniumLibrary">
<msg time="2025-12-25T14:08:05.816972" level="INFO">Opening browser 'chrome' to base url 'http://192.168.5.19:8024/admit'.</msg>
<arg>${AdmitRis_App_URL}</arg>
<arg>chrome</arg>
<doc>Opens a new browser instance to the optional ``url``.</doc>
<status status="PASS" start="2025-12-25T14:08:05.816621" elapsed="3.017475"/>
</kw>
<kw name="Maximize Browser Window" owner="SeleniumLibrary">
<msg time="2025-12-25T14:08:08.838744" level="WARN">Keyword 'Capture Page Screenshot' could not be run on failure: Message: no such window: target window already closed
from unknown error: web view not found
  (Session info: chrome=143.0.7499.169)
Stacktrace:
Symbols not available. Dumping unresolved backtrace:
	0x7ff7a21388e5
	0x7ff7a2138940
	0x7ff7a1f1165d
	0x7ff7a1ee91b1
	0x7ff7a1f997e6
	0x7ff7a1fba5c2
	0x7ff7a1f5ac29
	0x7ff7a1f5ba93
	0x7ff7a2450640
	0x7ff7a244af80
	0x7ff7a24696e6
	0x7ff7a2155de4
	0x7ff7a215ed8c
	0x7ff7a2142004
	0x7ff7a21421b5
	0x7ff7a2127ee2
	0x7ff91140e8d7
	0x7ff912ecc53c
</msg>
<msg time="2025-12-25T14:08:08.840002" level="FAIL">NoSuchWindowException: Message: no such window: target window already closed
from unknown error: web view not found
  (Session info: chrome=143.0.7499.169)
Stacktrace:
Symbols not available. Dumping unresolved backtrace:
	0x7ff7a21388e5
	0x7ff7a2138940
	0x7ff7a1f1165d
	0x7ff7a1ee91b1
	0x7ff7a1f997e6
	0x7ff7a1fba5c2
	0x7ff7a1f5ac29
	0x7ff7a1f5ba93
	0x7ff7a2450640
	0x7ff7a244af80
	0x7ff7a24696e6
	0x7ff7a2155de4
	0x7ff7a215ed8c
	0x7ff7a2142004
	0x7ff7a21421b5
	0x7ff7a2127ee2
	0x7ff91140e8d7
	0x7ff912ecc53c
</msg>
<doc>Maximizes current browser window.</doc>
<status status="FAIL" start="2025-12-25T14:08:08.834495" elapsed="0.008358">NoSuchWindowException: Message: no such window: target window already closed
from unknown error: web view not found
  (Session info: chrome=143.0.7499.169)
Stacktrace:
Symbols not available. Dumping unresolved backtrace:
	0x7ff7a21388e5
	0x7ff7a2138940
	0x7ff7a1f1165d
	0x7ff7a1ee91b1
	0x7ff7a1f997e6
	0x7ff7a1fba5c2
	0x7ff7a1f5ac29
	0x7ff7a1f5ba93
	0x7ff7a2450640
	0x7ff7a244af80
	0x7ff7a24696e6
	0x7ff7a2155de4
	0x7ff7a215ed8c
	0x7ff7a2142004
	0x7ff7a21421b5
	0x7ff7a2127ee2
	0x7ff91140e8d7
	0x7ff912ecc53c
</status>
</kw>
<kw name="Add Cookie" owner="SeleniumLibrary">
<arg>token</arg>
<arg>${COOKIE_TOKEN}</arg>
<doc>Adds a cookie to your current session.</doc>
<status status="NOT RUN" start="2025-12-25T14:08:08.843286" elapsed="0.000062"/>
</kw>
<kw name="Reload Page" owner="SeleniumLibrary">
<doc>Simulates user reloading page.</doc>
<status status="NOT RUN" start="2025-12-25T14:08:08.843544" elapsed="0.000051"/>
</kw>
<doc>باز کردن کروم + تزریق کوکی token</doc>
<status status="FAIL" start="2025-12-25T14:08:05.816109" elapsed="3.027900">NoSuchWindowException: Message: no such window: target window already closed
from unknown error: web view not found
  (Session info: chrome=143.0.7499.169)
Stacktrace:
Symbols not available. Dumping unresolved backtrace:
	0x7ff7a21388e5
	0x7ff7a2138940
	0x7ff7a1f1165d
	0x7ff7a1ee91b1
	0x7ff7a1f997e6
	0x7ff7a1fba5c2
	0x7ff7a1f5ac29
	0x7ff7a1f5ba93
	0x7ff7a2450640
	0x7ff7a244af80
	0x7ff7a24696e6
	0x7ff7a2155de4
	0x7ff7a215ed8c
	0x7ff7a2142004
	0x7ff7a21421b5
	0x7ff7a2127ee2
	0x7ff91140e8d7
	0x7ff912ecc53c
</status>
</kw>
<kw name="Go To AdmitRis Page">
<doc>رفتن مستقیم به صفحه پذیرش طب تصویری</doc>
<status status="NOT RUN" start="2025-12-25T14:08:08.844911" elapsed="0.000102"/>
</kw>
<kw name="Wait For Spinner Hidden">
<doc>صبر کردن تا loading Angular ناپدید شود</doc>
<status status="NOT RUN" start="2025-12-25T14:08:08.845497" elapsed="0.000048"/>
</kw>
<kw name="Log To Console" owner="BuiltIn">
<arg>---- DONE ----</arg>
<doc>Logs the given message to the console.</doc>
<status status="NOT RUN" start="2025-12-25T14:08:08.846021" elapsed="0.000082"/>
</kw>
<doc>باز  کردن صفحه پذیرش طب تصویری</doc>
<tag>STEP_01_Open_Browser</tag>
<tag>UI_Test</tag>
<status status="FAIL" start="2025-12-25T14:08:05.815363" elapsed="3.031225">NoSuchWindowException: Message: no such window: target window already closed
from unknown error: web view not found
  (Session info: chrome=143.0.7499.169)
Stacktrace:
Symbols not available. Dumping unresolved backtrace:
	0x7ff7a21388e5
	0x7ff7a2138940
	0x7ff7a1f1165d
	0x7ff7a1ee91b1
	0x7ff7a1f997e6
	0x7ff7a1fba5c2
	0x7ff7a1f5ac29
	0x7ff7a1f5ba93
	0x7ff7a2450640
	0x7ff7a244af80
	0x7ff7a24696e6
	0x7ff7a2155de4
	0x7ff7a215ed8c
	0x7ff7a2142004
	0x7ff7a21421b5
	0x7ff7a2127ee2
	0x7ff91140e8d7
	0x7ff912ecc53c
</status>
</test>
<status status="FAIL" start="2025-12-25T14:08:05.805464" elapsed="3.043416"/>
</suite>
<status status="FAIL" start="2025-12-25T14:07:57.209212" elapsed="11.641281"/>
</suite>
<statistics>
<total>
<stat pass="1" fail="11" skip="0">All Tests</stat>
</total>
<tag>
<stat pass="1" fail="1" skip="0">STEP_01_Open_Browser</stat>
<stat pass="1" fail="11" skip="0">UI_Test</stat>
</tag>
<suite>
<stat name="AdmitHis-Test" id="s1" pass="1" fail="11" skip="0">AdmitHis-Test</stat>
<stat name="AdmitHis" id="s1-s1" pass="1" fail="10" skip="0">AdmitHis-Test.AdmitHis</stat>
<stat name="AdmitRis" id="s1-s2" pass="0" fail="1" skip="0">AdmitHis-Test.AdmitRis</stat>
</suite>
</statistics>
<errors>
<msg time="2025-12-25T14:07:57.726111" level="ERROR">Error in file 'D:\Payvand\Projects\HisAdmit\AdmitHis-Test\AdmitHis.robot' on line 6: Initializing library 'SeleniumLibrary' with arguments [ screenshot_on_failure=False ] failed: ValueError: Invalid time string 'screenshot_on_failure=False'.
Traceback (most recent call last):
  File "D:\Payvand\Projects\HisAdmit\AdmitHis-Test\.venv\Lib\site-packages\SeleniumLibrary\__init__.py", line 631, in __init__
    self.timeout = _convert_timeout(timeout)
                   ~~~~~~~~~~~~~~~~^^^^^^^^^
  File "D:\Payvand\Projects\HisAdmit\AdmitHis-Test\.venv\Lib\site-packages\SeleniumLibrary\utils\types.py", line 42, in _convert_timeout
    return timestr_to_secs(timeout)
  File "D:\Payvand\Projects\HisAdmit\AdmitHis-Test\.venv\Lib\site-packages\robot\utils\robottime.py", line 58, in timestr_to_secs
    raise ValueError(f"Invalid time string '{timestr}'.")
ValueError: Invalid time string 'screenshot_on_failure=False'.</msg>
<msg time="2025-12-25T14:08:05.638476" level="WARN">Keyword 'Capture Page Screenshot' could not be run on failure: Message: no such window: target window already closed
from unknown error: web view not found
  (Session info: chrome=143.0.7499.169)
Stacktrace:
Symbols not available. Dumping unresolved backtrace:
	0x7ff7a21388e5
	0x7ff7a2138940
	0x7ff7a1f1165d
	0x7ff7a1ee91b1
	0x7ff7a1f997e6
	0x7ff7a1fba5c2
	0x7ff7a1f5ac29
	0x7ff7a1f5ba93
	0x7ff7a2450640
	0x7ff7a244af80
	0x7ff7a24696e6
	0x7ff7a2155de4
	0x7ff7a215ed8c
	0x7ff7a2142004
	0x7ff7a21421b5
	0x7ff7a2127ee2
	0x7ff91140e8d7
	0x7ff912ecc53c
</msg>
<msg time="2025-12-25T14:08:05.653840" level="WARN">Keyword 'Capture Page Screenshot' could not be run on failure: Message: no such window: target window already closed
from unknown error: web view not found
  (Session info: chrome=143.0.7499.169)
Stacktrace:
Symbols not available. Dumping unresolved backtrace:
	0x7ff7a21388e5
	0x7ff7a2138940
	0x7ff7a1f1165d
	0x7ff7a1ee91b1
	0x7ff7a1f997e6
	0x7ff7a1fba5c2
	0x7ff7a1f5ac29
	0x7ff7a1f5ba93
	0x7ff7a2450640
	0x7ff7a244af80
	0x7ff7a24696e6
	0x7ff7a2155de4
	0x7ff7a215ed8c
	0x7ff7a2142004
	0x7ff7a21421b5
	0x7ff7a2127ee2
	0x7ff91140e8d7
	0x7ff912ecc53c
</msg>
<msg time="2025-12-25T14:08:05.670435" level="WARN">Keyword 'Capture Page Screenshot' could not be run on failure: Message: no such window: target window already closed
from unknown error: web view not found
  (Session info: chrome=143.0.7499.169)
Stacktrace:
Symbols not available. Dumping unresolved backtrace:
	0x7ff7a21388e5
	0x7ff7a2138940
	0x7ff7a1f1165d
	0x7ff7a1ee91b1
	0x7ff7a1f997e6
	0x7ff7a1fba5c2
	0x7ff7a1f5ac29
	0x7ff7a1f5ba93
	0x7ff7a2450640
	0x7ff7a244af80
	0x7ff7a24696e6
	0x7ff7a2155de4
	0x7ff7a215ed8c
	0x7ff7a2142004
	0x7ff7a21421b5
	0x7ff7a2127ee2
	0x7ff91140e8d7
	0x7ff912ecc53c
</msg>
<msg time="2025-12-25T14:08:05.679560" level="WARN">Keyword 'Capture Page Screenshot' could not be run on failure: Message: no such window: target window already closed
from unknown error: web view not found
  (Session info: chrome=143.0.7499.169)
Stacktrace:
Symbols not available. Dumping unresolved backtrace:
	0x7ff7a21388e5
	0x7ff7a2138940
	0x7ff7a1f1165d
	0x7ff7a1ee91b1
	0x7ff7a1f997e6
	0x7ff7a1fba5c2
	0x7ff7a1f5ac29
	0x7ff7a1f5ba93
	0x7ff7a2450640
	0x7ff7a244af80
	0x7ff7a24696e6
	0x7ff7a2155de4
	0x7ff7a215ed8c
	0x7ff7a2142004
	0x7ff7a21421b5
	0x7ff7a2127ee2
	0x7ff91140e8d7
	0x7ff912ecc53c
</msg>
<msg time="2025-12-25T14:08:05.696720" level="WARN">Keyword 'Capture Page Screenshot' could not be run on failure: Message: no such window: target window already closed
from unknown error: web view not found
  (Session info: chrome=143.0.7499.169)
Stacktrace:
Symbols not available. Dumping unresolved backtrace:
	0x7ff7a21388e5
	0x7ff7a2138940
	0x7ff7a1f1165d
	0x7ff7a1ee91b1
	0x7ff7a1f997e6
	0x7ff7a1fba5c2
	0x7ff7a1f5ac29
	0x7ff7a1f5ba93
	0x7ff7a2450640
	0x7ff7a244af80
	0x7ff7a24696e6
	0x7ff7a2155de4
	0x7ff7a215ed8c
	0x7ff7a2142004
	0x7ff7a21421b5
	0x7ff7a2127ee2
	0x7ff91140e8d7
	0x7ff912ecc53c
</msg>
<msg time="2025-12-25T14:08:05.704593" level="WARN">Keyword 'Capture Page Screenshot' could not be run on failure: Message: no such window: target window already closed
from unknown error: web view not found
  (Session info: chrome=143.0.7499.169)
Stacktrace:
Symbols not available. Dumping unresolved backtrace:
	0x7ff7a21388e5
	0x7ff7a2138940
	0x7ff7a1f1165d
	0x7ff7a1ee91b1
	0x7ff7a1f997e6
	0x7ff7a1fba5c2
	0x7ff7a1f5ac29
	0x7ff7a1f5ba93
	0x7ff7a2450640
	0x7ff7a244af80
	0x7ff7a24696e6
	0x7ff7a2155de4
	0x7ff7a215ed8c
	0x7ff7a2142004
	0x7ff7a21421b5
	0x7ff7a2127ee2
	0x7ff91140e8d7
	0x7ff912ecc53c
</msg>
<msg time="2025-12-25T14:08:05.716149" level="WARN">Keyword 'Capture Page Screenshot' could not be run on failure: Message: no such window: target window already closed
from unknown error: web view not found
  (Session info: chrome=143.0.7499.169)
Stacktrace:
Symbols not available. Dumping unresolved backtrace:
	0x7ff7a21388e5
	0x7ff7a2138940
	0x7ff7a1f1165d
	0x7ff7a1ee91b1
	0x7ff7a1f997e6
	0x7ff7a1fba5c2
	0x7ff7a1f5ac29
	0x7ff7a1f5ba93
	0x7ff7a2450640
	0x7ff7a244af80
	0x7ff7a24696e6
	0x7ff7a2155de4
	0x7ff7a215ed8c
	0x7ff7a2142004
	0x7ff7a21421b5
	0x7ff7a2127ee2
	0x7ff91140e8d7
	0x7ff912ecc53c
</msg>
<msg time="2025-12-25T14:08:05.726393" level="WARN">Keyword 'Capture Page Screenshot' could not be run on failure: Message: no such window: target window already closed
from unknown error: web view not found
  (Session info: chrome=143.0.7499.169)
Stacktrace:
Symbols not available. Dumping unresolved backtrace:
	0x7ff7a21388e5
	0x7ff7a2138940
	0x7ff7a1f1165d
	0x7ff7a1ee91b1
	0x7ff7a1f997e6
	0x7ff7a1fba5c2
	0x7ff7a1f5ac29
	0x7ff7a1f5ba93
	0x7ff7a2450640
	0x7ff7a244af80
	0x7ff7a24696e6
	0x7ff7a2155de4
	0x7ff7a215ed8c
	0x7ff7a2142004
	0x7ff7a21421b5
	0x7ff7a2127ee2
	0x7ff91140e8d7
	0x7ff912ecc53c
</msg>
<msg time="2025-12-25T14:08:05.736842" level="WARN">Keyword 'Capture Page Screenshot' could not be run on failure: Message: no such window: target window already closed
from unknown error: web view not found
  (Session info: chrome=143.0.7499.169)
Stacktrace:
Symbols not available. Dumping unresolved backtrace:
	0x7ff7a21388e5
	0x7ff7a2138940
	0x7ff7a1f1165d
	0x7ff7a1ee91b1
	0x7ff7a1f997e6
	0x7ff7a1fba5c2
	0x7ff7a1f5ac29
	0x7ff7a1f5ba93
	0x7ff7a2450640
	0x7ff7a244af80
	0x7ff7a24696e6
	0x7ff7a2155de4
	0x7ff7a215ed8c
	0x7ff7a2142004
	0x7ff7a21421b5
	0x7ff7a2127ee2
	0x7ff91140e8d7
	0x7ff912ecc53c
</msg>
<msg time="2025-12-25T14:08:05.743753" level="WARN">Keyword 'Capture Page Screenshot' could not be run on failure: Message: no such window: target window already closed
from unknown error: web view not found
  (Session info: chrome=143.0.7499.169)
Stacktrace:
Symbols not available. Dumping unresolved backtrace:
	0x7ff7a21388e5
	0x7ff7a2138940
	0x7ff7a1f1165d
	0x7ff7a1ee91b1
	0x7ff7a1f997e6
	0x7ff7a1fba5c2
	0x7ff7a1f5ac29
	0x7ff7a1f5ba93
	0x7ff7a2450640
	0x7ff7a244af80
	0x7ff7a24696e6
	0x7ff7a2155de4
	0x7ff7a215ed8c
	0x7ff7a2142004
	0x7ff7a21421b5
	0x7ff7a2127ee2
	0x7ff91140e8d7
	0x7ff912ecc53c
</msg>
<msg time="2025-12-25T14:08:05.753480" level="WARN">Keyword 'Capture Page Screenshot' could not be run on failure: Message: no such window: target window already closed
from unknown error: web view not found
  (Session info: chrome=143.0.7499.169)
Stacktrace:
Symbols not available. Dumping unresolved backtrace:
	0x7ff7a21388e5
	0x7ff7a2138940
	0x7ff7a1f1165d
	0x7ff7a1ee91b1
	0x7ff7a1f997e6
	0x7ff7a1fba5c2
	0x7ff7a1f5ac29
	0x7ff7a1f5ba93
	0x7ff7a2450640
	0x7ff7a244af80
	0x7ff7a24696e6
	0x7ff7a2155de4
	0x7ff7a215ed8c
	0x7ff7a2142004
	0x7ff7a21421b5
	0x7ff7a2127ee2
	0x7ff91140e8d7
	0x7ff912ecc53c
</msg>
<msg time="2025-12-25T14:08:05.759981" level="WARN">Keyword 'Capture Page Screenshot' could not be run on failure: Message: no such window: target window already closed
from unknown error: web view not found
  (Session info: chrome=143.0.7499.169)
Stacktrace:
Symbols not available. Dumping unresolved backtrace:
	0x7ff7a21388e5
	0x7ff7a2138940
	0x7ff7a1f1165d
	0x7ff7a1ee91b1
	0x7ff7a1f997e6
	0x7ff7a1fba5c2
	0x7ff7a1f5ac29
	0x7ff7a1f5ba93
	0x7ff7a2450640
	0x7ff7a244af80
	0x7ff7a24696e6
	0x7ff7a2155de4
	0x7ff7a215ed8c
	0x7ff7a2142004
	0x7ff7a21421b5
	0x7ff7a2127ee2
	0x7ff91140e8d7
	0x7ff912ecc53c
</msg>
<msg time="2025-12-25T14:08:05.769562" level="WARN">Keyword 'Capture Page Screenshot' could not be run on failure: Message: no such window: target window already closed
from unknown error: web view not found
  (Session info: chrome=143.0.7499.169)
Stacktrace:
Symbols not available. Dumping unresolved backtrace:
	0x7ff7a21388e5
	0x7ff7a2138940
	0x7ff7a1f1165d
	0x7ff7a1ee91b1
	0x7ff7a1f997e6
	0x7ff7a1fba5c2
	0x7ff7a1f5ac29
	0x7ff7a1f5ba93
	0x7ff7a2450640
	0x7ff7a244af80
	0x7ff7a24696e6
	0x7ff7a2155de4
	0x7ff7a215ed8c
	0x7ff7a2142004
	0x7ff7a21421b5
	0x7ff7a2127ee2
	0x7ff91140e8d7
	0x7ff912ecc53c
</msg>
<msg time="2025-12-25T14:08:05.773858" level="WARN">Keyword 'Capture Page Screenshot' could not be run on failure: Message: no such window: target window already closed
from unknown error: web view not found
  (Session info: chrome=143.0.7499.169)
Stacktrace:
Symbols not available. Dumping unresolved backtrace:
	0x7ff7a21388e5
	0x7ff7a2138940
	0x7ff7a1f1165d
	0x7ff7a1ee91b1
	0x7ff7a1f997e6
	0x7ff7a1fba5c2
	0x7ff7a1f5ac29
	0x7ff7a1f5ba93
	0x7ff7a2450640
	0x7ff7a244af80
	0x7ff7a24696e6
	0x7ff7a2155de4
	0x7ff7a215ed8c
	0x7ff7a2142004
	0x7ff7a21421b5
	0x7ff7a2127ee2
	0x7ff91140e8d7
	0x7ff912ecc53c
</msg>
<msg time="2025-12-25T14:08:05.782844" level="WARN">Keyword 'Capture Page Screenshot' could not be run on failure: Message: no such window: target window already closed
from unknown error: web view not found
  (Session info: chrome=143.0.7499.169)
Stacktrace:
Symbols not available. Dumping unresolved backtrace:
	0x7ff7a21388e5
	0x7ff7a2138940
	0x7ff7a1f1165d
	0x7ff7a1ee91b1
	0x7ff7a1f997e6
	0x7ff7a1fba5c2
	0x7ff7a1f5ac29
	0x7ff7a1f5ba93
	0x7ff7a2450640
	0x7ff7a244af80
	0x7ff7a24696e6
	0x7ff7a2155de4
	0x7ff7a215ed8c
	0x7ff7a2142004
	0x7ff7a21421b5
	0x7ff7a2127ee2
	0x7ff91140e8d7
	0x7ff912ecc53c
</msg>
<msg time="2025-12-25T14:08:05.787550" level="WARN">Keyword 'Capture Page Screenshot' could not be run on failure: Message: no such window: target window already closed
from unknown error: web view not found
  (Session info: chrome=143.0.7499.169)
Stacktrace:
Symbols not available. Dumping unresolved backtrace:
	0x7ff7a21388e5
	0x7ff7a2138940
	0x7ff7a1f1165d
	0x7ff7a1ee91b1
	0x7ff7a1f997e6
	0x7ff7a1fba5c2
	0x7ff7a1f5ac29
	0x7ff7a1f5ba93
	0x7ff7a2450640
	0x7ff7a244af80
	0x7ff7a24696e6
	0x7ff7a2155de4
	0x7ff7a215ed8c
	0x7ff7a2142004
	0x7ff7a21421b5
	0x7ff7a2127ee2
	0x7ff91140e8d7
	0x7ff912ecc53c
</msg>
<msg time="2025-12-25T14:08:05.799423" level="WARN">Keyword 'Capture Page Screenshot' could not be run on failure: Message: no such window: target window already closed
from unknown error: web view not found
  (Session info: chrome=143.0.7499.169)
Stacktrace:
Symbols not available. Dumping unresolved backtrace:
	0x7ff7a21388e5
	0x7ff7a2138940
	0x7ff7a1f1165d
	0x7ff7a1ee91b1
	0x7ff7a1f997e6
	0x7ff7a1fba5c2
	0x7ff7a1f5ac29
	0x7ff7a1f5ba93
	0x7ff7a2450640
	0x7ff7a244af80
	0x7ff7a24696e6
	0x7ff7a2155de4
	0x7ff7a215ed8c
	0x7ff7a2142004
	0x7ff7a21421b5
	0x7ff7a2127ee2
	0x7ff91140e8d7
	0x7ff912ecc53c
</msg>
<msg time="2025-12-25T14:08:05.812808" level="ERROR">Error in file 'D:\Payvand\Projects\HisAdmit\AdmitHis-Test\AdmitRis.robot' on line 6: Initializing library 'SeleniumLibrary' with arguments [ screenshot_on_failure=False ] failed: ValueError: Invalid time string 'screenshot_on_failure=False'.
Traceback (most recent call last):
  File "D:\Payvand\Projects\HisAdmit\AdmitHis-Test\.venv\Lib\site-packages\SeleniumLibrary\__init__.py", line 631, in __init__
    self.timeout = _convert_timeout(timeout)
                   ~~~~~~~~~~~~~~~~^^^^^^^^^
  File "D:\Payvand\Projects\HisAdmit\AdmitHis-Test\.venv\Lib\site-packages\SeleniumLibrary\utils\types.py", line 42, in _convert_timeout
    return timestr_to_secs(timeout)
  File "D:\Payvand\Projects\HisAdmit\AdmitHis-Test\.venv\Lib\site-packages\robot\utils\robottime.py", line 58, in timestr_to_secs
    raise ValueError(f"Invalid time string '{timestr}'.")
ValueError: Invalid time string 'screenshot_on_failure=False'.</msg>
<msg time="2025-12-25T14:08:08.838744" level="WARN">Keyword 'Capture Page Screenshot' could not be run on failure: Message: no such window: target window already closed
from unknown error: web view not found
  (Session info: chrome=143.0.7499.169)
Stacktrace:
Symbols not available. Dumping unresolved backtrace:
	0x7ff7a21388e5
	0x7ff7a2138940
	0x7ff7a1f1165d
	0x7ff7a1ee91b1
	0x7ff7a1f997e6
	0x7ff7a1fba5c2
	0x7ff7a1f5ac29
	0x7ff7a1f5ba93
	0x7ff7a2450640
	0x7ff7a244af80
	0x7ff7a24696e6
	0x7ff7a2155de4
	0x7ff7a215ed8c
	0x7ff7a2142004
	0x7ff7a21421b5
	0x7ff7a2127ee2
	0x7ff91140e8d7
	0x7ff912ecc53c
</msg>
</errors>
</robot>
