<?xml version="1.0" encoding="UTF-8"?>
<robot generator="Robot 7.3.2 (Python 3.13.2 on win32)" generated="2025-12-19T21:50:05.182627" rpa="false" schemaversion="5">
<suite id="s1" name="AdmitHis-Test" source="D:\Payvand\Projects\HisAdmit\AdmitHis-Test">
<suite id="s1-s1" name="AdmitHis" source="D:\Payvand\Projects\HisAdmit\AdmitHis-Test\AdmitHis.robot">
<kw name="Create HIS Session" type="SETUP">
<kw name="Create Session" owner="RequestsLibrary">
<msg time="2025-12-19T21:50:05.365382" level="INFO">Creating Session using : alias=HIS, url=http://192.168.5.19:1600, headers={},                     cookies={}, auth=None, timeout=None, proxies=None, verify=False,                     debug=0 </msg>
<arg>HIS</arg>
<arg>${BASE_URL}</arg>
<arg>verify=${False}</arg>
<doc>Create Session: create a HTTP session to a server</doc>
<status status="PASS" start="2025-12-19T21:50:05.365200" elapsed="0.000455"/>
</kw>
<status status="PASS" start="2025-12-19T21:50:05.364664" elapsed="0.001083"/>
</kw>
<test id="s1-s1-t1" name="1-UI-Open Filing Page" line="134">
<kw name="Start Browser With Token">
<kw name="Open Browser" owner="SeleniumLibrary">
<msg time="2025-12-19T21:50:05.366693" level="INFO">Opening browser 'chrome' to base url 'http://192.168.5.19:8019/filing'.</msg>
<arg>${FILING_URL}</arg>
<arg>chrome</arg>
<doc>Opens a new browser instance to the optional ``url``.</doc>
<status status="PASS" start="2025-12-19T21:50:05.366551" elapsed="17.750897"/>
</kw>
<kw name="Maximize Browser Window" owner="SeleniumLibrary">
<doc>Maximizes current browser window.</doc>
<status status="PASS" start="2025-12-19T21:50:23.117709" elapsed="0.046208"/>
</kw>
<kw name="Add Cookie" owner="SeleniumLibrary">
<arg>token</arg>
<arg>${COOKIE_TOKEN}</arg>
<doc>Adds a cookie to your current session.</doc>
<status status="PASS" start="2025-12-19T21:50:23.164104" elapsed="0.008362"/>
</kw>
<kw name="Reload Page" owner="SeleniumLibrary">
<doc>Simulates user reloading page.</doc>
<status status="PASS" start="2025-12-19T21:50:23.172613" elapsed="0.148031"/>
</kw>
<doc>باز کردن کروم + تزریق کوکی token</doc>
<status status="PASS" start="2025-12-19T21:50:05.366375" elapsed="17.954407"/>
</kw>
<kw name="Go To Filing Page">
<kw name="Go To" owner="SeleniumLibrary">
<msg time="2025-12-19T21:50:23.321671" level="INFO">Opening url 'http://192.168.5.19:8019/filing'</msg>
<arg>${FILING_URL}</arg>
<doc>Navigates the current browser window to the provided ``url``.</doc>
<status status="PASS" start="2025-12-19T21:50:23.321524" elapsed="0.078502"/>
</kw>
<kw name="Reload Page" owner="SeleniumLibrary">
<doc>Simulates user reloading page.</doc>
<status status="PASS" start="2025-12-19T21:50:23.400172" elapsed="0.088152"/>
</kw>
<doc>رفتن مستقیم به صفحه پذیرش بستری</doc>
<status status="PASS" start="2025-12-19T21:50:23.321205" elapsed="0.167458"/>
</kw>
<kw name="Wait For Spinner Hidden">
<kw name="Wait Until Element Is Not Visible" owner="SeleniumLibrary">
<arg>css=div.back-spenner.ng-star-inserted</arg>
<arg>1000</arg>
<doc>Waits until the element ``locator`` is not visible.</doc>
<status status="PASS" start="2025-12-19T21:50:23.489245" elapsed="0.008414"/>
</kw>
<doc>صبر کردن تا loading Angular ناپدید شود</doc>
<status status="PASS" start="2025-12-19T21:50:23.488956" elapsed="0.008808"/>
</kw>
<kw name="Log To Console" owner="BuiltIn">
<arg>---- DONE ----</arg>
<doc>Logs the given message to the console.</doc>
<status status="PASS" start="2025-12-19T21:50:23.498007" elapsed="0.000207"/>
</kw>
<doc>باز  کردن صفحه پذیرش بستری</doc>
<tag>STEP_01_Open_Browser</tag>
<tag>UI_Test</tag>
<status status="PASS" start="2025-12-19T21:50:05.365803" elapsed="18.132597"/>
</test>
<test id="s1-s1-t2" name="9-UI-Enter national code of patiant" line="336">
<kw name="Wait For Page Ready">
<kw name="Run Keyword And Ignore Error" owner="BuiltIn">
<kw name="Wait Until Page Contains Element" owner="SeleniumLibrary">
<msg time="2025-12-19T21:50:26.637725" level="INFO" html="true">&lt;/td&gt;&lt;/tr&gt;&lt;tr&gt;&lt;td colspan="3"&gt;&lt;a href="selenium-screenshot-1.png"&gt;&lt;img src="selenium-screenshot-1.png" width="800px"&gt;&lt;/a&gt;</msg>
<msg time="2025-12-19T21:50:26.638041" level="FAIL">Element 'css=.ngx-spinner-overlay,.loading-overlay,.spinner,.mat-progress-spinner,.cdk-overlay-backdrop' did not appear in 3 seconds.</msg>
<arg>${GLOBAL_SPINNER}</arg>
<arg>3</arg>
<doc>Waits until the element ``locator`` appears on the current page.</doc>
<status status="FAIL" start="2025-12-19T21:50:23.499846" elapsed="3.142196">Element 'css=.ngx-spinner-overlay,.loading-overlay,.spinner,.mat-progress-spinner,.cdk-overlay-backdrop' did not appear in 3 seconds.</status>
</kw>
<arg>Wait Until Page Contains Element</arg>
<arg>${GLOBAL_SPINNER}</arg>
<arg>3</arg>
<doc>Runs the given keyword with the given arguments and ignores possible error.</doc>
<status status="PASS" start="2025-12-19T21:50:23.499656" elapsed="3.142623"/>
</kw>
<kw name="Wait Until Element Is Not Visible" owner="SeleniumLibrary">
<arg>${GLOBAL_SPINNER}</arg>
<arg>${timeout}</arg>
<doc>Waits until the element ``locator`` is not visible.</doc>
<status status="PASS" start="2025-12-19T21:50:26.642577" elapsed="0.010644"/>
</kw>
<status status="PASS" start="2025-12-19T21:50:23.499369" elapsed="3.154065"/>
</kw>
<kw name="Fill Input By Id">
<kw name="Wait For Page Ready">
<kw name="Run Keyword And Ignore Error" owner="BuiltIn">
<kw name="Wait Until Page Contains Element" owner="SeleniumLibrary">
<msg time="2025-12-19T21:50:29.816334" level="INFO" html="true">&lt;/td&gt;&lt;/tr&gt;&lt;tr&gt;&lt;td colspan="3"&gt;&lt;a href="selenium-screenshot-2.png"&gt;&lt;img src="selenium-screenshot-2.png" width="800px"&gt;&lt;/a&gt;</msg>
<msg time="2025-12-19T21:50:29.816547" level="FAIL">Element 'css=.ngx-spinner-overlay,.loading-overlay,.spinner,.mat-progress-spinner,.cdk-overlay-backdrop' did not appear in 3 seconds.</msg>
<arg>${GLOBAL_SPINNER}</arg>
<arg>3</arg>
<doc>Waits until the element ``locator`` appears on the current page.</doc>
<status status="FAIL" start="2025-12-19T21:50:26.655595" elapsed="3.163300">Element 'css=.ngx-spinner-overlay,.loading-overlay,.spinner,.mat-progress-spinner,.cdk-overlay-backdrop' did not appear in 3 seconds.</status>
</kw>
<arg>Wait Until Page Contains Element</arg>
<arg>${GLOBAL_SPINNER}</arg>
<arg>3</arg>
<doc>Runs the given keyword with the given arguments and ignores possible error.</doc>
<status status="PASS" start="2025-12-19T21:50:26.655263" elapsed="3.163932"/>
</kw>
<kw name="Wait Until Element Is Not Visible" owner="SeleniumLibrary">
<arg>${GLOBAL_SPINNER}</arg>
<arg>${timeout}</arg>
<doc>Waits until the element ``locator`` is not visible.</doc>
<status status="PASS" start="2025-12-19T21:50:29.819506" elapsed="0.011899"/>
</kw>
<status status="PASS" start="2025-12-19T21:50:26.654782" elapsed="3.176713"/>
</kw>
<kw name="Wait For Spinner Hidden">
<kw name="Wait Until Element Is Not Visible" owner="SeleniumLibrary">
<arg>css=div.back-spenner.ng-star-inserted</arg>
<arg>1000</arg>
<doc>Waits until the element ``locator`` is not visible.</doc>
<status status="PASS" start="2025-12-19T21:50:29.832185" elapsed="0.008798"/>
</kw>
<doc>صبر کردن تا loading Angular ناپدید شود</doc>
<status status="PASS" start="2025-12-19T21:50:29.831695" elapsed="0.009501"/>
</kw>
<kw name="Wait Until Element Is Visible" owner="SeleniumLibrary">
<arg>id=${id}</arg>
<doc>Waits until the element ``locator`` is visible.</doc>
<status status="PASS" start="2025-12-19T21:50:29.841463" elapsed="0.852724"/>
</kw>
<kw name="Clear Element Text" owner="SeleniumLibrary">
<arg>id=${id}</arg>
<doc>Clears the value of the text-input-element identified by ``locator``.</doc>
<status status="PASS" start="2025-12-19T21:50:30.694354" elapsed="0.039160"/>
</kw>
<kw name="Input Text" owner="SeleniumLibrary">
<msg time="2025-12-19T21:50:30.733911" level="INFO">Typing text '1520554001' into text field 'id=mat-input-3'.</msg>
<arg>id=${id}</arg>
<arg>${value}</arg>
<doc>Types the given ``text`` into the text field identified by ``locator``.</doc>
<status status="PASS" start="2025-12-19T21:50:30.733673" elapsed="0.144547"/>
</kw>
<arg>mat-input-3</arg>
<arg>${nationalCode}</arg>
<status status="PASS" start="2025-12-19T21:50:26.653969" elapsed="4.225121"/>
</kw>
<kw name="Click Element Safe">
<kw name="Wait For Spinner Hidden">
<kw name="Wait Until Element Is Not Visible" owner="SeleniumLibrary">
<arg>css=div.back-spenner.ng-star-inserted</arg>
<arg>1000</arg>
<doc>Waits until the element ``locator`` is not visible.</doc>
<status status="PASS" start="2025-12-19T21:50:30.881593" elapsed="8.291176"/>
</kw>
<doc>صبر کردن تا loading Angular ناپدید شود</doc>
<status status="PASS" start="2025-12-19T21:50:30.881293" elapsed="8.291700"/>
</kw>
<kw name="Wait Until Element Is Visible" owner="SeleniumLibrary">
<arg>${locator}</arg>
<doc>Waits until the element ``locator`` is visible.</doc>
<status status="PASS" start="2025-12-19T21:50:39.173324" elapsed="0.029515"/>
</kw>
<kw name="Wait Until Element Is Enabled" owner="SeleniumLibrary">
<arg>${locator}</arg>
<doc>Waits until the element ``locator`` is enabled.</doc>
<status status="PASS" start="2025-12-19T21:50:39.203198" elapsed="0.029918"/>
</kw>
<kw name="Scroll Element Into View" owner="SeleniumLibrary">
<arg>${locator}</arg>
<doc>Scrolls the element identified by ``locator`` into view.</doc>
<status status="PASS" start="2025-12-19T21:50:39.233467" elapsed="0.272872"/>
</kw>
<kw name="Click Element" owner="SeleniumLibrary">
<msg time="2025-12-19T21:50:39.507285" level="INFO">Clicking element 'id=button-addon3'.</msg>
<arg>${locator}</arg>
<doc>Click the element identified by ``locator``.</doc>
<status status="PASS" start="2025-12-19T21:50:39.506762" elapsed="0.079478"/>
</kw>
<arg>id=button-addon3</arg>
<status status="PASS" start="2025-12-19T21:50:30.880237" elapsed="8.706128"/>
</kw>
<kw name="Wait For Page Ready">
<kw name="Run Keyword And Ignore Error" owner="BuiltIn">
<kw name="Wait Until Page Contains Element" owner="SeleniumLibrary">
<msg time="2025-12-19T21:50:42.765153" level="INFO" html="true">&lt;/td&gt;&lt;/tr&gt;&lt;tr&gt;&lt;td colspan="3"&gt;&lt;a href="selenium-screenshot-3.png"&gt;&lt;img src="selenium-screenshot-3.png" width="800px"&gt;&lt;/a&gt;</msg>
<msg time="2025-12-19T21:50:42.765445" level="FAIL">Element 'css=.ngx-spinner-overlay,.loading-overlay,.spinner,.mat-progress-spinner,.cdk-overlay-backdrop' did not appear in 3 seconds.</msg>
<arg>${GLOBAL_SPINNER}</arg>
<arg>3</arg>
<doc>Waits until the element ``locator`` appears on the current page.</doc>
<status status="FAIL" start="2025-12-19T21:50:39.587101" elapsed="3.180250">Element 'css=.ngx-spinner-overlay,.loading-overlay,.spinner,.mat-progress-spinner,.cdk-overlay-backdrop' did not appear in 3 seconds.</status>
</kw>
<arg>Wait Until Page Contains Element</arg>
<arg>${GLOBAL_SPINNER}</arg>
<arg>3</arg>
<doc>Runs the given keyword with the given arguments and ignores possible error.</doc>
<status status="PASS" start="2025-12-19T21:50:39.586973" elapsed="3.180631"/>
</kw>
<kw name="Wait Until Element Is Not Visible" owner="SeleniumLibrary">
<arg>${GLOBAL_SPINNER}</arg>
<arg>${timeout}</arg>
<doc>Waits until the element ``locator`` is not visible.</doc>
<status status="PASS" start="2025-12-19T21:50:42.767889" elapsed="0.013984"/>
</kw>
<status status="PASS" start="2025-12-19T21:50:39.586683" elapsed="3.195393"/>
</kw>
<doc>وارد کردن کد ملی بیمار و استعلام کد ملی</doc>
<tag>UI_Test</tag>
<status status="PASS" start="2025-12-19T21:50:23.498928" elapsed="19.283605"/>
</test>
<test id="s1-s1-t3" name="14-UI - Fill Filing Form (Patient Info)" line="512">
<kw name="Wait For Page Ready">
<kw name="Run Keyword And Ignore Error" owner="BuiltIn">
<kw name="Wait Until Page Contains Element" owner="SeleniumLibrary">
<msg time="2025-12-19T21:50:45.962753" level="INFO" html="true">&lt;/td&gt;&lt;/tr&gt;&lt;tr&gt;&lt;td colspan="3"&gt;&lt;a href="selenium-screenshot-4.png"&gt;&lt;img src="selenium-screenshot-4.png" width="800px"&gt;&lt;/a&gt;</msg>
<msg time="2025-12-19T21:50:45.962894" level="FAIL">Element 'css=.ngx-spinner-overlay,.loading-overlay,.spinner,.mat-progress-spinner,.cdk-overlay-backdrop' did not appear in 3 seconds.</msg>
<arg>${GLOBAL_SPINNER}</arg>
<arg>3</arg>
<doc>Waits until the element ``locator`` appears on the current page.</doc>
<status status="FAIL" start="2025-12-19T21:50:42.785545" elapsed="3.178032">Element 'css=.ngx-spinner-overlay,.loading-overlay,.spinner,.mat-progress-spinner,.cdk-overlay-backdrop' did not appear in 3 seconds.</status>
</kw>
<arg>Wait Until Page Contains Element</arg>
<arg>${GLOBAL_SPINNER}</arg>
<arg>3</arg>
<doc>Runs the given keyword with the given arguments and ignores possible error.</doc>
<status status="PASS" start="2025-12-19T21:50:42.785244" elapsed="3.178427"/>
</kw>
<kw name="Wait Until Element Is Not Visible" owner="SeleniumLibrary">
<arg>${GLOBAL_SPINNER}</arg>
<arg>${timeout}</arg>
<doc>Waits until the element ``locator`` is not visible.</doc>
<status status="PASS" start="2025-12-19T21:50:45.963795" elapsed="0.008322"/>
</kw>
<status status="PASS" start="2025-12-19T21:50:42.784673" elapsed="3.187547"/>
</kw>
<kw name="Select From Ng Select">
<kw name="Wait For Spinner Hidden">
<kw name="Wait Until Element Is Not Visible" owner="SeleniumLibrary">
<arg>css=div.back-spenner.ng-star-inserted</arg>
<arg>1000</arg>
<doc>Waits until the element ``locator`` is not visible.</doc>
<status status="PASS" start="2025-12-19T21:50:45.973164" elapsed="6.825143"/>
</kw>
<doc>صبر کردن تا loading Angular ناپدید شود</doc>
<status status="PASS" start="2025-12-19T21:50:45.972914" elapsed="6.825592"/>
</kw>
<kw name="Wait Until Element Is Visible" owner="SeleniumLibrary">
<arg>css=ng-select[formcontrolname='${formcontrol}']</arg>
<doc>Waits until the element ``locator`` is visible.</doc>
<status status="PASS" start="2025-12-19T21:50:52.798761" elapsed="0.025364"/>
</kw>
<kw name="Click Element" owner="SeleniumLibrary">
<msg time="2025-12-19T21:50:52.824558" level="INFO">Clicking element 'css=ng-select[formcontrolname='maritalStatus']'.</msg>
<arg>css=ng-select[formcontrolname='${formcontrol}']</arg>
<doc>Click the element identified by ``locator``.</doc>
<status status="PASS" start="2025-12-19T21:50:52.824288" elapsed="0.069788"/>
</kw>
<kw name="Wait Until Element Is Visible" owner="SeleniumLibrary">
<arg>css=ng-select[formcontrolname='${formcontrol}'] input[type='text']</arg>
<doc>Waits until the element ``locator`` is visible.</doc>
<status status="PASS" start="2025-12-19T21:50:52.894272" elapsed="0.021167"/>
</kw>
<kw name="Input Text" owner="SeleniumLibrary">
<msg time="2025-12-19T21:50:52.915881" level="INFO">Typing text 'مجرد' into text field 'css=ng-select[formcontrolname='maritalStatus'] input[type='text']'.</msg>
<arg>css=ng-select[formcontrolname='${formcontrol}'] input[type='text']</arg>
<arg>${value}</arg>
<doc>Types the given ``text`` into the text field identified by ``locator``.</doc>
<status status="PASS" start="2025-12-19T21:50:52.915621" elapsed="0.070933"/>
</kw>
<kw name="Wait Until Element Is Visible" owner="SeleniumLibrary">
<arg>xpath=//div[contains(@class,'ng-option') and contains(normalize-space(.), '${value}')]</arg>
<doc>Waits until the element ``locator`` is visible.</doc>
<status status="PASS" start="2025-12-19T21:50:52.986759" elapsed="0.018028"/>
</kw>
<kw name="Click Element" owner="SeleniumLibrary">
<msg time="2025-12-19T21:50:53.005167" level="INFO">Clicking element 'xpath=//div[contains(@class,'ng-option') and contains(normalize-space(.), 'مجرد')]'.</msg>
<arg>xpath=//div[contains(@class,'ng-option') and contains(normalize-space(.), '${value}')]</arg>
<doc>Click the element identified by ``locator``.</doc>
<status status="PASS" start="2025-12-19T21:50:53.004950" elapsed="0.060934"/>
</kw>
<kw name="Press Keys" owner="SeleniumLibrary">
<msg time="2025-12-19T21:50:53.066462" level="INFO">Sending key(s) ('TAB',) to css=ng-select[formcontrolname='maritalStatus'] input[type='text'] element.</msg>
<msg time="2025-12-19T21:50:53.341561" level="INFO">Pressing special key TAB to element.</msg>
<msg time="2025-12-19T21:50:53.341713" level="INFO">Releasing special key TAB.</msg>
<arg>css=ng-select[formcontrolname='${formcontrol}'] input[type='text']</arg>
<arg>TAB</arg>
<doc>Simulates the user pressing key(s) to an element or on the active browser.</doc>
<status status="PASS" start="2025-12-19T21:50:53.066057" elapsed="0.296628"/>
</kw>
<arg>maritalStatus</arg>
<arg>مجرد</arg>
<status status="PASS" start="2025-12-19T21:50:45.972643" elapsed="7.390202"/>
</kw>
<kw name="Select From Ng Select">
<kw name="Wait For Spinner Hidden">
<kw name="Wait Until Element Is Not Visible" owner="SeleniumLibrary">
<arg>css=div.back-spenner.ng-star-inserted</arg>
<arg>1000</arg>
<doc>Waits until the element ``locator`` is not visible.</doc>
<status status="PASS" start="2025-12-19T21:50:53.363861" elapsed="0.009958"/>
</kw>
<doc>صبر کردن تا loading Angular ناپدید شود</doc>
<status status="PASS" start="2025-12-19T21:50:53.363701" elapsed="0.010253"/>
</kw>
<kw name="Wait Until Element Is Visible" owner="SeleniumLibrary">
<arg>css=ng-select[formcontrolname='${formcontrol}']</arg>
<doc>Waits until the element ``locator`` is visible.</doc>
<status status="PASS" start="2025-12-19T21:50:53.374105" elapsed="0.029027"/>
</kw>
<kw name="Click Element" owner="SeleniumLibrary">
<msg time="2025-12-19T21:50:53.403555" level="INFO">Clicking element 'css=ng-select[formcontrolname='insurRelation']'.</msg>
<arg>css=ng-select[formcontrolname='${formcontrol}']</arg>
<doc>Click the element identified by ``locator``.</doc>
<status status="PASS" start="2025-12-19T21:50:53.403278" elapsed="0.071094"/>
</kw>
<kw name="Wait Until Element Is Visible" owner="SeleniumLibrary">
<arg>css=ng-select[formcontrolname='${formcontrol}'] input[type='text']</arg>
<doc>Waits until the element ``locator`` is visible.</doc>
<status status="PASS" start="2025-12-19T21:50:53.474535" elapsed="0.019588"/>
</kw>
<kw name="Input Text" owner="SeleniumLibrary">
<msg time="2025-12-19T21:50:53.494781" level="INFO">Typing text 'خود فرد' into text field 'css=ng-select[formcontrolname='insurRelation'] input[type='text']'.</msg>
<arg>css=ng-select[formcontrolname='${formcontrol}'] input[type='text']</arg>
<arg>${value}</arg>
<doc>Types the given ``text`` into the text field identified by ``locator``.</doc>
<status status="PASS" start="2025-12-19T21:50:53.494402" elapsed="0.074596"/>
</kw>
<kw name="Wait Until Element Is Visible" owner="SeleniumLibrary">
<arg>xpath=//div[contains(@class,'ng-option') and contains(normalize-space(.), '${value}')]</arg>
<doc>Waits until the element ``locator`` is visible.</doc>
<status status="PASS" start="2025-12-19T21:50:53.569156" elapsed="0.017376"/>
</kw>
<kw name="Click Element" owner="SeleniumLibrary">
<msg time="2025-12-19T21:50:53.586904" level="INFO">Clicking element 'xpath=//div[contains(@class,'ng-option') and contains(normalize-space(.), 'خود فرد')]'.</msg>
<arg>xpath=//div[contains(@class,'ng-option') and contains(normalize-space(.), '${value}')]</arg>
<doc>Click the element identified by ``locator``.</doc>
<status status="PASS" start="2025-12-19T21:50:53.586681" elapsed="0.050118"/>
</kw>
<kw name="Press Keys" owner="SeleniumLibrary">
<msg time="2025-12-19T21:50:53.637389" level="INFO">Sending key(s) ('TAB',) to css=ng-select[formcontrolname='insurRelation'] input[type='text'] element.</msg>
<msg time="2025-12-19T21:50:53.926946" level="INFO">Pressing special key TAB to element.</msg>
<msg time="2025-12-19T21:50:53.927262" level="INFO">Releasing special key TAB.</msg>
<arg>css=ng-select[formcontrolname='${formcontrol}'] input[type='text']</arg>
<arg>TAB</arg>
<doc>Simulates the user pressing key(s) to an element or on the active browser.</doc>
<status status="PASS" start="2025-12-19T21:50:53.637013" elapsed="0.314915"/>
</kw>
<arg>insurRelation</arg>
<arg>خود فرد</arg>
<status status="PASS" start="2025-12-19T21:50:53.363385" elapsed="0.588643"/>
</kw>
<kw name="Fill Input By Id">
<kw name="Wait For Page Ready">
<kw name="Run Keyword And Ignore Error" owner="BuiltIn">
<kw name="Wait Until Page Contains Element" owner="SeleniumLibrary">
<msg time="2025-12-19T21:50:57.298662" level="INFO" html="true">&lt;/td&gt;&lt;/tr&gt;&lt;tr&gt;&lt;td colspan="3"&gt;&lt;a href="selenium-screenshot-5.png"&gt;&lt;img src="selenium-screenshot-5.png" width="800px"&gt;&lt;/a&gt;</msg>
<msg time="2025-12-19T21:50:57.298922" level="FAIL">Element 'css=.ngx-spinner-overlay,.loading-overlay,.spinner,.mat-progress-spinner,.cdk-overlay-backdrop' did not appear in 3 seconds.</msg>
<arg>${GLOBAL_SPINNER}</arg>
<arg>3</arg>
<doc>Waits until the element ``locator`` appears on the current page.</doc>
<status status="FAIL" start="2025-12-19T21:50:53.952986" elapsed="3.347811">Element 'css=.ngx-spinner-overlay,.loading-overlay,.spinner,.mat-progress-spinner,.cdk-overlay-backdrop' did not appear in 3 seconds.</status>
</kw>
<arg>Wait Until Page Contains Element</arg>
<arg>${GLOBAL_SPINNER}</arg>
<arg>3</arg>
<doc>Runs the given keyword with the given arguments and ignores possible error.</doc>
<status status="PASS" start="2025-12-19T21:50:53.952874" elapsed="3.348162"/>
</kw>
<kw name="Wait Until Element Is Not Visible" owner="SeleniumLibrary">
<arg>${GLOBAL_SPINNER}</arg>
<arg>${timeout}</arg>
<doc>Waits until the element ``locator`` is not visible.</doc>
<status status="PASS" start="2025-12-19T21:50:57.301329" elapsed="0.011418"/>
</kw>
<status status="PASS" start="2025-12-19T21:50:53.952693" elapsed="3.360274"/>
</kw>
<kw name="Wait For Spinner Hidden">
<kw name="Wait Until Element Is Not Visible" owner="SeleniumLibrary">
<arg>css=div.back-spenner.ng-star-inserted</arg>
<arg>1000</arg>
<doc>Waits until the element ``locator`` is not visible.</doc>
<status status="PASS" start="2025-12-19T21:50:57.313758" elapsed="0.010801"/>
</kw>
<doc>صبر کردن تا loading Angular ناپدید شود</doc>
<status status="PASS" start="2025-12-19T21:50:57.313271" elapsed="0.011475"/>
</kw>
<kw name="Wait Until Element Is Visible" owner="SeleniumLibrary">
<arg>id=${id}</arg>
<doc>Waits until the element ``locator`` is visible.</doc>
<status status="PASS" start="2025-12-19T21:50:57.324998" elapsed="0.024335"/>
</kw>
<kw name="Clear Element Text" owner="SeleniumLibrary">
<arg>id=${id}</arg>
<doc>Clears the value of the text-input-element identified by ``locator``.</doc>
<status status="PASS" start="2025-12-19T21:50:57.349491" elapsed="0.041706"/>
</kw>
<kw name="Input Text" owner="SeleniumLibrary">
<msg time="2025-12-19T21:50:57.391573" level="INFO">Typing text '09383509316' into text field 'id=mat-input-31'.</msg>
<arg>id=${id}</arg>
<arg>${value}</arg>
<doc>Types the given ``text`` into the text field identified by ``locator``.</doc>
<status status="PASS" start="2025-12-19T21:50:57.391350" elapsed="0.089524"/>
</kw>
<arg>mat-input-31</arg>
<arg>09383509316</arg>
<status status="PASS" start="2025-12-19T21:50:53.952400" elapsed="3.528660"/>
</kw>
<kw name="Fill Input By Id">
<kw name="Wait For Page Ready">
<kw name="Run Keyword And Ignore Error" owner="BuiltIn">
<kw name="Wait Until Page Contains Element" owner="SeleniumLibrary">
<msg time="2025-12-19T21:51:00.610573" level="INFO" html="true">&lt;/td&gt;&lt;/tr&gt;&lt;tr&gt;&lt;td colspan="3"&gt;&lt;a href="selenium-screenshot-6.png"&gt;&lt;img src="selenium-screenshot-6.png" width="800px"&gt;&lt;/a&gt;</msg>
<msg time="2025-12-19T21:51:00.610710" level="FAIL">Element 'css=.ngx-spinner-overlay,.loading-overlay,.spinner,.mat-progress-spinner,.cdk-overlay-backdrop' did not appear in 3 seconds.</msg>
<arg>${GLOBAL_SPINNER}</arg>
<arg>3</arg>
<doc>Waits until the element ``locator`` appears on the current page.</doc>
<status status="FAIL" start="2025-12-19T21:50:57.482481" elapsed="3.129052">Element 'css=.ngx-spinner-overlay,.loading-overlay,.spinner,.mat-progress-spinner,.cdk-overlay-backdrop' did not appear in 3 seconds.</status>
</kw>
<arg>Wait Until Page Contains Element</arg>
<arg>${GLOBAL_SPINNER}</arg>
<arg>3</arg>
<doc>Runs the given keyword with the given arguments and ignores possible error.</doc>
<status status="PASS" start="2025-12-19T21:50:57.482302" elapsed="3.129392"/>
</kw>
<kw name="Wait Until Element Is Not Visible" owner="SeleniumLibrary">
<arg>${GLOBAL_SPINNER}</arg>
<arg>${timeout}</arg>
<doc>Waits until the element ``locator`` is not visible.</doc>
<status status="PASS" start="2025-12-19T21:51:00.611842" elapsed="0.011519"/>
</kw>
<status status="PASS" start="2025-12-19T21:50:57.481989" elapsed="3.141582"/>
</kw>
<kw name="Wait For Spinner Hidden">
<kw name="Wait Until Element Is Not Visible" owner="SeleniumLibrary">
<arg>css=div.back-spenner.ng-star-inserted</arg>
<arg>1000</arg>
<doc>Waits until the element ``locator`` is not visible.</doc>
<status status="PASS" start="2025-12-19T21:51:00.624245" elapsed="0.011121"/>
</kw>
<doc>صبر کردن تا loading Angular ناپدید شود</doc>
<status status="PASS" start="2025-12-19T21:51:00.623825" elapsed="0.011629"/>
</kw>
<kw name="Wait Until Element Is Visible" owner="SeleniumLibrary">
<arg>id=${id}</arg>
<doc>Waits until the element ``locator`` is visible.</doc>
<status status="PASS" start="2025-12-19T21:51:00.635568" elapsed="0.015201"/>
</kw>
<kw name="Clear Element Text" owner="SeleniumLibrary">
<arg>id=${id}</arg>
<doc>Clears the value of the text-input-element identified by ``locator``.</doc>
<status status="PASS" start="2025-12-19T21:51:00.650971" elapsed="0.023196"/>
</kw>
<kw name="Input Text" owner="SeleniumLibrary">
<msg time="2025-12-19T21:51:00.674622" level="INFO">Typing text 'dfgdfgdfgd' into text field 'id=mat-input-34'.</msg>
<arg>id=${id}</arg>
<arg>${value}</arg>
<doc>Types the given ``text`` into the text field identified by ``locator``.</doc>
<status status="PASS" start="2025-12-19T21:51:00.674323" elapsed="0.076723"/>
</kw>
<arg>mat-input-34</arg>
<arg>dfgdfgdfgd</arg>
<status status="PASS" start="2025-12-19T21:50:57.481524" elapsed="3.269625"/>
</kw>
<kw name="Fill Input By Id">
<kw name="Wait For Page Ready">
<kw name="Run Keyword And Ignore Error" owner="BuiltIn">
<kw name="Wait Until Page Contains Element" owner="SeleniumLibrary">
<msg time="2025-12-19T21:51:03.905479" level="INFO" html="true">&lt;/td&gt;&lt;/tr&gt;&lt;tr&gt;&lt;td colspan="3"&gt;&lt;a href="selenium-screenshot-7.png"&gt;&lt;img src="selenium-screenshot-7.png" width="800px"&gt;&lt;/a&gt;</msg>
<msg time="2025-12-19T21:51:03.905720" level="FAIL">Element 'css=.ngx-spinner-overlay,.loading-overlay,.spinner,.mat-progress-spinner,.cdk-overlay-backdrop' did not appear in 3 seconds.</msg>
<arg>${GLOBAL_SPINNER}</arg>
<arg>3</arg>
<doc>Waits until the element ``locator`` appears on the current page.</doc>
<status status="FAIL" start="2025-12-19T21:51:00.752107" elapsed="3.155802">Element 'css=.ngx-spinner-overlay,.loading-overlay,.spinner,.mat-progress-spinner,.cdk-overlay-backdrop' did not appear in 3 seconds.</status>
</kw>
<arg>Wait Until Page Contains Element</arg>
<arg>${GLOBAL_SPINNER}</arg>
<arg>3</arg>
<doc>Runs the given keyword with the given arguments and ignores possible error.</doc>
<status status="PASS" start="2025-12-19T21:51:00.751997" elapsed="3.156137"/>
</kw>
<kw name="Wait Until Element Is Not Visible" owner="SeleniumLibrary">
<arg>${GLOBAL_SPINNER}</arg>
<arg>${timeout}</arg>
<doc>Waits until the element ``locator`` is not visible.</doc>
<status status="PASS" start="2025-12-19T21:51:03.908418" elapsed="0.011582"/>
</kw>
<status status="PASS" start="2025-12-19T21:51:00.751807" elapsed="3.168401"/>
</kw>
<kw name="Wait For Spinner Hidden">
<kw name="Wait Until Element Is Not Visible" owner="SeleniumLibrary">
<arg>css=div.back-spenner.ng-star-inserted</arg>
<arg>1000</arg>
<doc>Waits until the element ``locator`` is not visible.</doc>
<status status="PASS" start="2025-12-19T21:51:03.920983" elapsed="0.010571"/>
</kw>
<doc>صبر کردن تا loading Angular ناپدید شود</doc>
<status status="PASS" start="2025-12-19T21:51:03.920509" elapsed="0.011143"/>
</kw>
<kw name="Wait Until Element Is Visible" owner="SeleniumLibrary">
<arg>id=${id}</arg>
<doc>Waits until the element ``locator`` is visible.</doc>
<status status="PASS" start="2025-12-19T21:51:03.931771" elapsed="0.022629"/>
</kw>
<kw name="Clear Element Text" owner="SeleniumLibrary">
<arg>id=${id}</arg>
<doc>Clears the value of the text-input-element identified by ``locator``.</doc>
<status status="PASS" start="2025-12-19T21:51:03.954543" elapsed="0.028421"/>
</kw>
<kw name="Input Text" owner="SeleniumLibrary">
<msg time="2025-12-19T21:51:03.983721" level="INFO">Typing text 'مهرشاد شیخ الاسلامی' into text field 'id=mat-input-35'.</msg>
<arg>id=${id}</arg>
<arg>${value}</arg>
<doc>Types the given ``text`` into the text field identified by ``locator``.</doc>
<status status="PASS" start="2025-12-19T21:51:03.983241" elapsed="0.104031"/>
</kw>
<arg>mat-input-35</arg>
<arg>مهرشاد شیخ الاسلامی</arg>
<status status="PASS" start="2025-12-19T21:51:00.751477" elapsed="3.335899"/>
</kw>
<kw name="Fill Input By Id">
<kw name="Wait For Page Ready">
<kw name="Run Keyword And Ignore Error" owner="BuiltIn">
<kw name="Wait Until Page Contains Element" owner="SeleniumLibrary">
<msg time="2025-12-19T21:51:07.221159" level="INFO" html="true">&lt;/td&gt;&lt;/tr&gt;&lt;tr&gt;&lt;td colspan="3"&gt;&lt;a href="selenium-screenshot-8.png"&gt;&lt;img src="selenium-screenshot-8.png" width="800px"&gt;&lt;/a&gt;</msg>
<msg time="2025-12-19T21:51:07.221428" level="FAIL">Element 'css=.ngx-spinner-overlay,.loading-overlay,.spinner,.mat-progress-spinner,.cdk-overlay-backdrop' did not appear in 3 seconds.</msg>
<arg>${GLOBAL_SPINNER}</arg>
<arg>3</arg>
<doc>Waits until the element ``locator`` appears on the current page.</doc>
<status status="FAIL" start="2025-12-19T21:51:04.088575" elapsed="3.134643">Element 'css=.ngx-spinner-overlay,.loading-overlay,.spinner,.mat-progress-spinner,.cdk-overlay-backdrop' did not appear in 3 seconds.</status>
</kw>
<arg>Wait Until Page Contains Element</arg>
<arg>${GLOBAL_SPINNER}</arg>
<arg>3</arg>
<doc>Runs the given keyword with the given arguments and ignores possible error.</doc>
<status status="PASS" start="2025-12-19T21:51:04.088408" elapsed="3.135021"/>
</kw>
<kw name="Wait Until Element Is Not Visible" owner="SeleniumLibrary">
<arg>${GLOBAL_SPINNER}</arg>
<arg>${timeout}</arg>
<doc>Waits until the element ``locator`` is not visible.</doc>
<status status="PASS" start="2025-12-19T21:51:07.223695" elapsed="0.012247"/>
</kw>
<status status="PASS" start="2025-12-19T21:51:04.088147" elapsed="3.147998"/>
</kw>
<kw name="Wait For Spinner Hidden">
<kw name="Wait Until Element Is Not Visible" owner="SeleniumLibrary">
<arg>css=div.back-spenner.ng-star-inserted</arg>
<arg>1000</arg>
<doc>Waits until the element ``locator`` is not visible.</doc>
<status status="PASS" start="2025-12-19T21:51:07.236916" elapsed="0.013003"/>
</kw>
<doc>صبر کردن تا loading Angular ناپدید شود</doc>
<status status="PASS" start="2025-12-19T21:51:07.236441" elapsed="0.013685"/>
</kw>
<kw name="Wait Until Element Is Visible" owner="SeleniumLibrary">
<arg>id=${id}</arg>
<doc>Waits until the element ``locator`` is visible.</doc>
<status status="PASS" start="2025-12-19T21:51:07.250384" elapsed="0.022610"/>
</kw>
<kw name="Clear Element Text" owner="SeleniumLibrary">
<arg>id=${id}</arg>
<doc>Clears the value of the text-input-element identified by ``locator``.</doc>
<status status="PASS" start="2025-12-19T21:51:07.273139" elapsed="0.028327"/>
</kw>
<kw name="Input Text" owner="SeleniumLibrary">
<msg time="2025-12-19T21:51:07.301841" level="INFO">Typing text '09383586316' into text field 'id=mat-input-36'.</msg>
<arg>id=${id}</arg>
<arg>${value}</arg>
<doc>Types the given ``text`` into the text field identified by ``locator``.</doc>
<status status="PASS" start="2025-12-19T21:51:07.301617" elapsed="0.084235"/>
</kw>
<arg>mat-input-36</arg>
<arg>09383586316</arg>
<status status="PASS" start="2025-12-19T21:51:04.087779" elapsed="3.298171"/>
</kw>
<kw name="Wait For Spinner Hidden">
<kw name="Wait Until Element Is Not Visible" owner="SeleniumLibrary">
<arg>css=div.back-spenner.ng-star-inserted</arg>
<arg>1000</arg>
<doc>Waits until the element ``locator`` is not visible.</doc>
<status status="PASS" start="2025-12-19T21:51:07.386651" elapsed="0.005324"/>
</kw>
<doc>صبر کردن تا loading Angular ناپدید شود</doc>
<status status="PASS" start="2025-12-19T21:51:07.386399" elapsed="0.005665"/>
</kw>
<kw name="Wait Until Element Is Visible" owner="SeleniumLibrary">
<arg>id=button-addon2</arg>
<doc>Waits until the element ``locator`` is visible.</doc>
<status status="PASS" start="2025-12-19T21:51:07.392267" elapsed="0.012131"/>
</kw>
<kw name="Click Element" owner="SeleniumLibrary">
<msg time="2025-12-19T21:51:07.404986" level="INFO">Clicking element 'id=button-addon2'.</msg>
<arg>id=button-addon2</arg>
<doc>Click the element identified by ``locator``.</doc>
<status status="PASS" start="2025-12-19T21:51:07.404798" elapsed="0.051216"/>
</kw>
<kw name="Select From Ng Select">
<kw name="Wait For Spinner Hidden">
<kw name="Wait Until Element Is Not Visible" owner="SeleniumLibrary">
<arg>css=div.back-spenner.ng-star-inserted</arg>
<arg>1000</arg>
<doc>Waits until the element ``locator`` is not visible.</doc>
<status status="PASS" start="2025-12-19T21:51:07.457210" elapsed="0.007510"/>
</kw>
<doc>صبر کردن تا loading Angular ناپدید شود</doc>
<status status="PASS" start="2025-12-19T21:51:07.456902" elapsed="0.007925"/>
</kw>
<kw name="Wait Until Element Is Visible" owner="SeleniumLibrary">
<arg>css=ng-select[formcontrolname='${formcontrol}']</arg>
<doc>Waits until the element ``locator`` is visible.</doc>
<status status="PASS" start="2025-12-19T21:51:07.465031" elapsed="0.015250"/>
</kw>
<kw name="Click Element" owner="SeleniumLibrary">
<msg time="2025-12-19T21:51:07.480931" level="INFO">Clicking element 'css=ng-select[formcontrolname='firstRecognition']'.</msg>
<arg>css=ng-select[formcontrolname='${formcontrol}']</arg>
<doc>Click the element identified by ``locator``.</doc>
<status status="PASS" start="2025-12-19T21:51:07.480535" elapsed="0.058019"/>
</kw>
<kw name="Wait Until Element Is Visible" owner="SeleniumLibrary">
<arg>css=ng-select[formcontrolname='${formcontrol}'] input[type='text']</arg>
<doc>Waits until the element ``locator`` is visible.</doc>
<status status="PASS" start="2025-12-19T21:51:07.538710" elapsed="0.016623"/>
</kw>
<kw name="Input Text" owner="SeleniumLibrary">
<msg time="2025-12-19T21:51:07.555727" level="INFO">Typing text 'شکستگی' into text field 'css=ng-select[formcontrolname='firstRecognition'] input[type='text']'.</msg>
<arg>css=ng-select[formcontrolname='${formcontrol}'] input[type='text']</arg>
<arg>${value}</arg>
<doc>Types the given ``text`` into the text field identified by ``locator``.</doc>
<status status="PASS" start="2025-12-19T21:51:07.555493" elapsed="0.242544"/>
</kw>
<kw name="Wait Until Element Is Visible" owner="SeleniumLibrary">
<arg>xpath=//div[contains(@class,'ng-option') and contains(normalize-space(.), '${value}')]</arg>
<doc>Waits until the element ``locator`` is visible.</doc>
<status status="PASS" start="2025-12-19T21:51:07.798263" elapsed="0.020955"/>
</kw>
<kw name="Click Element" owner="SeleniumLibrary">
<msg time="2025-12-19T21:51:07.819739" level="INFO">Clicking element 'xpath=//div[contains(@class,'ng-option') and contains(normalize-space(.), 'شکستگی')]'.</msg>
<arg>xpath=//div[contains(@class,'ng-option') and contains(normalize-space(.), '${value}')]</arg>
<doc>Click the element identified by ``locator``.</doc>
<status status="PASS" start="2025-12-19T21:51:07.819382" elapsed="0.062973"/>
</kw>
<kw name="Press Keys" owner="SeleniumLibrary">
<msg time="2025-12-19T21:51:07.882898" level="INFO">Sending key(s) ('TAB',) to css=ng-select[formcontrolname='firstRecognition'] input[type='text'] element.</msg>
<msg time="2025-12-19T21:51:08.158744" level="INFO">Pressing special key TAB to element.</msg>
<msg time="2025-12-19T21:51:08.158856" level="INFO">Releasing special key TAB.</msg>
<arg>css=ng-select[formcontrolname='${formcontrol}'] input[type='text']</arg>
<arg>TAB</arg>
<doc>Simulates the user pressing key(s) to an element or on the active browser.</doc>
<status status="PASS" start="2025-12-19T21:51:07.882530" elapsed="0.288159"/>
</kw>
<arg>firstRecognition</arg>
<arg>شکستگی</arg>
<status status="PASS" start="2025-12-19T21:51:07.456483" elapsed="0.714402"/>
</kw>
<kw name="Select From Ng Select">
<kw name="Wait For Spinner Hidden">
<kw name="Wait Until Element Is Not Visible" owner="SeleniumLibrary">
<arg>css=div.back-spenner.ng-star-inserted</arg>
<arg>1000</arg>
<doc>Waits until the element ``locator`` is not visible.</doc>
<status status="PASS" start="2025-12-19T21:51:08.171958" elapsed="0.009992"/>
</kw>
<doc>صبر کردن تا loading Angular ناپدید شود</doc>
<status status="PASS" start="2025-12-19T21:51:08.171722" elapsed="0.010330"/>
</kw>
<kw name="Wait Until Element Is Visible" owner="SeleniumLibrary">
<arg>css=ng-select[formcontrolname='${formcontrol}']</arg>
<doc>Waits until the element ``locator`` is visible.</doc>
<status status="PASS" start="2025-12-19T21:51:08.182162" elapsed="0.018642"/>
</kw>
<kw name="Click Element" owner="SeleniumLibrary">
<msg time="2025-12-19T21:51:08.201374" level="INFO">Clicking element 'css=ng-select[formcontrolname='howToRefer']'.</msg>
<arg>css=ng-select[formcontrolname='${formcontrol}']</arg>
<doc>Click the element identified by ``locator``.</doc>
<status status="PASS" start="2025-12-19T21:51:08.201036" elapsed="0.058511"/>
</kw>
<kw name="Wait Until Element Is Visible" owner="SeleniumLibrary">
<arg>css=ng-select[formcontrolname='${formcontrol}'] input[type='text']</arg>
<doc>Waits until the element ``locator`` is visible.</doc>
<status status="PASS" start="2025-12-19T21:51:08.259828" elapsed="0.015381"/>
</kw>
<kw name="Input Text" owner="SeleniumLibrary">
<msg time="2025-12-19T21:51:08.275717" level="INFO">Typing text 'وسیله شخصی' into text field 'css=ng-select[formcontrolname='howToRefer'] input[type='text']'.</msg>
<arg>css=ng-select[formcontrolname='${formcontrol}'] input[type='text']</arg>
<arg>${value}</arg>
<doc>Types the given ``text`` into the text field identified by ``locator``.</doc>
<status status="PASS" start="2025-12-19T21:51:08.275434" elapsed="0.085697"/>
</kw>
<kw name="Wait Until Element Is Visible" owner="SeleniumLibrary">
<arg>xpath=//div[contains(@class,'ng-option') and contains(normalize-space(.), '${value}')]</arg>
<doc>Waits until the element ``locator`` is visible.</doc>
<status status="PASS" start="2025-12-19T21:51:08.361333" elapsed="0.015116"/>
</kw>
<kw name="Click Element" owner="SeleniumLibrary">
<msg time="2025-12-19T21:51:08.377460" level="INFO">Clicking element 'xpath=//div[contains(@class,'ng-option') and contains(normalize-space(.), 'وسیله شخصی')]'.</msg>
<arg>xpath=//div[contains(@class,'ng-option') and contains(normalize-space(.), '${value}')]</arg>
<doc>Click the element identified by ``locator``.</doc>
<status status="PASS" start="2025-12-19T21:51:08.377158" elapsed="0.039535"/>
</kw>
<kw name="Press Keys" owner="SeleniumLibrary">
<msg time="2025-12-19T21:51:08.417238" level="INFO">Sending key(s) ('TAB',) to css=ng-select[formcontrolname='howToRefer'] input[type='text'] element.</msg>
<msg time="2025-12-19T21:51:08.710166" level="INFO">Pressing special key TAB to element.</msg>
<msg time="2025-12-19T21:51:08.710249" level="INFO">Releasing special key TAB.</msg>
<arg>css=ng-select[formcontrolname='${formcontrol}'] input[type='text']</arg>
<arg>TAB</arg>
<doc>Simulates the user pressing key(s) to an element or on the active browser.</doc>
<status status="PASS" start="2025-12-19T21:51:08.416874" elapsed="0.313588"/>
</kw>
<arg>howToRefer</arg>
<arg>وسیله شخصی</arg>
<status status="PASS" start="2025-12-19T21:51:08.171337" elapsed="0.559234"/>
</kw>
<kw name="Select From Ng Select">
<kw name="Wait For Spinner Hidden">
<kw name="Wait Until Element Is Not Visible" owner="SeleniumLibrary">
<arg>css=div.back-spenner.ng-star-inserted</arg>
<arg>1000</arg>
<doc>Waits until the element ``locator`` is not visible.</doc>
<status status="PASS" start="2025-12-19T21:51:08.731529" elapsed="0.008612"/>
</kw>
<doc>صبر کردن تا loading Angular ناپدید شود</doc>
<status status="PASS" start="2025-12-19T21:51:08.731343" elapsed="0.008892"/>
</kw>
<kw name="Wait Until Element Is Visible" owner="SeleniumLibrary">
<arg>css=ng-select[formcontrolname='${formcontrol}']</arg>
<doc>Waits until the element ``locator`` is visible.</doc>
<status status="PASS" start="2025-12-19T21:51:08.740341" elapsed="0.027741"/>
</kw>
<kw name="Click Element" owner="SeleniumLibrary">
<msg time="2025-12-19T21:51:08.768731" level="INFO">Clicking element 'css=ng-select[formcontrolname='causeOfHospitalization']'.</msg>
<arg>css=ng-select[formcontrolname='${formcontrol}']</arg>
<doc>Click the element identified by ``locator``.</doc>
<status status="PASS" start="2025-12-19T21:51:08.768347" elapsed="0.062078"/>
</kw>
<kw name="Wait Until Element Is Visible" owner="SeleniumLibrary">
<arg>css=ng-select[formcontrolname='${formcontrol}'] input[type='text']</arg>
<doc>Waits until the element ``locator`` is visible.</doc>
<status status="PASS" start="2025-12-19T21:51:08.830648" elapsed="0.012439"/>
</kw>
<kw name="Input Text" owner="SeleniumLibrary">
<msg time="2025-12-19T21:51:08.843740" level="INFO">Typing text 'دل درد' into text field 'css=ng-select[formcontrolname='causeOfHospitalization'] input[type='text']'.</msg>
<arg>css=ng-select[formcontrolname='${formcontrol}'] input[type='text']</arg>
<arg>${value}</arg>
<doc>Types the given ``text`` into the text field identified by ``locator``.</doc>
<status status="PASS" start="2025-12-19T21:51:08.843351" elapsed="0.086939"/>
</kw>
<kw name="Wait Until Element Is Visible" owner="SeleniumLibrary">
<arg>xpath=//div[contains(@class,'ng-option') and contains(normalize-space(.), '${value}')]</arg>
<doc>Waits until the element ``locator`` is visible.</doc>
<status status="PASS" start="2025-12-19T21:51:08.930597" elapsed="0.025022"/>
</kw>
<kw name="Click Element" owner="SeleniumLibrary">
<msg time="2025-12-19T21:51:08.955999" level="INFO">Clicking element 'xpath=//div[contains(@class,'ng-option') and contains(normalize-space(.), 'دل درد')]'.</msg>
<arg>xpath=//div[contains(@class,'ng-option') and contains(normalize-space(.), '${value}')]</arg>
<doc>Click the element identified by ``locator``.</doc>
<status status="PASS" start="2025-12-19T21:51:08.955773" elapsed="0.063710"/>
</kw>
<kw name="Press Keys" owner="SeleniumLibrary">
<msg time="2025-12-19T21:51:09.020216" level="INFO">Sending key(s) ('TAB',) to css=ng-select[formcontrolname='causeOfHospitalization'] input[type='text'] element.</msg>
<msg time="2025-12-19T21:51:09.328107" level="INFO">Pressing special key TAB to element.</msg>
<msg time="2025-12-19T21:51:09.328172" level="INFO">Releasing special key TAB.</msg>
<arg>css=ng-select[formcontrolname='${formcontrol}'] input[type='text']</arg>
<arg>TAB</arg>
<doc>Simulates the user pressing key(s) to an element or on the active browser.</doc>
<status status="PASS" start="2025-12-19T21:51:09.019726" elapsed="0.324840"/>
</kw>
<arg>causeOfHospitalization</arg>
<arg>دل درد</arg>
<status status="PASS" start="2025-12-19T21:51:08.731002" elapsed="0.613724"/>
</kw>
<doc>پر کردن اطلاعات مورد نیاز بیمار</doc>
<tag>UI_Test</tag>
<status status="PASS" start="2025-12-19T21:50:42.783602" elapsed="26.561507"/>
</test>
<test id="s1-s1-t4" name="15-UI - Assign Ward And Doctor And Prepayment" line="535">
<kw name="Wait For Page Ready">
<kw name="Run Keyword And Ignore Error" owner="BuiltIn">
<kw name="Wait Until Page Contains Element" owner="SeleniumLibrary">
<msg time="2025-12-19T21:51:12.497813" level="INFO" html="true">&lt;/td&gt;&lt;/tr&gt;&lt;tr&gt;&lt;td colspan="3"&gt;&lt;a href="selenium-screenshot-9.png"&gt;&lt;img src="selenium-screenshot-9.png" width="800px"&gt;&lt;/a&gt;</msg>
<msg time="2025-12-19T21:51:12.497970" level="FAIL">Element 'css=.ngx-spinner-overlay,.loading-overlay,.spinner,.mat-progress-spinner,.cdk-overlay-backdrop' did not appear in 3 seconds.</msg>
<arg>${GLOBAL_SPINNER}</arg>
<arg>3</arg>
<doc>Waits until the element ``locator`` appears on the current page.</doc>
<status status="FAIL" start="2025-12-19T21:51:09.347364" elapsed="3.151504">Element 'css=.ngx-spinner-overlay,.loading-overlay,.spinner,.mat-progress-spinner,.cdk-overlay-backdrop' did not appear in 3 seconds.</status>
</kw>
<arg>Wait Until Page Contains Element</arg>
<arg>${GLOBAL_SPINNER}</arg>
<arg>3</arg>
<doc>Runs the given keyword with the given arguments and ignores possible error.</doc>
<status status="PASS" start="2025-12-19T21:51:09.347195" elapsed="3.151787"/>
</kw>
<kw name="Wait Until Element Is Not Visible" owner="SeleniumLibrary">
<arg>${GLOBAL_SPINNER}</arg>
<arg>${timeout}</arg>
<doc>Waits until the element ``locator`` is not visible.</doc>
<status status="PASS" start="2025-12-19T21:51:12.499140" elapsed="0.010656"/>
</kw>
<status status="PASS" start="2025-12-19T21:51:09.346843" elapsed="3.163157"/>
</kw>
<kw name="Select From Ng Select">
<kw name="Wait For Spinner Hidden">
<kw name="Wait Until Element Is Not Visible" owner="SeleniumLibrary">
<arg>css=div.back-spenner.ng-star-inserted</arg>
<arg>1000</arg>
<doc>Waits until the element ``locator`` is not visible.</doc>
<status status="PASS" start="2025-12-19T21:51:12.510945" elapsed="0.009837"/>
</kw>
<doc>صبر کردن تا loading Angular ناپدید شود</doc>
<status status="PASS" start="2025-12-19T21:51:12.510793" elapsed="0.010142"/>
</kw>
<kw name="Wait Until Element Is Visible" owner="SeleniumLibrary">
<arg>css=ng-select[formcontrolname='${formcontrol}']</arg>
<doc>Waits until the element ``locator`` is visible.</doc>
<status status="PASS" start="2025-12-19T21:51:12.521054" elapsed="0.023515"/>
</kw>
<kw name="Click Element" owner="SeleniumLibrary">
<msg time="2025-12-19T21:51:12.545925" level="INFO">Clicking element 'css=ng-select[formcontrolname='wardfileld']'.</msg>
<arg>css=ng-select[formcontrolname='${formcontrol}']</arg>
<doc>Click the element identified by ``locator``.</doc>
<status status="PASS" start="2025-12-19T21:51:12.545420" elapsed="0.049444"/>
</kw>
<kw name="Wait Until Element Is Visible" owner="SeleniumLibrary">
<arg>css=ng-select[formcontrolname='${formcontrol}'] input[type='text']</arg>
<doc>Waits until the element ``locator`` is visible.</doc>
<status status="PASS" start="2025-12-19T21:51:12.595018" elapsed="0.014395"/>
</kw>
<kw name="Input Text" owner="SeleniumLibrary">
<msg time="2025-12-19T21:51:12.609850" level="INFO">Typing text 'اطفال 2 - تخت خالی (33)' into text field 'css=ng-select[formcontrolname='wardfileld'] input[type='text']'.</msg>
<arg>css=ng-select[formcontrolname='${formcontrol}'] input[type='text']</arg>
<arg>${value}</arg>
<doc>Types the given ``text`` into the text field identified by ``locator``.</doc>
<status status="PASS" start="2025-12-19T21:51:12.609612" elapsed="0.098376"/>
</kw>
<kw name="Wait Until Element Is Visible" owner="SeleniumLibrary">
<arg>xpath=//div[contains(@class,'ng-option') and contains(normalize-space(.), '${value}')]</arg>
<doc>Waits until the element ``locator`` is visible.</doc>
<status status="PASS" start="2025-12-19T21:51:12.708151" elapsed="0.013105"/>
</kw>
<kw name="Click Element" owner="SeleniumLibrary">
<msg time="2025-12-19T21:51:12.721605" level="INFO">Clicking element 'xpath=//div[contains(@class,'ng-option') and contains(normalize-space(.), 'اطفال 2 - تخت خالی (33)')]'.</msg>
<arg>xpath=//div[contains(@class,'ng-option') and contains(normalize-space(.), '${value}')]</arg>
<doc>Click the element identified by ``locator``.</doc>
<status status="PASS" start="2025-12-19T21:51:12.721400" elapsed="0.041322"/>
</kw>
<kw name="Press Keys" owner="SeleniumLibrary">
<msg time="2025-12-19T21:51:12.763506" level="INFO">Sending key(s) ('TAB',) to css=ng-select[formcontrolname='wardfileld'] input[type='text'] element.</msg>
<msg time="2025-12-19T21:51:13.057637" level="INFO">Pressing special key TAB to element.</msg>
<msg time="2025-12-19T21:51:13.057701" level="INFO">Releasing special key TAB.</msg>
<arg>css=ng-select[formcontrolname='${formcontrol}'] input[type='text']</arg>
<arg>TAB</arg>
<doc>Simulates the user pressing key(s) to an element or on the active browser.</doc>
<status status="PASS" start="2025-12-19T21:51:12.762900" elapsed="0.327120"/>
</kw>
<arg>wardfileld</arg>
<arg>اطفال 2 - تخت خالی (33)</arg>
<status status="PASS" start="2025-12-19T21:51:12.510510" elapsed="0.579635"/>
</kw>
<kw name="Select From Ng Select">
<kw name="Wait For Spinner Hidden">
<kw name="Wait Until Element Is Not Visible" owner="SeleniumLibrary">
<arg>css=div.back-spenner.ng-star-inserted</arg>
<arg>1000</arg>
<doc>Waits until the element ``locator`` is not visible.</doc>
<status status="PASS" start="2025-12-19T21:51:13.091571" elapsed="2.939718"/>
</kw>
<doc>صبر کردن تا loading Angular ناپدید شود</doc>
<status status="PASS" start="2025-12-19T21:51:13.091387" elapsed="2.940130"/>
</kw>
<kw name="Wait Until Element Is Visible" owner="SeleniumLibrary">
<arg>css=ng-select[formcontrolname='${formcontrol}']</arg>
<doc>Waits until the element ``locator`` is visible.</doc>
<status status="PASS" start="2025-12-19T21:51:16.031788" elapsed="0.031810"/>
</kw>
<kw name="Click Element" owner="SeleniumLibrary">
<msg time="2025-12-19T21:51:16.064435" level="INFO">Clicking element 'css=ng-select[formcontrolname='doctorField']'.</msg>
<arg>css=ng-select[formcontrolname='${formcontrol}']</arg>
<doc>Click the element identified by ``locator``.</doc>
<status status="PASS" start="2025-12-19T21:51:16.063931" elapsed="0.095378"/>
</kw>
<kw name="Wait Until Element Is Visible" owner="SeleniumLibrary">
<arg>css=ng-select[formcontrolname='${formcontrol}'] input[type='text']</arg>
<doc>Waits until the element ``locator`` is visible.</doc>
<status status="PASS" start="2025-12-19T21:51:16.159570" elapsed="0.029283"/>
</kw>
<kw name="Input Text" owner="SeleniumLibrary">
<msg time="2025-12-19T21:51:16.189220" level="INFO">Typing text 'Siavash Siavash' into text field 'css=ng-select[formcontrolname='doctorField'] input[type='text']'.</msg>
<arg>css=ng-select[formcontrolname='${formcontrol}'] input[type='text']</arg>
<arg>${value}</arg>
<doc>Types the given ``text`` into the text field identified by ``locator``.</doc>
<status status="PASS" start="2025-12-19T21:51:16.188998" elapsed="0.110511"/>
</kw>
<kw name="Wait Until Element Is Visible" owner="SeleniumLibrary">
<arg>xpath=//div[contains(@class,'ng-option') and contains(normalize-space(.), '${value}')]</arg>
<doc>Waits until the element ``locator`` is visible.</doc>
<status status="PASS" start="2025-12-19T21:51:16.299914" elapsed="0.017112"/>
</kw>
<kw name="Click Element" owner="SeleniumLibrary">
<msg time="2025-12-19T21:51:16.317398" level="INFO">Clicking element 'xpath=//div[contains(@class,'ng-option') and contains(normalize-space(.), 'Siavash Siavash')]'.</msg>
<arg>xpath=//div[contains(@class,'ng-option') and contains(normalize-space(.), '${value}')]</arg>
<doc>Click the element identified by ``locator``.</doc>
<status status="PASS" start="2025-12-19T21:51:16.317177" elapsed="0.041771"/>
</kw>
<kw name="Press Keys" owner="SeleniumLibrary">
<msg time="2025-12-19T21:51:16.360505" level="INFO">Sending key(s) ('TAB',) to css=ng-select[formcontrolname='doctorField'] input[type='text'] element.</msg>
<msg time="2025-12-19T21:51:16.656374" level="INFO">Pressing special key TAB to element.</msg>
<msg time="2025-12-19T21:51:16.656457" level="INFO">Releasing special key TAB.</msg>
<arg>css=ng-select[formcontrolname='${formcontrol}'] input[type='text']</arg>
<arg>TAB</arg>
<doc>Simulates the user pressing key(s) to an element or on the active browser.</doc>
<status status="PASS" start="2025-12-19T21:51:16.359405" elapsed="0.313335"/>
</kw>
<arg>doctorField</arg>
<arg>Siavash Siavash</arg>
<status status="PASS" start="2025-12-19T21:51:13.090995" elapsed="3.581844"/>
</kw>
<kw name="Select From Ng Select">
<kw name="Wait For Spinner Hidden">
<kw name="Wait Until Element Is Not Visible" owner="SeleniumLibrary">
<arg>css=div.back-spenner.ng-star-inserted</arg>
<arg>1000</arg>
<doc>Waits until the element ``locator`` is not visible.</doc>
<status status="PASS" start="2025-12-19T21:51:16.674021" elapsed="0.011357"/>
</kw>
<doc>صبر کردن تا loading Angular ناپدید شود</doc>
<status status="PASS" start="2025-12-19T21:51:16.673728" elapsed="0.011764"/>
</kw>
<kw name="Wait Until Element Is Visible" owner="SeleniumLibrary">
<arg>css=ng-select[formcontrolname='${formcontrol}']</arg>
<doc>Waits until the element ``locator`` is visible.</doc>
<status status="PASS" start="2025-12-19T21:51:16.685619" elapsed="0.021646"/>
</kw>
<kw name="Click Element" owner="SeleniumLibrary">
<msg time="2025-12-19T21:51:16.707659" level="INFO">Clicking element 'css=ng-select[formcontrolname='responsiblePatient']'.</msg>
<arg>css=ng-select[formcontrolname='${formcontrol}']</arg>
<doc>Click the element identified by ``locator``.</doc>
<status status="PASS" start="2025-12-19T21:51:16.707430" elapsed="0.050937"/>
</kw>
<kw name="Wait Until Element Is Visible" owner="SeleniumLibrary">
<arg>css=ng-select[formcontrolname='${formcontrol}'] input[type='text']</arg>
<doc>Waits until the element ``locator`` is visible.</doc>
<status status="PASS" start="2025-12-19T21:51:16.758518" elapsed="0.014979"/>
</kw>
<kw name="Input Text" owner="SeleniumLibrary">
<msg time="2025-12-19T21:51:16.773869" level="INFO">Typing text 'خود فرد' into text field 'css=ng-select[formcontrolname='responsiblePatient'] input[type='text']'.</msg>
<arg>css=ng-select[formcontrolname='${formcontrol}'] input[type='text']</arg>
<arg>${value}</arg>
<doc>Types the given ``text`` into the text field identified by ``locator``.</doc>
<status status="PASS" start="2025-12-19T21:51:16.773643" elapsed="0.060276"/>
</kw>
<kw name="Wait Until Element Is Visible" owner="SeleniumLibrary">
<arg>xpath=//div[contains(@class,'ng-option') and contains(normalize-space(.), '${value}')]</arg>
<doc>Waits until the element ``locator`` is visible.</doc>
<status status="PASS" start="2025-12-19T21:51:16.834101" elapsed="0.014810"/>
</kw>
<kw name="Click Element" owner="SeleniumLibrary">
<msg time="2025-12-19T21:51:16.849268" level="INFO">Clicking element 'xpath=//div[contains(@class,'ng-option') and contains(normalize-space(.), 'خود فرد')]'.</msg>
<arg>xpath=//div[contains(@class,'ng-option') and contains(normalize-space(.), '${value}')]</arg>
<doc>Click the element identified by ``locator``.</doc>
<status status="PASS" start="2025-12-19T21:51:16.849060" elapsed="0.040773"/>
</kw>
<kw name="Press Keys" owner="SeleniumLibrary">
<msg time="2025-12-19T21:51:16.890420" level="INFO">Sending key(s) ('TAB',) to css=ng-select[formcontrolname='responsiblePatient'] input[type='text'] element.</msg>
<msg time="2025-12-19T21:51:17.184374" level="INFO">Pressing special key TAB to element.</msg>
<msg time="2025-12-19T21:51:17.184434" level="INFO">Releasing special key TAB.</msg>
<arg>css=ng-select[formcontrolname='${formcontrol}'] input[type='text']</arg>
<arg>TAB</arg>
<doc>Simulates the user pressing key(s) to an element or on the active browser.</doc>
<status status="PASS" start="2025-12-19T21:51:16.890056" elapsed="0.312507"/>
</kw>
<arg>responsiblePatient</arg>
<arg>خود فرد</arg>
<status status="PASS" start="2025-12-19T21:51:16.673269" elapsed="0.529482"/>
</kw>
<kw name="Fill Input By Id">
<kw name="Wait For Page Ready">
<kw name="Run Keyword And Ignore Error" owner="BuiltIn">
<kw name="Wait Until Page Contains Element" owner="SeleniumLibrary">
<msg time="2025-12-19T21:51:20.375253" level="INFO" html="true">&lt;/td&gt;&lt;/tr&gt;&lt;tr&gt;&lt;td colspan="3"&gt;&lt;a href="selenium-screenshot-10.png"&gt;&lt;img src="selenium-screenshot-10.png" width="800px"&gt;&lt;/a&gt;</msg>
<msg time="2025-12-19T21:51:20.375572" level="FAIL">Element 'css=.ngx-spinner-overlay,.loading-overlay,.spinner,.mat-progress-spinner,.cdk-overlay-backdrop' did not appear in 3 seconds.</msg>
<arg>${GLOBAL_SPINNER}</arg>
<arg>3</arg>
<doc>Waits until the element ``locator`` appears on the current page.</doc>
<status status="FAIL" start="2025-12-19T21:51:17.203775" elapsed="3.173289">Element 'css=.ngx-spinner-overlay,.loading-overlay,.spinner,.mat-progress-spinner,.cdk-overlay-backdrop' did not appear in 3 seconds.</status>
</kw>
<arg>Wait Until Page Contains Element</arg>
<arg>${GLOBAL_SPINNER}</arg>
<arg>3</arg>
<doc>Runs the given keyword with the given arguments and ignores possible error.</doc>
<status status="PASS" start="2025-12-19T21:51:17.203668" elapsed="3.173511"/>
</kw>
<kw name="Wait Until Element Is Not Visible" owner="SeleniumLibrary">
<arg>${GLOBAL_SPINNER}</arg>
<arg>${timeout}</arg>
<doc>Waits until the element ``locator`` is not visible.</doc>
<status status="PASS" start="2025-12-19T21:51:20.377377" elapsed="0.010002"/>
</kw>
<status status="PASS" start="2025-12-19T21:51:17.203488" elapsed="3.184107"/>
</kw>
<kw name="Wait For Spinner Hidden">
<kw name="Wait Until Element Is Not Visible" owner="SeleniumLibrary">
<arg>css=div.back-spenner.ng-star-inserted</arg>
<arg>1000</arg>
<doc>Waits until the element ``locator`` is not visible.</doc>
<status status="PASS" start="2025-12-19T21:51:20.388365" elapsed="0.010504"/>
</kw>
<doc>صبر کردن تا loading Angular ناپدید شود</doc>
<status status="PASS" start="2025-12-19T21:51:20.387890" elapsed="0.011204"/>
</kw>
<kw name="Wait Until Element Is Visible" owner="SeleniumLibrary">
<arg>id=${id}</arg>
<doc>Waits until the element ``locator`` is visible.</doc>
<status status="PASS" start="2025-12-19T21:51:20.399367" elapsed="0.025536"/>
</kw>
<kw name="Clear Element Text" owner="SeleniumLibrary">
<arg>id=${id}</arg>
<doc>Clears the value of the text-input-element identified by ``locator``.</doc>
<status status="PASS" start="2025-12-19T21:51:20.425066" elapsed="0.032896"/>
</kw>
<kw name="Input Text" owner="SeleniumLibrary">
<msg time="2025-12-19T21:51:20.458563" level="INFO">Typing text '10000' into text field 'id=mat-input-40'.</msg>
<arg>id=${id}</arg>
<arg>${value}</arg>
<doc>Types the given ``text`` into the text field identified by ``locator``.</doc>
<status status="PASS" start="2025-12-19T21:51:20.458207" elapsed="0.048703"/>
</kw>
<arg>mat-input-40</arg>
<arg>10000</arg>
<status status="PASS" start="2025-12-19T21:51:17.203172" elapsed="3.304043"/>
</kw>
<doc>انتخاب بخش و پزشک بیمار preadmit</doc>
<tag>UI_Test</tag>
<status status="PASS" start="2025-12-19T21:51:09.345964" elapsed="11.161791"/>
</test>
<test id="s1-s1-t5" name="18-UI - Save Admission Filing" line="654">
<kw name="Click Element Safe">
<kw name="Wait For Spinner Hidden">
<kw name="Wait Until Element Is Not Visible" owner="SeleniumLibrary">
<arg>css=div.back-spenner.ng-star-inserted</arg>
<arg>1000</arg>
<doc>Waits until the element ``locator`` is not visible.</doc>
<status status="PASS" start="2025-12-19T21:51:20.509247" elapsed="0.004567"/>
</kw>
<doc>صبر کردن تا loading Angular ناپدید شود</doc>
<status status="PASS" start="2025-12-19T21:51:20.509038" elapsed="0.004859"/>
</kw>
<kw name="Wait Until Element Is Visible" owner="SeleniumLibrary">
<arg>${locator}</arg>
<doc>Waits until the element ``locator`` is visible.</doc>
<status status="PASS" start="2025-12-19T21:51:20.513997" elapsed="0.015280"/>
</kw>
<kw name="Wait Until Element Is Enabled" owner="SeleniumLibrary">
<arg>${locator}</arg>
<doc>Waits until the element ``locator`` is enabled.</doc>
<status status="PASS" start="2025-12-19T21:51:20.529680" elapsed="0.016061"/>
</kw>
<kw name="Scroll Element Into View" owner="SeleniumLibrary">
<arg>${locator}</arg>
<doc>Scrolls the element identified by ``locator`` into view.</doc>
<status status="PASS" start="2025-12-19T21:51:20.545893" elapsed="0.283324"/>
</kw>
<kw name="Click Element" owner="SeleniumLibrary">
<msg time="2025-12-19T21:51:20.830117" level="INFO">Clicking element 'css=button.btn-saveFile'.</msg>
<arg>${locator}</arg>
<doc>Click the element identified by ``locator``.</doc>
<status status="PASS" start="2025-12-19T21:51:20.829620" elapsed="0.094902"/>
</kw>
<arg>css=button.btn-saveFile</arg>
<status status="PASS" start="2025-12-19T21:51:20.508757" elapsed="0.415863"/>
</kw>
<kw name="Wait For Page Ready">
<kw name="Run Keyword And Ignore Error" owner="BuiltIn">
<kw name="Wait Until Page Contains Element" owner="SeleniumLibrary">
<msg time="2025-12-19T21:51:24.081504" level="INFO" html="true">&lt;/td&gt;&lt;/tr&gt;&lt;tr&gt;&lt;td colspan="3"&gt;&lt;a href="selenium-screenshot-11.png"&gt;&lt;img src="selenium-screenshot-11.png" width="800px"&gt;&lt;/a&gt;</msg>
<msg time="2025-12-19T21:51:24.081684" level="FAIL">Element 'css=.ngx-spinner-overlay,.loading-overlay,.spinner,.mat-progress-spinner,.cdk-overlay-backdrop' did not appear in 3 seconds.</msg>
<arg>${GLOBAL_SPINNER}</arg>
<arg>3</arg>
<doc>Waits until the element ``locator`` appears on the current page.</doc>
<status status="FAIL" start="2025-12-19T21:51:20.925382" elapsed="3.158947">Element 'css=.ngx-spinner-overlay,.loading-overlay,.spinner,.mat-progress-spinner,.cdk-overlay-backdrop' did not appear in 3 seconds.</status>
</kw>
<arg>Wait Until Page Contains Element</arg>
<arg>${GLOBAL_SPINNER}</arg>
<arg>3</arg>
<doc>Runs the given keyword with the given arguments and ignores possible error.</doc>
<status status="PASS" start="2025-12-19T21:51:20.925259" elapsed="3.159306"/>
</kw>
<kw name="Wait Until Element Is Not Visible" owner="SeleniumLibrary">
<arg>${GLOBAL_SPINNER}</arg>
<arg>${timeout}</arg>
<doc>Waits until the element ``locator`` is not visible.</doc>
<status status="PASS" start="2025-12-19T21:51:24.084858" elapsed="0.012824"/>
</kw>
<status status="PASS" start="2025-12-19T21:51:20.924961" elapsed="3.172859"/>
</kw>
<doc>سیو کردن پذیرش preadmit</doc>
<tag>UI_Test</tag>
<status status="PASS" start="2025-12-19T21:51:20.508284" elapsed="3.589897"/>
</test>
<test id="s1-s1-t6" name="21-UI - deny admit print page" line="758">
<kw name="Click Element Safe">
<kw name="Wait For Spinner Hidden">
<kw name="Wait Until Element Is Not Visible" owner="SeleniumLibrary">
<arg>css=div.back-spenner.ng-star-inserted</arg>
<arg>1000</arg>
<doc>Waits until the element ``locator`` is not visible.</doc>
<status status="PASS" start="2025-12-19T21:51:24.099525" elapsed="4.274573"/>
</kw>
<doc>صبر کردن تا loading Angular ناپدید شود</doc>
<status status="PASS" start="2025-12-19T21:51:24.099386" elapsed="4.274835"/>
</kw>
<kw name="Wait Until Element Is Visible" owner="SeleniumLibrary">
<msg time="2025-12-19T21:51:33.682950" level="INFO" html="true">&lt;/td&gt;&lt;/tr&gt;&lt;tr&gt;&lt;td colspan="3"&gt;&lt;a href="selenium-screenshot-12.png"&gt;&lt;img src="selenium-screenshot-12.png" width="800px"&gt;&lt;/a&gt;</msg>
<msg time="2025-12-19T21:51:33.683212" level="FAIL">Element 'css=button.swal2-deny.swal2-styled' not visible after 5 seconds.</msg>
<arg>${locator}</arg>
<doc>Waits until the element ``locator`` is visible.</doc>
<status status="FAIL" start="2025-12-19T21:51:28.374367" elapsed="5.310612">Element 'css=button.swal2-deny.swal2-styled' not visible after 5 seconds.</status>
</kw>
<kw name="Wait Until Element Is Enabled" owner="SeleniumLibrary">
<arg>${locator}</arg>
<doc>Waits until the element ``locator`` is enabled.</doc>
<status status="NOT RUN" start="2025-12-19T21:51:33.685358" elapsed="0.000073"/>
</kw>
<kw name="Scroll Element Into View" owner="SeleniumLibrary">
<arg>${locator}</arg>
<doc>Scrolls the element identified by ``locator`` into view.</doc>
<status status="NOT RUN" start="2025-12-19T21:51:33.685634" elapsed="0.000055"/>
</kw>
<kw name="Click Element" owner="SeleniumLibrary">
<arg>${locator}</arg>
<doc>Click the element identified by ``locator``.</doc>
<status status="NOT RUN" start="2025-12-19T21:51:33.685891" elapsed="0.000052"/>
</kw>
<arg>css=button.swal2-deny.swal2-styled</arg>
<status status="FAIL" start="2025-12-19T21:51:24.099189" elapsed="9.587138">Element 'css=button.swal2-deny.swal2-styled' not visible after 5 seconds.</status>
</kw>
<doc>لغو پرینت برگه پذیرش</doc>
<tag>UI_Test</tag>
<status status="FAIL" start="2025-12-19T21:51:24.098747" elapsed="9.588429">Element 'css=button.swal2-deny.swal2-styled' not visible after 5 seconds.</status>
</test>
<test id="s1-s1-t7" name="22-UI - go to inpatient list" line="764">
<kw name="Wait For Page Ready">
<kw name="Run Keyword And Ignore Error" owner="BuiltIn">
<kw name="Wait Until Page Contains Element" owner="SeleniumLibrary">
<msg time="2025-12-19T21:51:34.001778" level="WARN">Keyword 'Capture Page Screenshot' could not be run on failure: Message: invalid session id; For documentation on this error, please visit: https://www.selenium.dev/documentation/webdriver/troubleshooting/errors#invalidsessionidexception
Stacktrace:
Symbols not available. Dumping unresolved backtrace:
	0x7ff7218a88e5
	0x7ff7218a8940
	0x7ff721681465
	0x7ff7216c9d83
	0x7ff721701ee2
	0x7ff7216fc500
	0x7ff7216fb6f0
	0x7ff72164b325
	0x7ff721bc0640
	0x7ff721bbaf80
	0x7ff721bd96e6
	0x7ff7218c5de4
	0x7ff7218ced8c
	0x7ff721649cb8
	0x7ff721d1f008
	0x7ff9a3cce8d7
	0x7ff9a5f8c53c
</msg>
<msg time="2025-12-19T21:51:34.002365" level="FAIL">InvalidSessionIdException: Message: invalid session id: session deleted as the browser has closed the connection
from disconnected: not connected to DevTools
  (Session info: chrome=143.0.7499.41); For documentation on this error, please visit: https://www.selenium.dev/documentation/webdriver/troubleshooting/errors#invalidsessionidexception
Stacktrace:
Symbols not available. Dumping unresolved backtrace:
	0x7ff7218a88e5
	0x7ff7218a8940
	0x7ff72168165d
	0x7ff72166d202
	0x7ff7216927af
	0x7ff721709a29
	0x7ff72172a5c2
	0x7ff7216cac29
	0x7ff7216cba93
	0x7ff721bc0640
	0x7ff721bbaf80
	0x7ff721bd96e6
	0x7ff7218c5de4
	0x7ff7218ced8c
	0x7ff7218b2004
	0x7ff7218b21b5
	0x7ff721897ee2
	0x7ff9a3cce8d7
	0x7ff9a5f8c53c
</msg>
<arg>${GLOBAL_SPINNER}</arg>
<arg>3</arg>
<doc>Waits until the element ``locator`` appears on the current page.</doc>
<status status="FAIL" start="2025-12-19T21:51:33.690388" elapsed="0.314296">InvalidSessionIdException: Message: invalid session id: session deleted as the browser has closed the connection
from disconnected: not connected to DevTools
  (Session info: chrome=143.0.7499.41); For documentation on this error, please visit: https://www.selenium.dev/documentation/webdriver/troubleshooting/errors#invalidsessionidexception
Stacktrace:
Symbols not available. Dumping unresolved backtrace:
	0x7ff7218a88e5
	0x7ff7218a8940
	0x7ff72168165d
	0x7ff72166d202
	0x7ff7216927af
	0x7ff721709a29
	0x7ff72172a5c2
	0x7ff7216cac29
	0x7ff7216cba93
	0x7ff721bc0640
	0x7ff721bbaf80
	0x7ff721bd96e6
	0x7ff7218c5de4
	0x7ff7218ced8c
	0x7ff7218b2004
	0x7ff7218b21b5
	0x7ff721897ee2
	0x7ff9a3cce8d7
	0x7ff9a5f8c53c
</status>
</kw>
<arg>Wait Until Page Contains Element</arg>
<arg>${GLOBAL_SPINNER}</arg>
<arg>3</arg>
<doc>Runs the given keyword with the given arguments and ignores possible error.</doc>
<status status="PASS" start="2025-12-19T21:51:33.690108" elapsed="0.314676"/>
</kw>
<kw name="Wait Until Element Is Not Visible" owner="SeleniumLibrary">
<msg time="2025-12-19T21:51:34.006655" level="WARN">Keyword 'Capture Page Screenshot' could not be run on failure: Message: invalid session id; For documentation on this error, please visit: https://www.selenium.dev/documentation/webdriver/troubleshooting/errors#invalidsessionidexception
Stacktrace:
Symbols not available. Dumping unresolved backtrace:
	0x7ff7218a88e5
	0x7ff7218a8940
	0x7ff721681465
	0x7ff7216c9d83
	0x7ff721701ee2
	0x7ff7216fc500
	0x7ff7216fb6f0
	0x7ff72164b325
	0x7ff721bc0640
	0x7ff721bbaf80
	0x7ff721bd96e6
	0x7ff7218c5de4
	0x7ff7218ced8c
	0x7ff721649cb8
	0x7ff721d1f008
	0x7ff9a3cce8d7
	0x7ff9a5f8c53c
</msg>
<msg time="2025-12-19T21:51:34.007116" level="FAIL">InvalidSessionIdException: Message: invalid session id; For documentation on this error, please visit: https://www.selenium.dev/documentation/webdriver/troubleshooting/errors#invalidsessionidexception
Stacktrace:
Symbols not available. Dumping unresolved backtrace:
	0x7ff7218a88e5
	0x7ff7218a8940
	0x7ff721681465
	0x7ff7216c9d83
	0x7ff721701ee2
	0x7ff7216fc500
	0x7ff7216fb6f0
	0x7ff72164b325
	0x7ff721bc0640
	0x7ff721bbaf80
	0x7ff721bd96e6
	0x7ff7218c5de4
	0x7ff7218ced8c
	0x7ff721649cb8
	0x7ff721d1f008
	0x7ff9a3cce8d7
	0x7ff9a5f8c53c
</msg>
<arg>${GLOBAL_SPINNER}</arg>
<arg>${timeout}</arg>
<doc>Waits until the element ``locator`` is not visible.</doc>
<status status="FAIL" start="2025-12-19T21:51:34.004908" elapsed="0.003628">InvalidSessionIdException: Message: invalid session id; For documentation on this error, please visit: https://www.selenium.dev/documentation/webdriver/troubleshooting/errors#invalidsessionidexception
Stacktrace:
Symbols not available. Dumping unresolved backtrace:
	0x7ff7218a88e5
	0x7ff7218a8940
	0x7ff721681465
	0x7ff7216c9d83
	0x7ff721701ee2
	0x7ff7216fc500
	0x7ff7216fb6f0
	0x7ff72164b325
	0x7ff721bc0640
	0x7ff721bbaf80
	0x7ff721bd96e6
	0x7ff7218c5de4
	0x7ff7218ced8c
	0x7ff721649cb8
	0x7ff721d1f008
	0x7ff9a3cce8d7
	0x7ff9a5f8c53c
</status>
</kw>
<status status="FAIL" start="2025-12-19T21:51:33.689579" elapsed="0.319094">InvalidSessionIdException: Message: invalid session id; For documentation on this error, please visit: https://www.selenium.dev/documentation/webdriver/troubleshooting/errors#invalidsessionidexception
Stacktrace:
Symbols not available. Dumping unresolved backtrace:
	0x7ff7218a88e5
	0x7ff7218a8940
	0x7ff721681465
	0x7ff7216c9d83
	0x7ff721701ee2
	0x7ff7216fc500
	0x7ff7216fb6f0
	0x7ff72164b325
	0x7ff721bc0640
	0x7ff721bbaf80
	0x7ff721bd96e6
	0x7ff7218c5de4
	0x7ff7218ced8c
	0x7ff721649cb8
	0x7ff721d1f008
	0x7ff9a3cce8d7
	0x7ff9a5f8c53c
</status>
</kw>
<kw name="Click Element Safe">
<arg>xpath=//img[@src='assets/icons/inpatient.svg']/ancestor::a</arg>
<status status="NOT RUN" start="2025-12-19T21:51:34.009144" elapsed="0.000057"/>
</kw>
<kw name="Wait For Page Ready">
<status status="NOT RUN" start="2025-12-19T21:51:34.009419" elapsed="0.000026"/>
</kw>
<doc>رفتن به لیست بیماران بستری</doc>
<tag>UI_Test</tag>
<status status="FAIL" start="2025-12-19T21:51:33.688640" elapsed="0.321014">InvalidSessionIdException: Message: invalid session id; For documentation on this error, please visit: https://www.selenium.dev/documentation/webdriver/troubleshooting/errors#invalidsessionidexception
Stacktrace:
Symbols not available. Dumping unresolved backtrace:
	0x7ff7218a88e5
	0x7ff7218a8940
	0x7ff721681465
	0x7ff7216c9d83
	0x7ff721701ee2
	0x7ff7216fc500
	0x7ff7216fb6f0
	0x7ff72164b325
	0x7ff721bc0640
	0x7ff721bbaf80
	0x7ff721bd96e6
	0x7ff7218c5de4
	0x7ff7218ced8c
	0x7ff721649cb8
	0x7ff721d1f008
	0x7ff9a3cce8d7
	0x7ff9a5f8c53c
</status>
</test>
<test id="s1-s1-t8" name="25-UI - Load Preadmit Patient List" line="859">
<kw name="Wait For Page Ready">
<kw name="Run Keyword And Ignore Error" owner="BuiltIn">
<kw name="Wait Until Page Contains Element" owner="SeleniumLibrary">
<msg time="2025-12-19T21:51:34.012880" level="WARN">Keyword 'Capture Page Screenshot' could not be run on failure: Message: invalid session id; For documentation on this error, please visit: https://www.selenium.dev/documentation/webdriver/troubleshooting/errors#invalidsessionidexception
Stacktrace:
Symbols not available. Dumping unresolved backtrace:
	0x7ff7218a88e5
	0x7ff7218a8940
	0x7ff721681465
	0x7ff7216c9d83
	0x7ff721701ee2
	0x7ff7216fc500
	0x7ff7216fb6f0
	0x7ff72164b325
	0x7ff721bc0640
	0x7ff721bbaf80
	0x7ff721bd96e6
	0x7ff7218c5de4
	0x7ff7218ced8c
	0x7ff721649cb8
	0x7ff721d1f008
	0x7ff9a3cce8d7
	0x7ff9a5f8c53c
</msg>
<msg time="2025-12-19T21:51:34.013342" level="FAIL">InvalidSessionIdException: Message: invalid session id; For documentation on this error, please visit: https://www.selenium.dev/documentation/webdriver/troubleshooting/errors#invalidsessionidexception
Stacktrace:
Symbols not available. Dumping unresolved backtrace:
	0x7ff7218a88e5
	0x7ff7218a8940
	0x7ff721681465
	0x7ff7216c9d83
	0x7ff721701ee2
	0x7ff7216fc500
	0x7ff7216fb6f0
	0x7ff72164b325
	0x7ff721bc0640
	0x7ff721bbaf80
	0x7ff721bd96e6
	0x7ff7218c5de4
	0x7ff7218ced8c
	0x7ff721649cb8
	0x7ff721d1f008
	0x7ff9a3cce8d7
	0x7ff9a5f8c53c
</msg>
<arg>${GLOBAL_SPINNER}</arg>
<arg>3</arg>
<doc>Waits until the element ``locator`` appears on the current page.</doc>
<status status="FAIL" start="2025-12-19T21:51:34.010991" elapsed="0.004018">InvalidSessionIdException: Message: invalid session id; For documentation on this error, please visit: https://www.selenium.dev/documentation/webdriver/troubleshooting/errors#invalidsessionidexception
Stacktrace:
Symbols not available. Dumping unresolved backtrace:
	0x7ff7218a88e5
	0x7ff7218a8940
	0x7ff721681465
	0x7ff7216c9d83
	0x7ff721701ee2
	0x7ff7216fc500
	0x7ff7216fb6f0
	0x7ff72164b325
	0x7ff721bc0640
	0x7ff721bbaf80
	0x7ff721bd96e6
	0x7ff7218c5de4
	0x7ff7218ced8c
	0x7ff721649cb8
	0x7ff721d1f008
	0x7ff9a3cce8d7
	0x7ff9a5f8c53c
</status>
</kw>
<arg>Wait Until Page Contains Element</arg>
<arg>${GLOBAL_SPINNER}</arg>
<arg>3</arg>
<doc>Runs the given keyword with the given arguments and ignores possible error.</doc>
<status status="PASS" start="2025-12-19T21:51:34.010880" elapsed="0.004236"/>
</kw>
<kw name="Wait Until Element Is Not Visible" owner="SeleniumLibrary">
<msg time="2025-12-19T21:51:34.016989" level="WARN">Keyword 'Capture Page Screenshot' could not be run on failure: Message: invalid session id; For documentation on this error, please visit: https://www.selenium.dev/documentation/webdriver/troubleshooting/errors#invalidsessionidexception
Stacktrace:
Symbols not available. Dumping unresolved backtrace:
	0x7ff7218a88e5
	0x7ff7218a8940
	0x7ff721681465
	0x7ff7216c9d83
	0x7ff721701ee2
	0x7ff7216fc500
	0x7ff7216fb6f0
	0x7ff72164b325
	0x7ff721bc0640
	0x7ff721bbaf80
	0x7ff721bd96e6
	0x7ff7218c5de4
	0x7ff7218ced8c
	0x7ff721649cb8
	0x7ff721d1f008
	0x7ff9a3cce8d7
	0x7ff9a5f8c53c
</msg>
<msg time="2025-12-19T21:51:34.017558" level="FAIL">InvalidSessionIdException: Message: invalid session id; For documentation on this error, please visit: https://www.selenium.dev/documentation/webdriver/troubleshooting/errors#invalidsessionidexception
Stacktrace:
Symbols not available. Dumping unresolved backtrace:
	0x7ff7218a88e5
	0x7ff7218a8940
	0x7ff721681465
	0x7ff7216c9d83
	0x7ff721701ee2
	0x7ff7216fc500
	0x7ff7216fb6f0
	0x7ff72164b325
	0x7ff721bc0640
	0x7ff721bbaf80
	0x7ff721bd96e6
	0x7ff7218c5de4
	0x7ff7218ced8c
	0x7ff721649cb8
	0x7ff721d1f008
	0x7ff9a3cce8d7
	0x7ff9a5f8c53c
</msg>
<arg>${GLOBAL_SPINNER}</arg>
<arg>${timeout}</arg>
<doc>Waits until the element ``locator`` is not visible.</doc>
<status status="FAIL" start="2025-12-19T21:51:34.015237" elapsed="0.004347">InvalidSessionIdException: Message: invalid session id; For documentation on this error, please visit: https://www.selenium.dev/documentation/webdriver/troubleshooting/errors#invalidsessionidexception
Stacktrace:
Symbols not available. Dumping unresolved backtrace:
	0x7ff7218a88e5
	0x7ff7218a8940
	0x7ff721681465
	0x7ff7216c9d83
	0x7ff721701ee2
	0x7ff7216fc500
	0x7ff7216fb6f0
	0x7ff72164b325
	0x7ff721bc0640
	0x7ff721bbaf80
	0x7ff721bd96e6
	0x7ff7218c5de4
	0x7ff7218ced8c
	0x7ff721649cb8
	0x7ff721d1f008
	0x7ff9a3cce8d7
	0x7ff9a5f8c53c
</status>
</kw>
<status status="FAIL" start="2025-12-19T21:51:34.010655" elapsed="0.009098">InvalidSessionIdException: Message: invalid session id; For documentation on this error, please visit: https://www.selenium.dev/documentation/webdriver/troubleshooting/errors#invalidsessionidexception
Stacktrace:
Symbols not available. Dumping unresolved backtrace:
	0x7ff7218a88e5
	0x7ff7218a8940
	0x7ff721681465
	0x7ff7216c9d83
	0x7ff721701ee2
	0x7ff7216fc500
	0x7ff7216fb6f0
	0x7ff72164b325
	0x7ff721bc0640
	0x7ff721bbaf80
	0x7ff721bd96e6
	0x7ff7218c5de4
	0x7ff7218ced8c
	0x7ff721649cb8
	0x7ff721d1f008
	0x7ff9a3cce8d7
	0x7ff9a5f8c53c
</status>
</kw>
<kw name="Click Element Safe">
<arg>xpath=//span[contains(@class,'mat-checkbox-inner-container')]</arg>
<status status="NOT RUN" start="2025-12-19T21:51:34.020132" elapsed="0.000059"/>
</kw>
<kw name="Wait For Page Ready">
<status status="NOT RUN" start="2025-12-19T21:51:34.020429" elapsed="0.000030"/>
</kw>
<doc>لیست بیماران preadmit</doc>
<tag>UI_Test</tag>
<status status="FAIL" start="2025-12-19T21:51:34.010284" elapsed="0.010429">InvalidSessionIdException: Message: invalid session id; For documentation on this error, please visit: https://www.selenium.dev/documentation/webdriver/troubleshooting/errors#invalidsessionidexception
Stacktrace:
Symbols not available. Dumping unresolved backtrace:
	0x7ff7218a88e5
	0x7ff7218a8940
	0x7ff721681465
	0x7ff7216c9d83
	0x7ff721701ee2
	0x7ff7216fc500
	0x7ff7216fb6f0
	0x7ff72164b325
	0x7ff721bc0640
	0x7ff721bbaf80
	0x7ff721bd96e6
	0x7ff7218c5de4
	0x7ff7218ced8c
	0x7ff721649cb8
	0x7ff721d1f008
	0x7ff9a3cce8d7
	0x7ff9a5f8c53c
</status>
</test>
<test id="s1-s1-t9" name="27-UI - Edit Preadmit Patient" line="954">
<kw name="Fill Input By Id">
<kw name="Wait For Page Ready">
<kw name="Run Keyword And Ignore Error" owner="BuiltIn">
<kw name="Wait Until Page Contains Element" owner="SeleniumLibrary">
<msg time="2025-12-19T21:51:34.024839" level="WARN">Keyword 'Capture Page Screenshot' could not be run on failure: Message: invalid session id; For documentation on this error, please visit: https://www.selenium.dev/documentation/webdriver/troubleshooting/errors#invalidsessionidexception
Stacktrace:
Symbols not available. Dumping unresolved backtrace:
	0x7ff7218a88e5
	0x7ff7218a8940
	0x7ff721681465
	0x7ff7216c9d83
	0x7ff721701ee2
	0x7ff7216fc500
	0x7ff7216fb6f0
	0x7ff72164b325
	0x7ff721bc0640
	0x7ff721bbaf80
	0x7ff721bd96e6
	0x7ff7218c5de4
	0x7ff7218ced8c
	0x7ff721649cb8
	0x7ff721d1f008
	0x7ff9a3cce8d7
	0x7ff9a5f8c53c
</msg>
<msg time="2025-12-19T21:51:34.025413" level="FAIL">InvalidSessionIdException: Message: invalid session id; For documentation on this error, please visit: https://www.selenium.dev/documentation/webdriver/troubleshooting/errors#invalidsessionidexception
Stacktrace:
Symbols not available. Dumping unresolved backtrace:
	0x7ff7218a88e5
	0x7ff7218a8940
	0x7ff721681465
	0x7ff7216c9d83
	0x7ff721701ee2
	0x7ff7216fc500
	0x7ff7216fb6f0
	0x7ff72164b325
	0x7ff721bc0640
	0x7ff721bbaf80
	0x7ff721bd96e6
	0x7ff7218c5de4
	0x7ff7218ced8c
	0x7ff721649cb8
	0x7ff721d1f008
	0x7ff9a3cce8d7
	0x7ff9a5f8c53c
</msg>
<arg>${GLOBAL_SPINNER}</arg>
<arg>3</arg>
<doc>Waits until the element ``locator`` appears on the current page.</doc>
<status status="FAIL" start="2025-12-19T21:51:34.022745" elapsed="0.004730">InvalidSessionIdException: Message: invalid session id; For documentation on this error, please visit: https://www.selenium.dev/documentation/webdriver/troubleshooting/errors#invalidsessionidexception
Stacktrace:
Symbols not available. Dumping unresolved backtrace:
	0x7ff7218a88e5
	0x7ff7218a8940
	0x7ff721681465
	0x7ff7216c9d83
	0x7ff721701ee2
	0x7ff7216fc500
	0x7ff7216fb6f0
	0x7ff72164b325
	0x7ff721bc0640
	0x7ff721bbaf80
	0x7ff721bd96e6
	0x7ff7218c5de4
	0x7ff7218ced8c
	0x7ff721649cb8
	0x7ff721d1f008
	0x7ff9a3cce8d7
	0x7ff9a5f8c53c
</status>
</kw>
<arg>Wait Until Page Contains Element</arg>
<arg>${GLOBAL_SPINNER}</arg>
<arg>3</arg>
<doc>Runs the given keyword with the given arguments and ignores possible error.</doc>
<status status="PASS" start="2025-12-19T21:51:34.022639" elapsed="0.004947"/>
</kw>
<kw name="Wait Until Element Is Not Visible" owner="SeleniumLibrary">
<msg time="2025-12-19T21:51:34.029634" level="WARN">Keyword 'Capture Page Screenshot' could not be run on failure: Message: invalid session id; For documentation on this error, please visit: https://www.selenium.dev/documentation/webdriver/troubleshooting/errors#invalidsessionidexception
Stacktrace:
Symbols not available. Dumping unresolved backtrace:
	0x7ff7218a88e5
	0x7ff7218a8940
	0x7ff721681465
	0x7ff7216c9d83
	0x7ff721701ee2
	0x7ff7216fc500
	0x7ff7216fb6f0
	0x7ff72164b325
	0x7ff721bc0640
	0x7ff721bbaf80
	0x7ff721bd96e6
	0x7ff7218c5de4
	0x7ff7218ced8c
	0x7ff721649cb8
	0x7ff721d1f008
	0x7ff9a3cce8d7
	0x7ff9a5f8c53c
</msg>
<msg time="2025-12-19T21:51:34.030270" level="FAIL">InvalidSessionIdException: Message: invalid session id; For documentation on this error, please visit: https://www.selenium.dev/documentation/webdriver/troubleshooting/errors#invalidsessionidexception
Stacktrace:
Symbols not available. Dumping unresolved backtrace:
	0x7ff7218a88e5
	0x7ff7218a8940
	0x7ff721681465
	0x7ff7216c9d83
	0x7ff721701ee2
	0x7ff7216fc500
	0x7ff7216fb6f0
	0x7ff72164b325
	0x7ff721bc0640
	0x7ff721bbaf80
	0x7ff721bd96e6
	0x7ff7218c5de4
	0x7ff7218ced8c
	0x7ff721649cb8
	0x7ff721d1f008
	0x7ff9a3cce8d7
	0x7ff9a5f8c53c
</msg>
<arg>${GLOBAL_SPINNER}</arg>
<arg>${timeout}</arg>
<doc>Waits until the element ``locator`` is not visible.</doc>
<status status="FAIL" start="2025-12-19T21:51:34.027709" elapsed="0.004862">InvalidSessionIdException: Message: invalid session id; For documentation on this error, please visit: https://www.selenium.dev/documentation/webdriver/troubleshooting/errors#invalidsessionidexception
Stacktrace:
Symbols not available. Dumping unresolved backtrace:
	0x7ff7218a88e5
	0x7ff7218a8940
	0x7ff721681465
	0x7ff7216c9d83
	0x7ff721701ee2
	0x7ff7216fc500
	0x7ff7216fb6f0
	0x7ff72164b325
	0x7ff721bc0640
	0x7ff721bbaf80
	0x7ff721bd96e6
	0x7ff7218c5de4
	0x7ff7218ced8c
	0x7ff721649cb8
	0x7ff721d1f008
	0x7ff9a3cce8d7
	0x7ff9a5f8c53c
</status>
</kw>
<status status="FAIL" start="2025-12-19T21:51:34.022465" elapsed="0.010508">InvalidSessionIdException: Message: invalid session id; For documentation on this error, please visit: https://www.selenium.dev/documentation/webdriver/troubleshooting/errors#invalidsessionidexception
Stacktrace:
Symbols not available. Dumping unresolved backtrace:
	0x7ff7218a88e5
	0x7ff7218a8940
	0x7ff721681465
	0x7ff7216c9d83
	0x7ff721701ee2
	0x7ff7216fc500
	0x7ff7216fb6f0
	0x7ff72164b325
	0x7ff721bc0640
	0x7ff721bbaf80
	0x7ff721bd96e6
	0x7ff7218c5de4
	0x7ff7218ced8c
	0x7ff721649cb8
	0x7ff721d1f008
	0x7ff9a3cce8d7
	0x7ff9a5f8c53c
</status>
</kw>
<kw name="Wait For Spinner Hidden">
<doc>صبر کردن تا loading Angular ناپدید شود</doc>
<status status="NOT RUN" start="2025-12-19T21:51:34.033130" elapsed="0.000030"/>
</kw>
<kw name="Wait Until Element Is Visible" owner="SeleniumLibrary">
<arg>id=${id}</arg>
<doc>Waits until the element ``locator`` is visible.</doc>
<status status="NOT RUN" start="2025-12-19T21:51:34.033248" elapsed="0.000020"/>
</kw>
<kw name="Clear Element Text" owner="SeleniumLibrary">
<arg>id=${id}</arg>
<doc>Clears the value of the text-input-element identified by ``locator``.</doc>
<status status="NOT RUN" start="2025-12-19T21:51:34.033334" elapsed="0.000018"/>
</kw>
<kw name="Input Text" owner="SeleniumLibrary">
<arg>id=${id}</arg>
<arg>${value}</arg>
<doc>Types the given ``text`` into the text field identified by ``locator``.</doc>
<status status="NOT RUN" start="2025-12-19T21:51:34.033414" elapsed="0.000017"/>
</kw>
<arg>mat-input-56</arg>
<arg>1520554001</arg>
<status status="FAIL" start="2025-12-19T21:51:34.022157" elapsed="0.011354">InvalidSessionIdException: Message: invalid session id; For documentation on this error, please visit: https://www.selenium.dev/documentation/webdriver/troubleshooting/errors#invalidsessionidexception
Stacktrace:
Symbols not available. Dumping unresolved backtrace:
	0x7ff7218a88e5
	0x7ff7218a8940
	0x7ff721681465
	0x7ff7216c9d83
	0x7ff721701ee2
	0x7ff7216fc500
	0x7ff7216fb6f0
	0x7ff72164b325
	0x7ff721bc0640
	0x7ff721bbaf80
	0x7ff721bd96e6
	0x7ff7218c5de4
	0x7ff7218ced8c
	0x7ff721649cb8
	0x7ff721d1f008
	0x7ff9a3cce8d7
	0x7ff9a5f8c53c
</status>
</kw>
<kw name="Click Element Safe">
<arg>css=button.mat-tooltip-trigger.btn.btn-warning</arg>
<status status="NOT RUN" start="2025-12-19T21:51:34.033840" elapsed="0.000029"/>
</kw>
<kw name="Wait For Page Ready">
<status status="NOT RUN" start="2025-12-19T21:51:34.034204" elapsed="0.000049"/>
</kw>
<kw name="Click Element Safe">
<arg>css=button.mat-tooltip-trigger.btn-action.ng-star-inserted</arg>
<status status="NOT RUN" start="2025-12-19T21:51:34.034524" elapsed="0.000023"/>
</kw>
<kw name="Wait For Page Ready">
<status status="NOT RUN" start="2025-12-19T21:51:34.034719" elapsed="0.000020"/>
</kw>
<kw name="Click Element Safe">
<arg>css=button.mat-tooltip-trigger.btn.btn-edit1</arg>
<status status="NOT RUN" start="2025-12-19T21:51:34.034908" elapsed="0.000025"/>
</kw>
<kw name="Wait For Page Ready">
<status status="NOT RUN" start="2025-12-19T21:51:34.035096" elapsed="0.000017"/>
</kw>
<kw name="Select From Ng Select">
<arg>wardfileld</arg>
<arg>اطفال 2 - تخت خالی (33)</arg>
<status status="NOT RUN" start="2025-12-19T21:51:34.035269" elapsed="0.000019"/>
</kw>
<kw name="Select From Ng Select">
<arg>doctorField</arg>
<arg>Siavash Siavash</arg>
<status status="NOT RUN" start="2025-12-19T21:51:34.035455" elapsed="0.000016"/>
</kw>
<kw name="Wait For Page Ready">
<status status="NOT RUN" start="2025-12-19T21:51:34.035806" elapsed="0.000018"/>
</kw>
<kw name="Click Element Safe">
<arg>css=button.btn-saveFile</arg>
<status status="NOT RUN" start="2025-12-19T21:51:34.035999" elapsed="0.000018"/>
</kw>
<kw name="Wait For Page Ready">
<status status="NOT RUN" start="2025-12-19T21:51:34.036168" elapsed="0.000018"/>
</kw>
<kw name="Click Element Safe">
<arg>css=button.swal2-deny.swal2-styled</arg>
<status status="NOT RUN" start="2025-12-19T21:51:34.036509" elapsed="0.000036"/>
</kw>
<kw name="Wait For Page Ready">
<status status="NOT RUN" start="2025-12-19T21:51:34.036735" elapsed="0.000027"/>
</kw>
<kw name="Click Element Safe">
<arg>xpath=//span[contains(@class,'mat-checkbox-inner-container')]</arg>
<status status="NOT RUN" start="2025-12-19T21:51:34.036912" elapsed="0.000022"/>
</kw>
<kw name="Wait For Page Ready">
<status status="NOT RUN" start="2025-12-19T21:51:34.037186" elapsed="0.000032"/>
</kw>
<doc>ویرایش بیمار preadmit</doc>
<tag>UI_Test</tag>
<status status="FAIL" start="2025-12-19T21:51:34.021547" elapsed="0.015892">InvalidSessionIdException: Message: invalid session id; For documentation on this error, please visit: https://www.selenium.dev/documentation/webdriver/troubleshooting/errors#invalidsessionidexception
Stacktrace:
Symbols not available. Dumping unresolved backtrace:
	0x7ff7218a88e5
	0x7ff7218a8940
	0x7ff721681465
	0x7ff7216c9d83
	0x7ff721701ee2
	0x7ff7216fc500
	0x7ff7216fb6f0
	0x7ff72164b325
	0x7ff721bc0640
	0x7ff721bbaf80
	0x7ff721bd96e6
	0x7ff7218c5de4
	0x7ff7218ced8c
	0x7ff721649cb8
	0x7ff721d1f008
	0x7ff9a3cce8d7
	0x7ff9a5f8c53c
</status>
</test>
<test id="s1-s1-t10" name="29-UI - Cancel Preadmit" line="1176">
<kw name="Input Text" owner="SeleniumLibrary">
<msg time="2025-12-19T21:51:34.038612" level="INFO">Typing text '1520554001' into text field 'xpath=//input[@formcontrolname='nationalCode']'.</msg>
<msg time="2025-12-19T21:51:34.040162" level="WARN">Keyword 'Capture Page Screenshot' could not be run on failure: Message: invalid session id; For documentation on this error, please visit: https://www.selenium.dev/documentation/webdriver/troubleshooting/errors#invalidsessionidexception
Stacktrace:
Symbols not available. Dumping unresolved backtrace:
	0x7ff7218a88e5
	0x7ff7218a8940
	0x7ff721681465
	0x7ff7216c9d83
	0x7ff721701ee2
	0x7ff7216fc500
	0x7ff7216fb6f0
	0x7ff72164b325
	0x7ff721bc0640
	0x7ff721bbaf80
	0x7ff721bd96e6
	0x7ff7218c5de4
	0x7ff7218ced8c
	0x7ff721649cb8
	0x7ff721d1f008
	0x7ff9a3cce8d7
	0x7ff9a5f8c53c
</msg>
<msg time="2025-12-19T21:51:34.040577" level="FAIL">InvalidSessionIdException: Message: invalid session id; For documentation on this error, please visit: https://www.selenium.dev/documentation/webdriver/troubleshooting/errors#invalidsessionidexception
Stacktrace:
Symbols not available. Dumping unresolved backtrace:
	0x7ff7218a88e5
	0x7ff7218a8940
	0x7ff721681465
	0x7ff7216c9d83
	0x7ff721701ee2
	0x7ff7216fc500
	0x7ff7216fb6f0
	0x7ff72164b325
	0x7ff721bc0640
	0x7ff721bbaf80
	0x7ff721bd96e6
	0x7ff7218c5de4
	0x7ff7218ced8c
	0x7ff721649cb8
	0x7ff721d1f008
	0x7ff9a3cce8d7
	0x7ff9a5f8c53c
</msg>
<arg>xpath=//input[@formcontrolname='nationalCode']</arg>
<arg>${nationalCode}</arg>
<doc>Types the given ``text`` into the text field identified by ``locator``.</doc>
<status status="FAIL" start="2025-12-19T21:51:34.038421" elapsed="0.003498">InvalidSessionIdException: Message: invalid session id; For documentation on this error, please visit: https://www.selenium.dev/documentation/webdriver/troubleshooting/errors#invalidsessionidexception
Stacktrace:
Symbols not available. Dumping unresolved backtrace:
	0x7ff7218a88e5
	0x7ff7218a8940
	0x7ff721681465
	0x7ff7216c9d83
	0x7ff721701ee2
	0x7ff7216fc500
	0x7ff7216fb6f0
	0x7ff72164b325
	0x7ff721bc0640
	0x7ff721bbaf80
	0x7ff721bd96e6
	0x7ff7218c5de4
	0x7ff7218ced8c
	0x7ff721649cb8
	0x7ff721d1f008
	0x7ff9a3cce8d7
	0x7ff9a5f8c53c
</status>
</kw>
<kw name="Click Element Safe">
<arg>css=button.mat-tooltip-trigger.btn.btn-warning</arg>
<status status="NOT RUN" start="2025-12-19T21:51:34.042236" elapsed="0.000047"/>
</kw>
<kw name="Wait For Page Ready">
<status status="NOT RUN" start="2025-12-19T21:51:34.042521" elapsed="0.000039"/>
</kw>
<kw name="Click Element Safe">
<arg>xpath=//button[not(@hidden) and .//mat-icon[normalize-space(.)='cancel']]</arg>
<status status="NOT RUN" start="2025-12-19T21:51:34.042788" elapsed="0.000038"/>
</kw>
<kw name="Wait For Page Ready">
<status status="NOT RUN" start="2025-12-19T21:51:34.043030" elapsed="0.000035"/>
</kw>
<kw name="Click Element Safe">
<arg>xpath=//button[contains(@class,'swal2-confirm') and normalize-space(.)='بله']</arg>
<status status="NOT RUN" start="2025-12-19T21:51:34.043289" elapsed="0.000041"/>
</kw>
<doc>لغو پذیرش preadmit</doc>
<tag>UI_Test</tag>
<status status="FAIL" start="2025-12-19T21:51:34.038106" elapsed="0.005481">InvalidSessionIdException: Message: invalid session id; For documentation on this error, please visit: https://www.selenium.dev/documentation/webdriver/troubleshooting/errors#invalidsessionidexception
Stacktrace:
Symbols not available. Dumping unresolved backtrace:
	0x7ff7218a88e5
	0x7ff7218a8940
	0x7ff721681465
	0x7ff7216c9d83
	0x7ff721701ee2
	0x7ff7216fc500
	0x7ff7216fb6f0
	0x7ff72164b325
	0x7ff721bc0640
	0x7ff721bbaf80
	0x7ff721bd96e6
	0x7ff7218c5de4
	0x7ff7218ced8c
	0x7ff721649cb8
	0x7ff721d1f008
	0x7ff9a3cce8d7
	0x7ff9a5f8c53c
</status>
</test>
<status status="FAIL" start="2025-12-19T21:50:05.205313" elapsed="88.839179"/>
</suite>
<status status="FAIL" start="2025-12-19T21:50:05.184129" elapsed="88.861367"/>
</suite>
<statistics>
<total>
<stat pass="5" fail="5" skip="0">All Tests</stat>
</total>
<tag>
<stat pass="1" fail="0" skip="0">STEP_01_Open_Browser</stat>
<stat pass="5" fail="5" skip="0">UI_Test</stat>
</tag>
<suite>
<stat name="AdmitHis-Test" id="s1" pass="5" fail="5" skip="0">AdmitHis-Test</stat>
<stat name="AdmitHis" id="s1-s1" pass="5" fail="5" skip="0">AdmitHis-Test.AdmitHis</stat>
</suite>
</statistics>
<errors>
<msg time="2025-12-19T21:51:34.001778" level="WARN">Keyword 'Capture Page Screenshot' could not be run on failure: Message: invalid session id; For documentation on this error, please visit: https://www.selenium.dev/documentation/webdriver/troubleshooting/errors#invalidsessionidexception
Stacktrace:
Symbols not available. Dumping unresolved backtrace:
	0x7ff7218a88e5
	0x7ff7218a8940
	0x7ff721681465
	0x7ff7216c9d83
	0x7ff721701ee2
	0x7ff7216fc500
	0x7ff7216fb6f0
	0x7ff72164b325
	0x7ff721bc0640
	0x7ff721bbaf80
	0x7ff721bd96e6
	0x7ff7218c5de4
	0x7ff7218ced8c
	0x7ff721649cb8
	0x7ff721d1f008
	0x7ff9a3cce8d7
	0x7ff9a5f8c53c
</msg>
<msg time="2025-12-19T21:51:34.006655" level="WARN">Keyword 'Capture Page Screenshot' could not be run on failure: Message: invalid session id; For documentation on this error, please visit: https://www.selenium.dev/documentation/webdriver/troubleshooting/errors#invalidsessionidexception
Stacktrace:
Symbols not available. Dumping unresolved backtrace:
	0x7ff7218a88e5
	0x7ff7218a8940
	0x7ff721681465
	0x7ff7216c9d83
	0x7ff721701ee2
	0x7ff7216fc500
	0x7ff7216fb6f0
	0x7ff72164b325
	0x7ff721bc0640
	0x7ff721bbaf80
	0x7ff721bd96e6
	0x7ff7218c5de4
	0x7ff7218ced8c
	0x7ff721649cb8
	0x7ff721d1f008
	0x7ff9a3cce8d7
	0x7ff9a5f8c53c
</msg>
<msg time="2025-12-19T21:51:34.012880" level="WARN">Keyword 'Capture Page Screenshot' could not be run on failure: Message: invalid session id; For documentation on this error, please visit: https://www.selenium.dev/documentation/webdriver/troubleshooting/errors#invalidsessionidexception
Stacktrace:
Symbols not available. Dumping unresolved backtrace:
	0x7ff7218a88e5
	0x7ff7218a8940
	0x7ff721681465
	0x7ff7216c9d83
	0x7ff721701ee2
	0x7ff7216fc500
	0x7ff7216fb6f0
	0x7ff72164b325
	0x7ff721bc0640
	0x7ff721bbaf80
	0x7ff721bd96e6
	0x7ff7218c5de4
	0x7ff7218ced8c
	0x7ff721649cb8
	0x7ff721d1f008
	0x7ff9a3cce8d7
	0x7ff9a5f8c53c
</msg>
<msg time="2025-12-19T21:51:34.016989" level="WARN">Keyword 'Capture Page Screenshot' could not be run on failure: Message: invalid session id; For documentation on this error, please visit: https://www.selenium.dev/documentation/webdriver/troubleshooting/errors#invalidsessionidexception
Stacktrace:
Symbols not available. Dumping unresolved backtrace:
	0x7ff7218a88e5
	0x7ff7218a8940
	0x7ff721681465
	0x7ff7216c9d83
	0x7ff721701ee2
	0x7ff7216fc500
	0x7ff7216fb6f0
	0x7ff72164b325
	0x7ff721bc0640
	0x7ff721bbaf80
	0x7ff721bd96e6
	0x7ff7218c5de4
	0x7ff7218ced8c
	0x7ff721649cb8
	0x7ff721d1f008
	0x7ff9a3cce8d7
	0x7ff9a5f8c53c
</msg>
<msg time="2025-12-19T21:51:34.024839" level="WARN">Keyword 'Capture Page Screenshot' could not be run on failure: Message: invalid session id; For documentation on this error, please visit: https://www.selenium.dev/documentation/webdriver/troubleshooting/errors#invalidsessionidexception
Stacktrace:
Symbols not available. Dumping unresolved backtrace:
	0x7ff7218a88e5
	0x7ff7218a8940
	0x7ff721681465
	0x7ff7216c9d83
	0x7ff721701ee2
	0x7ff7216fc500
	0x7ff7216fb6f0
	0x7ff72164b325
	0x7ff721bc0640
	0x7ff721bbaf80
	0x7ff721bd96e6
	0x7ff7218c5de4
	0x7ff7218ced8c
	0x7ff721649cb8
	0x7ff721d1f008
	0x7ff9a3cce8d7
	0x7ff9a5f8c53c
</msg>
<msg time="2025-12-19T21:51:34.029634" level="WARN">Keyword 'Capture Page Screenshot' could not be run on failure: Message: invalid session id; For documentation on this error, please visit: https://www.selenium.dev/documentation/webdriver/troubleshooting/errors#invalidsessionidexception
Stacktrace:
Symbols not available. Dumping unresolved backtrace:
	0x7ff7218a88e5
	0x7ff7218a8940
	0x7ff721681465
	0x7ff7216c9d83
	0x7ff721701ee2
	0x7ff7216fc500
	0x7ff7216fb6f0
	0x7ff72164b325
	0x7ff721bc0640
	0x7ff721bbaf80
	0x7ff721bd96e6
	0x7ff7218c5de4
	0x7ff7218ced8c
	0x7ff721649cb8
	0x7ff721d1f008
	0x7ff9a3cce8d7
	0x7ff9a5f8c53c
</msg>
<msg time="2025-12-19T21:51:34.040162" level="WARN">Keyword 'Capture Page Screenshot' could not be run on failure: Message: invalid session id; For documentation on this error, please visit: https://www.selenium.dev/documentation/webdriver/troubleshooting/errors#invalidsessionidexception
Stacktrace:
Symbols not available. Dumping unresolved backtrace:
	0x7ff7218a88e5
	0x7ff7218a8940
	0x7ff721681465
	0x7ff7216c9d83
	0x7ff721701ee2
	0x7ff7216fc500
	0x7ff7216fb6f0
	0x7ff72164b325
	0x7ff721bc0640
	0x7ff721bbaf80
	0x7ff721bd96e6
	0x7ff7218c5de4
	0x7ff7218ced8c
	0x7ff721649cb8
	0x7ff721d1f008
	0x7ff9a3cce8d7
	0x7ff9a5f8c53c
</msg>
</errors>
</robot>
