<?xml version="1.0" encoding="UTF-8"?>
<robot generator="Robot 7.4.2 (Python 3.13.13 on win32)" generated="2026-06-13T01:08:17.383009" rpa="false" schemaversion="5">
<suite id="s1" name="AdmitHis-UI" source="D:\Mehrshad\Test-Project\HisAdmit\AdmitHis-Test\AdmitHis-UI.robot">
<kw name="Create AdmitHIS Session" owner="AdmitHis-UI-keywords" type="SETUP">
<kw name="Create Session" owner="RequestsLibrary">
<msg time="2026-06-13T01:08:17.833137" level="INFO">Creating Session using : alias=HIS, url=http://192.168.5.19:1600, headers={},                     cookies={}, auth=None, timeout=None, proxies=None, verify=False,                     debug=0 </msg>
<arg>HIS</arg>
<arg>${AdmitHis_Api_URL}</arg>
<arg>verify=${False}</arg>
<doc>Create Session: create a HTTP session to a server</doc>
<status status="PASS" start="2026-06-13T01:08:17.832836" elapsed="0.000752"/>
</kw>
<status status="PASS" start="2026-06-13T01:08:17.832065" elapsed="0.001697"/>
</kw>
<test id="s1-t1" name="TC_EPD_HIS_02_SC_02_01 - Creating a patient file without a history" line="57">
<kw name="Disable Screenshots" owner="AdmitHis-UI-keywords">
<kw name="Register Keyword To Run On Failure" owner="SeleniumLibrary">
<msg time="2026-06-13T01:08:17.836213" level="INFO">No keyword will be run on failure.</msg>
<arg>NONE</arg>
<doc>Sets the keyword to execute, when a SeleniumLibrary keyword fails.</doc>
<status status="PASS" start="2026-06-13T01:08:17.836056" elapsed="0.000217"/>
</kw>
<status status="PASS" start="2026-06-13T01:08:17.835749" elapsed="0.000605"/>
</kw>
<kw name="Start Browser AdmitHis With Token" owner="AdmitHis-UI-keywords">
<kw name="Open Browser" owner="SeleniumLibrary">
<msg time="2026-06-13T01:08:17.838188" level="WARN">executable_path is being deprecated. Please use service to configure the driver's executable_path as per documentation.</msg>
<msg time="2026-06-13T01:08:17.839172" level="INFO">Opening browser 'chrome' to base url 'http://192.168.5.19:8019/filing'.</msg>
<arg>${AdmitHis_App_URL}</arg>
<arg>chrome</arg>
<arg>executable_path=C:/chromedriver.exe</arg>
<doc>Opens a new browser instance to the optional ``url``.</doc>
<status status="PASS" start="2026-06-13T01:08:17.837952" elapsed="1.883106"/>
</kw>
<kw name="Maximize Browser Window" owner="SeleniumLibrary">
<doc>Maximizes current browser window.</doc>
<status status="PASS" start="2026-06-13T01:08:19.721258" elapsed="0.027244"/>
</kw>
<kw name="Add Cookie" owner="SeleniumLibrary">
<arg>token</arg>
<arg>${COOKIE_TOKEN}</arg>
<doc>Adds a cookie to your current session.</doc>
<status status="PASS" start="2026-06-13T01:08:19.748830" elapsed="0.012875"/>
</kw>
<kw name="Reload Page" owner="SeleniumLibrary">
<doc>Simulates user reloading page.</doc>
<status status="PASS" start="2026-06-13T01:08:19.761939" elapsed="0.241342"/>
</kw>
<doc>باز کردن کروم + تزریق کوکی token</doc>
<status status="PASS" start="2026-06-13T01:08:17.837697" elapsed="2.165769"/>
</kw>
<kw name="Go To AdmitHis Page" owner="AdmitHis-UI-keywords">
<kw name="Go To" owner="SeleniumLibrary">
<msg time="2026-06-13T01:08:20.004675" level="INFO">Opening url 'http://192.168.5.19:8019/filing'</msg>
<arg>${AdmitHis_App_URL}</arg>
<doc>Navigates the current browser window to the provided ``url``.</doc>
<status status="PASS" start="2026-06-13T01:08:20.004520" elapsed="0.078726"/>
</kw>
<kw name="Reload Page" owner="SeleniumLibrary">
<doc>Simulates user reloading page.</doc>
<status status="PASS" start="2026-06-13T01:08:20.083423" elapsed="0.080515"/>
</kw>
<doc>رفتن مستقیم به صفحه پذیرش بستری</doc>
<status status="PASS" start="2026-06-13T01:08:20.004219" elapsed="0.159924"/>
</kw>
<kw name="Wait For Page Ready" owner="AdmitHis-UI-keywords">
<kw name="Run Keyword And Ignore Error" owner="BuiltIn">
<kw name="Wait Until Page Contains Element" owner="SeleniumLibrary">
<msg time="2026-06-13T01:08:23.200034" level="FAIL">Element 'css=.ngx-spinner-overlay,.loading-overlay,.spinner,.mat-progress-spinner,.cdk-overlay-backdrop' did not appear in 3 seconds.</msg>
<arg>${GLOBAL_SPINNER}</arg>
<arg>3</arg>
<doc>Waits until the element ``locator`` appears on the current page.</doc>
<status status="FAIL" start="2026-06-13T01:08:20.165343" elapsed="3.042432">Element 'css=.ngx-spinner-overlay,.loading-overlay,.spinner,.mat-progress-spinner,.cdk-overlay-backdrop' did not appear in 3 seconds.</status>
</kw>
<arg>Wait Until Page Contains Element</arg>
<arg>${GLOBAL_SPINNER}</arg>
<arg>3</arg>
<doc>Runs the given keyword with the given arguments and ignores possible error.</doc>
<status status="PASS" start="2026-06-13T01:08:20.164869" elapsed="3.043330"/>
</kw>
<kw name="Wait Until Element Is Not Visible" owner="SeleniumLibrary">
<arg>${GLOBAL_SPINNER}</arg>
<arg>${timeout}</arg>
<doc>Waits until the element ``locator`` is not visible.</doc>
<status status="PASS" start="2026-06-13T01:08:23.208748" elapsed="0.023050"/>
</kw>
<status status="PASS" start="2026-06-13T01:08:20.164553" elapsed="3.067646"/>
</kw>
<kw name="Wait For Spinner Hidden" owner="AdmitHis-UI-keywords">
<kw name="Wait Until Element Is Not Visible" owner="SeleniumLibrary">
<arg>css=div.back-spenner.ng-star-inserted</arg>
<arg>1000</arg>
<doc>Waits until the element ``locator`` is not visible.</doc>
<status status="PASS" start="2026-06-13T01:08:23.234050" elapsed="0.025243"/>
</kw>
<doc>صبر کردن تا loading Angular ناپدید شود</doc>
<status status="PASS" start="2026-06-13T01:08:23.233246" elapsed="0.026315"/>
</kw>
<kw name="Step01 - Verify National Code Format" owner="AdmitHis-UI-keywords">
<kw name="Wait For Page Ready" owner="AdmitHis-UI-keywords">
<kw name="Run Keyword And Ignore Error" owner="BuiltIn">
<kw name="Wait Until Page Contains Element" owner="SeleniumLibrary">
<msg time="2026-06-13T01:08:26.335241" level="FAIL">Element 'css=.ngx-spinner-overlay,.loading-overlay,.spinner,.mat-progress-spinner,.cdk-overlay-backdrop' did not appear in 3 seconds.</msg>
<arg>${GLOBAL_SPINNER}</arg>
<arg>3</arg>
<doc>Waits until the element ``locator`` appears on the current page.</doc>
<status status="FAIL" start="2026-06-13T01:08:23.264332" elapsed="3.080198">Element 'css=.ngx-spinner-overlay,.loading-overlay,.spinner,.mat-progress-spinner,.cdk-overlay-backdrop' did not appear in 3 seconds.</status>
</kw>
<arg>Wait Until Page Contains Element</arg>
<arg>${GLOBAL_SPINNER}</arg>
<arg>3</arg>
<doc>Runs the given keyword with the given arguments and ignores possible error.</doc>
<status status="PASS" start="2026-06-13T01:08:23.263042" elapsed="3.081918"/>
</kw>
<kw name="Wait Until Element Is Not Visible" owner="SeleniumLibrary">
<arg>${GLOBAL_SPINNER}</arg>
<arg>${timeout}</arg>
<doc>Waits until the element ``locator`` is not visible.</doc>
<status status="PASS" start="2026-06-13T01:08:26.345505" elapsed="0.016890"/>
</kw>
<status status="PASS" start="2026-06-13T01:08:23.261746" elapsed="3.100916"/>
</kw>
<kw name="Wait For Spinner Hidden" owner="AdmitHis-UI-keywords">
<kw name="Wait Until Element Is Not Visible" owner="SeleniumLibrary">
<arg>css=div.back-spenner.ng-star-inserted</arg>
<arg>1000</arg>
<doc>Waits until the element ``locator`` is not visible.</doc>
<status status="PASS" start="2026-06-13T01:08:26.363662" elapsed="0.014510"/>
</kw>
<doc>صبر کردن تا loading Angular ناپدید شود</doc>
<status status="PASS" start="2026-06-13T01:08:26.363050" elapsed="0.015371"/>
</kw>
<kw name="Wait Until Element Is Visible" owner="SeleniumLibrary">
<arg>xpath=//ng-select[@formcontrolname='nationality']</arg>
<arg>30</arg>
<doc>Waits until the element ``locator`` is visible.</doc>
<status status="PASS" start="2026-06-13T01:08:26.378734" elapsed="1.841870"/>
</kw>
<kw name="Select From Ng Select" owner="AdmitHis-UI-keywords">
<kw name="Wait For Spinner Hidden" owner="AdmitHis-UI-keywords">
<kw name="Wait Until Element Is Not Visible" owner="SeleniumLibrary">
<arg>css=div.back-spenner.ng-star-inserted</arg>
<arg>1000</arg>
<doc>Waits until the element ``locator`` is not visible.</doc>
<status status="PASS" start="2026-06-13T01:08:28.221656" elapsed="3.283669"/>
</kw>
<doc>صبر کردن تا loading Angular ناپدید شود</doc>
<status status="PASS" start="2026-06-13T01:08:28.221250" elapsed="3.284451"/>
</kw>
<kw name="Wait Until Element Is Visible" owner="SeleniumLibrary">
<arg>css=ng-select[formcontrolname='${formcontrol}']</arg>
<doc>Waits until the element ``locator`` is visible.</doc>
<status status="PASS" start="2026-06-13T01:08:31.505975" elapsed="0.031230"/>
</kw>
<kw name="Click Element" owner="SeleniumLibrary">
<msg time="2026-06-13T01:08:31.538265" level="INFO">Clicking element 'css=ng-select[formcontrolname='nationality']'.</msg>
<arg>css=ng-select[formcontrolname='${formcontrol}']</arg>
<doc>Click the element identified by ``locator``.</doc>
<status status="PASS" start="2026-06-13T01:08:31.537478" elapsed="0.139141"/>
</kw>
<kw name="Wait Until Element Is Visible" owner="SeleniumLibrary">
<arg>css=ng-select[formcontrolname='${formcontrol}'] input[type='text']</arg>
<doc>Waits until the element ``locator`` is visible.</doc>
<status status="PASS" start="2026-06-13T01:08:31.676842" elapsed="0.025685"/>
</kw>
<kw name="Input Text" owner="SeleniumLibrary">
<msg time="2026-06-13T01:08:31.703628" level="INFO">Typing text 'ایرانی' into text field 'css=ng-select[formcontrolname='nationality'] input[type='text']'.</msg>
<arg>css=ng-select[formcontrolname='${formcontrol}'] input[type='text']</arg>
<arg>${value}</arg>
<doc>Types the given ``text`` into the text field identified by ``locator``.</doc>
<status status="PASS" start="2026-06-13T01:08:31.702919" elapsed="0.160582"/>
</kw>
<kw name="Wait Until Element Is Visible" owner="SeleniumLibrary">
<arg>xpath=//div[contains(@class,'ng-option') and contains(normalize-space(.), '${value}')]</arg>
<doc>Waits until the element ``locator`` is visible.</doc>
<status status="PASS" start="2026-06-13T01:08:31.863831" elapsed="0.021512"/>
</kw>
<kw name="Click Element" owner="SeleniumLibrary">
<msg time="2026-06-13T01:08:31.885852" level="INFO">Clicking element 'xpath=//div[contains(@class,'ng-option') and contains(normalize-space(.), 'ایرانی')]'.</msg>
<arg>xpath=//div[contains(@class,'ng-option') and contains(normalize-space(.), '${value}')]</arg>
<doc>Click the element identified by ``locator``.</doc>
<status status="PASS" start="2026-06-13T01:08:31.885529" elapsed="0.056911"/>
</kw>
<kw name="Press Keys" owner="SeleniumLibrary">
<msg time="2026-06-13T01:08:31.942941" level="INFO">Sending key(s) ('TAB',) to css=ng-select[formcontrolname='nationality'] input[type='text'] element.</msg>
<msg time="2026-06-13T01:08:32.253781" level="INFO">Pressing special key TAB to element.</msg>
<msg time="2026-06-13T01:08:32.253923" level="INFO">Releasing special key TAB.</msg>
<arg>css=ng-select[formcontrolname='${formcontrol}'] input[type='text']</arg>
<arg>TAB</arg>
<doc>Simulates the user pressing key(s) to an element or on the active browser.</doc>
<status status="PASS" start="2026-06-13T01:08:31.942622" elapsed="0.353787"/>
</kw>
<arg>nationality</arg>
<arg>ایرانی</arg>
<status status="PASS" start="2026-06-13T01:08:28.220895" elapsed="4.075666"/>
</kw>
<kw name="Input Text" owner="SeleniumLibrary">
<msg time="2026-06-13T01:08:32.297000" level="INFO">Typing text '152055400' into text field 'xpath=//input[@formcontrolname='nationalCode']'.</msg>
<arg>xpath=//input[@formcontrolname='nationalCode']</arg>
<arg>152055400</arg>
<doc>Types the given ``text`` into the text field identified by ``locator``.</doc>
<status status="PASS" start="2026-06-13T01:08:32.296724" elapsed="0.213886"/>
</kw>
<kw name="Click Element" owner="SeleniumLibrary">
<msg time="2026-06-13T01:08:32.511407" level="INFO">Clicking element 'xpath=//button[.//span[contains(text(),'استحقاق درمان')]]'.</msg>
<arg>xpath=//button[.//span[contains(text(),'استحقاق درمان')]]</arg>
<doc>Click the element identified by ``locator``.</doc>
<status status="PASS" start="2026-06-13T01:08:32.510936" elapsed="0.134710"/>
</kw>
<kw name="Wait Until Element Is Visible" owner="SeleniumLibrary">
<arg>xpath=//div[contains(@class,'toast-message')]</arg>
<arg>30</arg>
<doc>Waits until the element ``locator`` is visible.</doc>
<status status="PASS" start="2026-06-13T01:08:32.646051" elapsed="4.723588"/>
</kw>
<kw name="Get Text" owner="SeleniumLibrary">
<msg time="2026-06-13T01:08:37.397337" level="INFO">${message} = ارتباط با سرویس استعلام برقرار نشد.</msg>
<var>${message}</var>
<arg>xpath=//div[contains(@class,'toast-message')]</arg>
<doc>Returns the text value of the element identified by ``locator``.</doc>
<status status="PASS" start="2026-06-13T01:08:37.369817" elapsed="0.027592"/>
</kw>
<if>
<branch type="IF" condition="'ارتباط با سرویس استعلام برقرار نشد.' in '${message}'">
<kw name="Log To Console" owner="BuiltIn">
<arg>Service Is Unavailable</arg>
<doc>Logs the given message to the console.</doc>
<status status="PASS" start="2026-06-13T01:08:37.398006" elapsed="0.000544"/>
</kw>
<status status="PASS" start="2026-06-13T01:08:37.397625" elapsed="0.001153"/>
</branch>
<branch type="ELSE">
<kw name="Should Contain" owner="BuiltIn">
<arg>${message}</arg>
<arg>کد ملی نامعتبر است</arg>
<doc>Fails if ``container`` does not contain ``item`` one or more times.</doc>
<status status="NOT RUN" start="2026-06-13T01:08:37.399222" elapsed="0.000085"/>
</kw>
<status status="NOT RUN" start="2026-06-13T01:08:37.398919" elapsed="0.000501"/>
</branch>
<status status="PASS" start="2026-06-13T01:08:37.397577" elapsed="0.001932"/>
</if>
<kw name="Clear Element Text" owner="SeleniumLibrary">
<arg>xpath=//input[@formcontrolname='nationalCode']</arg>
<doc>Clears the value of the text-input-element identified by ``locator``.</doc>
<status status="PASS" start="2026-06-13T01:08:37.399746" elapsed="0.053753"/>
</kw>
<kw name="Input Text" owner="SeleniumLibrary">
<msg time="2026-06-13T01:08:37.454206" level="INFO">Typing text '1520554001' into text field 'xpath=//input[@formcontrolname='nationalCode']'.</msg>
<arg>xpath=//input[@formcontrolname='nationalCode']</arg>
<arg>${nationalCode}</arg>
<doc>Types the given ``text`` into the text field identified by ``locator``.</doc>
<status status="PASS" start="2026-06-13T01:08:37.453768" elapsed="0.180790"/>
</kw>
<kw name="Click Element" owner="SeleniumLibrary">
<msg time="2026-06-13T01:08:37.635368" level="INFO">Clicking element 'xpath=//button[.//span[contains(text(),'استعلام هویت')]]'.</msg>
<arg>xpath=//button[.//span[contains(text(),'استعلام هویت')]]</arg>
<doc>Click the element identified by ``locator``.</doc>
<status status="PASS" start="2026-06-13T01:08:37.634893" elapsed="0.122738"/>
</kw>
<kw name="Wait Until Page Contains" owner="SeleniumLibrary">
<arg>تاریخ تولد</arg>
<doc>Waits until ``text`` appears on the current page.</doc>
<status status="PASS" start="2026-06-13T01:08:37.757816" elapsed="0.020237"/>
</kw>
<kw name="Log To Console" owner="BuiltIn">
<arg>Identity Inquiry BirthDate Validation Passed</arg>
<doc>Logs the given message to the console.</doc>
<status status="PASS" start="2026-06-13T01:08:37.778327" elapsed="0.000704"/>
</kw>
<kw name="Clear Element Text" owner="SeleniumLibrary">
<arg>xpath=//input[@formcontrolname='nationalCode']</arg>
<doc>Clears the value of the text-input-element identified by ``locator``.</doc>
<status status="PASS" start="2026-06-13T01:08:37.779412" elapsed="0.066585"/>
</kw>
<kw name="Input Text" owner="SeleniumLibrary">
<msg time="2026-06-13T01:08:37.846794" level="INFO">Typing text '1520554001' into text field 'xpath=//input[@formcontrolname='nationalCode']'.</msg>
<arg>xpath=//input[@formcontrolname='nationalCode']</arg>
<arg>${nationalCode}</arg>
<doc>Types the given ``text`` into the text field identified by ``locator``.</doc>
<status status="PASS" start="2026-06-13T01:08:37.846292" elapsed="0.175188"/>
</kw>
<kw name="Get Value" owner="SeleniumLibrary">
<msg time="2026-06-13T01:08:38.033284" level="INFO">${value} = 1520554001</msg>
<var>${value}</var>
<arg>xpath=//input[@formcontrolname='nationalCode']</arg>
<doc>Returns the value attribute of the element identified by ``locator``.</doc>
<status status="PASS" start="2026-06-13T01:08:38.021695" elapsed="0.011637"/>
</kw>
<kw name="Length Should Be" owner="BuiltIn">
<msg time="2026-06-13T01:08:38.034032" level="INFO">Length is 10.</msg>
<arg>${value}</arg>
<arg>10</arg>
<doc>Verifies that the length of the given item is correct.</doc>
<status status="PASS" start="2026-06-13T01:08:38.033595" elapsed="0.000493"/>
</kw>
<kw name="Log To Console" owner="BuiltIn">
<arg>National Code Length Validation Passed</arg>
<doc>Logs the given message to the console.</doc>
<status status="PASS" start="2026-06-13T01:08:38.034208" elapsed="0.000323"/>
</kw>
<kw name="Log To Console" owner="BuiltIn">
<arg>Step01 Passed</arg>
<doc>Logs the given message to the console.</doc>
<status status="PASS" start="2026-06-13T01:08:38.034697" elapsed="0.001341"/>
</kw>
<doc>Verify national code format validation and inquiry buttons behavior</doc>
<status status="PASS" start="2026-06-13T01:08:23.260850" elapsed="14.775374"/>
</kw>
<kw name="Step02 - Verify National Code Required For Iranian" owner="AdmitHis-UI-keywords">
<kw name="Wait For Page Ready" owner="AdmitHis-UI-keywords">
<kw name="Run Keyword And Ignore Error" owner="BuiltIn">
<kw name="Wait Until Page Contains Element" owner="SeleniumLibrary">
<msg time="2026-06-13T01:08:41.120620" level="FAIL">Element 'css=.ngx-spinner-overlay,.loading-overlay,.spinner,.mat-progress-spinner,.cdk-overlay-backdrop' did not appear in 3 seconds.</msg>
<arg>${GLOBAL_SPINNER}</arg>
<arg>3</arg>
<doc>Waits until the element ``locator`` appears on the current page.</doc>
<status status="FAIL" start="2026-06-13T01:08:38.037480" elapsed="3.086277">Element 'css=.ngx-spinner-overlay,.loading-overlay,.spinner,.mat-progress-spinner,.cdk-overlay-backdrop' did not appear in 3 seconds.</status>
</kw>
<arg>Wait Until Page Contains Element</arg>
<arg>${GLOBAL_SPINNER}</arg>
<arg>3</arg>
<doc>Runs the given keyword with the given arguments and ignores possible error.</doc>
<status status="PASS" start="2026-06-13T01:08:38.037180" elapsed="3.086881"/>
</kw>
<kw name="Wait Until Element Is Not Visible" owner="SeleniumLibrary">
<arg>${GLOBAL_SPINNER}</arg>
<arg>${timeout}</arg>
<doc>Waits until the element ``locator`` is not visible.</doc>
<status status="PASS" start="2026-06-13T01:08:41.124518" elapsed="0.025852"/>
</kw>
<status status="PASS" start="2026-06-13T01:08:38.036941" elapsed="3.113693"/>
</kw>
<kw name="Wait For Spinner Hidden" owner="AdmitHis-UI-keywords">
<kw name="Wait Until Element Is Not Visible" owner="SeleniumLibrary">
<arg>css=div.back-spenner.ng-star-inserted</arg>
<arg>1000</arg>
<doc>Waits until the element ``locator`` is not visible.</doc>
<status status="PASS" start="2026-06-13T01:08:41.151658" elapsed="0.016335"/>
</kw>
<doc>صبر کردن تا loading Angular ناپدید شود</doc>
<status status="PASS" start="2026-06-13T01:08:41.151054" elapsed="0.017208"/>
</kw>
<kw name="Clear Element Text" owner="SeleniumLibrary">
<arg>xpath=//input[@formcontrolname='nationalCode']</arg>
<doc>Clears the value of the text-input-element identified by ``locator``.</doc>
<status status="PASS" start="2026-06-13T01:08:41.168582" elapsed="0.038563"/>
</kw>
<kw name="Wait Until Element Is Visible" owner="SeleniumLibrary">
<arg>xpath=//ng-select[@formcontrolname='nationality']</arg>
<arg>30</arg>
<doc>Waits until the element ``locator`` is visible.</doc>
<status status="PASS" start="2026-06-13T01:08:41.207320" elapsed="0.020957"/>
</kw>
<kw name="Select From Ng Select" owner="AdmitHis-UI-keywords">
<kw name="Wait For Spinner Hidden" owner="AdmitHis-UI-keywords">
<kw name="Wait Until Element Is Not Visible" owner="SeleniumLibrary">
<arg>css=div.back-spenner.ng-star-inserted</arg>
<arg>1000</arg>
<doc>Waits until the element ``locator`` is not visible.</doc>
<status status="PASS" start="2026-06-13T01:08:41.229943" elapsed="0.008820"/>
</kw>
<doc>صبر کردن تا loading Angular ناپدید شود</doc>
<status status="PASS" start="2026-06-13T01:08:41.229426" elapsed="0.009448"/>
</kw>
<kw name="Wait Until Element Is Visible" owner="SeleniumLibrary">
<arg>css=ng-select[formcontrolname='${formcontrol}']</arg>
<doc>Waits until the element ``locator`` is visible.</doc>
<status status="PASS" start="2026-06-13T01:08:41.239025" elapsed="0.023322"/>
</kw>
<kw name="Click Element" owner="SeleniumLibrary">
<msg time="2026-06-13T01:08:41.262978" level="INFO">Clicking element 'css=ng-select[formcontrolname='nationality']'.</msg>
<arg>css=ng-select[formcontrolname='${formcontrol}']</arg>
<doc>Click the element identified by ``locator``.</doc>
<status status="PASS" start="2026-06-13T01:08:41.262606" elapsed="0.099052"/>
</kw>
<kw name="Wait Until Element Is Visible" owner="SeleniumLibrary">
<arg>css=ng-select[formcontrolname='${formcontrol}'] input[type='text']</arg>
<doc>Waits until the element ``locator`` is visible.</doc>
<status status="PASS" start="2026-06-13T01:08:41.361945" elapsed="0.018319"/>
</kw>
<kw name="Input Text" owner="SeleniumLibrary">
<msg time="2026-06-13T01:08:41.381853" level="INFO">Typing text 'ایرانی' into text field 'css=ng-select[formcontrolname='nationality'] input[type='text']'.</msg>
<arg>css=ng-select[formcontrolname='${formcontrol}'] input[type='text']</arg>
<arg>${value}</arg>
<doc>Types the given ``text`` into the text field identified by ``locator``.</doc>
<status status="PASS" start="2026-06-13T01:08:41.381043" elapsed="0.120178"/>
</kw>
<kw name="Wait Until Element Is Visible" owner="SeleniumLibrary">
<arg>xpath=//div[contains(@class,'ng-option') and contains(normalize-space(.), '${value}')]</arg>
<doc>Waits until the element ``locator`` is visible.</doc>
<status status="PASS" start="2026-06-13T01:08:41.501438" elapsed="0.017802"/>
</kw>
<kw name="Click Element" owner="SeleniumLibrary">
<msg time="2026-06-13T01:08:41.519686" level="INFO">Clicking element 'xpath=//div[contains(@class,'ng-option') and contains(normalize-space(.), 'ایرانی')]'.</msg>
<arg>xpath=//div[contains(@class,'ng-option') and contains(normalize-space(.), '${value}')]</arg>
<doc>Click the element identified by ``locator``.</doc>
<status status="PASS" start="2026-06-13T01:08:41.519416" elapsed="0.061180"/>
</kw>
<kw name="Press Keys" owner="SeleniumLibrary">
<msg time="2026-06-13T01:08:41.581537" level="INFO">Sending key(s) ('TAB',) to css=ng-select[formcontrolname='nationality'] input[type='text'] element.</msg>
<msg time="2026-06-13T01:08:41.871541" level="INFO">Pressing special key TAB to element.</msg>
<msg time="2026-06-13T01:08:41.871614" level="INFO">Releasing special key TAB.</msg>
<arg>css=ng-select[formcontrolname='${formcontrol}'] input[type='text']</arg>
<arg>TAB</arg>
<doc>Simulates the user pressing key(s) to an element or on the active browser.</doc>
<status status="PASS" start="2026-06-13T01:08:41.580813" elapsed="0.313768"/>
</kw>
<arg>nationality</arg>
<arg>ایرانی</arg>
<status status="PASS" start="2026-06-13T01:08:41.228767" elapsed="0.665950"/>
</kw>
<kw name="Select From Ng Select" owner="AdmitHis-UI-keywords">
<kw name="Wait For Spinner Hidden" owner="AdmitHis-UI-keywords">
<kw name="Wait Until Element Is Not Visible" owner="SeleniumLibrary">
<arg>css=div.back-spenner.ng-star-inserted</arg>
<arg>1000</arg>
<doc>Waits until the element ``locator`` is not visible.</doc>
<status status="PASS" start="2026-06-13T01:08:41.895538" elapsed="0.008029"/>
</kw>
<doc>صبر کردن تا loading Angular ناپدید شود</doc>
<status status="PASS" start="2026-06-13T01:08:41.895292" elapsed="0.008400"/>
</kw>
<kw name="Wait Until Element Is Visible" owner="SeleniumLibrary">
<arg>css=ng-select[formcontrolname='${formcontrol}']</arg>
<doc>Waits until the element ``locator`` is visible.</doc>
<status status="PASS" start="2026-06-13T01:08:41.903846" elapsed="0.026530"/>
</kw>
<kw name="Click Element" owner="SeleniumLibrary">
<msg time="2026-06-13T01:08:41.930817" level="INFO">Clicking element 'css=ng-select[formcontrolname='insuranceName']'.</msg>
<arg>css=ng-select[formcontrolname='${formcontrol}']</arg>
<doc>Click the element identified by ``locator``.</doc>
<status status="PASS" start="2026-06-13T01:08:41.930543" elapsed="0.122171"/>
</kw>
<kw name="Wait Until Element Is Visible" owner="SeleniumLibrary">
<arg>css=ng-select[formcontrolname='${formcontrol}'] input[type='text']</arg>
<doc>Waits until the element ``locator`` is visible.</doc>
<status status="PASS" start="2026-06-13T01:08:42.052902" elapsed="0.019874"/>
</kw>
<kw name="Input Text" owner="SeleniumLibrary">
<msg time="2026-06-13T01:08:42.073249" level="INFO">Typing text 'تامین اجتماعی' into text field 'css=ng-select[formcontrolname='insuranceName'] input[type='text']'.</msg>
<arg>css=ng-select[formcontrolname='${formcontrol}'] input[type='text']</arg>
<arg>${value}</arg>
<doc>Types the given ``text`` into the text field identified by ``locator``.</doc>
<status status="PASS" start="2026-06-13T01:08:42.072949" elapsed="0.156386"/>
</kw>
<kw name="Wait Until Element Is Visible" owner="SeleniumLibrary">
<arg>xpath=//div[contains(@class,'ng-option') and contains(normalize-space(.), '${value}')]</arg>
<doc>Waits until the element ``locator`` is visible.</doc>
<status status="PASS" start="2026-06-13T01:08:42.229660" elapsed="0.028054"/>
</kw>
<kw name="Click Element" owner="SeleniumLibrary">
<msg time="2026-06-13T01:08:42.258348" level="INFO">Clicking element 'xpath=//div[contains(@class,'ng-option') and contains(normalize-space(.), 'تامین اجتماعی')]'.</msg>
<arg>xpath=//div[contains(@class,'ng-option') and contains(normalize-space(.), '${value}')]</arg>
<doc>Click the element identified by ``locator``.</doc>
<status status="PASS" start="2026-06-13T01:08:42.257901" elapsed="0.088900"/>
</kw>
<kw name="Press Keys" owner="SeleniumLibrary">
<msg time="2026-06-13T01:08:42.347668" level="INFO">Sending key(s) ('TAB',) to css=ng-select[formcontrolname='insuranceName'] input[type='text'] element.</msg>
<msg time="2026-06-13T01:08:42.664437" level="INFO">Pressing special key TAB to element.</msg>
<msg time="2026-06-13T01:08:42.664565" level="INFO">Releasing special key TAB.</msg>
<arg>css=ng-select[formcontrolname='${formcontrol}'] input[type='text']</arg>
<arg>TAB</arg>
<doc>Simulates the user pressing key(s) to an element or on the active browser.</doc>
<status status="PASS" start="2026-06-13T01:08:42.347066" elapsed="0.345202"/>
</kw>
<arg>insuranceName</arg>
<arg>تامین اجتماعی</arg>
<status status="PASS" start="2026-06-13T01:08:41.894946" elapsed="0.797639"/>
</kw>
<kw name="Click Element Safe" owner="AdmitHis-UI-keywords">
<kw name="Wait For Spinner Hidden" owner="AdmitHis-UI-keywords">
<kw name="Wait Until Element Is Not Visible" owner="SeleniumLibrary">
<arg>css=div.back-spenner.ng-star-inserted</arg>
<arg>1000</arg>
<doc>Waits until the element ``locator`` is not visible.</doc>
<status status="PASS" start="2026-06-13T01:08:42.694821" elapsed="3.954759"/>
</kw>
<doc>صبر کردن تا loading Angular ناپدید شود</doc>
<status status="PASS" start="2026-06-13T01:08:42.694070" elapsed="3.956482"/>
</kw>
<kw name="Wait Until Element Is Visible" owner="SeleniumLibrary">
<arg>${locator}</arg>
<doc>Waits until the element ``locator`` is visible.</doc>
<status status="PASS" start="2026-06-13T01:08:46.651613" elapsed="0.039943"/>
</kw>
<kw name="Wait Until Element Is Enabled" owner="SeleniumLibrary">
<arg>${locator}</arg>
<doc>Waits until the element ``locator`` is enabled.</doc>
<status status="PASS" start="2026-06-13T01:08:46.692167" elapsed="0.020362"/>
</kw>
<kw name="Scroll Element Into View" owner="SeleniumLibrary">
<arg>${locator}</arg>
<doc>Scrolls the element identified by ``locator`` into view.</doc>
<status status="PASS" start="2026-06-13T01:08:46.712705" elapsed="0.288936"/>
</kw>
<kw name="Click Element" owner="SeleniumLibrary">
<msg time="2026-06-13T01:08:47.003199" level="INFO">Clicking element 'css=button.btn-saveFile'.</msg>
<arg>${locator}</arg>
<doc>Click the element identified by ``locator``.</doc>
<status status="PASS" start="2026-06-13T01:08:47.002250" elapsed="0.209591"/>
</kw>
<arg>css=button.btn-saveFile</arg>
<status status="PASS" start="2026-06-13T01:08:42.693163" elapsed="4.518874"/>
</kw>
<kw name="Get Element Attribute" owner="SeleniumLibrary">
<msg time="2026-06-13T01:08:47.233084" level="INFO">${required} = true</msg>
<var>${required}</var>
<arg>xpath=//input[@formcontrolname='nationalCode']</arg>
<arg>required</arg>
<doc>Returns the value of ``attribute`` from the element ``locator``.</doc>
<status status="PASS" start="2026-06-13T01:08:47.212311" elapsed="0.020834"/>
</kw>
<kw name="Should Be Equal" owner="BuiltIn">
<arg>${required}</arg>
<arg>true</arg>
<doc>Fails if the given objects are unequal.</doc>
<status status="PASS" start="2026-06-13T01:08:47.233357" elapsed="0.000536"/>
</kw>
<kw name="Get Element Attribute" owner="SeleniumLibrary">
<msg time="2026-06-13T01:08:47.248572" level="INFO">${aria_required} = true</msg>
<var>${aria_required}</var>
<arg>xpath=//input[@formcontrolname='nationalCode']</arg>
<arg>aria-required</arg>
<doc>Returns the value of ``attribute`` from the element ``locator``.</doc>
<status status="PASS" start="2026-06-13T01:08:47.234120" elapsed="0.014506"/>
</kw>
<kw name="Should Be Equal" owner="BuiltIn">
<arg>${aria_required}</arg>
<arg>true</arg>
<doc>Fails if the given objects are unequal.</doc>
<status status="PASS" start="2026-06-13T01:08:47.248800" elapsed="0.000414"/>
</kw>
<kw name="Log To Console" owner="BuiltIn">
<arg>National Code Is Mandatory</arg>
<doc>Logs the given message to the console.</doc>
<status status="PASS" start="2026-06-13T01:08:47.249438" elapsed="0.000572"/>
</kw>
<doc>National code should be mandatory for Iranian nationality with social security insurance</doc>
<status status="PASS" start="2026-06-13T01:08:38.036624" elapsed="9.213576"/>
</kw>
<doc>Scenario 01</doc>
<tag>TC_EPD_HIS_02</tag>
<tag>UI_Test</tag>
<status status="PASS" start="2026-06-13T01:08:17.833871" elapsed="29.418037"/>
</test>
<status status="PASS" start="2026-06-13T01:08:17.384817" elapsed="29.868897"/>
</suite>
<statistics>
<total>
<stat pass="1" fail="0" skip="0">All Tests</stat>
</total>
<tag>
<stat pass="1" fail="0" skip="0">TC_EPD_HIS_02</stat>
<stat pass="1" fail="0" skip="0">UI_Test</stat>
</tag>
<suite>
<stat name="AdmitHis-UI" id="s1" pass="1" fail="0" skip="0">AdmitHis-UI</stat>
</suite>
</statistics>
<errors>
<msg time="2026-06-13T01:08:17.822156" level="ERROR">Error in file 'D:\Mehrshad\Test-Project\HisAdmit\AdmitHis-Test\Resources\Keywords\AdmitHis-UI-keywords.resource' on line 6: Importing library 'JSONLibrary' failed: ModuleNotFoundError: No module named 'JSONLibrary'
Traceback (most recent call last):
  None
PYTHONPATH:
  C:\Users\m.eslami\AppData\Local\Programs\Python\Python313\Scripts\robot.exe
  C:\Users\m.eslami\AppData\Local\Programs\Python\Python313\python313.zip
  C:\Users\m.eslami\AppData\Local\Programs\Python\Python313\DLLs
  C:\Users\m.eslami\AppData\Local\Programs\Python\Python313\Lib
  C:\Users\m.eslami\AppData\Local\Programs\Python\Python313
  C:\Users\m.eslami\AppData\Local\Programs\Python\Python313\Lib\site-packages</msg>
<msg time="2026-06-13T01:08:17.824719" level="ERROR">Error in file 'D:\Mehrshad\Test-Project\HisAdmit\AdmitHis-Test\Resources\Keywords\AdmitHis-UI-keywords.resource' on line 7: Importing library 'DatabaseLibrary' failed: ModuleNotFoundError: No module named 'DatabaseLibrary'
Traceback (most recent call last):
  None
PYTHONPATH:
  C:\Users\m.eslami\AppData\Local\Programs\Python\Python313\Scripts\robot.exe
  C:\Users\m.eslami\AppData\Local\Programs\Python\Python313\python313.zip
  C:\Users\m.eslami\AppData\Local\Programs\Python\Python313\DLLs
  C:\Users\m.eslami\AppData\Local\Programs\Python\Python313\Lib
  C:\Users\m.eslami\AppData\Local\Programs\Python\Python313
  C:\Users\m.eslami\AppData\Local\Programs\Python\Python313\Lib\site-packages</msg>
<msg time="2026-06-13T01:08:17.827035" level="ERROR">Error in file 'D:\Mehrshad\Test-Project\HisAdmit\AdmitHis-Test\Resources\Keywords\AdmitHis-UI-keywords.resource' on line 8: Importing library 'pymssql' failed: ModuleNotFoundError: No module named 'pymssql'
Traceback (most recent call last):
  None
PYTHONPATH:
  C:\Users\m.eslami\AppData\Local\Programs\Python\Python313\Scripts\robot.exe
  C:\Users\m.eslami\AppData\Local\Programs\Python\Python313\python313.zip
  C:\Users\m.eslami\AppData\Local\Programs\Python\Python313\DLLs
  C:\Users\m.eslami\AppData\Local\Programs\Python\Python313\Lib
  C:\Users\m.eslami\AppData\Local\Programs\Python\Python313
  C:\Users\m.eslami\AppData\Local\Programs\Python\Python313\Lib\site-packages</msg>
<msg time="2026-06-13T01:08:17.829115" level="ERROR">Error in file 'D:\Mehrshad\Test-Project\HisAdmit\AdmitHis-Test\Resources\Keywords\AdmitHis-UI-keywords.resource' on line 9: Importing library 'jdatetime' failed: ModuleNotFoundError: No module named 'jdatetime'
Traceback (most recent call last):
  None
PYTHONPATH:
  C:\Users\m.eslami\AppData\Local\Programs\Python\Python313\Scripts\robot.exe
  C:\Users\m.eslami\AppData\Local\Programs\Python\Python313\python313.zip
  C:\Users\m.eslami\AppData\Local\Programs\Python\Python313\DLLs
  C:\Users\m.eslami\AppData\Local\Programs\Python\Python313\Lib
  C:\Users\m.eslami\AppData\Local\Programs\Python\Python313
  C:\Users\m.eslami\AppData\Local\Programs\Python\Python313\Lib\site-packages</msg>
<msg time="2026-06-13T01:08:17.838188" level="WARN">executable_path is being deprecated. Please use service to configure the driver's executable_path as per documentation.</msg>
</errors>
</robot>
