<?xml version="1.0" encoding="UTF-8"?>
<robot generator="Robot 7.3.2 (Python 3.13.2 on win32)" generated="2025-12-19T23:00:40.643420" rpa="false" schemaversion="5">
<suite id="s1" name="AdmitHis-Test" source="D:\Payvand\Projects\HisAdmit\AdmitHis-Test">
<suite id="s1-s1" name="AdmitHis" source="D:\Payvand\Projects\HisAdmit\AdmitHis-Test\AdmitHis.robot">
<kw name="Create AdmitHIS Session" type="SETUP">
<kw name="Create Session" owner="RequestsLibrary">
<msg time="2025-12-19T23:00:40.841616" level="INFO">Creating Session using : alias=HIS, url=http://192.168.5.19:1600, headers={},                     cookies={}, auth=None, timeout=None, proxies=None, verify=False,                     debug=0 </msg>
<arg>HIS</arg>
<arg>${AdmitHis_Api_URL}</arg>
<arg>verify=${False}</arg>
<doc>Create Session: create a HTTP session to a server</doc>
<status status="PASS" start="2025-12-19T23:00:40.841307" elapsed="0.000554"/>
</kw>
<status status="PASS" start="2025-12-19T23:00:40.840485" elapsed="0.001519"/>
</kw>
<test id="s1-s1-t1" name="21-UI - Open Cash Web" line="797">
<kw name="Switch To Cash App">
<kw name="Go To" owner="SeleniumLibrary">
<msg time="2025-12-19T23:00:40.846581" level="INFO">Opening url 'http://192.168.5.19:8075/admit'</msg>
<msg time="2025-12-19T23:00:40.846780" level="INFO">Cannot capture screenshot because no browser is open.</msg>
<msg time="2025-12-19T23:00:40.847296" level="FAIL">No browser is open.</msg>
<arg>${Cash_App_URL}</arg>
<doc>Navigates the current browser window to the provided ``url``.</doc>
<status status="FAIL" start="2025-12-19T23:00:40.846373" elapsed="0.005189">No browser is open.</status>
</kw>
<kw name="Wait Until Location Contains" owner="SeleniumLibrary">
<arg>8075</arg>
<doc>Waits until the current URL contains ``expected``.</doc>
<status status="NOT RUN" start="2025-12-19T23:00:40.851759" elapsed="0.000102"/>
</kw>
<status status="FAIL" start="2025-12-19T23:00:40.845977" elapsed="0.006026">No browser is open.</status>
</kw>
<kw name="Wait For Spinner Hidden">
<doc>صبر کردن تا loading Angular ناپدید شود</doc>
<status status="NOT RUN" start="2025-12-19T23:00:40.852281" elapsed="0.000088"/>
</kw>
<tag>UI_Test</tag>
<status status="FAIL" start="2025-12-19T23:00:40.842145" elapsed="0.010450">No browser is open.</status>
</test>
<status status="FAIL" start="2025-12-19T23:00:40.670904" elapsed="0.185069"/>
</suite>
<status status="FAIL" start="2025-12-19T23:00:40.648203" elapsed="0.210203"/>
</suite>
<statistics>
<total>
<stat pass="0" fail="1" skip="0">All Tests</stat>
</total>
<tag>
<stat pass="0" fail="1" skip="0">UI_Test</stat>
</tag>
<suite>
<stat name="AdmitHis-Test" id="s1" pass="0" fail="1" skip="0">AdmitHis-Test</stat>
<stat name="AdmitHis" id="s1-s1" pass="0" fail="1" skip="0">AdmitHis-Test.AdmitHis</stat>
</suite>
</statistics>
<errors>
</errors>
</robot>
