<?xml version="1.0" encoding="UTF-8"?>
<robot generator="Robot 7.4.2 (Python 3.12.13 on win32)" generated="2026-06-26T02:34:26.560407" rpa="false" schemaversion="5">
<suite id="s1" name="AdmitHis-Test" source="D:\Payvand\Projects\HisAdmit-Playwright\AdmitHis-Test">
<suite id="s1-s1" name="AdmitHis-UI-Playwright" source="D:\Payvand\Projects\HisAdmit-Playwright\AdmitHis-Test\AdmitHis-UI-Playwright.robot">
<kw name="Create AdmitHIS Session" owner="AdmitHis-Playwright-keywords" type="SETUP">
<kw name="Create Session" owner="RequestsLibrary">
<msg time="2026-06-26T02:34:26.964374" level="INFO">Creating Session using : alias=HIS, url=http://192.168.5.19:1600, headers={},                     cookies={}, auth=None, timeout=None, proxies=None, verify=False,                     debug=0 </msg>
<arg>HIS</arg>
<arg>${AdmitHis_Api_URL}</arg>
<arg>verify=${False}</arg>
<doc>Create Session: create a HTTP session to a server</doc>
<status status="PASS" start="2026-06-26T02:34:26.963360" elapsed="0.001014"/>
</kw>
<status status="PASS" start="2026-06-26T02:34:26.963360" elapsed="0.001014"/>
</kw>
<test id="s1-s1-t1" name="01-PW - Open Filing Page" line="10">
<kw name="Disable Screenshots" owner="AdmitHis-Playwright-keywords">
<kw name="No Operation" owner="BuiltIn">
<doc>Does absolutely nothing.</doc>
<status status="PASS" start="2026-06-26T02:34:26.972996" elapsed="0.000000"/>
</kw>
<status status="PASS" start="2026-06-26T02:34:26.972996" elapsed="0.000000"/>
</kw>
<kw name="PW Start Browser AdmitHis With Token" owner="AdmitHis-Playwright-keywords">
<kw name="New Browser" owner="Browser">
<msg time="2026-06-26T02:34:26.972996" level="INFO">{"browser": "chromium", "headless": false, "channel": "chrome", "chromiumSandbox": false, "devtools": false, "handleSIGHUP": true, "handleSIGINT": true, "handleSIGTERM": true, "slowMo": 0.0, "timeout": 30000.0, "tracesDir": "D:\\Payvand\\Projects\\HisAdmit-Playwright\\AdmitHis-Test\\results\\browser\\traces\\temp\\05d89767-ccaa-4812-a1bf-84ebce7c8083"}</msg>
<msg time="2026-06-26T02:34:27.002642" level="INFO">Starting Browser process D:\Payvand\Projects\HisAdmit-Playwright\AdmitHis-Test\.venv\Lib\site-packages\Browser\wrapper\index.js using at 127.0.0.1:65262</msg>
<msg time="2026-06-26T02:34:27.741145" level="INFO">Successfully created browser with options: {"browser":"chromium","headless":false,"channel":"chrome","chromiumSandbox":false,"devtools":false,"handleSIGHUP":true,"handleSIGINT":true,"handleSIGTERM":true,"slowMo":0,"timeout":30000,"tracesDir":"D:\\Payvand\\Projects\\HisAdmit-Playwright\\AdmitHis-Test\\results\\browser\\traces\\temp\\05d89767-ccaa-4812-a1bf-84ebce7c8083"}</msg>
<arg>${PW_BROWSER}</arg>
<arg>headless=${PW_HEADLESS}</arg>
<arg>channel=${PW_CHANNEL}</arg>
<tag>BrowserControl</tag>
<tag>Setter</tag>
<doc>Create a new playwright Browser with specified options.</doc>
<status status="PASS" start="2026-06-26T02:34:26.972996" elapsed="0.770154"/>
</kw>
<kw name="New Page" owner="Browser">
<msg time="2026-06-26T02:34:28.994663" level="INFO">Successfully initialized new page object and opened url: http://192.168.5.19:8019/filing</msg>
<msg time="2026-06-26T02:34:28.994663" level="INFO">No context was open. New context was automatically opened when this page is created.</msg>
<arg>${AdmitHis_App_URL}</arg>
<tag>BrowserControl</tag>
<tag>Setter</tag>
<doc>Open a new Page.</doc>
<status status="PASS" start="2026-06-26T02:34:27.743150" elapsed="1.252514"/>
</kw>
<kw name="Add Cookie" owner="Browser">
<msg time="2026-06-26T02:34:29.000163" level="INFO">Cookie "token" added.</msg>
<arg>token</arg>
<arg>${COOKIE_TOKEN}</arg>
<arg>url=${AdmitHis_App_URL}</arg>
<tag>BrowserControl</tag>
<tag>Setter</tag>
<doc>Adds a cookie to currently active browser context.</doc>
<status status="PASS" start="2026-06-26T02:34:28.995664" elapsed="0.004499"/>
</kw>
<kw name="Reload" owner="Browser">
<msg time="2026-06-26T02:34:29.203293" level="INFO">Reloaded page with options: {"waitUntil": "load"}</msg>
<tag>BrowserControl</tag>
<tag>Setter</tag>
<doc>Reloads current active page.</doc>
<status status="PASS" start="2026-06-26T02:34:29.001245" elapsed="0.202048"/>
</kw>
<kw name="PW Wait For Page Ready" owner="AdmitHis-Playwright-keywords">
<kw name="Wait For Load State" owner="Browser">
<msg time="2026-06-26T02:34:29.205291" level="INFO">Waiting page load to state to receive domcontentloaded in 10000.0</msg>
<msg time="2026-06-26T02:34:29.211038" level="INFO">Load state domcontentloaded got in 10000</msg>
<arg>domcontentloaded</arg>
<tag>PageContent</tag>
<tag>Wait</tag>
<doc>Waits that the page reaches the required load state.</doc>
<status status="PASS" start="2026-06-26T02:34:29.204293" elapsed="0.008228"/>
</kw>
<kw name="Run Keyword And Ignore Error" owner="BuiltIn">
<kw name="PW Wait For Spinner Hidden" owner="AdmitHis-Playwright-keywords">
<kw name="Wait For Elements State" owner="Browser">
<msg time="2026-06-26T02:34:29.250367" level="INFO">Waited for Element with selector css=.ngx-spinner-overlay,.loading-overlay,.spinner,.mat-progress-spinner,.cdk-overlay-backdrop at state hidden</msg>
<arg>${GLOBAL_SPINNER}</arg>
<arg>hidden</arg>
<arg>timeout=${timeout}</arg>
<tag>PageContent</tag>
<tag>Wait</tag>
<doc>Waits for the element found by ``selector`` to satisfy state option.</doc>
<status status="PASS" start="2026-06-26T02:34:29.214021" elapsed="0.036962"/>
</kw>
<arg>${timeout}</arg>
<status status="PASS" start="2026-06-26T02:34:29.214021" elapsed="0.036962"/>
</kw>
<arg>PW Wait For Spinner Hidden</arg>
<arg>${timeout}</arg>
<doc>Runs the given keyword with the given arguments and ignores possible error.</doc>
<status status="PASS" start="2026-06-26T02:34:29.212521" elapsed="0.038462"/>
</kw>
<status status="PASS" start="2026-06-26T02:34:29.203293" elapsed="0.047690"/>
</kw>
<doc>Opens Admit HIS with Playwright and injects token cookie.</doc>
<status status="PASS" start="2026-06-26T02:34:26.972996" elapsed="2.277987"/>
</kw>
<kw name="PW Go To AdmitHis Page" owner="AdmitHis-Playwright-keywords">
<kw name="Go To" owner="Browser">
<msg time="2026-06-26T02:34:29.308605" level="INFO">Successfully opened URL http://192.168.5.19:8019/filing</msg>
<arg>${AdmitHis_App_URL}</arg>
<tag>BrowserControl</tag>
<tag>Setter</tag>
<doc>Navigates to the given ``url``.</doc>
<status status="PASS" start="2026-06-26T02:34:29.252530" elapsed="0.056075"/>
</kw>
<kw name="PW Wait For Page Ready" owner="AdmitHis-Playwright-keywords">
<kw name="Wait For Load State" owner="Browser">
<msg time="2026-06-26T02:34:29.310972" level="INFO">Waiting page load to state to receive domcontentloaded in 10000.0</msg>
<msg time="2026-06-26T02:34:29.313485" level="INFO">Load state domcontentloaded got in 10000</msg>
<arg>domcontentloaded</arg>
<tag>PageContent</tag>
<tag>Wait</tag>
<doc>Waits that the page reaches the required load state.</doc>
<status status="PASS" start="2026-06-26T02:34:29.308605" elapsed="0.004880"/>
</kw>
<kw name="Run Keyword And Ignore Error" owner="BuiltIn">
<kw name="PW Wait For Spinner Hidden" owner="AdmitHis-Playwright-keywords">
<kw name="Wait For Elements State" owner="Browser">
<msg time="2026-06-26T02:34:29.331253" level="INFO">Waited for Element with selector css=.ngx-spinner-overlay,.loading-overlay,.spinner,.mat-progress-spinner,.cdk-overlay-backdrop at state hidden</msg>
<arg>${GLOBAL_SPINNER}</arg>
<arg>hidden</arg>
<arg>timeout=${timeout}</arg>
<tag>PageContent</tag>
<tag>Wait</tag>
<doc>Waits for the element found by ``selector`` to satisfy state option.</doc>
<status status="PASS" start="2026-06-26T02:34:29.313485" elapsed="0.017768"/>
</kw>
<arg>${timeout}</arg>
<status status="PASS" start="2026-06-26T02:34:29.313485" elapsed="0.018728"/>
</kw>
<arg>PW Wait For Spinner Hidden</arg>
<arg>${timeout}</arg>
<doc>Runs the given keyword with the given arguments and ignores possible error.</doc>
<status status="PASS" start="2026-06-26T02:34:29.313485" elapsed="0.018728"/>
</kw>
<status status="PASS" start="2026-06-26T02:34:29.308605" elapsed="0.023608"/>
</kw>
<status status="PASS" start="2026-06-26T02:34:29.250983" elapsed="0.081230"/>
</kw>
<kw name="Log To Console" owner="BuiltIn">
<arg>---- PLAYWRIGHT DONE ----</arg>
<doc>Logs the given message to the console.</doc>
<status status="PASS" start="2026-06-26T02:34:29.332213" elapsed="0.001050"/>
</kw>
<doc>Playwright smoke test for Admit HIS filing page.</doc>
<tag>playwright</tag>
<tag>preadmit</tag>
<tag>smoke</tag>
<tag>UI_Test</tag>
<status status="PASS" start="2026-06-26T02:34:26.964374" elapsed="2.368889"/>
</test>
<test id="s1-s1-t2" name="02-PW - Enter National Code Of Preadmit Patient" line="20">
<kw name="PW Input Text" owner="AdmitHis-Playwright-keywords">
<kw name="PW Wait For Page Ready" owner="AdmitHis-Playwright-keywords">
<kw name="Wait For Load State" owner="Browser">
<msg time="2026-06-26T02:34:29.349973" level="INFO">Waiting page load to state to receive domcontentloaded in 10000.0</msg>
<msg time="2026-06-26T02:34:29.354552" level="INFO">Load state domcontentloaded got in 10000</msg>
<arg>domcontentloaded</arg>
<tag>PageContent</tag>
<tag>Wait</tag>
<doc>Waits that the page reaches the required load state.</doc>
<status status="PASS" start="2026-06-26T02:34:29.349973" elapsed="0.004579"/>
</kw>
<kw name="Run Keyword And Ignore Error" owner="BuiltIn">
<kw name="PW Wait For Spinner Hidden" owner="AdmitHis-Playwright-keywords">
<kw name="Wait For Elements State" owner="Browser">
<msg time="2026-06-26T02:34:29.366709" level="INFO">Waited for Element with selector css=.ngx-spinner-overlay,.loading-overlay,.spinner,.mat-progress-spinner,.cdk-overlay-backdrop at state hidden</msg>
<arg>${GLOBAL_SPINNER}</arg>
<arg>hidden</arg>
<arg>timeout=${timeout}</arg>
<tag>PageContent</tag>
<tag>Wait</tag>
<doc>Waits for the element found by ``selector`` to satisfy state option.</doc>
<status status="PASS" start="2026-06-26T02:34:29.356597" elapsed="0.011104"/>
</kw>
<arg>${timeout}</arg>
<status status="PASS" start="2026-06-26T02:34:29.355597" elapsed="0.012104"/>
</kw>
<arg>PW Wait For Spinner Hidden</arg>
<arg>${timeout}</arg>
<doc>Runs the given keyword with the given arguments and ignores possible error.</doc>
<status status="PASS" start="2026-06-26T02:34:29.354552" elapsed="0.013149"/>
</kw>
<status status="PASS" start="2026-06-26T02:34:29.348934" elapsed="0.018767"/>
</kw>
<kw name="Wait For Elements State" owner="Browser">
<msg time="2026-06-26T02:34:40.458427" level="INFO">Waited for Element with selector xpath=//input[@formcontrolname='nationalCode'] at state visible</msg>
<arg>${locator}</arg>
<arg>visible</arg>
<arg>timeout=${PW_TIMEOUT}</arg>
<tag>PageContent</tag>
<tag>Wait</tag>
<doc>Waits for the element found by ``selector`` to satisfy state option.</doc>
<status status="PASS" start="2026-06-26T02:34:29.367701" elapsed="11.090726"/>
</kw>
<kw name="Fill Text" owner="Browser">
<msg time="2026-06-26T02:34:40.459428" level="INFO">Fills the text '1520554001' in the given field.</msg>
<arg>${locator}</arg>
<arg>${text}</arg>
<tag>PageContent</tag>
<tag>Setter</tag>
<doc>Clears and fills the given ``txt`` into the text field found by ``selector``.</doc>
<status status="PASS" start="2026-06-26T02:34:40.459428" elapsed="0.024929"/>
</kw>
<arg>xpath=//input[@formcontrolname='nationalCode']</arg>
<arg>${nationalCode}</arg>
<status status="PASS" start="2026-06-26T02:34:29.348934" elapsed="11.135423"/>
</kw>
<kw name="PW Click Element Safe" owner="AdmitHis-Playwright-keywords">
<kw name="PW Wait For Page Ready" owner="AdmitHis-Playwright-keywords">
<kw name="Wait For Load State" owner="Browser">
<msg time="2026-06-26T02:34:40.486852" level="INFO">Waiting page load to state to receive domcontentloaded in 10000.0</msg>
<msg time="2026-06-26T02:34:40.489860" level="INFO">Load state domcontentloaded got in 10000</msg>
<arg>domcontentloaded</arg>
<tag>PageContent</tag>
<tag>Wait</tag>
<doc>Waits that the page reaches the required load state.</doc>
<status status="PASS" start="2026-06-26T02:34:40.486852" elapsed="0.003008"/>
</kw>
<kw name="Run Keyword And Ignore Error" owner="BuiltIn">
<kw name="PW Wait For Spinner Hidden" owner="AdmitHis-Playwright-keywords">
<kw name="Wait For Elements State" owner="Browser">
<msg time="2026-06-26T02:34:40.499879" level="INFO">Waited for Element with selector css=.ngx-spinner-overlay,.loading-overlay,.spinner,.mat-progress-spinner,.cdk-overlay-backdrop at state hidden</msg>
<arg>${GLOBAL_SPINNER}</arg>
<arg>hidden</arg>
<arg>timeout=${timeout}</arg>
<tag>PageContent</tag>
<tag>Wait</tag>
<doc>Waits for the element found by ``selector`` to satisfy state option.</doc>
<status status="PASS" start="2026-06-26T02:34:40.491858" elapsed="0.009018"/>
</kw>
<arg>${timeout}</arg>
<status status="PASS" start="2026-06-26T02:34:40.490859" elapsed="0.010017"/>
</kw>
<arg>PW Wait For Spinner Hidden</arg>
<arg>${timeout}</arg>
<doc>Runs the given keyword with the given arguments and ignores possible error.</doc>
<status status="PASS" start="2026-06-26T02:34:40.490859" elapsed="0.010017"/>
</kw>
<status status="PASS" start="2026-06-26T02:34:40.485960" elapsed="0.014916"/>
</kw>
<kw name="Wait For Elements State" owner="Browser">
<msg time="2026-06-26T02:34:40.508359" level="INFO">Waited for Element with selector xpath=//button[contains(@class,'btn btn-success btn-filing mt-1')] at state visible</msg>
<arg>${locator}</arg>
<arg>visible</arg>
<arg>timeout=${PW_TIMEOUT}</arg>
<tag>PageContent</tag>
<tag>Wait</tag>
<doc>Waits for the element found by ``selector`` to satisfy state option.</doc>
<status status="PASS" start="2026-06-26T02:34:40.500876" elapsed="0.007483"/>
</kw>
<kw name="Scroll To Element" owner="Browser">
<arg>${locator}</arg>
<tag>PageContent</tag>
<tag>Setter</tag>
<doc>This method waits for actionability checks, then tries to scroll element into view,
unless it is completely visible.</doc>
<status status="PASS" start="2026-06-26T02:34:40.508359" elapsed="0.419997"/>
</kw>
<kw name="Click" owner="Browser">
<msg time="2026-06-26T02:34:40.929348" level="INFO">Clicks the element 'xpath=//button[contains(@class,'btn btn-success btn-filing mt-1')]'.</msg>
<arg>${locator}</arg>
<tag>PageContent</tag>
<tag>Setter</tag>
<doc>Simulates mouse click on the element found by ``selector``.</doc>
<status status="PASS" start="2026-06-26T02:34:40.928356" elapsed="3.743192"/>
</kw>
<arg>xpath=//button[contains(@class,'btn btn-success btn-filing mt-1')]</arg>
<status status="PASS" start="2026-06-26T02:34:40.485646" elapsed="4.186897"/>
</kw>
<doc>Playwright version of the national code inquiry step.</doc>
<tag>playwright</tag>
<tag>preadmit</tag>
<tag>step02</tag>
<tag>UI_Test</tag>
<status status="PASS" start="2026-06-26T02:34:29.342980" elapsed="15.329563"/>
</test>
<kw name="PW Close Browser" owner="AdmitHis-Playwright-keywords" type="TEARDOWN">
<kw name="Close Browser" owner="Browser">
<msg time="2026-06-26T02:34:44.986820" level="INFO">Closed browser</msg>
<tag>BrowserControl</tag>
<tag>Setter</tag>
<doc>Closes the current browser.</doc>
<status status="PASS" start="2026-06-26T02:34:44.680926" elapsed="0.305894"/>
</kw>
<status status="PASS" start="2026-06-26T02:34:44.679922" elapsed="0.308198"/>
</kw>
<status status="PASS" start="2026-06-26T02:34:26.607961" elapsed="18.380159"/>
</suite>
<status status="PASS" start="2026-06-26T02:34:26.578840" elapsed="18.418986"/>
</suite>
<statistics>
<total>
<stat pass="2" fail="0" skip="0">All Tests</stat>
</total>
<tag>
<stat pass="2" fail="0" skip="0">playwright</stat>
<stat pass="2" fail="0" skip="0">preadmit</stat>
<stat pass="1" fail="0" skip="0">smoke</stat>
<stat pass="1" fail="0" skip="0">step02</stat>
<stat pass="2" fail="0" skip="0">UI_Test</stat>
</tag>
<suite>
<stat name="AdmitHis-Test" id="s1" pass="2" fail="0" skip="0">AdmitHis-Test</stat>
<stat name="AdmitHis-UI-Playwright" id="s1-s1" pass="2" fail="0" skip="0">AdmitHis-Test.AdmitHis-UI-Playwright</stat>
</suite>
</statistics>
<errors>
<msg time="2026-06-26T02:34:26.547866" level="WARN">Error in file 'D:\Payvand\Projects\HisAdmit-Playwright\AdmitHis-Test\AdmitRis-Api.robot' on line 262: The '[Return]' setting is deprecated. Use the 'RETURN' statement instead.</msg>
<msg time="2026-06-26T02:34:26.547866" level="WARN">Error in file 'D:\Payvand\Projects\HisAdmit-Playwright\AdmitHis-Test\AdmitRis-Api.robot' on line 277: The '[Return]' setting is deprecated. Use the 'RETURN' statement instead.</msg>
</errors>
</robot>
