<?xml version="1.0" encoding="UTF-8"?>
<robot generator="Robot 7.3.2 (Python 3.13.2 on win32)" generated="2026-05-15T15:32:53.741201" rpa="false" schemaversion="5">
<suite id="s1" name="AdmitHis-Test" source="D:\Payvand\Projects\HisAdmit\AdmitHis-Test">
<suite id="s1-s1" name="AdmitHis-Api" source="D:\Payvand\Projects\HisAdmit\AdmitHis-Test\AdmitHis-Api.robot">
<kw name="Create All Sessions" owner="AdmitHis-keywords" type="SETUP">
<kw name="Create AdmitHIS Session" owner="AdmitHis-keywords">
<kw name="Create Session" owner="RequestsLibrary">
<msg time="2026-05-15T15:32:54.178962" level="INFO">Creating Session using : alias=HIS, url=http://192.168.5.19:1600, headers={},                     cookies={}, auth=None, timeout=None, proxies=None, verify=False,                     debug=0 </msg>
<arg>HIS</arg>
<arg>${AdmitHis_Api_URL}</arg>
<arg>verify=${False}</arg>
<doc>Create Session: create a HTTP session to a server</doc>
<status status="PASS" start="2026-05-15T15:32:54.178216" elapsed="0.001268"/>
</kw>
<status status="PASS" start="2026-05-15T15:32:54.177334" elapsed="0.002288"/>
</kw>
<kw name="Create Cartable Session" owner="AdmitHis-keywords">
<kw name="Create Session" owner="RequestsLibrary">
<msg time="2026-05-15T15:32:54.180177" level="INFO">Creating Session using : alias=Cartable, url=http://192.168.5.19:8020, headers={},                     cookies={}, auth=None, timeout=None, proxies=None, verify=False,                     debug=0 </msg>
<arg>Cartable</arg>
<arg>${Cartable_Api_URL}</arg>
<arg>verify=${False}</arg>
<doc>Create Session: create a HTTP session to a server</doc>
<status status="PASS" start="2026-05-15T15:32:54.179958" elapsed="0.000408"/>
</kw>
<status status="PASS" start="2026-05-15T15:32:54.179750" elapsed="0.000715"/>
</kw>
<kw name="Create Cash Session" owner="AdmitHis-keywords">
<kw name="Create Session" owner="RequestsLibrary">
<msg time="2026-05-15T15:32:54.180920" level="INFO">Creating Session using : alias=Cash, url=http://192.168.5.19:8074, headers={},                     cookies={}, auth=None, timeout=None, proxies=None, verify=False,                     debug=0 </msg>
<arg>Cash</arg>
<arg>${Cash_Api_URL}</arg>
<arg>verify=${False}</arg>
<doc>Create Session: create a HTTP session to a server</doc>
<status status="PASS" start="2026-05-15T15:32:54.180744" elapsed="0.000306"/>
</kw>
<status status="PASS" start="2026-05-15T15:32:54.180576" elapsed="0.000555"/>
</kw>
<status status="PASS" start="2026-05-15T15:32:54.176840" elapsed="0.004353"/>
</kw>
<test id="s1-s1-t1" name="059-Send To His Live" line="4169">
<kw name="Read State" owner="AdmitHis-keywords">
<kw name="File Should Exist" owner="OperatingSystem">
<msg time="2026-05-15T15:32:54.187184" level="INFO" html="true">File '&lt;a href="file://D:\Payvand\Projects\HisAdmit\AdmitHis-Test\resources\state\runtime_state.json"&gt;D:\Payvand\Projects\HisAdmit\AdmitHis-Test\resources\state\runtime_state.json&lt;/a&gt;' exists.</msg>
<arg>${STATE_FILE}</arg>
<doc>Fails unless the given ``path`` points to an existing file.</doc>
<status status="PASS" start="2026-05-15T15:32:54.186902" elapsed="0.000441"/>
</kw>
<kw name="Get File" owner="OperatingSystem">
<msg time="2026-05-15T15:32:54.187693" level="INFO" html="true">Getting file '&lt;a href="file://D:\Payvand\Projects\HisAdmit\AdmitHis-Test\resources\state\runtime_state.json"&gt;D:\Payvand\Projects\HisAdmit\AdmitHis-Test\resources\state\runtime_state.json&lt;/a&gt;'.</msg>
<msg time="2026-05-15T15:32:54.188363" level="INFO">${content} = {
  "DISPLAYNAME": "شيخ الاسلامي - مهرشاد",
  "SEX": "مرد       ",
  "SEXID": 365,
  "MOBILE": "09383509316",
  "LASTHOMECITY": "363",
  "LASTINSURANCENO": "0019208291",
  "RELIGION": "مسلمان",
  "NAT...</msg>
<var>${content}</var>
<arg>${STATE_FILE}</arg>
<doc>Returns the contents of a specified file.</doc>
<status status="PASS" start="2026-05-15T15:32:54.187492" elapsed="0.000995"/>
</kw>
<kw name="Evaluate" owner="BuiltIn">
<msg time="2026-05-15T15:32:54.189152" level="INFO">${state} = {'DISPLAYNAME': 'شيخ الاسلامي - مهرشاد', 'SEX': 'مرد       ', 'SEXID': 365, 'MOBILE': '09383509316', 'LASTHOMECITY': '363', 'LASTINSURANCENO': '0019208291', 'RELIGION': 'مسلمان', 'NATIONALITYID': 912,...</msg>
<var>${state}</var>
<arg>json.loads('''${content}''')</arg>
<arg>json</arg>
<doc>Evaluates the given expression in Python and returns the result.</doc>
<status status="PASS" start="2026-05-15T15:32:54.188680" elapsed="0.000565"/>
</kw>
<kw name="Get From Dictionary" owner="Collections">
<msg time="2026-05-15T15:32:54.189617" level="INFO">${value} = 356450</msg>
<var>${value}</var>
<arg>${state}</arg>
<arg>${key}</arg>
<doc>Returns a value from the given ``dictionary`` based on the given ``key``.</doc>
<status status="PASS" start="2026-05-15T15:32:54.189384" elapsed="0.000391"/>
</kw>
<kw name="Should Not Be Equal" owner="BuiltIn">
<msg time="2026-05-15T15:32:54.190398" level="INFO">Argument types are:
&lt;class 'int'&gt;
&lt;class 'NoneType'&gt;</msg>
<arg>${value}</arg>
<arg>${None}</arg>
<arg>❌ ${key} not found in state file</arg>
<doc>Fails if the given objects are equal.</doc>
<status status="PASS" start="2026-05-15T15:32:54.190030" elapsed="0.000577"/>
</kw>
<return>
<value>${value}</value>
<status status="PASS" start="2026-05-15T15:32:54.190782" elapsed="0.000162"/>
</return>
<msg time="2026-05-15T15:32:54.191093" level="INFO">${INPATIENT_ADMIT_ID} = 356450</msg>
<var>${INPATIENT_ADMIT_ID}</var>
<arg>INPATIENT_ADMIT_ID</arg>
<status status="PASS" start="2026-05-15T15:32:54.186473" elapsed="0.004980"/>
</kw>
<kw name="Create Dictionary" owner="BuiltIn">
<msg time="2026-05-15T15:32:54.192469" level="INFO">&amp;{headers} = { Authorization=bearer eyJhbGciOiJodHRwOi8vd3d3LnczLm9yZy8yMDAxLzA0L3htbGRzaWctbW9yZSNobWFjLXNoYTI1NiIsInR5cCI6IkpXVCJ9.eyJodHRwOi8vc2NoZW1hcy5taWNyb3NvZnQuY29tL3dzLzIwMDgvMDYvaWRlbnRpdHkvY2xhaW1zL3Vz...</msg>
<var>&amp;{headers}</var>
<arg>Authorization=${AUTH_BEARER}</arg>
<arg>Cookie=${COOKIE_TOKEN}</arg>
<arg>Accept=application/json</arg>
<arg>Accept-Language=fa</arg>
<arg>charset=utf-8</arg>
<doc>Creates and returns a dictionary based on the given ``items``.</doc>
<status status="PASS" start="2026-05-15T15:32:54.191977" elapsed="0.000623"/>
</kw>
<kw name="Create Dictionary" owner="BuiltIn">
<msg time="2026-05-15T15:32:54.193531" level="INFO">${body} = {'admitId': 356450}</msg>
<var>${body}</var>
<arg>admitId=${INPATIENT_ADMIT_ID}</arg>
<doc>Creates and returns a dictionary based on the given ``items``.</doc>
<status status="PASS" start="2026-05-15T15:32:54.193009" elapsed="0.000666"/>
</kw>
<kw name="POST On Session" owner="RequestsLibrary">
<msg time="2026-05-15T15:32:54.194575" level="FAIL">Resolving variable '${body.message}' failed: AttributeError: message</msg>
<var>${resp}</var>
<arg>HIS</arg>
<arg>/api/Filing/SendToHisLive</arg>
<arg>headers=&amp;{headers}</arg>
<arg>json=${body}</arg>
<arg>msg=${body.message}</arg>
<doc>Sends a POST request on a previously created HTTP Session.</doc>
<status status="FAIL" start="2026-05-15T15:32:54.194018" elapsed="0.008777">Resolving variable '${body.message}' failed: AttributeError: message</status>
</kw>
<doc>ارسال پذیرش برای His Live</doc>
<tag>API_FILING</tag>
<tag>METHOD_POST</tag>
<tag>PUBLIC</tag>
<status status="FAIL" start="2026-05-15T15:32:54.181276" elapsed="0.022156">Resolving variable '${body.message}' failed: AttributeError: message</status>
</test>
<status status="FAIL" start="2026-05-15T15:32:53.768152" elapsed="0.439551"/>
</suite>
<status status="FAIL" start="2026-05-15T15:32:53.746974" elapsed="0.469283"/>
</suite>
<statistics>
<total>
<stat pass="0" fail="1" skip="0">All Tests</stat>
</total>
<tag>
<stat pass="0" fail="1" skip="0">API_FILING</stat>
<stat pass="0" fail="1" skip="0">METHOD_POST</stat>
<stat pass="0" fail="1" skip="0">PUBLIC</stat>
</tag>
<suite>
<stat name="AdmitHis-Test" id="s1" pass="0" fail="1" skip="0">AdmitHis-Test</stat>
<stat name="AdmitHis-Api" id="s1-s1" pass="0" fail="1" skip="0">AdmitHis-Test.AdmitHis-Api</stat>
</suite>
</statistics>
<errors>
</errors>
</robot>
