<?xml version="1.0" encoding="UTF-8"?>
<robot generator="Robot 7.3.2 (Python 3.13.2 on win32)" generated="2026-05-04T00:01:45.782753" rpa="false" schemaversion="5">
<suite id="s1" name="AdmitHis-Test" source="D:\Payvand\Projects\HisAdmit\AdmitHis-Test">
<suite id="s1-s1" name="AdmitHis-Api" source="D:\Payvand\Projects\HisAdmit\AdmitHis-Test\AdmitHis-Api.robot">
<kw name="Create All Sessions" owner="AdmitHis-keywords" type="SETUP">
<kw name="Create AdmitHIS Session" owner="AdmitHis-keywords">
<kw name="Create Session" owner="RequestsLibrary">
<msg time="2026-05-04T00:01:46.172837" level="INFO">Creating Session using : alias=HIS, url=http://192.168.5.19:1600, headers={},                     cookies={}, auth=None, timeout=None, proxies=None, verify=False,                     debug=0 </msg>
<arg>HIS</arg>
<arg>${AdmitHis_Api_URL}</arg>
<arg>verify=${False}</arg>
<doc>Create Session: create a HTTP session to a server</doc>
<status status="PASS" start="2026-05-04T00:01:46.172571" elapsed="0.000526"/>
</kw>
<status status="PASS" start="2026-05-04T00:01:46.171845" elapsed="0.001381"/>
</kw>
<kw name="Create Cartable Session" owner="AdmitHis-keywords">
<kw name="Create Session" owner="RequestsLibrary">
<msg time="2026-05-04T00:01:46.173748" level="INFO">Creating Session using : alias=Cartable, url=http://192.168.5.19:8020, headers={},                     cookies={}, auth=None, timeout=None, proxies=None, verify=False,                     debug=0 </msg>
<arg>Cartable</arg>
<arg>${Cartable_Api_URL}</arg>
<arg>verify=${False}</arg>
<doc>Create Session: create a HTTP session to a server</doc>
<status status="PASS" start="2026-05-04T00:01:46.173539" elapsed="0.000375"/>
</kw>
<status status="PASS" start="2026-05-04T00:01:46.173351" elapsed="0.000650"/>
</kw>
<kw name="Create Cash Session" owner="AdmitHis-keywords">
<kw name="Create Session" owner="RequestsLibrary">
<msg time="2026-05-04T00:01:46.174455" level="INFO">Creating Session using : alias=Cash, url=http://192.168.5.19:8074, headers={},                     cookies={}, auth=None, timeout=None, proxies=None, verify=False,                     debug=0 </msg>
<arg>Cash</arg>
<arg>${Cash_Api_URL}</arg>
<arg>verify=${False}</arg>
<doc>Create Session: create a HTTP session to a server</doc>
<status status="PASS" start="2026-05-04T00:01:46.174278" elapsed="0.000310"/>
</kw>
<status status="PASS" start="2026-05-04T00:01:46.174105" elapsed="0.000574"/>
</kw>
<status status="PASS" start="2026-05-04T00:01:46.171481" elapsed="0.003259"/>
</kw>
<test id="s1-s1-t1" name="035-Validate Database After Preadmit Rezerve" line="1946">
<kw name="Read State" owner="AdmitHis-keywords">
<kw name="File Should Exist" owner="OperatingSystem">
<msg time="2026-05-04T00:01:46.186140" level="INFO" html="true">File '&lt;a href="file://D:\Payvand\Projects\HisAdmit\AdmitHis-Test\resources\state\runtime_state.json"&gt;D:\Payvand\Projects\HisAdmit\AdmitHis-Test\resources\state\runtime_state.json&lt;/a&gt;' exists.</msg>
<arg>${STATE_FILE}</arg>
<doc>Fails unless the given ``path`` points to an existing file.</doc>
<status status="PASS" start="2026-05-04T00:01:46.185392" elapsed="0.001163"/>
</kw>
<kw name="Get File" owner="OperatingSystem">
<msg time="2026-05-04T00:01:46.186889" level="INFO" html="true">Getting file '&lt;a href="file://D:\Payvand\Projects\HisAdmit\AdmitHis-Test\resources\state\runtime_state.json"&gt;D:\Payvand\Projects\HisAdmit\AdmitHis-Test\resources\state\runtime_state.json&lt;/a&gt;'.</msg>
<msg time="2026-05-04T00:01:46.187537" level="INFO">${content} = {
  "DISPLAYNAME": "شيخ الاسلامي - مهرشاد",
  "SEX": "مرد       ",
  "SEXID": 365,
  "MOBILE": "09383509316",
  "LASTHOMECITY": "363",
  "LASTINSURANCENO": "0019208291",
  "RELIGION": "مسلمان",
  "NAT...</msg>
<var>${content}</var>
<arg>${STATE_FILE}</arg>
<doc>Returns the contents of a specified file.</doc>
<status status="PASS" start="2026-05-04T00:01:46.186710" elapsed="0.000981"/>
</kw>
<kw name="Evaluate" owner="BuiltIn">
<msg time="2026-05-04T00:01:46.188291" level="INFO">${state} = {'DISPLAYNAME': 'شيخ الاسلامي - مهرشاد', 'SEX': 'مرد       ', 'SEXID': 365, 'MOBILE': '09383509316', 'LASTHOMECITY': '363', 'LASTINSURANCENO': '0019208291', 'RELIGION': 'مسلمان', 'NATIONALITYID': 912,...</msg>
<var>${state}</var>
<arg>json.loads('''${content}''')</arg>
<arg>json</arg>
<doc>Evaluates the given expression in Python and returns the result.</doc>
<status status="PASS" start="2026-05-04T00:01:46.187845" elapsed="0.000557"/>
</kw>
<kw name="Get From Dictionary" owner="Collections">
<msg time="2026-05-04T00:01:46.188772" level="INFO">${value} = 683676</msg>
<var>${value}</var>
<arg>${state}</arg>
<arg>${key}</arg>
<doc>Returns a value from the given ``dictionary`` based on the given ``key``.</doc>
<status status="PASS" start="2026-05-04T00:01:46.188566" elapsed="0.000273"/>
</kw>
<kw name="Should Not Be Equal" owner="BuiltIn">
<msg time="2026-05-04T00:01:46.189192" level="INFO">Argument types are:
&lt;class 'int'&gt;
&lt;class 'NoneType'&gt;</msg>
<arg>${value}</arg>
<arg>${None}</arg>
<arg>❌ ${key} not found in state file</arg>
<doc>Fails if the given objects are equal.</doc>
<status status="PASS" start="2026-05-04T00:01:46.188951" elapsed="0.000330"/>
</kw>
<return>
<value>${value}</value>
<status status="PASS" start="2026-05-04T00:01:46.189366" elapsed="0.000095"/>
</return>
<msg time="2026-05-04T00:01:46.189580" level="INFO">${FOUND_PREADMIT_FILEFORMATION_ID} = 683676</msg>
<var>${FOUND_PREADMIT_FILEFORMATION_ID}</var>
<arg>PREADMIT_FILEFORMATION_ID</arg>
<status status="PASS" start="2026-05-04T00:01:46.184564" elapsed="0.005081"/>
</kw>
<kw name="Validate AdmitHIS After Preadmit" owner="AdmitHis-DB-keywords">
<kw name="Connect To HIS Database" owner="AdmitHis-DB-keywords">
<kw name="Connect To Database" owner="DatabaseLibrary">
<msg time="2026-05-04T00:01:46.191154" level="INFO">Looking for configuration file: 'resources\db.cfg'</msg>
<msg time="2026-05-04T00:01:46.191475" level="INFO">Configuration file doesn't exist</msg>
<msg time="2026-05-04T00:01:46.191709" level="INFO">Connect to DB using : pymssql.connect(database='His1_Payvand', user='sa', password=***, host='192.168.5.17', port=1433, charset='cp1256')</msg>
<arg>db_module=pymssql</arg>
<arg>db_name=${DB_NAME}</arg>
<arg>db_user=${DB_USER}</arg>
<arg>db_password=${DB_PASS}</arg>
<arg>db_host=${DB_HOST}</arg>
<arg>charset=cp1256</arg>
<doc>Creates a database connection using the DB API 2.0 ``db_module`` and the parameters provided.
Along with listed commonly used arguments (`db_name`, `db_host` etc.)
you can set any other DB module specific parameters as key/value pairs.</doc>
<status status="PASS" start="2026-05-04T00:01:46.190781" elapsed="0.413843"/>
</kw>
<status status="PASS" start="2026-05-04T00:01:46.190513" elapsed="0.414337"/>
</kw>
<kw name="Read State" owner="AdmitHis-keywords">
<kw name="File Should Exist" owner="OperatingSystem">
<msg time="2026-05-04T00:01:46.605726" level="INFO" html="true">File '&lt;a href="file://D:\Payvand\Projects\HisAdmit\AdmitHis-Test\resources\state\runtime_state.json"&gt;D:\Payvand\Projects\HisAdmit\AdmitHis-Test\resources\state\runtime_state.json&lt;/a&gt;' exists.</msg>
<arg>${STATE_FILE}</arg>
<doc>Fails unless the given ``path`` points to an existing file.</doc>
<status status="PASS" start="2026-05-04T00:01:46.605485" elapsed="0.000409"/>
</kw>
<kw name="Get File" owner="OperatingSystem">
<msg time="2026-05-04T00:01:46.606255" level="INFO" html="true">Getting file '&lt;a href="file://D:\Payvand\Projects\HisAdmit\AdmitHis-Test\resources\state\runtime_state.json"&gt;D:\Payvand\Projects\HisAdmit\AdmitHis-Test\resources\state\runtime_state.json&lt;/a&gt;'.</msg>
<msg time="2026-05-04T00:01:46.606861" level="INFO">${content} = {
  "DISPLAYNAME": "شيخ الاسلامي - مهرشاد",
  "SEX": "مرد       ",
  "SEXID": 365,
  "MOBILE": "09383509316",
  "LASTHOMECITY": "363",
  "LASTINSURANCENO": "0019208291",
  "RELIGION": "مسلمان",
  "NAT...</msg>
<var>${content}</var>
<arg>${STATE_FILE}</arg>
<doc>Returns the contents of a specified file.</doc>
<status status="PASS" start="2026-05-04T00:01:46.606043" elapsed="0.000961"/>
</kw>
<kw name="Evaluate" owner="BuiltIn">
<msg time="2026-05-04T00:01:46.607910" level="INFO">${state} = {'DISPLAYNAME': 'شيخ الاسلامي - مهرشاد', 'SEX': 'مرد       ', 'SEXID': 365, 'MOBILE': '09383509316', 'LASTHOMECITY': '363', 'LASTINSURANCENO': '0019208291', 'RELIGION': 'مسلمان', 'NATIONALITYID': 912,...</msg>
<var>${state}</var>
<arg>json.loads('''${content}''')</arg>
<arg>json</arg>
<doc>Evaluates the given expression in Python and returns the result.</doc>
<status status="PASS" start="2026-05-04T00:01:46.607369" elapsed="0.000658"/>
</kw>
<kw name="Get From Dictionary" owner="Collections">
<msg time="2026-05-04T00:01:46.608460" level="INFO">${value} = 356421</msg>
<var>${value}</var>
<arg>${state}</arg>
<arg>${key}</arg>
<doc>Returns a value from the given ``dictionary`` based on the given ``key``.</doc>
<status status="PASS" start="2026-05-04T00:01:46.608215" elapsed="0.000328"/>
</kw>
<kw name="Should Not Be Equal" owner="BuiltIn">
<msg time="2026-05-04T00:01:46.608912" level="INFO">Argument types are:
&lt;class 'int'&gt;
&lt;class 'NoneType'&gt;</msg>
<arg>${value}</arg>
<arg>${None}</arg>
<arg>❌ ${key} not found in state file</arg>
<doc>Fails if the given objects are equal.</doc>
<status status="PASS" start="2026-05-04T00:01:46.608677" elapsed="0.000336"/>
</kw>
<return>
<value>${value}</value>
<status status="PASS" start="2026-05-04T00:01:46.609103" elapsed="0.000090"/>
</return>
<msg time="2026-05-04T00:01:46.609323" level="INFO">${PREADMIT_ADMIT_ID} = 356421</msg>
<var>${PREADMIT_ADMIT_ID}</var>
<arg>PREADMIT_ADMIT_ID</arg>
<status status="PASS" start="2026-05-04T00:01:46.605080" elapsed="0.004316"/>
</kw>
<kw name="Read State" owner="AdmitHis-keywords">
<kw name="File Should Exist" owner="OperatingSystem">
<msg time="2026-05-04T00:01:46.609941" level="INFO" html="true">File '&lt;a href="file://D:\Payvand\Projects\HisAdmit\AdmitHis-Test\resources\state\runtime_state.json"&gt;D:\Payvand\Projects\HisAdmit\AdmitHis-Test\resources\state\runtime_state.json&lt;/a&gt;' exists.</msg>
<arg>${STATE_FILE}</arg>
<doc>Fails unless the given ``path`` points to an existing file.</doc>
<status status="PASS" start="2026-05-04T00:01:46.609778" elapsed="0.000246"/>
</kw>
<kw name="Get File" owner="OperatingSystem">
<msg time="2026-05-04T00:01:46.610263" level="INFO" html="true">Getting file '&lt;a href="file://D:\Payvand\Projects\HisAdmit\AdmitHis-Test\resources\state\runtime_state.json"&gt;D:\Payvand\Projects\HisAdmit\AdmitHis-Test\resources\state\runtime_state.json&lt;/a&gt;'.</msg>
<msg time="2026-05-04T00:01:46.610803" level="INFO">${content} = {
  "DISPLAYNAME": "شيخ الاسلامي - مهرشاد",
  "SEX": "مرد       ",
  "SEXID": 365,
  "MOBILE": "09383509316",
  "LASTHOMECITY": "363",
  "LASTINSURANCENO": "0019208291",
  "RELIGION": "مسلمان",
  "NAT...</msg>
<var>${content}</var>
<arg>${STATE_FILE}</arg>
<doc>Returns the contents of a specified file.</doc>
<status status="PASS" start="2026-05-04T00:01:46.610127" elapsed="0.000819"/>
</kw>
<kw name="Evaluate" owner="BuiltIn">
<msg time="2026-05-04T00:01:46.611824" level="INFO">${state} = {'DISPLAYNAME': 'شيخ الاسلامي - مهرشاد', 'SEX': 'مرد       ', 'SEXID': 365, 'MOBILE': '09383509316', 'LASTHOMECITY': '363', 'LASTINSURANCENO': '0019208291', 'RELIGION': 'مسلمان', 'NATIONALITYID': 912,...</msg>
<var>${state}</var>
<arg>json.loads('''${content}''')</arg>
<arg>json</arg>
<doc>Evaluates the given expression in Python and returns the result.</doc>
<status status="PASS" start="2026-05-04T00:01:46.611153" elapsed="0.000855"/>
</kw>
<kw name="Get From Dictionary" owner="Collections">
<msg time="2026-05-04T00:01:46.612468" level="INFO">${value} = 683676</msg>
<var>${value}</var>
<arg>${state}</arg>
<arg>${key}</arg>
<doc>Returns a value from the given ``dictionary`` based on the given ``key``.</doc>
<status status="PASS" start="2026-05-04T00:01:46.612213" elapsed="0.000370"/>
</kw>
<kw name="Should Not Be Equal" owner="BuiltIn">
<msg time="2026-05-04T00:01:46.613384" level="INFO">Argument types are:
&lt;class 'int'&gt;
&lt;class 'NoneType'&gt;</msg>
<arg>${value}</arg>
<arg>${None}</arg>
<arg>❌ ${key} not found in state file</arg>
<doc>Fails if the given objects are equal.</doc>
<status status="PASS" start="2026-05-04T00:01:46.612865" elapsed="0.000644"/>
</kw>
<return>
<value>${value}</value>
<status status="PASS" start="2026-05-04T00:01:46.613602" elapsed="0.000090"/>
</return>
<msg time="2026-05-04T00:01:46.613836" level="INFO">${PREADMIT_iD_FileFormation} = 683676</msg>
<var>${PREADMIT_iD_FileFormation}</var>
<arg>PREADMIT_FILEFORMATION_ID</arg>
<status status="PASS" start="2026-05-04T00:01:46.609555" elapsed="0.004375"/>
</kw>
<kw name="Query" owner="DatabaseLibrary">
<msg time="2026-05-04T00:01:46.614326" level="INFO" html="true">Executing sql:&lt;br&gt;&lt;code style="font-weight: bold;"&gt;SELECT ID_Admit, FileFormationID, DischargeStep , WardIdIn, PatientClass ,Priority ,Status_AdmitHIS, PishPardaght FROM Admit_HIS WHERE ID_Admit=356421&lt;/code&gt;</msg>
<msg time="2026-05-04T00:01:46.659463" level="INFO">Commit the transaction</msg>
<msg time="2026-05-04T00:01:46.755738" level="INFO" html="true">&lt;div style="max-width: 100%; overflow-x: auto; max-height: 500px; overflow-y: auto;"&gt;&lt;table style="width: auto; border-collapse: collapse; border: 2px solid rgb(140 140 140)"&gt;&lt;caption style="text-align: left; font-weight: bold; padding: 5px;"&gt;Query returned 1 rows&lt;/caption&gt;&lt;tr&gt;&lt;th scope="col" style="position: sticky; top: 0; color:black; background-color: #d6ecd4; border: 1px solid rgb(160 160 160);padding: 8px 10px;text-align: center;"&gt;Row&lt;/th&gt;&lt;th scope="col" style="position: sticky; top: 0; background-color: #505050; color: #fff;border: 1px solid rgb(160 160 160);padding: 8px 10px;text-align: center;"&gt;ID_Admit&lt;/th&gt;&lt;th scope="col" style="position: sticky; top: 0; background-color: #505050; color: #fff;border: 1px solid rgb(160 160 160);padding: 8px 10px;text-align: center;"&gt;FileFormationID&lt;/th&gt;&lt;th scope="col" style="position: sticky; top: 0; background-color: #505050; color: #fff;border: 1px solid rgb(160 160 160);padding: 8px 10px;text-align: center;"&gt;DischargeStep&lt;/th&gt;&lt;th scope="col" style="position: sticky; top: 0; background-color: #505050; color: #fff;border: 1px solid rgb(160 160 160);padding: 8px 10px;text-align: center;"&gt;WardIdIn&lt;/th&gt;&lt;th scope="col" style="position: sticky; top: 0; background-color: #505050; color: #fff;border: 1px solid rgb(160 160 160);padding: 8px 10px;text-align: center;"&gt;PatientClass&lt;/th&gt;&lt;th scope="col" style="position: sticky; top: 0; background-color: #505050; color: #fff;border: 1px solid rgb(160 160 160);padding: 8px 10px;text-align: center;"&gt;Priority&lt;/th&gt;&lt;th scope="col" style="position: sticky; top: 0; background-color: #505050; color: #fff;border: 1px solid rgb(160 160 160);padding: 8px 10px;text-align: center;"&gt;Status_AdmitHIS&lt;/th&gt;&lt;th scope="col" style="position: sticky; top: 0; background-color: #505050; color: #fff;border: 1px solid rgb(160 160 160);padding: 8px 10px;text-align: center;"&gt;PishPardaght&lt;/th&gt;&lt;/tr&gt;&lt;tr style="background-color: var(--secondary-color, #eee)"&gt;&lt;th scope="row" style="color:black; background-color: #d6ecd4;border: 1px solid rgb(160 160 160);padding: 8px 10px;text-align: center;"&gt;0&lt;/th&gt;&lt;td style="border: 1px solid rgb(160 160 160);padding: 8px 10px;text-align: center;"&gt;356421&lt;/td&gt;&lt;td style="border: 1px solid rgb(160 160 160);padding: 8px 10px;text-align: center;"&gt;683676&lt;/td&gt;&lt;td style="border: 1px solid rgb(160 160 160);padding: 8px 10px;text-align: center;"&gt;14&lt;/td&gt;&lt;td style="border: 1px solid rgb(160 160 160);padding: 8px 10px;text-align: center;"&gt;201&lt;/td&gt;&lt;td style="border: 1px solid rgb(160 160 160);padding: 8px 10px;text-align: center;"&gt;5&lt;/td&gt;&lt;td style="border: 1px solid rgb(160 160 160);padding: 8px 10px;text-align: center;"&gt;3&lt;/td&gt;&lt;td style="border: 1px solid rgb(160 160 160);padding: 8px 10px;text-align: center;"&gt;0&lt;/td&gt;&lt;td style="border: 1px solid rgb(160 160 160);padding: 8px 10px;text-align: center;"&gt;10000.0&lt;/td&gt;&lt;/tr&gt;&lt;/table&gt;&lt;/div&gt;</msg>
<msg time="2026-05-04T00:01:46.756363" level="INFO">${rows} = [(356421, 683676, 14, 201, 5, 3, 0, 10000.0)]</msg>
<var>${rows}</var>
<arg>SELECT ID_Admit, FileFormationID, DischargeStep , WardIdIn, PatientClass ,Priority ,Status_AdmitHIS, PishPardaght FROM Admit_HIS WHERE ID_Admit=${PREADMIT_ADMIT_ID}</arg>
<doc>Runs a query with the ``select_statement`` and returns the result as list of rows.
The type of row values depends on the database module -
usually they are tuples or tuple-like objects.</doc>
<status status="PASS" start="2026-05-04T00:01:46.614062" elapsed="0.142451"/>
</kw>
<kw name="Should Not Be Empty" owner="BuiltIn">
<msg time="2026-05-04T00:01:46.757183" level="INFO">Length is 1.</msg>
<arg>${rows}</arg>
<doc>Verifies that the given item is not empty.</doc>
<status status="PASS" start="2026-05-04T00:01:46.756731" elapsed="0.000582"/>
</kw>
<kw name="Set Variable" owner="BuiltIn">
<msg time="2026-05-04T00:01:46.758138" level="INFO">${row} = (356421, 683676, 14, 201, 5, 3, 0, 10000.0)</msg>
<var>${row}</var>
<arg>${rows[0]}</arg>
<doc>Returns the given values which can then be assigned to a variables.</doc>
<status status="PASS" start="2026-05-04T00:01:46.757472" elapsed="0.000768"/>
</kw>
<kw name="Should Be Equal As Integers" owner="BuiltIn">
<arg>${row[0]}</arg>
<arg>${PREADMIT_ADMIT_ID}</arg>
<arg>msg= Admit Id Not Mach</arg>
<doc>Fails if objects are unequal after converting them to integers.</doc>
<status status="PASS" start="2026-05-04T00:01:46.758377" elapsed="0.000587"/>
</kw>
<kw name="Should Be Equal As Integers" owner="BuiltIn">
<arg>${row[1]}</arg>
<arg>${PREADMIT_iD_FileFormation}</arg>
<arg>msg= Fileformation Id Not Mach</arg>
<doc>Fails if objects are unequal after converting them to integers.</doc>
<status status="PASS" start="2026-05-04T00:01:46.759099" elapsed="0.000623"/>
</kw>
<kw name="Should Be Equal As Integers" owner="BuiltIn">
<msg time="2026-05-04T00:01:46.760331" level="INFO">Argument types are:
&lt;class 'int'&gt;
&lt;class 'str'&gt;</msg>
<arg>${row[2]}</arg>
<arg>14</arg>
<arg>msg= Discharge Step Is Not 14</arg>
<doc>Fails if objects are unequal after converting them to integers.</doc>
<status status="PASS" start="2026-05-04T00:01:46.759858" elapsed="0.000595"/>
</kw>
<kw name="Should Be Equal As Integers" owner="BuiltIn">
<msg time="2026-05-04T00:01:46.761055" level="INFO">Argument types are:
&lt;class 'int'&gt;
&lt;class 'str'&gt;</msg>
<arg>${row[3]}</arg>
<arg>${wardId}</arg>
<arg>msg= Ward Id Is Not Mach</arg>
<doc>Fails if objects are unequal after converting them to integers.</doc>
<status status="PASS" start="2026-05-04T00:01:46.760620" elapsed="0.000541"/>
</kw>
<kw name="Should Be Equal As Integers" owner="BuiltIn">
<msg time="2026-05-04T00:01:46.762200" level="INFO">Argument types are:
&lt;class 'int'&gt;
&lt;class 'str'&gt;</msg>
<arg>${row[4]}</arg>
<arg>5</arg>
<arg>msg= PatientClass Is Not 5</arg>
<doc>Fails if objects are unequal after converting them to integers.</doc>
<status status="PASS" start="2026-05-04T00:01:46.761306" elapsed="0.001344"/>
</kw>
<kw name="Should Be Equal As Integers" owner="BuiltIn">
<msg time="2026-05-04T00:01:46.763443" level="INFO">Argument types are:
&lt;class 'int'&gt;
&lt;class 'str'&gt;</msg>
<arg>${row[5]}</arg>
<arg>3</arg>
<arg>msg= Priority Is Not 3</arg>
<doc>Fails if objects are unequal after converting them to integers.</doc>
<status status="PASS" start="2026-05-04T00:01:46.762830" elapsed="0.000777"/>
</kw>
<kw name="Should Be Equal As Integers" owner="BuiltIn">
<msg time="2026-05-04T00:01:46.764479" level="INFO">Argument types are:
&lt;class 'int'&gt;
&lt;class 'str'&gt;</msg>
<arg>${row[6]}</arg>
<arg>0</arg>
<arg>msg= Admit Status Is Not 0</arg>
<doc>Fails if objects are unequal after converting them to integers.</doc>
<status status="PASS" start="2026-05-04T00:01:46.763785" elapsed="0.000937"/>
</kw>
<kw name="Should Be Equal As Integers" owner="BuiltIn">
<msg time="2026-05-04T00:01:46.765435" level="INFO">Argument types are:
&lt;class 'float'&gt;
&lt;class 'str'&gt;</msg>
<arg>${row[7]}</arg>
<arg>${pishPardaght}</arg>
<arg>msg= Pishpardakht Is Not Mach</arg>
<doc>Fails if objects are unequal after converting them to integers.</doc>
<status status="PASS" start="2026-05-04T00:01:46.764880" elapsed="0.000657"/>
</kw>
<kw name="Set Test Message" owner="BuiltIn">
<msg time="2026-05-04T00:01:46.765966" level="INFO">Set test message to:
Validate AdmitHis After Preadmit Pass</msg>
<arg>Validate AdmitHis After Preadmit Pass</arg>
<doc>Sets message for the current test case.</doc>
<status status="PASS" start="2026-05-04T00:01:46.765658" elapsed="0.000424"/>
</kw>
<arg>${FOUND_PREADMIT_FILEFORMATION_ID}</arg>
<status status="PASS" start="2026-05-04T00:01:46.190072" elapsed="0.576117"/>
</kw>
<kw name="Validate Pationt-Movement After Preadmit" owner="AdmitHis-DB-keywords">
<kw name="Connect To HIS Database" owner="AdmitHis-DB-keywords">
<kw name="Connect To Database" owner="DatabaseLibrary">
<msg time="2026-05-04T00:01:46.767671" level="INFO">Looking for configuration file: 'resources\db.cfg'</msg>
<msg time="2026-05-04T00:01:46.767885" level="INFO">Configuration file doesn't exist</msg>
<msg time="2026-05-04T00:01:46.768251" level="INFO">Connect to DB using : pymssql.connect(database='His1_Payvand', user='sa', password=***, host='192.168.5.17', port=1433, charset='cp1256')</msg>
<msg time="2026-05-04T00:01:47.177268" level="WARN">Overwriting not closed connection.</msg>
<arg>db_module=pymssql</arg>
<arg>db_name=${DB_NAME}</arg>
<arg>db_user=${DB_USER}</arg>
<arg>db_password=${DB_PASS}</arg>
<arg>db_host=${DB_HOST}</arg>
<arg>charset=cp1256</arg>
<doc>Creates a database connection using the DB API 2.0 ``db_module`` and the parameters provided.
Along with listed commonly used arguments (`db_name`, `db_host` etc.)
you can set any other DB module specific parameters as key/value pairs.</doc>
<status status="PASS" start="2026-05-04T00:01:46.767266" elapsed="0.424480"/>
</kw>
<status status="PASS" start="2026-05-04T00:01:46.766980" elapsed="0.424988"/>
</kw>
<kw name="Read State" owner="AdmitHis-keywords">
<kw name="File Should Exist" owner="OperatingSystem">
<msg time="2026-05-04T00:01:47.193018" level="INFO" html="true">File '&lt;a href="file://D:\Payvand\Projects\HisAdmit\AdmitHis-Test\resources\state\runtime_state.json"&gt;D:\Payvand\Projects\HisAdmit\AdmitHis-Test\resources\state\runtime_state.json&lt;/a&gt;' exists.</msg>
<arg>${STATE_FILE}</arg>
<doc>Fails unless the given ``path`` points to an existing file.</doc>
<status status="PASS" start="2026-05-04T00:01:47.192643" elapsed="0.000593"/>
</kw>
<kw name="Get File" owner="OperatingSystem">
<msg time="2026-05-04T00:01:47.193697" level="INFO" html="true">Getting file '&lt;a href="file://D:\Payvand\Projects\HisAdmit\AdmitHis-Test\resources\state\runtime_state.json"&gt;D:\Payvand\Projects\HisAdmit\AdmitHis-Test\resources\state\runtime_state.json&lt;/a&gt;'.</msg>
<msg time="2026-05-04T00:01:47.194684" level="INFO">${content} = {
  "DISPLAYNAME": "شيخ الاسلامي - مهرشاد",
  "SEX": "مرد       ",
  "SEXID": 365,
  "MOBILE": "09383509316",
  "LASTHOMECITY": "363",
  "LASTINSURANCENO": "0019208291",
  "RELIGION": "مسلمان",
  "NAT...</msg>
<var>${content}</var>
<arg>${STATE_FILE}</arg>
<doc>Returns the contents of a specified file.</doc>
<status status="PASS" start="2026-05-04T00:01:47.193433" elapsed="0.001422"/>
</kw>
<kw name="Evaluate" owner="BuiltIn">
<msg time="2026-05-04T00:01:47.195824" level="INFO">${state} = {'DISPLAYNAME': 'شيخ الاسلامي - مهرشاد', 'SEX': 'مرد       ', 'SEXID': 365, 'MOBILE': '09383509316', 'LASTHOMECITY': '363', 'LASTINSURANCENO': '0019208291', 'RELIGION': 'مسلمان', 'NATIONALITYID': 912,...</msg>
<var>${state}</var>
<arg>json.loads('''${content}''')</arg>
<arg>json</arg>
<doc>Evaluates the given expression in Python and returns the result.</doc>
<status status="PASS" start="2026-05-04T00:01:47.195118" elapsed="0.000868"/>
</kw>
<kw name="Get From Dictionary" owner="Collections">
<msg time="2026-05-04T00:01:47.196562" level="INFO">${value} = 356421</msg>
<var>${value}</var>
<arg>${state}</arg>
<arg>${key}</arg>
<doc>Returns a value from the given ``dictionary`` based on the given ``key``.</doc>
<status status="PASS" start="2026-05-04T00:01:47.196195" elapsed="0.000454"/>
</kw>
<kw name="Should Not Be Equal" owner="BuiltIn">
<msg time="2026-05-04T00:01:47.197036" level="INFO">Argument types are:
&lt;class 'int'&gt;
&lt;class 'NoneType'&gt;</msg>
<arg>${value}</arg>
<arg>${None}</arg>
<arg>❌ ${key} not found in state file</arg>
<doc>Fails if the given objects are equal.</doc>
<status status="PASS" start="2026-05-04T00:01:47.196785" elapsed="0.000392"/>
</kw>
<return>
<value>${value}</value>
<status status="PASS" start="2026-05-04T00:01:47.197284" elapsed="0.000130"/>
</return>
<msg time="2026-05-04T00:01:47.197639" level="INFO">${PREADMIT_ADMIT_ID} = 356421</msg>
<var>${PREADMIT_ADMIT_ID}</var>
<arg>PREADMIT_ADMIT_ID</arg>
<status status="PASS" start="2026-05-04T00:01:47.192208" elapsed="0.005540"/>
</kw>
<kw name="Read State" owner="AdmitHis-keywords">
<kw name="File Should Exist" owner="OperatingSystem">
<msg time="2026-05-04T00:01:47.199123" level="INFO" html="true">File '&lt;a href="file://D:\Payvand\Projects\HisAdmit\AdmitHis-Test\resources\state\runtime_state.json"&gt;D:\Payvand\Projects\HisAdmit\AdmitHis-Test\resources\state\runtime_state.json&lt;/a&gt;' exists.</msg>
<arg>${STATE_FILE}</arg>
<doc>Fails unless the given ``path`` points to an existing file.</doc>
<status status="PASS" start="2026-05-04T00:01:47.198945" elapsed="0.000267"/>
</kw>
<kw name="Get File" owner="OperatingSystem">
<msg time="2026-05-04T00:01:47.199468" level="INFO" html="true">Getting file '&lt;a href="file://D:\Payvand\Projects\HisAdmit\AdmitHis-Test\resources\state\runtime_state.json"&gt;D:\Payvand\Projects\HisAdmit\AdmitHis-Test\resources\state\runtime_state.json&lt;/a&gt;'.</msg>
<msg time="2026-05-04T00:01:47.200074" level="INFO">${content} = {
  "DISPLAYNAME": "شيخ الاسلامي - مهرشاد",
  "SEX": "مرد       ",
  "SEXID": 365,
  "MOBILE": "09383509316",
  "LASTHOMECITY": "363",
  "LASTINSURANCENO": "0019208291",
  "RELIGION": "مسلمان",
  "NAT...</msg>
<var>${content}</var>
<arg>${STATE_FILE}</arg>
<doc>Returns the contents of a specified file.</doc>
<status status="PASS" start="2026-05-04T00:01:47.199324" elapsed="0.000866"/>
</kw>
<kw name="Evaluate" owner="BuiltIn">
<msg time="2026-05-04T00:01:47.200751" level="INFO">${state} = {'DISPLAYNAME': 'شيخ الاسلامي - مهرشاد', 'SEX': 'مرد       ', 'SEXID': 365, 'MOBILE': '09383509316', 'LASTHOMECITY': '363', 'LASTINSURANCENO': '0019208291', 'RELIGION': 'مسلمان', 'NATIONALITYID': 912,...</msg>
<var>${state}</var>
<arg>json.loads('''${content}''')</arg>
<arg>json</arg>
<doc>Evaluates the given expression in Python and returns the result.</doc>
<status status="PASS" start="2026-05-04T00:01:47.200332" elapsed="0.000625"/>
</kw>
<kw name="Get From Dictionary" owner="Collections">
<msg time="2026-05-04T00:01:47.201676" level="INFO">${value} = 683676</msg>
<var>${value}</var>
<arg>${state}</arg>
<arg>${key}</arg>
<doc>Returns a value from the given ``dictionary`` based on the given ``key``.</doc>
<status status="PASS" start="2026-05-04T00:01:47.201182" elapsed="0.000603"/>
</kw>
<kw name="Should Not Be Equal" owner="BuiltIn">
<msg time="2026-05-04T00:01:47.202322" level="INFO">Argument types are:
&lt;class 'int'&gt;
&lt;class 'NoneType'&gt;</msg>
<arg>${value}</arg>
<arg>${None}</arg>
<arg>❌ ${key} not found in state file</arg>
<doc>Fails if the given objects are equal.</doc>
<status status="PASS" start="2026-05-04T00:01:47.201914" elapsed="0.000554"/>
</kw>
<return>
<value>${value}</value>
<status status="PASS" start="2026-05-04T00:01:47.202584" elapsed="0.000110"/>
</return>
<msg time="2026-05-04T00:01:47.202818" level="INFO">${PREADMIT_iD_FileFormation} = 683676</msg>
<var>${PREADMIT_iD_FileFormation}</var>
<arg>PREADMIT_FILEFORMATION_ID</arg>
<status status="PASS" start="2026-05-04T00:01:47.198091" elapsed="0.004800"/>
</kw>
<kw name="Query" owner="DatabaseLibrary">
<msg time="2026-05-04T00:01:47.203205" level="INFO" html="true">Executing sql:&lt;br&gt;&lt;code style="font-weight: bold;"&gt;SELECT AdmitID, PreBedID, BedID, Date, Time, Type From Patient_Movement WHERE AdmitID=356421&lt;/code&gt;</msg>
<msg time="2026-05-04T00:01:47.261244" level="INFO">Commit the transaction</msg>
<msg time="2026-05-04T00:01:47.356746" level="INFO" html="true">&lt;div style="max-width: 100%; overflow-x: auto; max-height: 500px; overflow-y: auto;"&gt;&lt;table style="width: auto; border-collapse: collapse; border: 2px solid rgb(140 140 140)"&gt;&lt;caption style="text-align: left; font-weight: bold; padding: 5px;"&gt;Query returned 0 rows&lt;/caption&gt;&lt;tr&gt;&lt;th scope="col" style="position: sticky; top: 0; color:black; background-color: #d6ecd4; border: 1px solid rgb(160 160 160);padding: 8px 10px;text-align: center;"&gt;Row&lt;/th&gt;&lt;th scope="col" style="position: sticky; top: 0; background-color: #505050; color: #fff;border: 1px solid rgb(160 160 160);padding: 8px 10px;text-align: center;"&gt;AdmitID&lt;/th&gt;&lt;th scope="col" style="position: sticky; top: 0; background-color: #505050; color: #fff;border: 1px solid rgb(160 160 160);padding: 8px 10px;text-align: center;"&gt;PreBedID&lt;/th&gt;&lt;th scope="col" style="position: sticky; top: 0; background-color: #505050; color: #fff;border: 1px solid rgb(160 160 160);padding: 8px 10px;text-align: center;"&gt;BedID&lt;/th&gt;&lt;th scope="col" style="position: sticky; top: 0; background-color: #505050; color: #fff;border: 1px solid rgb(160 160 160);padding: 8px 10px;text-align: center;"&gt;Date&lt;/th&gt;&lt;th scope="col" style="position: sticky; top: 0; background-color: #505050; color: #fff;border: 1px solid rgb(160 160 160);padding: 8px 10px;text-align: center;"&gt;Time&lt;/th&gt;&lt;th scope="col" style="position: sticky; top: 0; background-color: #505050; color: #fff;border: 1px solid rgb(160 160 160);padding: 8px 10px;text-align: center;"&gt;Type&lt;/th&gt;&lt;/tr&gt;&lt;/table&gt;&lt;/div&gt;</msg>
<msg time="2026-05-04T00:01:47.357338" level="INFO">${rows} = []</msg>
<var>${rows}</var>
<arg>SELECT AdmitID, PreBedID, BedID, Date, Time, Type From Patient_Movement WHERE AdmitID=${PREADMIT_ADMIT_ID}</arg>
<doc>Runs a query with the ``select_statement`` and returns the result as list of rows.
The type of row values depends on the database module -
usually they are tuples or tuple-like objects.</doc>
<status status="PASS" start="2026-05-04T00:01:47.203015" elapsed="0.154513"/>
</kw>
<kw name="Should Be Empty" owner="BuiltIn">
<msg time="2026-05-04T00:01:47.358720" level="INFO">Length is 0.</msg>
<arg>${rows}</arg>
<arg>msg= Pationt-Movement Has Record</arg>
<doc>Verifies that the given item is empty.</doc>
<status status="PASS" start="2026-05-04T00:01:47.358002" elapsed="0.001000"/>
</kw>
<kw name="Set Test Message" owner="BuiltIn">
<msg time="2026-05-04T00:01:47.359837" level="INFO">Set test message to:
Validate Pationt-Movement After Preadmit Pass</msg>
<arg>Validate Pationt-Movement After Preadmit Pass</arg>
<doc>Sets message for the current test case.</doc>
<status status="PASS" start="2026-05-04T00:01:47.359390" elapsed="0.000708"/>
</kw>
<arg>${FOUND_PREADMIT_FILEFORMATION_ID}</arg>
<status status="PASS" start="2026-05-04T00:01:46.766540" elapsed="0.593851"/>
</kw>
<kw name="Validate Tbl-Bed After Preadmit" owner="AdmitHis-DB-keywords">
<kw name="Connect To HIS Database" owner="AdmitHis-DB-keywords">
<kw name="Connect To Database" owner="DatabaseLibrary">
<msg time="2026-05-04T00:01:47.364268" level="INFO">Looking for configuration file: 'resources\db.cfg'</msg>
<msg time="2026-05-04T00:01:47.364485" level="INFO">Configuration file doesn't exist</msg>
<msg time="2026-05-04T00:01:47.364797" level="INFO">Connect to DB using : pymssql.connect(database='His1_Payvand', user='sa', password=***, host='192.168.5.17', port=1433, charset='cp1256')</msg>
<msg time="2026-05-04T00:01:47.814788" level="WARN">Overwriting not closed connection.</msg>
<arg>db_module=pymssql</arg>
<arg>db_name=${DB_NAME}</arg>
<arg>db_user=${DB_USER}</arg>
<arg>db_password=${DB_PASS}</arg>
<arg>db_host=${DB_HOST}</arg>
<arg>charset=cp1256</arg>
<doc>Creates a database connection using the DB API 2.0 ``db_module`` and the parameters provided.
Along with listed commonly used arguments (`db_name`, `db_host` etc.)
you can set any other DB module specific parameters as key/value pairs.</doc>
<status status="PASS" start="2026-05-04T00:01:47.363586" elapsed="0.459154"/>
</kw>
<status status="PASS" start="2026-05-04T00:01:47.362777" elapsed="0.460153"/>
</kw>
<kw name="Read State" owner="AdmitHis-keywords">
<kw name="File Should Exist" owner="OperatingSystem">
<msg time="2026-05-04T00:01:47.823691" level="INFO" html="true">File '&lt;a href="file://D:\Payvand\Projects\HisAdmit\AdmitHis-Test\resources\state\runtime_state.json"&gt;D:\Payvand\Projects\HisAdmit\AdmitHis-Test\resources\state\runtime_state.json&lt;/a&gt;' exists.</msg>
<arg>${STATE_FILE}</arg>
<doc>Fails unless the given ``path`` points to an existing file.</doc>
<status status="PASS" start="2026-05-04T00:01:47.823479" elapsed="0.000362"/>
</kw>
<kw name="Get File" owner="OperatingSystem">
<msg time="2026-05-04T00:01:47.824190" level="INFO" html="true">Getting file '&lt;a href="file://D:\Payvand\Projects\HisAdmit\AdmitHis-Test\resources\state\runtime_state.json"&gt;D:\Payvand\Projects\HisAdmit\AdmitHis-Test\resources\state\runtime_state.json&lt;/a&gt;'.</msg>
<msg time="2026-05-04T00:01:47.824792" level="INFO">${content} = {
  "DISPLAYNAME": "شيخ الاسلامي - مهرشاد",
  "SEX": "مرد       ",
  "SEXID": 365,
  "MOBILE": "09383509316",
  "LASTHOMECITY": "363",
  "LASTINSURANCENO": "0019208291",
  "RELIGION": "مسلمان",
  "NAT...</msg>
<var>${content}</var>
<arg>${STATE_FILE}</arg>
<doc>Returns the contents of a specified file.</doc>
<status status="PASS" start="2026-05-04T00:01:47.823985" elapsed="0.000955"/>
</kw>
<kw name="Evaluate" owner="BuiltIn">
<msg time="2026-05-04T00:01:47.825677" level="INFO">${state} = {'DISPLAYNAME': 'شيخ الاسلامي - مهرشاد', 'SEX': 'مرد       ', 'SEXID': 365, 'MOBILE': '09383509316', 'LASTHOMECITY': '363', 'LASTINSURANCENO': '0019208291', 'RELIGION': 'مسلمان', 'NATIONALITYID': 912,...</msg>
<var>${state}</var>
<arg>json.loads('''${content}''')</arg>
<arg>json</arg>
<doc>Evaluates the given expression in Python and returns the result.</doc>
<status status="PASS" start="2026-05-04T00:01:47.825098" elapsed="0.000687"/>
</kw>
<kw name="Get From Dictionary" owner="Collections">
<msg time="2026-05-04T00:01:47.826181" level="INFO">${value} = 356421</msg>
<var>${value}</var>
<arg>${state}</arg>
<arg>${key}</arg>
<doc>Returns a value from the given ``dictionary`` based on the given ``key``.</doc>
<status status="PASS" start="2026-05-04T00:01:47.825935" elapsed="0.000338"/>
</kw>
<kw name="Should Not Be Equal" owner="BuiltIn">
<msg time="2026-05-04T00:01:47.826636" level="INFO">Argument types are:
&lt;class 'int'&gt;
&lt;class 'NoneType'&gt;</msg>
<arg>${value}</arg>
<arg>${None}</arg>
<arg>❌ ${key} not found in state file</arg>
<doc>Fails if the given objects are equal.</doc>
<status status="PASS" start="2026-05-04T00:01:47.826402" elapsed="0.000338"/>
</kw>
<return>
<value>${value}</value>
<status status="PASS" start="2026-05-04T00:01:47.826826" elapsed="0.000096"/>
</return>
<msg time="2026-05-04T00:01:47.827038" level="INFO">${PREADMIT_ADMIT_ID} = 356421</msg>
<var>${PREADMIT_ADMIT_ID}</var>
<arg>PREADMIT_ADMIT_ID</arg>
<status status="PASS" start="2026-05-04T00:01:47.823113" elapsed="0.004018"/>
</kw>
<kw name="Read State" owner="AdmitHis-keywords">
<kw name="File Should Exist" owner="OperatingSystem">
<msg time="2026-05-04T00:01:47.828080" level="INFO" html="true">File '&lt;a href="file://D:\Payvand\Projects\HisAdmit\AdmitHis-Test\resources\state\runtime_state.json"&gt;D:\Payvand\Projects\HisAdmit\AdmitHis-Test\resources\state\runtime_state.json&lt;/a&gt;' exists.</msg>
<arg>${STATE_FILE}</arg>
<doc>Fails unless the given ``path`` points to an existing file.</doc>
<status status="PASS" start="2026-05-04T00:01:47.827567" elapsed="0.000666"/>
</kw>
<kw name="Get File" owner="OperatingSystem">
<msg time="2026-05-04T00:01:47.828726" level="INFO" html="true">Getting file '&lt;a href="file://D:\Payvand\Projects\HisAdmit\AdmitHis-Test\resources\state\runtime_state.json"&gt;D:\Payvand\Projects\HisAdmit\AdmitHis-Test\resources\state\runtime_state.json&lt;/a&gt;'.</msg>
<msg time="2026-05-04T00:01:47.829302" level="INFO">${content} = {
  "DISPLAYNAME": "شيخ الاسلامي - مهرشاد",
  "SEX": "مرد       ",
  "SEXID": 365,
  "MOBILE": "09383509316",
  "LASTHOMECITY": "363",
  "LASTINSURANCENO": "0019208291",
  "RELIGION": "مسلمان",
  "NAT...</msg>
<var>${content}</var>
<arg>${STATE_FILE}</arg>
<doc>Returns the contents of a specified file.</doc>
<status status="PASS" start="2026-05-04T00:01:47.828407" elapsed="0.001037"/>
</kw>
<kw name="Evaluate" owner="BuiltIn">
<msg time="2026-05-04T00:01:47.830236" level="INFO">${state} = {'DISPLAYNAME': 'شيخ الاسلامي - مهرشاد', 'SEX': 'مرد       ', 'SEXID': 365, 'MOBILE': '09383509316', 'LASTHOMECITY': '363', 'LASTINSURANCENO': '0019208291', 'RELIGION': 'مسلمان', 'NATIONALITYID': 912,...</msg>
<var>${state}</var>
<arg>json.loads('''${content}''')</arg>
<arg>json</arg>
<doc>Evaluates the given expression in Python and returns the result.</doc>
<status status="PASS" start="2026-05-04T00:01:47.829651" elapsed="0.000721"/>
</kw>
<kw name="Get From Dictionary" owner="Collections">
<msg time="2026-05-04T00:01:47.830913" level="INFO">${value} = 683676</msg>
<var>${value}</var>
<arg>${state}</arg>
<arg>${key}</arg>
<doc>Returns a value from the given ``dictionary`` based on the given ``key``.</doc>
<status status="PASS" start="2026-05-04T00:01:47.830578" elapsed="0.000449"/>
</kw>
<kw name="Should Not Be Equal" owner="BuiltIn">
<msg time="2026-05-04T00:01:47.831491" level="INFO">Argument types are:
&lt;class 'int'&gt;
&lt;class 'NoneType'&gt;</msg>
<arg>${value}</arg>
<arg>${None}</arg>
<arg>❌ ${key} not found in state file</arg>
<doc>Fails if the given objects are equal.</doc>
<status status="PASS" start="2026-05-04T00:01:47.831201" elapsed="0.000414"/>
</kw>
<return>
<value>${value}</value>
<status status="PASS" start="2026-05-04T00:01:47.831729" elapsed="0.000109"/>
</return>
<msg time="2026-05-04T00:01:47.831994" level="INFO">${PREADMIT_iD_FileFormation} = 683676</msg>
<var>${PREADMIT_iD_FileFormation}</var>
<arg>PREADMIT_FILEFORMATION_ID</arg>
<status status="PASS" start="2026-05-04T00:01:47.827295" elapsed="0.004782"/>
</kw>
<kw name="Query" owner="DatabaseLibrary">
<msg time="2026-05-04T00:01:47.832570" level="INFO" html="true">Executing sql:&lt;br&gt;&lt;code style="font-weight: bold;"&gt;SELECT ID_Bed, WardID, RoomNo, BedNo, AdmitID, BedStatus From Tbl_Bed WHERE AdmitID=356421&lt;/code&gt;</msg>
<msg time="2026-05-04T00:01:47.878521" level="INFO">Commit the transaction</msg>
<msg time="2026-05-04T00:01:47.956691" level="INFO" html="true">&lt;div style="max-width: 100%; overflow-x: auto; max-height: 500px; overflow-y: auto;"&gt;&lt;table style="width: auto; border-collapse: collapse; border: 2px solid rgb(140 140 140)"&gt;&lt;caption style="text-align: left; font-weight: bold; padding: 5px;"&gt;Query returned 0 rows&lt;/caption&gt;&lt;tr&gt;&lt;th scope="col" style="position: sticky; top: 0; color:black; background-color: #d6ecd4; border: 1px solid rgb(160 160 160);padding: 8px 10px;text-align: center;"&gt;Row&lt;/th&gt;&lt;th scope="col" style="position: sticky; top: 0; background-color: #505050; color: #fff;border: 1px solid rgb(160 160 160);padding: 8px 10px;text-align: center;"&gt;ID_Bed&lt;/th&gt;&lt;th scope="col" style="position: sticky; top: 0; background-color: #505050; color: #fff;border: 1px solid rgb(160 160 160);padding: 8px 10px;text-align: center;"&gt;WardID&lt;/th&gt;&lt;th scope="col" style="position: sticky; top: 0; background-color: #505050; color: #fff;border: 1px solid rgb(160 160 160);padding: 8px 10px;text-align: center;"&gt;RoomNo&lt;/th&gt;&lt;th scope="col" style="position: sticky; top: 0; background-color: #505050; color: #fff;border: 1px solid rgb(160 160 160);padding: 8px 10px;text-align: center;"&gt;BedNo&lt;/th&gt;&lt;th scope="col" style="position: sticky; top: 0; background-color: #505050; color: #fff;border: 1px solid rgb(160 160 160);padding: 8px 10px;text-align: center;"&gt;AdmitID&lt;/th&gt;&lt;th scope="col" style="position: sticky; top: 0; background-color: #505050; color: #fff;border: 1px solid rgb(160 160 160);padding: 8px 10px;text-align: center;"&gt;BedStatus&lt;/th&gt;&lt;/tr&gt;&lt;/table&gt;&lt;/div&gt;</msg>
<msg time="2026-05-04T00:01:47.957407" level="INFO">${rows} = []</msg>
<var>${rows}</var>
<arg>SELECT ID_Bed, WardID, RoomNo, BedNo, AdmitID, BedStatus From Tbl_Bed WHERE AdmitID=${PREADMIT_ADMIT_ID}</arg>
<doc>Runs a query with the ``select_statement`` and returns the result as list of rows.
The type of row values depends on the database module -
usually they are tuples or tuple-like objects.</doc>
<status status="PASS" start="2026-05-04T00:01:47.832211" elapsed="0.125406"/>
</kw>
<kw name="Should Be Empty" owner="BuiltIn">
<msg time="2026-05-04T00:01:47.958610" level="INFO">Length is 0.</msg>
<arg>${rows}</arg>
<arg>msg= Tbl-Bed has record</arg>
<doc>Verifies that the given item is empty.</doc>
<status status="PASS" start="2026-05-04T00:01:47.958015" elapsed="0.000823"/>
</kw>
<arg>${FOUND_PREADMIT_FILEFORMATION_ID}</arg>
<status status="PASS" start="2026-05-04T00:01:47.361450" elapsed="0.597628"/>
</kw>
<kw name="Set Test Message" owner="BuiltIn">
<msg time="2026-05-04T00:01:47.960717" level="INFO">Set test message to:
Response: 200 
 Message: Validate Database After Preadmit Rezerve Pass</msg>
<arg>Response: 200 \n Message: Validate Database After Preadmit Rezerve Pass</arg>
<doc>Sets message for the current test case.</doc>
<status status="PASS" start="2026-05-04T00:01:47.959874" elapsed="0.001045"/>
</kw>
<doc>تست دیتابیس بعد از پذیرش پری ادمیت</doc>
<tag>DB-Test</tag>
<tag>preadmit</tag>
<status status="PASS" start="2026-05-04T00:01:46.174821" elapsed="1.786625">Response: 200 
 Message: Validate Database After Preadmit Rezerve Pass</status>
</test>
<status status="PASS" start="2026-05-04T00:01:45.808005" elapsed="2.159065"/>
</suite>
<status status="PASS" start="2026-05-04T00:01:45.787021" elapsed="2.184158"/>
</suite>
<statistics>
<total>
<stat pass="1" fail="0" skip="0">All Tests</stat>
</total>
<tag>
<stat pass="1" fail="0" skip="0">DB-Test</stat>
<stat pass="1" fail="0" skip="0">preadmit</stat>
</tag>
<suite>
<stat name="AdmitHis-Test" id="s1" pass="1" fail="0" skip="0">AdmitHis-Test</stat>
<stat name="AdmitHis-Api" id="s1-s1" pass="1" fail="0" skip="0">AdmitHis-Test.AdmitHis-Api</stat>
</suite>
</statistics>
<errors>
<msg time="2026-05-04T00:01:47.177268" level="WARN">Overwriting not closed connection.</msg>
<msg time="2026-05-04T00:01:47.814788" level="WARN">Overwriting not closed connection.</msg>
</errors>
</robot>
