<?xml version="1.0" encoding="UTF-8"?>
<robot generator="Robot 7.3.2 (Python 3.13.2 on win32)" generated="2025-12-26T14:21:20.072231" rpa="false" schemaversion="5">
<suite id="s1" name="AdmitHis-Test" source="D:\Payvand\Projects\HisAdmit\AdmitHis-Test">
<suite id="s1-s1" name="AdmitRis" source="D:\Payvand\Projects\HisAdmit\AdmitHis-Test\AdmitRis.robot">
<kw name="Create AdmitRis Session" type="SETUP">
<kw name="Create Session" owner="RequestsLibrary">
<msg time="2025-12-26T14:21:20.274789" level="INFO">Creating Session using : alias=RIS, url=http://192.168.5.19:8023, headers={},                     cookies={}, auth=None, timeout=None, proxies=None, verify=False,                     debug=0 </msg>
<arg>RIS</arg>
<arg>${AdmitRis_Api_URL}</arg>
<arg>verify=${False}</arg>
<doc>Create Session: create a HTTP session to a server</doc>
<status status="PASS" start="2025-12-26T14:21:20.274508" elapsed="0.000531"/>
</kw>
<status status="PASS" start="2025-12-26T14:21:20.273691" elapsed="0.001482"/>
</kw>
<test id="s1-s1-t1" name="1-UI-Open Filing Page" line="206">
<kw name="Start Browser Landing With Token">
<kw name="Open Browser" owner="SeleniumLibrary">
<msg time="2025-12-26T14:21:20.279672" level="INFO">Opening browser 'chrome' to base url 'about:blank'.</msg>
<arg>about:blank</arg>
<arg>chrome</arg>
<doc>Opens a new browser instance to the optional ``url``.</doc>
<status status="PASS" start="2025-12-26T14:21:20.279424" elapsed="1.162219"/>
</kw>
<kw name="Add Cookie" owner="SeleniumLibrary">
<msg time="2025-12-26T14:21:21.643679" level="INFO" html="true">&lt;/td&gt;&lt;/tr&gt;&lt;tr&gt;&lt;td colspan="3"&gt;&lt;a href="selenium-screenshot-4.png"&gt;&lt;img src="selenium-screenshot-4.png" width="800px"&gt;&lt;/a&gt;</msg>
<msg time="2025-12-26T14:21:21.644303" level="FAIL">InvalidCookieDomainException: Message: invalid cookie domain
  (Session info: chrome=143.0.7499.169)
Stacktrace:
Symbols not available. Dumping unresolved backtrace:
	0x7ff6b11b88e5
	0x7ff6b11b8940
	0x7ff6b0f91465
	0x7ff6b104ffd4
	0x7ff6b1011fda
	0x7ff6b103ac97
	0x7ff6b0fdac29
	0x7ff6b0fdba93
	0x7ff6b14d0640
	0x7ff6b14caf80
	0x7ff6b14e96e6
	0x7ff6b11d5de4
	0x7ff6b11ded8c
	0x7ff6b11c2004
	0x7ff6b11c21b5
	0x7ff6b11a7ee2
	0x7ffda53ae8d7
	0x7ffda5b8c53c
</msg>
<arg>token</arg>
<arg>${COOKIE_TOKEN}</arg>
<doc>Adds a cookie to your current session.</doc>
<status status="FAIL" start="2025-12-26T14:21:21.441982" elapsed="0.214833">InvalidCookieDomainException: Message: invalid cookie domain
  (Session info: chrome=143.0.7499.169)
Stacktrace:
Symbols not available. Dumping unresolved backtrace:
	0x7ff6b11b88e5
	0x7ff6b11b8940
	0x7ff6b0f91465
	0x7ff6b104ffd4
	0x7ff6b1011fda
	0x7ff6b103ac97
	0x7ff6b0fdac29
	0x7ff6b0fdba93
	0x7ff6b14d0640
	0x7ff6b14caf80
	0x7ff6b14e96e6
	0x7ff6b11d5de4
	0x7ff6b11ded8c
	0x7ff6b11c2004
	0x7ff6b11c21b5
	0x7ff6b11a7ee2
	0x7ffda53ae8d7
	0x7ffda5b8c53c
</status>
</kw>
<kw name="Go To" owner="SeleniumLibrary">
<arg>${Landing_Base_URL}</arg>
<doc>Navigates the current browser window to the provided ``url``.</doc>
<status status="NOT RUN" start="2025-12-26T14:21:21.657147" elapsed="0.000255"/>
</kw>
<doc>باز کردن کروم + تزریق کوکی token</doc>
<status status="FAIL" start="2025-12-26T14:21:20.279092" elapsed="1.378565">InvalidCookieDomainException: Message: invalid cookie domain
  (Session info: chrome=143.0.7499.169)
Stacktrace:
Symbols not available. Dumping unresolved backtrace:
	0x7ff6b11b88e5
	0x7ff6b11b8940
	0x7ff6b0f91465
	0x7ff6b104ffd4
	0x7ff6b1011fda
	0x7ff6b103ac97
	0x7ff6b0fdac29
	0x7ff6b0fdba93
	0x7ff6b14d0640
	0x7ff6b14caf80
	0x7ff6b14e96e6
	0x7ff6b11d5de4
	0x7ff6b11ded8c
	0x7ff6b11c2004
	0x7ff6b11c21b5
	0x7ff6b11a7ee2
	0x7ffda53ae8d7
	0x7ffda5b8c53c
</status>
</kw>
<kw name="Go To AdmitRis Page">
<doc>رفتن مستقیم به صفحه پذیرش طب تصویری</doc>
<status status="NOT RUN" start="2025-12-26T14:21:21.658541" elapsed="0.000276"/>
</kw>
<kw name="Wait For Spinner Hidden">
<doc>صبر کردن تا loading Angular ناپدید شود</doc>
<status status="NOT RUN" start="2025-12-26T14:21:21.659482" elapsed="0.000343"/>
</kw>
<kw name="Log To Console" owner="BuiltIn">
<arg>---- DONE ----</arg>
<doc>Logs the given message to the console.</doc>
<status status="NOT RUN" start="2025-12-26T14:21:21.660620" elapsed="0.000360"/>
</kw>
<doc>باز  کردن صفحه پذیرش طب تصویری</doc>
<tag>STEP_01_Open_Browser</tag>
<tag>UI_Test</tag>
<status status="FAIL" start="2025-12-26T14:21:20.275253" elapsed="1.386359">InvalidCookieDomainException: Message: invalid cookie domain
  (Session info: chrome=143.0.7499.169)
Stacktrace:
Symbols not available. Dumping unresolved backtrace:
	0x7ff6b11b88e5
	0x7ff6b11b8940
	0x7ff6b0f91465
	0x7ff6b104ffd4
	0x7ff6b1011fda
	0x7ff6b103ac97
	0x7ff6b0fdac29
	0x7ff6b0fdba93
	0x7ff6b14d0640
	0x7ff6b14caf80
	0x7ff6b14e96e6
	0x7ff6b11d5de4
	0x7ff6b11ded8c
	0x7ff6b11c2004
	0x7ff6b11c21b5
	0x7ff6b11a7ee2
	0x7ffda53ae8d7
	0x7ffda5b8c53c
</status>
</test>
<status status="FAIL" start="2025-12-26T14:21:20.103314" elapsed="1.577855"/>
</suite>
<status status="FAIL" start="2025-12-26T14:21:20.077896" elapsed="1.609421"/>
</suite>
<statistics>
<total>
<stat pass="0" fail="1" skip="0">All Tests</stat>
</total>
<tag>
<stat pass="0" fail="1" skip="0">STEP_01_Open_Browser</stat>
<stat pass="0" fail="1" skip="0">UI_Test</stat>
</tag>
<suite>
<stat name="AdmitHis-Test" id="s1" pass="0" fail="1" skip="0">AdmitHis-Test</stat>
<stat name="AdmitRis" id="s1-s1" pass="0" fail="1" skip="0">AdmitHis-Test.AdmitRis</stat>
</suite>
</statistics>
<errors>
</errors>
</robot>
