<?xml version="1.0" encoding="UTF-8"?>
<robot generator="Robot 7.4 (Python 3.13.5 on win32)" generated="2025-12-28T00:03:04.926065" rpa="false" schemaversion="5">
<suite id="s1" name="AdmitHis-Test" source="D:\Mehrshad\Test-Project\HisAdmit\AdmitHis-Test">
<suite id="s1-s1" name="AdmitRis" source="D:\Mehrshad\Test-Project\HisAdmit\AdmitHis-Test\AdmitRis.robot">
<kw name="Create AdmitRis Session" type="SETUP">
<kw name="Create Session" owner="RequestsLibrary">
<msg time="2025-12-28T00:03:05.300496" level="INFO">Creating Session using : alias=RIS, url=http://192.168.5.19:8023, headers={},                     cookies={}, auth=None, timeout=None, proxies=None, verify=False,                     debug=0 </msg>
<arg>RIS</arg>
<arg>${AdmitRis_Api_URL}</arg>
<arg>verify=${False}</arg>
<doc>Create Session: create a HTTP session to a server</doc>
<status status="PASS" start="2025-12-28T00:03:05.299975" elapsed="0.000938"/>
</kw>
<status status="PASS" start="2025-12-28T00:03:05.298813" elapsed="0.002359"/>
</kw>
<test id="s1-s1-t1" name="03-UI - Edit Admit Ris Patient" line="235">
<kw name="Switch To AdmitRis App">
<kw name="Go To" owner="SeleniumLibrary">
<msg time="2025-12-28T00:03:05.320143" level="INFO">Opening url 'http://192.168.5.19:8024/admit'</msg>
<msg time="2025-12-28T00:03:05.320393" level="INFO">Cannot capture screenshot because no browser is open.</msg>
<msg time="2025-12-28T00:03:05.320788" level="FAIL">No browser is open.</msg>
<arg>${AdmitRis_App_URL}</arg>
<doc>Navigates the current browser window to the provided ``url``.</doc>
<status status="FAIL" start="2025-12-28T00:03:05.319695" elapsed="0.025031">No browser is open.</status>
</kw>
<kw name="Wait Until Location Contains" owner="SeleniumLibrary">
<arg>8024</arg>
<doc>Waits until the current URL contains ``expected``.</doc>
<status status="NOT RUN" start="2025-12-28T00:03:05.345031" elapsed="0.000202"/>
</kw>
<kw name="Wait For Spinner Hidden">
<doc>صبر کردن تا loading Angular ناپدید شود</doc>
<status status="NOT RUN" start="2025-12-28T00:03:05.345482" elapsed="0.000262"/>
</kw>
<kw name="Wait For Page Ready">
<status status="NOT RUN" start="2025-12-28T00:03:05.345939" elapsed="0.000154"/>
</kw>
<status status="FAIL" start="2025-12-28T00:03:05.319022" elapsed="0.027238">No browser is open.</status>
</kw>
<doc>ویرایش پذیرش رادیولوژی</doc>
<tag>UI_Test</tag>
<status status="FAIL" start="2025-12-28T00:03:05.301378" elapsed="0.045438">No browser is open.</status>
</test>
<status status="FAIL" start="2025-12-28T00:03:04.991665" elapsed="0.361973"/>
</suite>
<status status="FAIL" start="2025-12-28T00:03:04.932246" elapsed="0.425292"/>
</suite>
<statistics>
<total>
<stat pass="0" fail="1" skip="0">All Tests</stat>
</total>
<tag>
<stat pass="0" fail="1" skip="0">UI_Test</stat>
</tag>
<suite>
<stat name="AdmitHis-Test" id="s1" pass="0" fail="1" skip="0">AdmitHis-Test</stat>
<stat name="AdmitRis" id="s1-s1" pass="0" fail="1" skip="0">AdmitHis-Test.AdmitRis</stat>
</suite>
</statistics>
<errors>
</errors>
</robot>
