<?xml version="1.0" encoding="UTF-8"?>
<robot generator="Robot 7.3.2 (Python 3.13.2 on win32)" generated="2026-06-12T18:04:35.621273" rpa="false" schemaversion="5">
<suite id="s1" name="AdmitHis-Test" source="D:\Payvand\Projects\HisAdmit\AdmitHis-Test">
<suite id="s1-s1" name="AdmitHis-UI" source="D:\Payvand\Projects\HisAdmit\AdmitHis-Test\AdmitHis-UI.robot">
<kw name="Create AdmitHIS Session" owner="AdmitHis-UI-keywords" type="SETUP">
<kw name="Create Session" owner="RequestsLibrary">
<msg time="2026-06-12T18:04:35.970646" level="INFO">Creating Session using : alias=HIS, url=http://192.168.5.19:1600, headers={},                     cookies={}, auth=None, timeout=None, proxies=None, verify=False,                     debug=0 </msg>
<arg>HIS</arg>
<arg>${AdmitHis_Api_URL}</arg>
<arg>verify=${False}</arg>
<doc>Create Session: create a HTTP session to a server</doc>
<status status="PASS" start="2026-06-12T18:04:35.970350" elapsed="0.000552"/>
</kw>
<status status="PASS" start="2026-06-12T18:04:35.969547" elapsed="0.001489"/>
</kw>
<test id="s1-s1-t1" name="TC_EPD_HIS_02_SC_02_01 - Creating a patient file without a history" line="58">
<kw name="Disable Screenshots" owner="AdmitHis-UI-keywords">
<kw name="Register Keyword To Run On Failure" owner="SeleniumLibrary">
<msg time="2026-06-12T18:04:35.984249" level="INFO">No keyword will be run on failure.</msg>
<arg>NONE</arg>
<doc>Sets the keyword to execute, when a SeleniumLibrary keyword fails.</doc>
<status status="PASS" start="2026-06-12T18:04:35.983942" elapsed="0.000476"/>
</kw>
<status status="PASS" start="2026-06-12T18:04:35.983284" elapsed="0.001262"/>
</kw>
<kw name="Start Browser AdmitHis With Token" owner="AdmitHis-UI-keywords">
<kw name="Open Browser" owner="SeleniumLibrary">
<msg time="2026-06-12T18:04:35.985773" level="WARN">exexcutable_path is being deprecated. Please use service to configure the driver's executable_path as per documentation.</msg>
<msg time="2026-06-12T18:04:35.990951" level="INFO">Opening browser 'chrome' to base url 'http://192.168.5.19:8019/filing'.</msg>
<arg>${AdmitHis_App_URL}</arg>
<arg>chrome</arg>
<arg>executable_path=C:/chromedriver.exe</arg>
<doc>Opens a new browser instance to the optional ``url``.</doc>
<status status="PASS" start="2026-06-12T18:04:35.985436" elapsed="3.942131"/>
</kw>
<kw name="Maximize Browser Window" owner="SeleniumLibrary">
<doc>Maximizes current browser window.</doc>
<status status="PASS" start="2026-06-12T18:04:39.927951" elapsed="0.035240"/>
</kw>
<kw name="Add Cookie" owner="SeleniumLibrary">
<arg>token</arg>
<arg>${COOKIE_TOKEN}</arg>
<doc>Adds a cookie to your current session.</doc>
<status status="PASS" start="2026-06-12T18:04:39.963410" elapsed="0.006392"/>
</kw>
<kw name="Reload Page" owner="SeleniumLibrary">
<doc>Simulates user reloading page.</doc>
<status status="PASS" start="2026-06-12T18:04:39.970036" elapsed="3.966584"/>
</kw>
<doc>باز کردن کروم + تزریق کوکی token</doc>
<status status="PASS" start="2026-06-12T18:04:35.984985" elapsed="7.951926"/>
</kw>
<kw name="Go To AdmitHis Page" owner="AdmitHis-UI-keywords">
<kw name="Go To" owner="SeleniumLibrary">
<msg time="2026-06-12T18:04:43.938097" level="INFO">Opening url 'http://192.168.5.19:8019/filing'</msg>
<arg>${AdmitHis_App_URL}</arg>
<doc>Navigates the current browser window to the provided ``url``.</doc>
<status status="PASS" start="2026-06-12T18:04:43.937812" elapsed="0.059123"/>
</kw>
<kw name="Reload Page" owner="SeleniumLibrary">
<doc>Simulates user reloading page.</doc>
<status status="PASS" start="2026-06-12T18:04:43.997358" elapsed="0.206027"/>
</kw>
<doc>رفتن مستقیم به صفحه پذیرش بستری</doc>
<status status="PASS" start="2026-06-12T18:04:43.937362" elapsed="0.266287"/>
</kw>
<kw name="Wait For Page Ready" owner="AdmitHis-UI-keywords">
<kw name="Run Keyword And Ignore Error" owner="BuiltIn">
<kw name="Wait Until Page Contains Element" owner="SeleniumLibrary">
<msg time="2026-06-12T18:04:47.408493" level="FAIL">Element 'css=.ngx-spinner-overlay,.loading-overlay,.spinner,.mat-progress-spinner,.cdk-overlay-backdrop' did not appear in 3 seconds.</msg>
<arg>${GLOBAL_SPINNER}</arg>
<arg>3</arg>
<doc>Waits until the element ``locator`` appears on the current page.</doc>
<status status="FAIL" start="2026-06-12T18:04:44.204964" elapsed="3.216136">Element 'css=.ngx-spinner-overlay,.loading-overlay,.spinner,.mat-progress-spinner,.cdk-overlay-backdrop' did not appear in 3 seconds.</status>
</kw>
<arg>Wait Until Page Contains Element</arg>
<arg>${GLOBAL_SPINNER}</arg>
<arg>3</arg>
<doc>Runs the given keyword with the given arguments and ignores possible error.</doc>
<status status="PASS" start="2026-06-12T18:04:44.204634" elapsed="3.216886"/>
</kw>
<kw name="Wait Until Element Is Not Visible" owner="SeleniumLibrary">
<arg>${GLOBAL_SPINNER}</arg>
<arg>${timeout}</arg>
<doc>Waits until the element ``locator`` is not visible.</doc>
<status status="PASS" start="2026-06-12T18:04:47.421988" elapsed="0.015580"/>
</kw>
<status status="PASS" start="2026-06-12T18:04:44.204158" elapsed="3.233987"/>
</kw>
<kw name="Wait For Spinner Hidden" owner="AdmitHis-UI-keywords">
<kw name="Wait Until Element Is Not Visible" owner="SeleniumLibrary">
<arg>css=div.back-spenner.ng-star-inserted</arg>
<arg>1000</arg>
<doc>Waits until the element ``locator`` is not visible.</doc>
<status status="PASS" start="2026-06-12T18:04:47.440685" elapsed="0.010946"/>
</kw>
<doc>صبر کردن تا loading Angular ناپدید شود</doc>
<status status="PASS" start="2026-06-12T18:04:47.439224" elapsed="0.012576"/>
</kw>
<kw name="Step01 - Verify National Code Format" owner="AdmitHis-UI-keywords">
<kw name="Select Iranian Nationality" owner="AdmitHis-UI-keywords">
<kw name="Wait For Page Ready" owner="AdmitHis-UI-keywords">
<kw name="Run Keyword And Ignore Error" owner="BuiltIn">
<kw name="Wait Until Page Contains Element" owner="SeleniumLibrary">
<msg time="2026-06-12T18:04:50.662377" level="FAIL">Element 'css=.ngx-spinner-overlay,.loading-overlay,.spinner,.mat-progress-spinner,.cdk-overlay-backdrop' did not appear in 3 seconds.</msg>
<arg>${GLOBAL_SPINNER}</arg>
<arg>3</arg>
<doc>Waits until the element ``locator`` appears on the current page.</doc>
<status status="FAIL" start="2026-06-12T18:04:47.454820" elapsed="3.216625">Element 'css=.ngx-spinner-overlay,.loading-overlay,.spinner,.mat-progress-spinner,.cdk-overlay-backdrop' did not appear in 3 seconds.</status>
</kw>
<arg>Wait Until Page Contains Element</arg>
<arg>${GLOBAL_SPINNER}</arg>
<arg>3</arg>
<doc>Runs the given keyword with the given arguments and ignores possible error.</doc>
<status status="PASS" start="2026-06-12T18:04:47.454244" elapsed="3.217590"/>
</kw>
<kw name="Wait Until Element Is Not Visible" owner="SeleniumLibrary">
<arg>${GLOBAL_SPINNER}</arg>
<arg>${timeout}</arg>
<doc>Waits until the element ``locator`` is not visible.</doc>
<status status="PASS" start="2026-06-12T18:04:50.672255" elapsed="0.012572"/>
</kw>
<status status="PASS" start="2026-06-12T18:04:47.453474" elapsed="3.231708"/>
</kw>
<kw name="Wait For Spinner Hidden" owner="AdmitHis-UI-keywords">
<kw name="Wait Until Element Is Not Visible" owner="SeleniumLibrary">
<arg>css=div.back-spenner.ng-star-inserted</arg>
<arg>1000</arg>
<doc>Waits until the element ``locator`` is not visible.</doc>
<status status="PASS" start="2026-06-12T18:04:50.686413" elapsed="0.011897"/>
</kw>
<doc>صبر کردن تا loading Angular ناپدید شود</doc>
<status status="PASS" start="2026-06-12T18:04:50.685581" elapsed="0.013100"/>
</kw>
<kw name="Click Element" owner="SeleniumLibrary">
<msg time="2026-06-12T18:04:50.699769" level="INFO">Clicking element 'xpath=//ng-select[@formcontrolname='nationality']'.</msg>
<msg time="2026-06-12T18:04:50.714736" level="FAIL">Element with locator 'xpath=//ng-select[@formcontrolname='nationality']' not found.</msg>
<arg>xpath=//ng-select[@formcontrolname='nationality']</arg>
<doc>Click the element identified by ``locator``.</doc>
<status status="FAIL" start="2026-06-12T18:04:50.699067" elapsed="0.022792">Element with locator 'xpath=//ng-select[@formcontrolname='nationality']' not found.</status>
</kw>
<kw name="Wait Until Element Is Enabled" owner="SeleniumLibrary">
<arg>xpath=//span[normalize-space()='ایرانی']</arg>
<arg>visible</arg>
<doc>Waits until the element ``locator`` is enabled.</doc>
<status status="NOT RUN" start="2026-06-12T18:04:50.722438" elapsed="0.000225"/>
</kw>
<kw name="Click Element" owner="SeleniumLibrary">
<arg>xpath=//span[normalize-space()='ایرانی']</arg>
<doc>Click the element identified by ``locator``.</doc>
<status status="NOT RUN" start="2026-06-12T18:04:50.722926" elapsed="0.000153"/>
</kw>
<status status="FAIL" start="2026-06-12T18:04:47.452718" elapsed="3.270618">Element with locator 'xpath=//ng-select[@formcontrolname='nationality']' not found.</status>
</kw>
<kw name="Enter National Code" owner="AdmitHis-UI-keywords">
<arg>1234567891</arg>
<status status="NOT RUN" start="2026-06-12T18:04:50.723627" elapsed="0.000170"/>
</kw>
<kw name="Verify Identity Inquiry Button Is Enabled" owner="AdmitHis-UI-keywords">
<status status="NOT RUN" start="2026-06-12T18:04:50.724077" elapsed="0.000201"/>
</kw>
<kw name="Log To Console" owner="BuiltIn">
<arg>Step01 Passed</arg>
<doc>Logs the given message to the console.</doc>
<status status="NOT RUN" start="2026-06-12T18:04:50.724488" elapsed="0.000141"/>
</kw>
<doc>Verify valid national code can be entered and inquiry button is enabled for Iranian nationality</doc>
<status status="FAIL" start="2026-06-12T18:04:47.452255" elapsed="3.272569">Element with locator 'xpath=//ng-select[@formcontrolname='nationality']' not found.</status>
</kw>
<doc>Scenario 01</doc>
<tag>TC_EPD_HIS_02</tag>
<tag>UI_Test</tag>
<status status="FAIL" start="2026-06-12T18:04:35.971122" elapsed="14.754223">Element with locator 'xpath=//ng-select[@formcontrolname='nationality']' not found.</status>
</test>
<status status="FAIL" start="2026-06-12T18:04:35.662611" elapsed="15.077450"/>
</suite>
<status status="FAIL" start="2026-06-12T18:04:35.638261" elapsed="15.112631"/>
</suite>
<statistics>
<total>
<stat pass="0" fail="1" skip="0">All Tests</stat>
</total>
<tag>
<stat pass="0" fail="1" skip="0">TC_EPD_HIS_02</stat>
<stat pass="0" fail="1" skip="0">UI_Test</stat>
</tag>
<suite>
<stat name="AdmitHis-Test" id="s1" pass="0" fail="1" skip="0">AdmitHis-Test</stat>
<stat name="AdmitHis-UI" id="s1-s1" pass="0" fail="1" skip="0">AdmitHis-Test.AdmitHis-UI</stat>
</suite>
</statistics>
<errors>
<msg time="2026-06-12T18:04:35.612454" level="WARN">Error in file 'D:\Payvand\Projects\HisAdmit\AdmitHis-Test\AdmitRis-Api.robot' on line 262: The '[Return]' setting is deprecated. Use the 'RETURN' statement instead.</msg>
<msg time="2026-06-12T18:04:35.612848" level="WARN">Error in file 'D:\Payvand\Projects\HisAdmit\AdmitHis-Test\AdmitRis-Api.robot' on line 277: The '[Return]' setting is deprecated. Use the 'RETURN' statement instead.</msg>
<msg time="2026-06-12T18:04:35.960756" level="ERROR">Error in file 'D:\Payvand\Projects\HisAdmit\AdmitHis-Test\Resources\Keywords\AdmitHis-DB-keywords.resource' on line 11: Resource file 'AdmitHis-keywords.resource' does not exist.</msg>
<msg time="2026-06-12T18:04:35.985773" level="WARN">exexcutable_path is being deprecated. Please use service to configure the driver's executable_path as per documentation.</msg>
</errors>
</robot>
