<?xml version="1.0" encoding="UTF-8"?>
<robot generator="Robot 7.3.2 (Python 3.13.2 on win32)" generated="2026-04-23T14:40:05.187643" rpa="false" schemaversion="5">
<suite id="s1" name="AdmitHis-Test" source="D:\Payvand\Projects\HisAdmit\AdmitHis-Test">
<suite id="s1-s1" name="AdmitHis-Api" source="D:\Payvand\Projects\HisAdmit\AdmitHis-Test\AdmitHis-Api.robot">
<kw name="Create All Sessions" owner="AdmitHis-keywords" type="SETUP">
<kw name="Create AdmitHIS Session" owner="AdmitHis-keywords">
<kw name="Create Session" owner="RequestsLibrary">
<msg time="2026-04-23T14:40:05.499979" level="INFO">Creating Session using : alias=HIS, url=http://192.168.5.19:1600, headers={},                     cookies={}, auth=None, timeout=None, proxies=None, verify=False,                     debug=0 </msg>
<arg>HIS</arg>
<arg>${AdmitHis_Api_URL}</arg>
<arg>verify=${False}</arg>
<doc>Create Session: create a HTTP session to a server</doc>
<status status="PASS" start="2026-04-23T14:40:05.499700" elapsed="0.000535"/>
</kw>
<status status="PASS" start="2026-04-23T14:40:05.499065" elapsed="0.001305"/>
</kw>
<kw name="Create Cartable Session" owner="AdmitHis-keywords">
<kw name="Create Session" owner="RequestsLibrary">
<msg time="2026-04-23T14:40:05.501088" level="INFO">Creating Session using : alias=Cartable, url=http://192.168.5.19:8020, headers={},                     cookies={}, auth=None, timeout=None, proxies=None, verify=False,                     debug=0 </msg>
<arg>Cartable</arg>
<arg>${Cartable_Api_URL}</arg>
<arg>verify=${False}</arg>
<doc>Create Session: create a HTTP session to a server</doc>
<status status="PASS" start="2026-04-23T14:40:05.500708" elapsed="0.000854"/>
</kw>
<status status="PASS" start="2026-04-23T14:40:05.500496" elapsed="0.001185"/>
</kw>
<kw name="Create Cash Session" owner="AdmitHis-keywords">
<kw name="Create Session" owner="RequestsLibrary">
<msg time="2026-04-23T14:40:05.502621" level="INFO">Creating Session using : alias=Cash, url=http://192.168.5.19:8074, headers={},                     cookies={}, auth=None, timeout=None, proxies=None, verify=False,                     debug=0 </msg>
<arg>Cash</arg>
<arg>${Cash_Api_URL}</arg>
<arg>verify=${False}</arg>
<doc>Create Session: create a HTTP session to a server</doc>
<status status="PASS" start="2026-04-23T14:40:05.502217" elapsed="0.000619"/>
</kw>
<status status="PASS" start="2026-04-23T14:40:05.501811" elapsed="0.001123"/>
</kw>
<status status="PASS" start="2026-04-23T14:40:05.498654" elapsed="0.004349"/>
</kw>
<test id="s1-s1-t1" name="047-Validate DataBase After Cancel Preadmit Admit" line="2913">
<kw name="Read State" owner="AdmitHis-keywords">
<kw name="File Should Exist" owner="OperatingSystem">
<msg time="2026-04-23T14:40:05.512435" level="INFO" html="true">File '&lt;a href="file://D:\Payvand\Projects\HisAdmit\AdmitHis-Test\resources\state\runtime_state.json"&gt;D:\Payvand\Projects\HisAdmit\AdmitHis-Test\resources\state\runtime_state.json&lt;/a&gt;' exists.</msg>
<arg>${STATE_FILE}</arg>
<doc>Fails unless the given ``path`` points to an existing file.</doc>
<status status="PASS" start="2026-04-23T14:40:05.512154" elapsed="0.000451"/>
</kw>
<kw name="Get File" owner="OperatingSystem">
<msg time="2026-04-23T14:40:05.512925" level="INFO" html="true">Getting file '&lt;a href="file://D:\Payvand\Projects\HisAdmit\AdmitHis-Test\resources\state\runtime_state.json"&gt;D:\Payvand\Projects\HisAdmit\AdmitHis-Test\resources\state\runtime_state.json&lt;/a&gt;'.</msg>
<msg time="2026-04-23T14:40:05.513537" level="INFO">${content} = {
  "DISPLAYNAME": "شيخ الاسلامي - مهرشاد",
  "SEX": "مرد       ",
  "SEXID": 365,
  "MOBILE": "09383509316",
  "LASTHOMECITY": "363",
  "LASTINSURANCENO": "0019208291",
  "RELIGION": "مسلمان",
  "NAT...</msg>
<var>${content}</var>
<arg>${STATE_FILE}</arg>
<doc>Returns the contents of a specified file.</doc>
<status status="PASS" start="2026-04-23T14:40:05.512747" elapsed="0.000898"/>
</kw>
<kw name="Evaluate" owner="BuiltIn">
<msg time="2026-04-23T14:40:05.514639" level="INFO">${state} = {'DISPLAYNAME': 'شيخ الاسلامي - مهرشاد', 'SEX': 'مرد       ', 'SEXID': 365, 'MOBILE': '09383509316', 'LASTHOMECITY': '363', 'LASTINSURANCENO': '0019208291', 'RELIGION': 'مسلمان', 'NATIONALITYID': 912,...</msg>
<var>${state}</var>
<arg>json.loads('''${content}''')</arg>
<arg>json</arg>
<doc>Evaluates the given expression in Python and returns the result.</doc>
<status status="PASS" start="2026-04-23T14:40:05.513812" elapsed="0.001019"/>
</kw>
<kw name="Get From Dictionary" owner="Collections">
<msg time="2026-04-23T14:40:05.515367" level="INFO">${value} = 683676</msg>
<var>${value}</var>
<arg>${state}</arg>
<arg>${key}</arg>
<doc>Returns a value from the given ``dictionary`` based on the given ``key``.</doc>
<status status="PASS" start="2026-04-23T14:40:05.515053" elapsed="0.000424"/>
</kw>
<kw name="Should Not Be Equal" owner="BuiltIn">
<msg time="2026-04-23T14:40:05.516246" level="INFO">Argument types are:
&lt;class 'int'&gt;
&lt;class 'NoneType'&gt;</msg>
<arg>${value}</arg>
<arg>${None}</arg>
<arg>❌ ${key} not found in state file</arg>
<doc>Fails if the given objects are equal.</doc>
<status status="PASS" start="2026-04-23T14:40:05.515673" elapsed="0.000709"/>
</kw>
<return>
<value>${value}</value>
<status status="PASS" start="2026-04-23T14:40:05.516497" elapsed="0.000115"/>
</return>
<kw name="Create AdmitHIS Session" owner="AdmitHis-keywords">
<status status="NOT RUN" start="2026-04-23T14:40:05.516768" elapsed="0.000106"/>
</kw>
<kw name="Create Dictionary" owner="BuiltIn">
<var>&amp;{headers}</var>
<arg>Accept=application/json, text/plain, */*</arg>
<arg>Authorization=${AUTH_BEARER}</arg>
<arg>Cookie=${COOKIE_TOKEN}</arg>
<doc>Creates and returns a dictionary based on the given ``items``.</doc>
<status status="NOT RUN" start="2026-04-23T14:40:05.517020" elapsed="0.000089"/>
</kw>
<kw name="GET On Session" owner="RequestsLibrary">
<var>${resp}</var>
<arg>HIS</arg>
<arg>/api/GeneralVariables/GetAllNamesInpatientWards</arg>
<arg>headers=&amp;{headers}</arg>
<doc>Sends a GET request on a previously created HTTP Session.</doc>
<status status="NOT RUN" start="2026-04-23T14:40:05.517225" elapsed="0.000074"/>
</kw>
<kw name="Should Be Equal As Integers" owner="BuiltIn">
<arg>${resp.status_code}</arg>
<arg>200</arg>
<doc>Fails if objects are unequal after converting them to integers.</doc>
<status status="NOT RUN" start="2026-04-23T14:40:05.517404" elapsed="0.000073"/>
</kw>
<kw name="Set Variable" owner="BuiltIn">
<var>${json}</var>
<arg>${resp.json()}</arg>
<doc>Returns the given values which can then be assigned to a variables.</doc>
<status status="NOT RUN" start="2026-04-23T14:40:05.517583" elapsed="0.000069"/>
</kw>
<kw name="Get From Dictionary" owner="Collections">
<var>${bed_id}</var>
<arg>${json}[0]</arg>
<arg>standardVariableId</arg>
<doc>Returns a value from the given ``dictionary`` based on the given ``key``.</doc>
<status status="NOT RUN" start="2026-04-23T14:40:05.517756" elapsed="0.000082"/>
</kw>
<return>
<value>${bed_id}</value>
<status status="NOT RUN" start="2026-04-23T14:40:05.517911" elapsed="0.000055"/>
</return>
<msg time="2026-04-23T14:40:05.518091" level="INFO">${FOUND_PREADMIT_FILEFORMATION_ID} = 683676</msg>
<var>${FOUND_PREADMIT_FILEFORMATION_ID}</var>
<arg>PREADMIT_FILEFORMATION_ID</arg>
<doc>برگردوندن یک تخت خالی معتبر</doc>
<status status="PASS" start="2026-04-23T14:40:05.510701" elapsed="0.007468"/>
</kw>
<kw name="Validate DB After Cancel Preadmit Admit" owner="AdmitHis-DB-keywords">
<kw name="Connect To HIS Database" owner="AdmitHis-DB-keywords">
<kw name="Connect To Database" owner="DatabaseLibrary">
<msg time="2026-04-23T14:40:05.519820" level="INFO">Looking for configuration file: 'resources\db.cfg'</msg>
<msg time="2026-04-23T14:40:05.519950" level="INFO">Configuration file doesn't exist</msg>
<msg time="2026-04-23T14:40:05.520157" level="INFO">Connect to DB using : pymssql.connect(database='His1_Payvand', user='sa', password=***, host='192.168.5.17', port=1433, charset='cp1256')</msg>
<arg>db_module=pymssql</arg>
<arg>db_name=${DB_NAME}</arg>
<arg>db_user=${DB_USER}</arg>
<arg>db_password=${DB_PASS}</arg>
<arg>db_host=${DB_HOST}</arg>
<arg>charset=cp1256</arg>
<doc>Creates a database connection using the DB API 2.0 ``db_module`` and the parameters provided.
Along with listed commonly used arguments (`db_name`, `db_host` etc.)
you can set any other DB module specific parameters as key/value pairs.</doc>
<status status="PASS" start="2026-04-23T14:40:05.519483" elapsed="0.172233"/>
</kw>
<status status="PASS" start="2026-04-23T14:40:05.519201" elapsed="0.172712"/>
</kw>
<kw name="Read State" owner="AdmitHis-keywords">
<kw name="File Should Exist" owner="OperatingSystem">
<msg time="2026-04-23T14:40:05.692691" level="INFO" html="true">File '&lt;a href="file://D:\Payvand\Projects\HisAdmit\AdmitHis-Test\resources\state\runtime_state.json"&gt;D:\Payvand\Projects\HisAdmit\AdmitHis-Test\resources\state\runtime_state.json&lt;/a&gt;' exists.</msg>
<arg>${STATE_FILE}</arg>
<doc>Fails unless the given ``path`` points to an existing file.</doc>
<status status="PASS" start="2026-04-23T14:40:05.692476" elapsed="0.000386"/>
</kw>
<kw name="Get File" owner="OperatingSystem">
<msg time="2026-04-23T14:40:05.693189" level="INFO" html="true">Getting file '&lt;a href="file://D:\Payvand\Projects\HisAdmit\AdmitHis-Test\resources\state\runtime_state.json"&gt;D:\Payvand\Projects\HisAdmit\AdmitHis-Test\resources\state\runtime_state.json&lt;/a&gt;'.</msg>
<msg time="2026-04-23T14:40:05.693853" level="INFO">${content} = {
  "DISPLAYNAME": "شيخ الاسلامي - مهرشاد",
  "SEX": "مرد       ",
  "SEXID": 365,
  "MOBILE": "09383509316",
  "LASTHOMECITY": "363",
  "LASTINSURANCENO": "0019208291",
  "RELIGION": "مسلمان",
  "NAT...</msg>
<var>${content}</var>
<arg>${STATE_FILE}</arg>
<doc>Returns the contents of a specified file.</doc>
<status status="PASS" start="2026-04-23T14:40:05.693008" elapsed="0.001054"/>
</kw>
<kw name="Evaluate" owner="BuiltIn">
<msg time="2026-04-23T14:40:05.694715" level="INFO">${state} = {'DISPLAYNAME': 'شيخ الاسلامي - مهرشاد', 'SEX': 'مرد       ', 'SEXID': 365, 'MOBILE': '09383509316', 'LASTHOMECITY': '363', 'LASTINSURANCENO': '0019208291', 'RELIGION': 'مسلمان', 'NATIONALITYID': 912,...</msg>
<var>${state}</var>
<arg>json.loads('''${content}''')</arg>
<arg>json</arg>
<doc>Evaluates the given expression in Python and returns the result.</doc>
<status status="PASS" start="2026-04-23T14:40:05.694272" elapsed="0.000682"/>
</kw>
<kw name="Get From Dictionary" owner="Collections">
<msg time="2026-04-23T14:40:05.695444" level="INFO">${value} = 356346</msg>
<var>${value}</var>
<arg>${state}</arg>
<arg>${key}</arg>
<doc>Returns a value from the given ``dictionary`` based on the given ``key``.</doc>
<status status="PASS" start="2026-04-23T14:40:05.695114" elapsed="0.000579"/>
</kw>
<kw name="Should Not Be Equal" owner="BuiltIn">
<msg time="2026-04-23T14:40:05.696204" level="INFO">Argument types are:
&lt;class 'int'&gt;
&lt;class 'NoneType'&gt;</msg>
<arg>${value}</arg>
<arg>${None}</arg>
<arg>❌ ${key} not found in state file</arg>
<doc>Fails if the given objects are equal.</doc>
<status status="PASS" start="2026-04-23T14:40:05.695891" elapsed="0.000522"/>
</kw>
<return>
<value>${value}</value>
<status status="PASS" start="2026-04-23T14:40:05.696573" elapsed="0.000101"/>
</return>
<kw name="Create AdmitHIS Session" owner="AdmitHis-keywords">
<status status="NOT RUN" start="2026-04-23T14:40:05.696802" elapsed="0.000122"/>
</kw>
<kw name="Create Dictionary" owner="BuiltIn">
<var>&amp;{headers}</var>
<arg>Accept=application/json, text/plain, */*</arg>
<arg>Authorization=${AUTH_BEARER}</arg>
<arg>Cookie=${COOKIE_TOKEN}</arg>
<doc>Creates and returns a dictionary based on the given ``items``.</doc>
<status status="NOT RUN" start="2026-04-23T14:40:05.697042" elapsed="0.000083"/>
</kw>
<kw name="GET On Session" owner="RequestsLibrary">
<var>${resp}</var>
<arg>HIS</arg>
<arg>/api/GeneralVariables/GetAllNamesInpatientWards</arg>
<arg>headers=&amp;{headers}</arg>
<doc>Sends a GET request on a previously created HTTP Session.</doc>
<status status="NOT RUN" start="2026-04-23T14:40:05.697255" elapsed="0.000076"/>
</kw>
<kw name="Should Be Equal As Integers" owner="BuiltIn">
<arg>${resp.status_code}</arg>
<arg>200</arg>
<doc>Fails if objects are unequal after converting them to integers.</doc>
<status status="NOT RUN" start="2026-04-23T14:40:05.697452" elapsed="0.000075"/>
</kw>
<kw name="Set Variable" owner="BuiltIn">
<var>${json}</var>
<arg>${resp.json()}</arg>
<doc>Returns the given values which can then be assigned to a variables.</doc>
<status status="NOT RUN" start="2026-04-23T14:40:05.697633" elapsed="0.000068"/>
</kw>
<kw name="Get From Dictionary" owner="Collections">
<var>${bed_id}</var>
<arg>${json}[0]</arg>
<arg>standardVariableId</arg>
<doc>Returns a value from the given ``dictionary`` based on the given ``key``.</doc>
<status status="NOT RUN" start="2026-04-23T14:40:05.697801" elapsed="0.000068"/>
</kw>
<return>
<value>${bed_id}</value>
<status status="NOT RUN" start="2026-04-23T14:40:05.697939" elapsed="0.000050"/>
</return>
<msg time="2026-04-23T14:40:05.698119" level="INFO">${PREADMIT_ADMIT_ID} = 356346</msg>
<var>${PREADMIT_ADMIT_ID}</var>
<arg>PREADMIT_ADMIT_ID</arg>
<doc>برگردوندن یک تخت خالی معتبر</doc>
<status status="PASS" start="2026-04-23T14:40:05.692144" elapsed="0.006073"/>
</kw>
<kw name="Read State" owner="AdmitHis-keywords">
<kw name="File Should Exist" owner="OperatingSystem">
<msg time="2026-04-23T14:40:05.699146" level="INFO" html="true">File '&lt;a href="file://D:\Payvand\Projects\HisAdmit\AdmitHis-Test\resources\state\runtime_state.json"&gt;D:\Payvand\Projects\HisAdmit\AdmitHis-Test\resources\state\runtime_state.json&lt;/a&gt;' exists.</msg>
<arg>${STATE_FILE}</arg>
<doc>Fails unless the given ``path`` points to an existing file.</doc>
<status status="PASS" start="2026-04-23T14:40:05.698709" elapsed="0.000670"/>
</kw>
<kw name="Get File" owner="OperatingSystem">
<msg time="2026-04-23T14:40:05.699888" level="INFO" html="true">Getting file '&lt;a href="file://D:\Payvand\Projects\HisAdmit\AdmitHis-Test\resources\state\runtime_state.json"&gt;D:\Payvand\Projects\HisAdmit\AdmitHis-Test\resources\state\runtime_state.json&lt;/a&gt;'.</msg>
<msg time="2026-04-23T14:40:05.700321" level="INFO">${content} = {
  "DISPLAYNAME": "شيخ الاسلامي - مهرشاد",
  "SEX": "مرد       ",
  "SEXID": 365,
  "MOBILE": "09383509316",
  "LASTHOMECITY": "363",
  "LASTINSURANCENO": "0019208291",
  "RELIGION": "مسلمان",
  "NAT...</msg>
<var>${content}</var>
<arg>${STATE_FILE}</arg>
<doc>Returns the contents of a specified file.</doc>
<status status="PASS" start="2026-04-23T14:40:05.699595" elapsed="0.000848"/>
</kw>
<kw name="Evaluate" owner="BuiltIn">
<msg time="2026-04-23T14:40:05.701211" level="INFO">${state} = {'DISPLAYNAME': 'شيخ الاسلامي - مهرشاد', 'SEX': 'مرد       ', 'SEXID': 365, 'MOBILE': '09383509316', 'LASTHOMECITY': '363', 'LASTINSURANCENO': '0019208291', 'RELIGION': 'مسلمان', 'NATIONALITYID': 912,...</msg>
<var>${state}</var>
<arg>json.loads('''${content}''')</arg>
<arg>json</arg>
<doc>Evaluates the given expression in Python and returns the result.</doc>
<status status="PASS" start="2026-04-23T14:40:05.700657" elapsed="0.000683"/>
</kw>
<kw name="Get From Dictionary" owner="Collections">
<msg time="2026-04-23T14:40:05.701850" level="INFO">${value} = 683676</msg>
<var>${value}</var>
<arg>${state}</arg>
<arg>${key}</arg>
<doc>Returns a value from the given ``dictionary`` based on the given ``key``.</doc>
<status status="PASS" start="2026-04-23T14:40:05.701540" elapsed="0.000838"/>
</kw>
<kw name="Should Not Be Equal" owner="BuiltIn">
<msg time="2026-04-23T14:40:05.703243" level="INFO">Argument types are:
&lt;class 'int'&gt;
&lt;class 'NoneType'&gt;</msg>
<arg>${value}</arg>
<arg>${None}</arg>
<arg>❌ ${key} not found in state file</arg>
<doc>Fails if the given objects are equal.</doc>
<status status="PASS" start="2026-04-23T14:40:05.702767" elapsed="0.000617"/>
</kw>
<return>
<value>${value}</value>
<status status="PASS" start="2026-04-23T14:40:05.703728" elapsed="0.000159"/>
</return>
<kw name="Create AdmitHIS Session" owner="AdmitHis-keywords">
<status status="NOT RUN" start="2026-04-23T14:40:05.704099" elapsed="0.000176"/>
</kw>
<kw name="Create Dictionary" owner="BuiltIn">
<var>&amp;{headers}</var>
<arg>Accept=application/json, text/plain, */*</arg>
<arg>Authorization=${AUTH_BEARER}</arg>
<arg>Cookie=${COOKIE_TOKEN}</arg>
<doc>Creates and returns a dictionary based on the given ``items``.</doc>
<status status="NOT RUN" start="2026-04-23T14:40:05.704429" elapsed="0.000121"/>
</kw>
<kw name="GET On Session" owner="RequestsLibrary">
<var>${resp}</var>
<arg>HIS</arg>
<arg>/api/GeneralVariables/GetAllNamesInpatientWards</arg>
<arg>headers=&amp;{headers}</arg>
<doc>Sends a GET request on a previously created HTTP Session.</doc>
<status status="NOT RUN" start="2026-04-23T14:40:05.704683" elapsed="0.000081"/>
</kw>
<kw name="Should Be Equal As Integers" owner="BuiltIn">
<arg>${resp.status_code}</arg>
<arg>200</arg>
<doc>Fails if objects are unequal after converting them to integers.</doc>
<status status="NOT RUN" start="2026-04-23T14:40:05.704872" elapsed="0.000093"/>
</kw>
<kw name="Set Variable" owner="BuiltIn">
<var>${json}</var>
<arg>${resp.json()}</arg>
<doc>Returns the given values which can then be assigned to a variables.</doc>
<status status="NOT RUN" start="2026-04-23T14:40:05.705100" elapsed="0.000075"/>
</kw>
<kw name="Get From Dictionary" owner="Collections">
<var>${bed_id}</var>
<arg>${json}[0]</arg>
<arg>standardVariableId</arg>
<doc>Returns a value from the given ``dictionary`` based on the given ``key``.</doc>
<status status="NOT RUN" start="2026-04-23T14:40:05.705275" elapsed="0.000071"/>
</kw>
<return>
<value>${bed_id}</value>
<status status="NOT RUN" start="2026-04-23T14:40:05.705442" elapsed="0.000066"/>
</return>
<msg time="2026-04-23T14:40:05.705642" level="INFO">${PREADMIT_iD_FileFormation} = 683676</msg>
<var>${PREADMIT_iD_FileFormation}</var>
<arg>PREADMIT_FILEFORMATION_ID</arg>
<doc>برگردوندن یک تخت خالی معتبر</doc>
<status status="PASS" start="2026-04-23T14:40:05.698432" elapsed="0.007307"/>
</kw>
<kw name="Read State" owner="AdmitHis-keywords">
<kw name="File Should Exist" owner="OperatingSystem">
<msg time="2026-04-23T14:40:05.706473" level="INFO" html="true">File '&lt;a href="file://D:\Payvand\Projects\HisAdmit\AdmitHis-Test\resources\state\runtime_state.json"&gt;D:\Payvand\Projects\HisAdmit\AdmitHis-Test\resources\state\runtime_state.json&lt;/a&gt;' exists.</msg>
<arg>${STATE_FILE}</arg>
<doc>Fails unless the given ``path`` points to an existing file.</doc>
<status status="PASS" start="2026-04-23T14:40:05.706233" elapsed="0.000353"/>
</kw>
<kw name="Get File" owner="OperatingSystem">
<msg time="2026-04-23T14:40:05.706878" level="INFO" html="true">Getting file '&lt;a href="file://D:\Payvand\Projects\HisAdmit\AdmitHis-Test\resources\state\runtime_state.json"&gt;D:\Payvand\Projects\HisAdmit\AdmitHis-Test\resources\state\runtime_state.json&lt;/a&gt;'.</msg>
<msg time="2026-04-23T14:40:05.707513" level="INFO">${content} = {
  "DISPLAYNAME": "شيخ الاسلامي - مهرشاد",
  "SEX": "مرد       ",
  "SEXID": 365,
  "MOBILE": "09383509316",
  "LASTHOMECITY": "363",
  "LASTINSURANCENO": "0019208291",
  "RELIGION": "مسلمان",
  "NAT...</msg>
<var>${content}</var>
<arg>${STATE_FILE}</arg>
<doc>Returns the contents of a specified file.</doc>
<status status="PASS" start="2026-04-23T14:40:05.706698" elapsed="0.000913"/>
</kw>
<kw name="Evaluate" owner="BuiltIn">
<msg time="2026-04-23T14:40:05.708212" level="INFO">${state} = {'DISPLAYNAME': 'شيخ الاسلامي - مهرشاد', 'SEX': 'مرد       ', 'SEXID': 365, 'MOBILE': '09383509316', 'LASTHOMECITY': '363', 'LASTINSURANCENO': '0019208291', 'RELIGION': 'مسلمان', 'NATIONALITYID': 912,...</msg>
<var>${state}</var>
<arg>json.loads('''${content}''')</arg>
<arg>json</arg>
<doc>Evaluates the given expression in Python and returns the result.</doc>
<status status="PASS" start="2026-04-23T14:40:05.707784" elapsed="0.000522"/>
</kw>
<kw name="Get From Dictionary" owner="Collections">
<msg time="2026-04-23T14:40:05.708928" level="INFO">${value} = 1520554001</msg>
<var>${value}</var>
<arg>${state}</arg>
<arg>${key}</arg>
<doc>Returns a value from the given ``dictionary`` based on the given ``key``.</doc>
<status status="PASS" start="2026-04-23T14:40:05.708437" elapsed="0.000632"/>
</kw>
<kw name="Should Not Be Equal" owner="BuiltIn">
<msg time="2026-04-23T14:40:05.709642" level="INFO">Argument types are:
&lt;class 'str'&gt;
&lt;class 'NoneType'&gt;</msg>
<arg>${value}</arg>
<arg>${None}</arg>
<arg>❌ ${key} not found in state file</arg>
<doc>Fails if the given objects are equal.</doc>
<status status="PASS" start="2026-04-23T14:40:05.709311" elapsed="0.000465"/>
</kw>
<return>
<value>${value}</value>
<status status="PASS" start="2026-04-23T14:40:05.709870" elapsed="0.000180"/>
</return>
<kw name="Create AdmitHIS Session" owner="AdmitHis-keywords">
<status status="NOT RUN" start="2026-04-23T14:40:05.710215" elapsed="0.000170"/>
</kw>
<kw name="Create Dictionary" owner="BuiltIn">
<var>&amp;{headers}</var>
<arg>Accept=application/json, text/plain, */*</arg>
<arg>Authorization=${AUTH_BEARER}</arg>
<arg>Cookie=${COOKIE_TOKEN}</arg>
<doc>Creates and returns a dictionary based on the given ``items``.</doc>
<status status="NOT RUN" start="2026-04-23T14:40:05.710513" elapsed="0.000100"/>
</kw>
<kw name="GET On Session" owner="RequestsLibrary">
<var>${resp}</var>
<arg>HIS</arg>
<arg>/api/GeneralVariables/GetAllNamesInpatientWards</arg>
<arg>headers=&amp;{headers}</arg>
<doc>Sends a GET request on a previously created HTTP Session.</doc>
<status status="NOT RUN" start="2026-04-23T14:40:05.710767" elapsed="0.000139"/>
</kw>
<kw name="Should Be Equal As Integers" owner="BuiltIn">
<arg>${resp.status_code}</arg>
<arg>200</arg>
<doc>Fails if objects are unequal after converting them to integers.</doc>
<status status="NOT RUN" start="2026-04-23T14:40:05.711044" elapsed="0.000134"/>
</kw>
<kw name="Set Variable" owner="BuiltIn">
<var>${json}</var>
<arg>${resp.json()}</arg>
<doc>Returns the given values which can then be assigned to a variables.</doc>
<status status="NOT RUN" start="2026-04-23T14:40:05.711298" elapsed="0.000091"/>
</kw>
<kw name="Get From Dictionary" owner="Collections">
<var>${bed_id}</var>
<arg>${json}[0]</arg>
<arg>standardVariableId</arg>
<doc>Returns a value from the given ``dictionary`` based on the given ``key``.</doc>
<status status="NOT RUN" start="2026-04-23T14:40:05.711496" elapsed="0.000073"/>
</kw>
<return>
<value>${bed_id}</value>
<status status="NOT RUN" start="2026-04-23T14:40:05.711638" elapsed="0.000050"/>
</return>
<msg time="2026-04-23T14:40:05.711819" level="INFO">${NATIONALCODE} = 1520554001</msg>
<var>${NATIONALCODE}</var>
<arg>NATIONALCODE</arg>
<doc>برگردوندن یک تخت خالی معتبر</doc>
<status status="PASS" start="2026-04-23T14:40:05.705956" elapsed="0.005956"/>
</kw>
<kw name="Read State" owner="AdmitHis-keywords">
<kw name="File Should Exist" owner="OperatingSystem">
<msg time="2026-04-23T14:40:05.712704" level="INFO" html="true">File '&lt;a href="file://D:\Payvand\Projects\HisAdmit\AdmitHis-Test\resources\state\runtime_state.json"&gt;D:\Payvand\Projects\HisAdmit\AdmitHis-Test\resources\state\runtime_state.json&lt;/a&gt;' exists.</msg>
<arg>${STATE_FILE}</arg>
<doc>Fails unless the given ``path`` points to an existing file.</doc>
<status status="PASS" start="2026-04-23T14:40:05.712462" elapsed="0.000378"/>
</kw>
<kw name="Get File" owner="OperatingSystem">
<msg time="2026-04-23T14:40:05.713154" level="INFO" html="true">Getting file '&lt;a href="file://D:\Payvand\Projects\HisAdmit\AdmitHis-Test\resources\state\runtime_state.json"&gt;D:\Payvand\Projects\HisAdmit\AdmitHis-Test\resources\state\runtime_state.json&lt;/a&gt;'.</msg>
<msg time="2026-04-23T14:40:05.714126" level="INFO">${content} = {
  "DISPLAYNAME": "شيخ الاسلامي - مهرشاد",
  "SEX": "مرد       ",
  "SEXID": 365,
  "MOBILE": "09383509316",
  "LASTHOMECITY": "363",
  "LASTINSURANCENO": "0019208291",
  "RELIGION": "مسلمان",
  "NAT...</msg>
<var>${content}</var>
<arg>${STATE_FILE}</arg>
<doc>Returns the contents of a specified file.</doc>
<status status="PASS" start="2026-04-23T14:40:05.712986" elapsed="0.001281"/>
</kw>
<kw name="Evaluate" owner="BuiltIn">
<msg time="2026-04-23T14:40:05.715602" level="INFO">${state} = {'DISPLAYNAME': 'شيخ الاسلامي - مهرشاد', 'SEX': 'مرد       ', 'SEXID': 365, 'MOBILE': '09383509316', 'LASTHOMECITY': '363', 'LASTINSURANCENO': '0019208291', 'RELIGION': 'مسلمان', 'NATIONALITYID': 912,...</msg>
<var>${state}</var>
<arg>json.loads('''${content}''')</arg>
<arg>json</arg>
<doc>Evaluates the given expression in Python and returns the result.</doc>
<status status="PASS" start="2026-04-23T14:40:05.714501" elapsed="0.001245"/>
</kw>
<kw name="Get From Dictionary" owner="Collections">
<msg time="2026-04-23T14:40:05.716368" level="INFO">${value} = 147979</msg>
<var>${value}</var>
<arg>${state}</arg>
<arg>${key}</arg>
<doc>Returns a value from the given ``dictionary`` based on the given ``key``.</doc>
<status status="PASS" start="2026-04-23T14:40:05.715910" elapsed="0.000590"/>
</kw>
<kw name="Should Not Be Equal" owner="BuiltIn">
<msg time="2026-04-23T14:40:05.717079" level="INFO">Argument types are:
&lt;class 'int'&gt;
&lt;class 'NoneType'&gt;</msg>
<arg>${value}</arg>
<arg>${None}</arg>
<arg>❌ ${key} not found in state file</arg>
<doc>Fails if the given objects are equal.</doc>
<status status="PASS" start="2026-04-23T14:40:05.716647" elapsed="0.000621"/>
</kw>
<return>
<value>${value}</value>
<status status="PASS" start="2026-04-23T14:40:05.717439" elapsed="0.000144"/>
</return>
<kw name="Create AdmitHIS Session" owner="AdmitHis-keywords">
<status status="NOT RUN" start="2026-04-23T14:40:05.717797" elapsed="0.000151"/>
</kw>
<kw name="Create Dictionary" owner="BuiltIn">
<var>&amp;{headers}</var>
<arg>Accept=application/json, text/plain, */*</arg>
<arg>Authorization=${AUTH_BEARER}</arg>
<arg>Cookie=${COOKIE_TOKEN}</arg>
<doc>Creates and returns a dictionary based on the given ``items``.</doc>
<status status="NOT RUN" start="2026-04-23T14:40:05.718669" elapsed="0.000165"/>
</kw>
<kw name="GET On Session" owner="RequestsLibrary">
<var>${resp}</var>
<arg>HIS</arg>
<arg>/api/GeneralVariables/GetAllNamesInpatientWards</arg>
<arg>headers=&amp;{headers}</arg>
<doc>Sends a GET request on a previously created HTTP Session.</doc>
<status status="NOT RUN" start="2026-04-23T14:40:05.719023" elapsed="0.000131"/>
</kw>
<kw name="Should Be Equal As Integers" owner="BuiltIn">
<arg>${resp.status_code}</arg>
<arg>200</arg>
<doc>Fails if objects are unequal after converting them to integers.</doc>
<status status="NOT RUN" start="2026-04-23T14:40:05.719342" elapsed="0.000126"/>
</kw>
<kw name="Set Variable" owner="BuiltIn">
<var>${json}</var>
<arg>${resp.json()}</arg>
<doc>Returns the given values which can then be assigned to a variables.</doc>
<status status="NOT RUN" start="2026-04-23T14:40:05.719662" elapsed="0.000124"/>
</kw>
<kw name="Get From Dictionary" owner="Collections">
<var>${bed_id}</var>
<arg>${json}[0]</arg>
<arg>standardVariableId</arg>
<doc>Returns a value from the given ``dictionary`` based on the given ``key``.</doc>
<status status="NOT RUN" start="2026-04-23T14:40:05.719980" elapsed="0.000122"/>
</kw>
<return>
<value>${bed_id}</value>
<status status="NOT RUN" start="2026-04-23T14:40:05.720220" elapsed="0.000088"/>
</return>
<msg time="2026-04-23T14:40:05.720505" level="INFO">${HOSPITALFILEID} = 147979</msg>
<var>${HOSPITALFILEID}</var>
<arg>HOSPITALFILEID</arg>
<doc>برگردوندن یک تخت خالی معتبر</doc>
<status status="PASS" start="2026-04-23T14:40:05.712121" elapsed="0.008510"/>
</kw>
<kw name="Read State" owner="AdmitHis-keywords">
<kw name="File Should Exist" owner="OperatingSystem">
<msg time="2026-04-23T14:40:05.721441" level="INFO" html="true">File '&lt;a href="file://D:\Payvand\Projects\HisAdmit\AdmitHis-Test\resources\state\runtime_state.json"&gt;D:\Payvand\Projects\HisAdmit\AdmitHis-Test\resources\state\runtime_state.json&lt;/a&gt;' exists.</msg>
<arg>${STATE_FILE}</arg>
<doc>Fails unless the given ``path`` points to an existing file.</doc>
<status status="PASS" start="2026-04-23T14:40:05.721220" elapsed="0.000338"/>
</kw>
<kw name="Get File" owner="OperatingSystem">
<msg time="2026-04-23T14:40:05.721840" level="INFO" html="true">Getting file '&lt;a href="file://D:\Payvand\Projects\HisAdmit\AdmitHis-Test\resources\state\runtime_state.json"&gt;D:\Payvand\Projects\HisAdmit\AdmitHis-Test\resources\state\runtime_state.json&lt;/a&gt;'.</msg>
<msg time="2026-04-23T14:40:05.722403" level="INFO">${content} = {
  "DISPLAYNAME": "شيخ الاسلامي - مهرشاد",
  "SEX": "مرد       ",
  "SEXID": 365,
  "MOBILE": "09383509316",
  "LASTHOMECITY": "363",
  "LASTINSURANCENO": "0019208291",
  "RELIGION": "مسلمان",
  "NAT...</msg>
<var>${content}</var>
<arg>${STATE_FILE}</arg>
<doc>Returns the contents of a specified file.</doc>
<status status="PASS" start="2026-04-23T14:40:05.721679" elapsed="0.000867"/>
</kw>
<kw name="Evaluate" owner="BuiltIn">
<msg time="2026-04-23T14:40:05.723404" level="INFO">${state} = {'DISPLAYNAME': 'شيخ الاسلامي - مهرشاد', 'SEX': 'مرد       ', 'SEXID': 365, 'MOBILE': '09383509316', 'LASTHOMECITY': '363', 'LASTINSURANCENO': '0019208291', 'RELIGION': 'مسلمان', 'NATIONALITYID': 912,...</msg>
<var>${state}</var>
<arg>json.loads('''${content}''')</arg>
<arg>json</arg>
<doc>Evaluates the given expression in Python and returns the result.</doc>
<status status="PASS" start="2026-04-23T14:40:05.722762" elapsed="0.000822"/>
</kw>
<kw name="Get From Dictionary" owner="Collections">
<msg time="2026-04-23T14:40:05.724316" level="INFO">${value} = 1405/01/21</msg>
<var>${value}</var>
<arg>${state}</arg>
<arg>${key}</arg>
<doc>Returns a value from the given ``dictionary`` based on the given ``key``.</doc>
<status status="PASS" start="2026-04-23T14:40:05.723861" elapsed="0.000543"/>
</kw>
<kw name="Should Not Be Equal" owner="BuiltIn">
<msg time="2026-04-23T14:40:05.724800" level="INFO">Argument types are:
&lt;class 'str'&gt;
&lt;class 'NoneType'&gt;</msg>
<arg>${value}</arg>
<arg>${None}</arg>
<arg>❌ ${key} not found in state file</arg>
<doc>Fails if the given objects are equal.</doc>
<status status="PASS" start="2026-04-23T14:40:05.724558" elapsed="0.000335"/>
</kw>
<return>
<value>${value}</value>
<status status="PASS" start="2026-04-23T14:40:05.724974" elapsed="0.000082"/>
</return>
<kw name="Create AdmitHIS Session" owner="AdmitHis-keywords">
<status status="NOT RUN" start="2026-04-23T14:40:05.725200" elapsed="0.000110"/>
</kw>
<kw name="Create Dictionary" owner="BuiltIn">
<var>&amp;{headers}</var>
<arg>Accept=application/json, text/plain, */*</arg>
<arg>Authorization=${AUTH_BEARER}</arg>
<arg>Cookie=${COOKIE_TOKEN}</arg>
<doc>Creates and returns a dictionary based on the given ``items``.</doc>
<status status="NOT RUN" start="2026-04-23T14:40:05.725424" elapsed="0.000084"/>
</kw>
<kw name="GET On Session" owner="RequestsLibrary">
<var>${resp}</var>
<arg>HIS</arg>
<arg>/api/GeneralVariables/GetAllNamesInpatientWards</arg>
<arg>headers=&amp;{headers}</arg>
<doc>Sends a GET request on a previously created HTTP Session.</doc>
<status status="NOT RUN" start="2026-04-23T14:40:05.725638" elapsed="0.000073"/>
</kw>
<kw name="Should Be Equal As Integers" owner="BuiltIn">
<arg>${resp.status_code}</arg>
<arg>200</arg>
<doc>Fails if objects are unequal after converting them to integers.</doc>
<status status="NOT RUN" start="2026-04-23T14:40:05.725815" elapsed="0.000154"/>
</kw>
<kw name="Set Variable" owner="BuiltIn">
<var>${json}</var>
<arg>${resp.json()}</arg>
<doc>Returns the given values which can then be assigned to a variables.</doc>
<status status="NOT RUN" start="2026-04-23T14:40:05.726087" elapsed="0.000286"/>
</kw>
<kw name="Get From Dictionary" owner="Collections">
<var>${bed_id}</var>
<arg>${json}[0]</arg>
<arg>standardVariableId</arg>
<doc>Returns a value from the given ``dictionary`` based on the given ``key``.</doc>
<status status="NOT RUN" start="2026-04-23T14:40:05.726688" elapsed="0.000143"/>
</kw>
<return>
<value>${bed_id}</value>
<status status="NOT RUN" start="2026-04-23T14:40:05.726917" elapsed="0.000067"/>
</return>
<msg time="2026-04-23T14:40:05.727166" level="INFO">${PREADMIT_ADMIT_DATE} = 1405/01/21</msg>
<var>${PREADMIT_ADMIT_DATE}</var>
<arg>PREADMIT_ADMIT_DATE</arg>
<doc>برگردوندن یک تخت خالی معتبر</doc>
<status status="PASS" start="2026-04-23T14:40:05.720917" elapsed="0.006393"/>
</kw>
<kw name="Read State" owner="AdmitHis-keywords">
<kw name="File Should Exist" owner="OperatingSystem">
<msg time="2026-04-23T14:40:05.728404" level="INFO" html="true">File '&lt;a href="file://D:\Payvand\Projects\HisAdmit\AdmitHis-Test\resources\state\runtime_state.json"&gt;D:\Payvand\Projects\HisAdmit\AdmitHis-Test\resources\state\runtime_state.json&lt;/a&gt;' exists.</msg>
<arg>${STATE_FILE}</arg>
<doc>Fails unless the given ``path`` points to an existing file.</doc>
<status status="PASS" start="2026-04-23T14:40:05.728126" elapsed="0.000582"/>
</kw>
<kw name="Get File" owner="OperatingSystem">
<msg time="2026-04-23T14:40:05.729204" level="INFO" html="true">Getting file '&lt;a href="file://D:\Payvand\Projects\HisAdmit\AdmitHis-Test\resources\state\runtime_state.json"&gt;D:\Payvand\Projects\HisAdmit\AdmitHis-Test\resources\state\runtime_state.json&lt;/a&gt;'.</msg>
<msg time="2026-04-23T14:40:05.729757" level="INFO">${content} = {
  "DISPLAYNAME": "شيخ الاسلامي - مهرشاد",
  "SEX": "مرد       ",
  "SEXID": 365,
  "MOBILE": "09383509316",
  "LASTHOMECITY": "363",
  "LASTINSURANCENO": "0019208291",
  "RELIGION": "مسلمان",
  "NAT...</msg>
<var>${content}</var>
<arg>${STATE_FILE}</arg>
<doc>Returns the contents of a specified file.</doc>
<status status="PASS" start="2026-04-23T14:40:05.728917" elapsed="0.000993"/>
</kw>
<kw name="Evaluate" owner="BuiltIn">
<msg time="2026-04-23T14:40:05.730684" level="INFO">${state} = {'DISPLAYNAME': 'شيخ الاسلامي - مهرشاد', 'SEX': 'مرد       ', 'SEXID': 365, 'MOBILE': '09383509316', 'LASTHOMECITY': '363', 'LASTINSURANCENO': '0019208291', 'RELIGION': 'مسلمان', 'NATIONALITYID': 912,...</msg>
<var>${state}</var>
<arg>json.loads('''${content}''')</arg>
<arg>json</arg>
<doc>Evaluates the given expression in Python and returns the result.</doc>
<status status="PASS" start="2026-04-23T14:40:05.730130" elapsed="0.000705"/>
</kw>
<kw name="Get From Dictionary" owner="Collections">
<msg time="2026-04-23T14:40:05.731331" level="INFO">${value} = 923</msg>
<var>${value}</var>
<arg>${state}</arg>
<arg>${key}</arg>
<doc>Returns a value from the given ``dictionary`` based on the given ``key``.</doc>
<status status="PASS" start="2026-04-23T14:40:05.731047" elapsed="0.000444"/>
</kw>
<kw name="Should Not Be Equal" owner="BuiltIn">
<msg time="2026-04-23T14:40:05.731939" level="INFO">Argument types are:
&lt;class 'int'&gt;
&lt;class 'NoneType'&gt;</msg>
<arg>${value}</arg>
<arg>${None}</arg>
<arg>❌ ${key} not found in state file</arg>
<doc>Fails if the given objects are equal.</doc>
<status status="PASS" start="2026-04-23T14:40:05.731634" elapsed="0.000483"/>
</kw>
<return>
<value>${value}</value>
<status status="PASS" start="2026-04-23T14:40:05.732224" elapsed="0.000142"/>
</return>
<kw name="Create AdmitHIS Session" owner="AdmitHis-keywords">
<status status="NOT RUN" start="2026-04-23T14:40:05.732494" elapsed="0.000108"/>
</kw>
<kw name="Create Dictionary" owner="BuiltIn">
<var>&amp;{headers}</var>
<arg>Accept=application/json, text/plain, */*</arg>
<arg>Authorization=${AUTH_BEARER}</arg>
<arg>Cookie=${COOKIE_TOKEN}</arg>
<doc>Creates and returns a dictionary based on the given ``items``.</doc>
<status status="NOT RUN" start="2026-04-23T14:40:05.732801" elapsed="0.000179"/>
</kw>
<kw name="GET On Session" owner="RequestsLibrary">
<var>${resp}</var>
<arg>HIS</arg>
<arg>/api/GeneralVariables/GetAllNamesInpatientWards</arg>
<arg>headers=&amp;{headers}</arg>
<doc>Sends a GET request on a previously created HTTP Session.</doc>
<status status="NOT RUN" start="2026-04-23T14:40:05.733115" elapsed="0.000189"/>
</kw>
<kw name="Should Be Equal As Integers" owner="BuiltIn">
<arg>${resp.status_code}</arg>
<arg>200</arg>
<doc>Fails if objects are unequal after converting them to integers.</doc>
<status status="NOT RUN" start="2026-04-23T14:40:05.733476" elapsed="0.000115"/>
</kw>
<kw name="Set Variable" owner="BuiltIn">
<var>${json}</var>
<arg>${resp.json()}</arg>
<doc>Returns the given values which can then be assigned to a variables.</doc>
<status status="NOT RUN" start="2026-04-23T14:40:05.733712" elapsed="0.000084"/>
</kw>
<kw name="Get From Dictionary" owner="Collections">
<var>${bed_id}</var>
<arg>${json}[0]</arg>
<arg>standardVariableId</arg>
<doc>Returns a value from the given ``dictionary`` based on the given ``key``.</doc>
<status status="NOT RUN" start="2026-04-23T14:40:05.733906" elapsed="0.000080"/>
</kw>
<return>
<value>${bed_id}</value>
<status status="NOT RUN" start="2026-04-23T14:40:05.734063" elapsed="0.000056"/>
</return>
<msg time="2026-04-23T14:40:05.734255" level="INFO">${Login_Person_Id} = 923</msg>
<var>${Login_Person_Id}</var>
<arg>Login_Person_Id</arg>
<doc>برگردوندن یک تخت خالی معتبر</doc>
<status status="PASS" start="2026-04-23T14:40:05.727630" elapsed="0.006759"/>
</kw>
<kw name="Read State" owner="AdmitHis-keywords">
<kw name="File Should Exist" owner="OperatingSystem">
<msg time="2026-04-23T14:40:05.735350" level="INFO" html="true">File '&lt;a href="file://D:\Payvand\Projects\HisAdmit\AdmitHis-Test\resources\state\runtime_state.json"&gt;D:\Payvand\Projects\HisAdmit\AdmitHis-Test\resources\state\runtime_state.json&lt;/a&gt;' exists.</msg>
<arg>${STATE_FILE}</arg>
<doc>Fails unless the given ``path`` points to an existing file.</doc>
<status status="PASS" start="2026-04-23T14:40:05.735047" elapsed="0.000484"/>
</kw>
<kw name="Get File" owner="OperatingSystem">
<msg time="2026-04-23T14:40:05.735868" level="INFO" html="true">Getting file '&lt;a href="file://D:\Payvand\Projects\HisAdmit\AdmitHis-Test\resources\state\runtime_state.json"&gt;D:\Payvand\Projects\HisAdmit\AdmitHis-Test\resources\state\runtime_state.json&lt;/a&gt;'.</msg>
<msg time="2026-04-23T14:40:05.736367" level="INFO">${content} = {
  "DISPLAYNAME": "شيخ الاسلامي - مهرشاد",
  "SEX": "مرد       ",
  "SEXID": 365,
  "MOBILE": "09383509316",
  "LASTHOMECITY": "363",
  "LASTINSURANCENO": "0019208291",
  "RELIGION": "مسلمان",
  "NAT...</msg>
<var>${content}</var>
<arg>${STATE_FILE}</arg>
<doc>Returns the contents of a specified file.</doc>
<status status="PASS" start="2026-04-23T14:40:05.735663" elapsed="0.000845"/>
</kw>
<kw name="Evaluate" owner="BuiltIn">
<msg time="2026-04-23T14:40:05.737415" level="INFO">${state} = {'DISPLAYNAME': 'شيخ الاسلامي - مهرشاد', 'SEX': 'مرد       ', 'SEXID': 365, 'MOBILE': '09383509316', 'LASTHOMECITY': '363', 'LASTINSURANCENO': '0019208291', 'RELIGION': 'مسلمان', 'NATIONALITYID': 912,...</msg>
<var>${state}</var>
<arg>json.loads('''${content}''')</arg>
<arg>json</arg>
<doc>Evaluates the given expression in Python and returns the result.</doc>
<status status="PASS" start="2026-04-23T14:40:05.736755" elapsed="0.000992"/>
</kw>
<kw name="Get From Dictionary" owner="Collections">
<msg time="2026-04-23T14:40:05.738367" level="INFO">${value} = آزیتا فشارکی نیا</msg>
<var>${value}</var>
<arg>${state}</arg>
<arg>${key}</arg>
<doc>Returns a value from the given ``dictionary`` based on the given ``key``.</doc>
<status status="PASS" start="2026-04-23T14:40:05.737960" elapsed="0.000540"/>
</kw>
<kw name="Should Not Be Equal" owner="BuiltIn">
<msg time="2026-04-23T14:40:05.739206" level="INFO">Argument types are:
&lt;class 'str'&gt;
&lt;class 'NoneType'&gt;</msg>
<arg>${value}</arg>
<arg>${None}</arg>
<arg>❌ ${key} not found in state file</arg>
<doc>Fails if the given objects are equal.</doc>
<status status="PASS" start="2026-04-23T14:40:05.738702" elapsed="0.000748"/>
</kw>
<return>
<value>${value}</value>
<status status="PASS" start="2026-04-23T14:40:05.739608" elapsed="0.000200"/>
</return>
<kw name="Create AdmitHIS Session" owner="AdmitHis-keywords">
<status status="NOT RUN" start="2026-04-23T14:40:05.740013" elapsed="0.000150"/>
</kw>
<kw name="Create Dictionary" owner="BuiltIn">
<var>&amp;{headers}</var>
<arg>Accept=application/json, text/plain, */*</arg>
<arg>Authorization=${AUTH_BEARER}</arg>
<arg>Cookie=${COOKIE_TOKEN}</arg>
<doc>Creates and returns a dictionary based on the given ``items``.</doc>
<status status="NOT RUN" start="2026-04-23T14:40:05.740365" elapsed="0.000134"/>
</kw>
<kw name="GET On Session" owner="RequestsLibrary">
<var>${resp}</var>
<arg>HIS</arg>
<arg>/api/GeneralVariables/GetAllNamesInpatientWards</arg>
<arg>headers=&amp;{headers}</arg>
<doc>Sends a GET request on a previously created HTTP Session.</doc>
<status status="NOT RUN" start="2026-04-23T14:40:05.740870" elapsed="0.000173"/>
</kw>
<kw name="Should Be Equal As Integers" owner="BuiltIn">
<arg>${resp.status_code}</arg>
<arg>200</arg>
<doc>Fails if objects are unequal after converting them to integers.</doc>
<status status="NOT RUN" start="2026-04-23T14:40:05.741239" elapsed="0.000187"/>
</kw>
<kw name="Set Variable" owner="BuiltIn">
<var>${json}</var>
<arg>${resp.json()}</arg>
<doc>Returns the given values which can then be assigned to a variables.</doc>
<status status="NOT RUN" start="2026-04-23T14:40:05.741619" elapsed="0.000131"/>
</kw>
<kw name="Get From Dictionary" owner="Collections">
<var>${bed_id}</var>
<arg>${json}[0]</arg>
<arg>standardVariableId</arg>
<doc>Returns a value from the given ``dictionary`` based on the given ``key``.</doc>
<status status="NOT RUN" start="2026-04-23T14:40:05.741919" elapsed="0.000119"/>
</kw>
<return>
<value>${bed_id}</value>
<status status="NOT RUN" start="2026-04-23T14:40:05.742154" elapsed="0.000092"/>
</return>
<msg time="2026-04-23T14:40:05.742483" level="INFO">${Login_Display_Name} = آزیتا فشارکی نیا</msg>
<var>${Login_Display_Name}</var>
<arg>Login_Display_Name</arg>
<doc>برگردوندن یک تخت خالی معتبر</doc>
<status status="PASS" start="2026-04-23T14:40:05.734602" elapsed="0.010066"/>
</kw>
<kw name="Read State" owner="AdmitHis-keywords">
<kw name="File Should Exist" owner="OperatingSystem">
<msg time="2026-04-23T14:40:05.745976" level="INFO" html="true">File '&lt;a href="file://D:\Payvand\Projects\HisAdmit\AdmitHis-Test\resources\state\runtime_state.json"&gt;D:\Payvand\Projects\HisAdmit\AdmitHis-Test\resources\state\runtime_state.json&lt;/a&gt;' exists.</msg>
<arg>${STATE_FILE}</arg>
<doc>Fails unless the given ``path`` points to an existing file.</doc>
<status status="PASS" start="2026-04-23T14:40:05.745663" elapsed="0.000870"/>
</kw>
<kw name="Get File" owner="OperatingSystem">
<msg time="2026-04-23T14:40:05.747074" level="INFO" html="true">Getting file '&lt;a href="file://D:\Payvand\Projects\HisAdmit\AdmitHis-Test\resources\state\runtime_state.json"&gt;D:\Payvand\Projects\HisAdmit\AdmitHis-Test\resources\state\runtime_state.json&lt;/a&gt;'.</msg>
<msg time="2026-04-23T14:40:05.756505" level="INFO">${content} = {
  "DISPLAYNAME": "شيخ الاسلامي - مهرشاد",
  "SEX": "مرد       ",
  "SEXID": 365,
  "MOBILE": "09383509316",
  "LASTHOMECITY": "363",
  "LASTINSURANCENO": "0019208291",
  "RELIGION": "مسلمان",
  "NAT...</msg>
<var>${content}</var>
<arg>${STATE_FILE}</arg>
<doc>Returns the contents of a specified file.</doc>
<status status="PASS" start="2026-04-23T14:40:05.746773" elapsed="0.010499"/>
</kw>
<kw name="Evaluate" owner="BuiltIn">
<msg time="2026-04-23T14:40:05.758252" level="INFO">${state} = {'DISPLAYNAME': 'شيخ الاسلامي - مهرشاد', 'SEX': 'مرد       ', 'SEXID': 365, 'MOBILE': '09383509316', 'LASTHOMECITY': '363', 'LASTINSURANCENO': '0019208291', 'RELIGION': 'مسلمان', 'NATIONALITYID': 912,...</msg>
<var>${state}</var>
<arg>json.loads('''${content}''')</arg>
<arg>json</arg>
<doc>Evaluates the given expression in Python and returns the result.</doc>
<status status="PASS" start="2026-04-23T14:40:05.757585" elapsed="0.001229"/>
</kw>
<kw name="Get From Dictionary" owner="Collections">
<msg time="2026-04-23T14:40:05.759480" level="INFO">${value} = 30627</msg>
<var>${value}</var>
<arg>${state}</arg>
<arg>${key}</arg>
<doc>Returns a value from the given ``dictionary`` based on the given ``key``.</doc>
<status status="PASS" start="2026-04-23T14:40:05.759098" elapsed="0.000791"/>
</kw>
<kw name="Should Not Be Equal" owner="BuiltIn">
<msg time="2026-04-23T14:40:05.760432" level="INFO">Argument types are:
&lt;class 'str'&gt;
&lt;class 'NoneType'&gt;</msg>
<arg>${value}</arg>
<arg>${None}</arg>
<arg>❌ ${key} not found in state file</arg>
<doc>Fails if the given objects are equal.</doc>
<status status="PASS" start="2026-04-23T14:40:05.760097" elapsed="0.000488"/>
</kw>
<return>
<value>${value}</value>
<status status="PASS" start="2026-04-23T14:40:05.760714" elapsed="0.008349"/>
</return>
<kw name="Create AdmitHIS Session" owner="AdmitHis-keywords">
<status status="NOT RUN" start="2026-04-23T14:40:05.769447" elapsed="0.000301"/>
</kw>
<kw name="Create Dictionary" owner="BuiltIn">
<var>&amp;{headers}</var>
<arg>Accept=application/json, text/plain, */*</arg>
<arg>Authorization=${AUTH_BEARER}</arg>
<arg>Cookie=${COOKIE_TOKEN}</arg>
<doc>Creates and returns a dictionary based on the given ``items``.</doc>
<status status="NOT RUN" start="2026-04-23T14:40:05.770002" elapsed="0.000164"/>
</kw>
<kw name="GET On Session" owner="RequestsLibrary">
<var>${resp}</var>
<arg>HIS</arg>
<arg>/api/GeneralVariables/GetAllNamesInpatientWards</arg>
<arg>headers=&amp;{headers}</arg>
<doc>Sends a GET request on a previously created HTTP Session.</doc>
<status status="NOT RUN" start="2026-04-23T14:40:05.770370" elapsed="0.000121"/>
</kw>
<kw name="Should Be Equal As Integers" owner="BuiltIn">
<arg>${resp.status_code}</arg>
<arg>200</arg>
<doc>Fails if objects are unequal after converting them to integers.</doc>
<status status="NOT RUN" start="2026-04-23T14:40:05.770663" elapsed="0.000114"/>
</kw>
<kw name="Set Variable" owner="BuiltIn">
<var>${json}</var>
<arg>${resp.json()}</arg>
<doc>Returns the given values which can then be assigned to a variables.</doc>
<status status="NOT RUN" start="2026-04-23T14:40:05.770955" elapsed="0.000109"/>
</kw>
<kw name="Get From Dictionary" owner="Collections">
<var>${bed_id}</var>
<arg>${json}[0]</arg>
<arg>standardVariableId</arg>
<doc>Returns a value from the given ``dictionary`` based on the given ``key``.</doc>
<status status="NOT RUN" start="2026-04-23T14:40:05.771228" elapsed="0.000112"/>
</kw>
<return>
<value>${bed_id}</value>
<status status="NOT RUN" start="2026-04-23T14:40:05.771453" elapsed="0.000080"/>
</return>
<msg time="2026-04-23T14:40:05.771763" level="INFO">${Login_User_Name} = 30627</msg>
<var>${Login_User_Name}</var>
<arg>Login_User_Name</arg>
<doc>برگردوندن یک تخت خالی معتبر</doc>
<status status="PASS" start="2026-04-23T14:40:05.745126" elapsed="0.027337"/>
</kw>
<kw name="Catenate" owner="BuiltIn">
<msg time="2026-04-23T14:40:05.773152" level="INFO">${query} = SELECT TotalCash.ID_TotalCash, TotalCash.FileFormationID, TotalCash.AdmitID, TotalCash.ClinicTitleType, TotalCash.Credit, TotalCash.OperatorID, TotalCash.OperatorName, TotalCash.Note, TotalCash.CashTy...</msg>
<var>${query}</var>
<arg>SELECT TotalCash.ID_TotalCash, TotalCash.FileFormationID, TotalCash.AdmitID, TotalCash.ClinicTitleType, TotalCash.Credit,</arg>
<arg>TotalCash.OperatorID, TotalCash.OperatorName, TotalCash.Note, TotalCash.CashType, Admit_HIS.DischargeStep,</arg>
<arg>Admit_HIS.CancelReasonID,Admit_HIS.PishPardaght, Admit_HIS.DischargeDebt, Admit_HIS.Status_AdmitHIS</arg>
<arg>FROM</arg>
<arg>TotalCash INNER JOIN Admit_HIS ON TotalCash.AdmitID = Admit_HIS.ID_Admit</arg>
<arg>WHERE</arg>
<arg>TotalCash.AdmitID = ${PREADMIT_ADMIT_ID}</arg>
<doc>Catenates the given items together and returns the resulted string.</doc>
<status status="PASS" start="2026-04-23T14:40:05.772703" elapsed="0.000618"/>
</kw>
<kw name="Query" owner="DatabaseLibrary">
<msg time="2026-04-23T14:40:05.774487" level="INFO" html="true">Executing sql:&lt;br&gt;&lt;code style="font-weight: bold;"&gt;SELECT TotalCash.ID_TotalCash, TotalCash.FileFormationID, TotalCash.AdmitID, TotalCash.ClinicTitleType, TotalCash.Credit, TotalCash.OperatorID, TotalCash.OperatorName, TotalCash.Note, TotalCash.CashType, Admit_HIS.DischargeStep, Admit_HIS.CancelReasonID,Admit_HIS.PishPardaght, Admit_HIS.DischargeDebt, Admit_HIS.Status_AdmitHIS FROM TotalCash INNER JOIN Admit_HIS ON TotalCash.AdmitID = Admit_HIS.ID_Admit WHERE TotalCash.AdmitID = 356346&lt;/code&gt;</msg>
<msg time="2026-04-23T14:40:05.785447" level="INFO">Commit the transaction</msg>
<msg time="2026-04-23T14:40:05.807794" level="INFO" html="true">&lt;div style="max-width: 100%; overflow-x: auto; max-height: 500px; overflow-y: auto;"&gt;&lt;table style="width: auto; border-collapse: collapse; border: 2px solid rgb(140 140 140)"&gt;&lt;caption style="text-align: left; font-weight: bold; padding: 5px;"&gt;Query returned 1 rows&lt;/caption&gt;&lt;tr&gt;&lt;th scope="col" style="position: sticky; top: 0; color:black; background-color: #d6ecd4; border: 1px solid rgb(160 160 160);padding: 8px 10px;text-align: center;"&gt;Row&lt;/th&gt;&lt;th scope="col" style="position: sticky; top: 0; background-color: #505050; color: #fff;border: 1px solid rgb(160 160 160);padding: 8px 10px;text-align: center;"&gt;ID_TotalCash&lt;/th&gt;&lt;th scope="col" style="position: sticky; top: 0; background-color: #505050; color: #fff;border: 1px solid rgb(160 160 160);padding: 8px 10px;text-align: center;"&gt;FileFormationID&lt;/th&gt;&lt;th scope="col" style="position: sticky; top: 0; background-color: #505050; color: #fff;border: 1px solid rgb(160 160 160);padding: 8px 10px;text-align: center;"&gt;AdmitID&lt;/th&gt;&lt;th scope="col" style="position: sticky; top: 0; background-color: #505050; color: #fff;border: 1px solid rgb(160 160 160);padding: 8px 10px;text-align: center;"&gt;ClinicTitleType&lt;/th&gt;&lt;th scope="col" style="position: sticky; top: 0; background-color: #505050; color: #fff;border: 1px solid rgb(160 160 160);padding: 8px 10px;text-align: center;"&gt;Credit&lt;/th&gt;&lt;th scope="col" style="position: sticky; top: 0; background-color: #505050; color: #fff;border: 1px solid rgb(160 160 160);padding: 8px 10px;text-align: center;"&gt;OperatorID&lt;/th&gt;&lt;th scope="col" style="position: sticky; top: 0; background-color: #505050; color: #fff;border: 1px solid rgb(160 160 160);padding: 8px 10px;text-align: center;"&gt;OperatorName&lt;/th&gt;&lt;th scope="col" style="position: sticky; top: 0; background-color: #505050; color: #fff;border: 1px solid rgb(160 160 160);padding: 8px 10px;text-align: center;"&gt;Note&lt;/th&gt;&lt;th scope="col" style="position: sticky; top: 0; background-color: #505050; color: #fff;border: 1px solid rgb(160 160 160);padding: 8px 10px;text-align: center;"&gt;CashType&lt;/th&gt;&lt;th scope="col" style="position: sticky; top: 0; background-color: #505050; color: #fff;border: 1px solid rgb(160 160 160);padding: 8px 10px;text-align: center;"&gt;DischargeStep&lt;/th&gt;&lt;th scope="col" style="position: sticky; top: 0; background-color: #505050; color: #fff;border: 1px solid rgb(160 160 160);padding: 8px 10px;text-align: center;"&gt;CancelReasonID&lt;/th&gt;&lt;th scope="col" style="position: sticky; top: 0; background-color: #505050; color: #fff;border: 1px solid rgb(160 160 160);padding: 8px 10px;text-align: center;"&gt;PishPardaght&lt;/th&gt;&lt;th scope="col" style="position: sticky; top: 0; background-color: #505050; color: #fff;border: 1px solid rgb(160 160 160);padding: 8px 10px;text-align: center;"&gt;DischargeDebt&lt;/th&gt;&lt;th scope="col" style="position: sticky; top: 0; background-color: #505050; color: #fff;border: 1px solid rgb(160 160 160);padding: 8px 10px;text-align: center;"&gt;Status_AdmitHIS&lt;/th&gt;&lt;/tr&gt;&lt;tr style="background-color: var(--secondary-color, #eee)"&gt;&lt;th scope="row" style="color:black; background-color: #d6ecd4;border: 1px solid rgb(160 160 160);padding: 8px 10px;text-align: center;"&gt;0&lt;/th&gt;&lt;td style="border: 1px solid rgb(160 160 160);padding: 8px 10px;text-align: center;"&gt;196&lt;/td&gt;&lt;td style="border: 1px solid rgb(160 160 160);padding: 8px 10px;text-align: center;"&gt;683676&lt;/td&gt;&lt;td style="border: 1px solid rgb(160 160 160);padding: 8px 10px;text-align: center;"&gt;356346&lt;/td&gt;&lt;td style="border: 1px solid rgb(160 160 160);padding: 8px 10px;text-align: center;"&gt;249&lt;/td&gt;&lt;td style="border: 1px solid rgb(160 160 160);padding: 8px 10px;text-align: center;"&gt;10000.00&lt;/td&gt;&lt;td style="border: 1px solid rgb(160 160 160);padding: 8px 10px;text-align: center;"&gt;923&lt;/td&gt;&lt;td style="border: 1px solid rgb(160 160 160);padding: 8px 10px;text-align: center;"&gt;آزيتا فشارکي نيا (30627)&lt;/td&gt;&lt;td style="border: 1px solid rgb(160 160 160);padding: 8px 10px;text-align: center;"&gt;None&lt;/td&gt;&lt;td style="border: 1px solid rgb(160 160 160);padding: 8px 10px;text-align: center;"&gt;55&lt;/td&gt;&lt;td style="border: 1px solid rgb(160 160 160);padding: 8px 10px;text-align: center;"&gt;55&lt;/td&gt;&lt;td style="border: 1px solid rgb(160 160 160);padding: 8px 10px;text-align: center;"&gt;12&lt;/td&gt;&lt;td style="border: 1px solid rgb(160 160 160);padding: 8px 10px;text-align: center;"&gt;0.0&lt;/td&gt;&lt;td style="border: 1px solid rgb(160 160 160);padding: 8px 10px;text-align: center;"&gt;0.0&lt;/td&gt;&lt;td style="border: 1px solid rgb(160 160 160);padding: 8px 10px;text-align: center;"&gt;2&lt;/td&gt;&lt;/tr&gt;&lt;/table&gt;&lt;/div&gt;</msg>
<msg time="2026-04-23T14:40:05.808206" level="INFO">${rows} = [(196, 683676, 356346, 249, Decimal('10000.00'), 923, 'آزيتا فشارکي نيا (30627)', None, 55, 55, 12, 0.0, 0.0, 2)]</msg>
<var>${rows}</var>
<arg>${query}</arg>
<doc>Runs a query with the ``select_statement`` and returns the result as list of rows.
The type of row values depends on the database module -
usually they are tuples or tuple-like objects.</doc>
<status status="PASS" start="2026-04-23T14:40:05.774055" elapsed="0.034248"/>
</kw>
<kw name="Should Not Be Empty" owner="BuiltIn">
<msg time="2026-04-23T14:40:05.808750" level="INFO">Length is 1.</msg>
<arg>${rows}</arg>
<doc>Verifies that the given item is not empty.</doc>
<status status="PASS" start="2026-04-23T14:40:05.808491" elapsed="0.000376"/>
</kw>
<kw name="Set Variable" owner="BuiltIn">
<msg time="2026-04-23T14:40:05.809602" level="INFO">${row} = (196, 683676, 356346, 249, Decimal('10000.00'), 923, 'آزيتا فشارکي نيا (30627)', None, 55, 55, 12, 0.0, 0.0, 2)</msg>
<var>${row}</var>
<arg>${rows[0]}</arg>
<doc>Returns the given values which can then be assigned to a variables.</doc>
<status status="PASS" start="2026-04-23T14:40:05.809004" elapsed="0.000710"/>
</kw>
<kw name="Should Be True" owner="BuiltIn">
<arg>${row[0]}</arg>
<arg>msg= ID_TotalCash is Null</arg>
<doc>Fails if the given condition is not true.</doc>
<status status="PASS" start="2026-04-23T14:40:05.809863" elapsed="0.000494"/>
</kw>
<kw name="Should Be Equal As Integers" owner="BuiltIn">
<arg>${row[1]}</arg>
<arg>${PREADMIT_iD_FileFormation}</arg>
<arg>msg= FileFormationID != ${PREADMIT_iD_FileFormation}</arg>
<doc>Fails if objects are unequal after converting them to integers.</doc>
<status status="PASS" start="2026-04-23T14:40:05.810486" elapsed="0.000600"/>
</kw>
<kw name="Should Be Equal As Integers" owner="BuiltIn">
<arg>${row[2]}</arg>
<arg>${PREADMIT_ADMIT_ID}</arg>
<arg>msg= PREADMIT ADMIT ID != ${PREADMIT_ADMIT_ID}</arg>
<doc>Fails if objects are unequal after converting them to integers.</doc>
<status status="PASS" start="2026-04-23T14:40:05.811212" elapsed="0.000535"/>
</kw>
<kw name="Should Be Equal As Integers" owner="BuiltIn">
<msg time="2026-04-23T14:40:05.812424" level="INFO">Argument types are:
&lt;class 'int'&gt;
&lt;class 'str'&gt;</msg>
<arg>${row[3]}</arg>
<arg>249</arg>
<arg>msg= ClinicTitleType != 249</arg>
<doc>Fails if objects are unequal after converting them to integers.</doc>
<status status="PASS" start="2026-04-23T14:40:05.811917" elapsed="0.000613"/>
</kw>
<kw name="Should Be Equal As Integers" owner="BuiltIn">
<msg time="2026-04-23T14:40:05.813180" level="INFO">Argument types are:
&lt;class 'decimal.Decimal'&gt;
&lt;class 'str'&gt;</msg>
<arg>${row[4]}</arg>
<arg>${pishPardaght}</arg>
<arg>msg= Credit != -${pishPardaght}</arg>
<doc>Fails if objects are unequal after converting them to integers.</doc>
<status status="PASS" start="2026-04-23T14:40:05.812673" elapsed="0.000636"/>
</kw>
<kw name="Should Be Equal As Integers" owner="BuiltIn">
<arg>${row[5]}</arg>
<arg>${Login_Person_Id}</arg>
<arg>msg= Login Person Id != ${Login_Person_Id}</arg>
<doc>Fails if objects are unequal after converting them to integers.</doc>
<status status="PASS" start="2026-04-23T14:40:05.813459" elapsed="0.000543"/>
</kw>
<kw name="Should Contain" owner="BuiltIn">
<arg>${row[6]}</arg>
<arg>(${Login_User_Name})</arg>
<arg>msg= Login User Name doesnt contain</arg>
<doc>Fails if ``container`` does not contain ``item`` one or more times.</doc>
<status status="PASS" start="2026-04-23T14:40:05.814123" elapsed="0.000530"/>
</kw>
<kw name="Should Be True" owner="BuiltIn">
<arg>${row[7]} is None or '${row[7]}' != ''</arg>
<arg>msg= Note</arg>
<doc>Fails if the given condition is not true.</doc>
<status status="PASS" start="2026-04-23T14:40:05.814788" elapsed="0.001272"/>
</kw>
<kw name="Should Be Equal As Integers" owner="BuiltIn">
<msg time="2026-04-23T14:40:05.816653" level="INFO">Argument types are:
&lt;class 'int'&gt;
&lt;class 'str'&gt;</msg>
<arg>${row[8]}</arg>
<arg>55</arg>
<arg>msg= CashType != 55</arg>
<doc>Fails if objects are unequal after converting them to integers.</doc>
<status status="PASS" start="2026-04-23T14:40:05.816204" elapsed="0.000562"/>
</kw>
<kw name="Should Be Equal As Integers" owner="BuiltIn">
<msg time="2026-04-23T14:40:05.817916" level="INFO">Argument types are:
&lt;class 'int'&gt;
&lt;class 'str'&gt;</msg>
<arg>${row[9]}</arg>
<arg>55</arg>
<arg>msg= DischargeStep != 55</arg>
<doc>Fails if objects are unequal after converting them to integers.</doc>
<status status="PASS" start="2026-04-23T14:40:05.816886" elapsed="0.001201"/>
</kw>
<kw name="Should Be Equal As Integers" owner="BuiltIn">
<msg time="2026-04-23T14:40:05.818797" level="INFO">Argument types are:
&lt;class 'int'&gt;
&lt;class 'str'&gt;</msg>
<arg>${row[10]}</arg>
<arg>12</arg>
<arg>msg= CancelReasonID != 12</arg>
<doc>Fails if objects are unequal after converting them to integers.</doc>
<status status="PASS" start="2026-04-23T14:40:05.818256" elapsed="0.000661"/>
</kw>
<kw name="Should Be Equal As Integers" owner="BuiltIn">
<msg time="2026-04-23T14:40:05.819856" level="INFO">Argument types are:
&lt;class 'float'&gt;
&lt;class 'str'&gt;</msg>
<arg>${row[11]}</arg>
<arg>0</arg>
<arg>msg= PishPardaght != 0</arg>
<doc>Fails if objects are unequal after converting them to integers.</doc>
<status status="PASS" start="2026-04-23T14:40:05.819062" elapsed="0.001178"/>
</kw>
<kw name="Should Be Equal As Integers" owner="BuiltIn">
<msg time="2026-04-23T14:40:05.821367" level="INFO">Argument types are:
&lt;class 'float'&gt;
&lt;class 'str'&gt;</msg>
<arg>${row[12]}</arg>
<arg>0</arg>
<arg>msg= DischargeDebt != 0</arg>
<doc>Fails if objects are unequal after converting them to integers.</doc>
<status status="PASS" start="2026-04-23T14:40:05.820478" elapsed="0.001358"/>
</kw>
<kw name="Should Be Equal As Integers" owner="BuiltIn">
<msg time="2026-04-23T14:40:05.823003" level="INFO">Argument types are:
&lt;class 'int'&gt;
&lt;class 'str'&gt;</msg>
<arg>${row[13]}</arg>
<arg>2</arg>
<arg>msg= Status_AdmitHIS != 2</arg>
<doc>Fails if objects are unequal after converting them to integers.</doc>
<status status="PASS" start="2026-04-23T14:40:05.822093" elapsed="0.001110"/>
</kw>
<arg>${FOUND_PREADMIT_FILEFORMATION_ID}</arg>
<status status="PASS" start="2026-04-23T14:40:05.518761" elapsed="0.304616"/>
</kw>
<doc>تست دیتابیس بعد از پذیرش پری ادمیت</doc>
<tag>DB-Test</tag>
<tag>preadmit</tag>
<status status="PASS" start="2026-04-23T14:40:05.503090" elapsed="0.320688"/>
</test>
<status status="PASS" start="2026-04-23T14:40:05.212822" elapsed="0.615417"/>
</suite>
<status status="PASS" start="2026-04-23T14:40:05.192612" elapsed="0.638560"/>
</suite>
<statistics>
<total>
<stat pass="1" fail="0" skip="0">All Tests</stat>
</total>
<tag>
<stat pass="1" fail="0" skip="0">DB-Test</stat>
<stat pass="1" fail="0" skip="0">preadmit</stat>
</tag>
<suite>
<stat name="AdmitHis-Test" id="s1" pass="1" fail="0" skip="0">AdmitHis-Test</stat>
<stat name="AdmitHis-Api" id="s1-s1" pass="1" fail="0" skip="0">AdmitHis-Test.AdmitHis-Api</stat>
</suite>
</statistics>
<errors>
</errors>
</robot>
