<?xml version="1.0" encoding="UTF-8"?>
<robot generator="Robot 7.3.2 (Python 3.13.2 on win32)" generated="2025-12-16T00:00:58.960481" rpa="false" schemaversion="5">
<suite id="s1" name="AdmitHis-Test" source="D:\Payvand\Projects\HisAdmit\AdmitHis-Test">
<suite id="s1-s1" name="AdmitHis" source="D:\Payvand\Projects\HisAdmit\AdmitHis-Test\AdmitHis.robot">
<kw name="Create HIS Session" type="SETUP">
<kw name="Create Session" owner="RequestsLibrary">
<msg time="2025-12-16T00:00:59.169311" level="INFO">Creating Session using : alias=HIS, url=http://192.168.5.19:1600, headers={},                     cookies={}, auth=None, timeout=None, proxies=None, verify=False,                     debug=0 </msg>
<arg>HIS</arg>
<arg>${BASE_URL}</arg>
<arg>verify=${False}</arg>
<doc>Create Session: create a HTTP session to a server</doc>
<status status="PASS" start="2025-12-16T00:00:59.169033" elapsed="0.000523"/>
</kw>
<status status="PASS" start="2025-12-16T00:00:59.168237" elapsed="0.001453"/>
</kw>
<test id="s1-s1-t1" name="27-UI - Edit Preadmit Patient" line="882">
<kw name="Start Browser With Token">
<kw name="Open Browser" owner="SeleniumLibrary">
<msg time="2025-12-16T00:00:59.181755" level="INFO">Opening browser 'chrome' to base url 'http://192.168.5.19:8019/filing'.</msg>
<arg>${FILING_URL}</arg>
<arg>chrome</arg>
<doc>Opens a new browser instance to the optional ``url``.</doc>
<status status="PASS" start="2025-12-16T00:00:59.181338" elapsed="4.076559"/>
</kw>
<kw name="Maximize Browser Window" owner="SeleniumLibrary">
<doc>Maximizes current browser window.</doc>
<status status="PASS" start="2025-12-16T00:01:03.258208" elapsed="0.040876"/>
</kw>
<kw name="Add Cookie" owner="SeleniumLibrary">
<arg>token</arg>
<arg>${COOKIE_TOKEN}</arg>
<doc>Adds a cookie to your current session.</doc>
<status status="PASS" start="2025-12-16T00:01:03.299289" elapsed="0.005993"/>
</kw>
<kw name="Reload Page" owner="SeleniumLibrary">
<doc>Simulates user reloading page.</doc>
<status status="PASS" start="2025-12-16T00:01:03.305497" elapsed="0.136357"/>
</kw>
<doc>باز کردن کروم + تزریق کوکی token</doc>
<status status="PASS" start="2025-12-16T00:00:59.180719" elapsed="4.261285"/>
</kw>
<kw name="Go To Filing Page">
<kw name="Go To" owner="SeleniumLibrary">
<msg time="2025-12-16T00:01:03.442922" level="INFO">Opening url 'http://192.168.5.19:8019/filing'</msg>
<arg>${FILING_URL}</arg>
<doc>Navigates the current browser window to the provided ``url``.</doc>
<status status="PASS" start="2025-12-16T00:01:03.442751" elapsed="0.048012"/>
</kw>
<kw name="Reload Page" owner="SeleniumLibrary">
<doc>Simulates user reloading page.</doc>
<status status="PASS" start="2025-12-16T00:01:03.490943" elapsed="0.079512"/>
</kw>
<doc>رفتن مستقیم به صفحه پذیرش بستری</doc>
<status status="PASS" start="2025-12-16T00:01:03.442409" elapsed="0.128312"/>
</kw>
<kw name="Wait For Page Ready">
<kw name="Run Keyword And Ignore Error" owner="BuiltIn">
<kw name="Wait Until Page Contains Element" owner="SeleniumLibrary">
<msg time="2025-12-16T00:01:06.888674" level="INFO" html="true">&lt;/td&gt;&lt;/tr&gt;&lt;tr&gt;&lt;td colspan="3"&gt;&lt;a href="selenium-screenshot-24.png"&gt;&lt;img src="selenium-screenshot-24.png" width="800px"&gt;&lt;/a&gt;</msg>
<msg time="2025-12-16T00:01:06.889001" level="FAIL">Element 'css=.ngx-spinner-overlay,.loading-overlay,.spinner,.mat-progress-spinner,.cdk-overlay-backdrop' did not appear in 3 seconds.</msg>
<arg>${GLOBAL_SPINNER}</arg>
<arg>3</arg>
<doc>Waits until the element ``locator`` appears on the current page.</doc>
<status status="FAIL" start="2025-12-16T00:01:03.572181" elapsed="3.328967">Element 'css=.ngx-spinner-overlay,.loading-overlay,.spinner,.mat-progress-spinner,.cdk-overlay-backdrop' did not appear in 3 seconds.</status>
</kw>
<arg>Wait Until Page Contains Element</arg>
<arg>${GLOBAL_SPINNER}</arg>
<arg>3</arg>
<doc>Runs the given keyword with the given arguments and ignores possible error.</doc>
<status status="PASS" start="2025-12-16T00:01:03.571865" elapsed="3.329482"/>
</kw>
<kw name="Wait Until Element Is Not Visible" owner="SeleniumLibrary">
<arg>${GLOBAL_SPINNER}</arg>
<arg>${timeout}</arg>
<doc>Waits until the element ``locator`` is not visible.</doc>
<status status="PASS" start="2025-12-16T00:01:06.901540" elapsed="0.009256"/>
</kw>
<status status="PASS" start="2025-12-16T00:01:03.571308" elapsed="3.339767"/>
</kw>
<kw name="Click Element Safe">
<kw name="Wait For Spinner Hidden">
<kw name="Wait Until Element Is Not Visible" owner="SeleniumLibrary">
<arg>css=div.back-spenner.ng-star-inserted</arg>
<arg>1000</arg>
<doc>Waits until the element ``locator`` is not visible.</doc>
<status status="PASS" start="2025-12-16T00:01:06.913901" elapsed="0.011113"/>
</kw>
<doc>صبر کردن تا loading Angular ناپدید شود</doc>
<status status="PASS" start="2025-12-16T00:01:06.913212" elapsed="0.011955"/>
</kw>
<kw name="Wait Until Element Is Visible" owner="SeleniumLibrary">
<arg>${locator}</arg>
<doc>Waits until the element ``locator`` is visible.</doc>
<status status="PASS" start="2025-12-16T00:01:06.925301" elapsed="0.021890"/>
</kw>
<kw name="Wait Until Element Is Enabled" owner="SeleniumLibrary">
<arg>${locator}</arg>
<doc>Waits until the element ``locator`` is enabled.</doc>
<status status="PASS" start="2025-12-16T00:01:06.947618" elapsed="0.027027"/>
</kw>
<kw name="Scroll Element Into View" owner="SeleniumLibrary">
<arg>${locator}</arg>
<doc>Scrolls the element identified by ``locator`` into view.</doc>
<status status="PASS" start="2025-12-16T00:01:06.974934" elapsed="0.290731"/>
</kw>
<kw name="Click Element" owner="SeleniumLibrary">
<msg time="2025-12-16T00:01:07.266879" level="INFO">Clicking element 'xpath=//img[@src='assets/icons/inpatient.svg']/ancestor::a'.</msg>
<arg>${locator}</arg>
<doc>Click the element identified by ``locator``.</doc>
<status status="PASS" start="2025-12-16T00:01:07.266131" elapsed="0.081445"/>
</kw>
<arg>xpath=//img[@src='assets/icons/inpatient.svg']/ancestor::a</arg>
<status status="PASS" start="2025-12-16T00:01:06.912252" elapsed="0.435511"/>
</kw>
<kw name="Wait For Page Ready">
<kw name="Run Keyword And Ignore Error" owner="BuiltIn">
<kw name="Wait Until Page Contains Element" owner="SeleniumLibrary">
<msg time="2025-12-16T00:01:10.573458" level="INFO" html="true">&lt;/td&gt;&lt;/tr&gt;&lt;tr&gt;&lt;td colspan="3"&gt;&lt;a href="selenium-screenshot-25.png"&gt;&lt;img src="selenium-screenshot-25.png" width="800px"&gt;&lt;/a&gt;</msg>
<msg time="2025-12-16T00:01:10.573955" level="FAIL">Element 'css=.ngx-spinner-overlay,.loading-overlay,.spinner,.mat-progress-spinner,.cdk-overlay-backdrop' did not appear in 3 seconds.</msg>
<arg>${GLOBAL_SPINNER}</arg>
<arg>3</arg>
<doc>Waits until the element ``locator`` appears on the current page.</doc>
<status status="FAIL" start="2025-12-16T00:01:07.349691" elapsed="3.236080">Element 'css=.ngx-spinner-overlay,.loading-overlay,.spinner,.mat-progress-spinner,.cdk-overlay-backdrop' did not appear in 3 seconds.</status>
</kw>
<arg>Wait Until Page Contains Element</arg>
<arg>${GLOBAL_SPINNER}</arg>
<arg>3</arg>
<doc>Runs the given keyword with the given arguments and ignores possible error.</doc>
<status status="PASS" start="2025-12-16T00:01:07.349303" elapsed="3.237032"/>
</kw>
<kw name="Wait Until Element Is Not Visible" owner="SeleniumLibrary">
<arg>${GLOBAL_SPINNER}</arg>
<arg>${timeout}</arg>
<doc>Waits until the element ``locator`` is not visible.</doc>
<status status="PASS" start="2025-12-16T00:01:10.586706" elapsed="0.013169"/>
</kw>
<status status="PASS" start="2025-12-16T00:01:07.348447" elapsed="3.251607"/>
</kw>
<kw name="Click Element Safe">
<kw name="Wait For Spinner Hidden">
<kw name="Wait Until Element Is Not Visible" owner="SeleniumLibrary">
<arg>css=div.back-spenner.ng-star-inserted</arg>
<arg>1000</arg>
<doc>Waits until the element ``locator`` is not visible.</doc>
<status status="PASS" start="2025-12-16T00:01:10.601328" elapsed="1.647735"/>
</kw>
<doc>صبر کردن تا loading Angular ناپدید شود</doc>
<status status="PASS" start="2025-12-16T00:01:10.601056" elapsed="1.648159"/>
</kw>
<kw name="Wait Until Element Is Visible" owner="SeleniumLibrary">
<arg>${locator}</arg>
<doc>Waits until the element ``locator`` is visible.</doc>
<status status="PASS" start="2025-12-16T00:01:12.249757" elapsed="0.029299"/>
</kw>
<kw name="Wait Until Element Is Enabled" owner="SeleniumLibrary">
<arg>${locator}</arg>
<doc>Waits until the element ``locator`` is enabled.</doc>
<status status="PASS" start="2025-12-16T00:01:12.279538" elapsed="0.035091"/>
</kw>
<kw name="Scroll Element Into View" owner="SeleniumLibrary">
<arg>${locator}</arg>
<doc>Scrolls the element identified by ``locator`` into view.</doc>
<status status="PASS" start="2025-12-16T00:01:12.315000" elapsed="0.292810"/>
</kw>
<kw name="Click Element" owner="SeleniumLibrary">
<msg time="2025-12-16T00:01:12.609029" level="INFO">Clicking element 'xpath=//span[contains(@class,'mat-checkbox-inner-container')]'.</msg>
<arg>${locator}</arg>
<doc>Click the element identified by ``locator``.</doc>
<status status="PASS" start="2025-12-16T00:01:12.608280" elapsed="0.076696"/>
</kw>
<arg>xpath=//span[contains(@class,'mat-checkbox-inner-container')]</arg>
<status status="PASS" start="2025-12-16T00:01:10.600530" elapsed="2.084629"/>
</kw>
<kw name="Wait For Page Ready">
<kw name="Run Keyword And Ignore Error" owner="BuiltIn">
<kw name="Wait Until Page Contains Element" owner="SeleniumLibrary">
<msg time="2025-12-16T00:01:15.830442" level="INFO" html="true">&lt;/td&gt;&lt;/tr&gt;&lt;tr&gt;&lt;td colspan="3"&gt;&lt;a href="selenium-screenshot-26.png"&gt;&lt;img src="selenium-screenshot-26.png" width="800px"&gt;&lt;/a&gt;</msg>
<msg time="2025-12-16T00:01:15.830696" level="FAIL">Element 'css=.ngx-spinner-overlay,.loading-overlay,.spinner,.mat-progress-spinner,.cdk-overlay-backdrop' did not appear in 3 seconds.</msg>
<arg>${GLOBAL_SPINNER}</arg>
<arg>3</arg>
<doc>Waits until the element ``locator`` appears on the current page.</doc>
<status status="FAIL" start="2025-12-16T00:01:12.686162" elapsed="3.152545">Element 'css=.ngx-spinner-overlay,.loading-overlay,.spinner,.mat-progress-spinner,.cdk-overlay-backdrop' did not appear in 3 seconds.</status>
</kw>
<arg>Wait Until Page Contains Element</arg>
<arg>${GLOBAL_SPINNER}</arg>
<arg>3</arg>
<doc>Runs the given keyword with the given arguments and ignores possible error.</doc>
<status status="PASS" start="2025-12-16T00:01:12.685953" elapsed="3.152945"/>
</kw>
<kw name="Wait Until Element Is Not Visible" owner="SeleniumLibrary">
<arg>${GLOBAL_SPINNER}</arg>
<arg>${timeout}</arg>
<doc>Waits until the element ``locator`` is not visible.</doc>
<status status="PASS" start="2025-12-16T00:01:15.839081" elapsed="0.009342"/>
</kw>
<status status="PASS" start="2025-12-16T00:01:12.685517" elapsed="3.163277"/>
</kw>
<kw name="Fill Input By Id">
<kw name="Wait For Page Ready">
<kw name="Run Keyword And Ignore Error" owner="BuiltIn">
<kw name="Wait Until Page Contains Element" owner="SeleniumLibrary">
<msg time="2025-12-16T00:01:18.966057" level="INFO" html="true">&lt;/td&gt;&lt;/tr&gt;&lt;tr&gt;&lt;td colspan="3"&gt;&lt;a href="selenium-screenshot-27.png"&gt;&lt;img src="selenium-screenshot-27.png" width="800px"&gt;&lt;/a&gt;</msg>
<msg time="2025-12-16T00:01:18.966384" level="FAIL">Element 'css=.ngx-spinner-overlay,.loading-overlay,.spinner,.mat-progress-spinner,.cdk-overlay-backdrop' did not appear in 3 seconds.</msg>
<arg>${GLOBAL_SPINNER}</arg>
<arg>3</arg>
<doc>Waits until the element ``locator`` appears on the current page.</doc>
<status status="FAIL" start="2025-12-16T00:01:15.850606" elapsed="3.121906">Element 'css=.ngx-spinner-overlay,.loading-overlay,.spinner,.mat-progress-spinner,.cdk-overlay-backdrop' did not appear in 3 seconds.</status>
</kw>
<arg>Wait Until Page Contains Element</arg>
<arg>${GLOBAL_SPINNER}</arg>
<arg>3</arg>
<doc>Runs the given keyword with the given arguments and ignores possible error.</doc>
<status status="PASS" start="2025-12-16T00:01:15.850363" elapsed="3.122428"/>
</kw>
<kw name="Wait Until Element Is Not Visible" owner="SeleniumLibrary">
<arg>${GLOBAL_SPINNER}</arg>
<arg>${timeout}</arg>
<doc>Waits until the element ``locator`` is not visible.</doc>
<status status="PASS" start="2025-12-16T00:01:18.973139" elapsed="0.009418"/>
</kw>
<status status="PASS" start="2025-12-16T00:01:15.850014" elapsed="3.132704"/>
</kw>
<kw name="Wait For Spinner Hidden">
<kw name="Wait Until Element Is Not Visible" owner="SeleniumLibrary">
<arg>css=div.back-spenner.ng-star-inserted</arg>
<arg>1000</arg>
<doc>Waits until the element ``locator`` is not visible.</doc>
<status status="PASS" start="2025-12-16T00:01:18.983207" elapsed="0.007758"/>
</kw>
<doc>صبر کردن تا loading Angular ناپدید شود</doc>
<status status="PASS" start="2025-12-16T00:01:18.982919" elapsed="0.008276"/>
</kw>
<kw name="Wait Until Element Is Visible" owner="SeleniumLibrary">
<arg>id=${id}</arg>
<doc>Waits until the element ``locator`` is visible.</doc>
<status status="PASS" start="2025-12-16T00:01:18.991420" elapsed="0.021036"/>
</kw>
<kw name="Clear Element Text" owner="SeleniumLibrary">
<arg>id=${id}</arg>
<doc>Clears the value of the text-input-element identified by ``locator``.</doc>
<status status="PASS" start="2025-12-16T00:01:19.012826" elapsed="0.038588"/>
</kw>
<kw name="Input Text" owner="SeleniumLibrary">
<msg time="2025-12-16T00:01:19.052289" level="INFO">Typing text '1131971019' into text field 'id=mat-input-4'.</msg>
<arg>id=${id}</arg>
<arg>${value}</arg>
<doc>Types the given ``text`` into the text field identified by ``locator``.</doc>
<status status="PASS" start="2025-12-16T00:01:19.051747" elapsed="0.120689"/>
</kw>
<arg>mat-input-4</arg>
<arg>1131971019</arg>
<status status="PASS" start="2025-12-16T00:01:15.849447" elapsed="3.323273"/>
</kw>
<kw name="Click Element Safe">
<kw name="Wait For Spinner Hidden">
<kw name="Wait Until Element Is Not Visible" owner="SeleniumLibrary">
<arg>css=div.back-spenner.ng-star-inserted</arg>
<arg>1000</arg>
<doc>Waits until the element ``locator`` is not visible.</doc>
<status status="PASS" start="2025-12-16T00:01:19.174155" elapsed="0.009329"/>
</kw>
<doc>صبر کردن تا loading Angular ناپدید شود</doc>
<status status="PASS" start="2025-12-16T00:01:19.173783" elapsed="0.009859"/>
</kw>
<kw name="Wait Until Element Is Visible" owner="SeleniumLibrary">
<arg>${locator}</arg>
<doc>Waits until the element ``locator`` is visible.</doc>
<status status="PASS" start="2025-12-16T00:01:19.183771" elapsed="0.015605"/>
</kw>
<kw name="Wait Until Element Is Enabled" owner="SeleniumLibrary">
<arg>${locator}</arg>
<doc>Waits until the element ``locator`` is enabled.</doc>
<status status="PASS" start="2025-12-16T00:01:19.199843" elapsed="0.018399"/>
</kw>
<kw name="Scroll Element Into View" owner="SeleniumLibrary">
<arg>${locator}</arg>
<doc>Scrolls the element identified by ``locator`` into view.</doc>
<status status="PASS" start="2025-12-16T00:01:19.218460" elapsed="0.278183"/>
</kw>
<kw name="Click Element" owner="SeleniumLibrary">
<msg time="2025-12-16T00:01:19.498010" level="INFO">Clicking element 'css=button.mat-tooltip-trigger.btn.btn-warning'.</msg>
<arg>${locator}</arg>
<doc>Click the element identified by ``locator``.</doc>
<status status="PASS" start="2025-12-16T00:01:19.497247" elapsed="0.101854"/>
</kw>
<arg>css=button.mat-tooltip-trigger.btn.btn-warning</arg>
<status status="PASS" start="2025-12-16T00:01:19.173179" elapsed="0.426113"/>
</kw>
<kw name="Wait For Page Ready">
<kw name="Run Keyword And Ignore Error" owner="BuiltIn">
<kw name="Wait Until Page Contains Element" owner="SeleniumLibrary">
<msg time="2025-12-16T00:01:22.732405" level="INFO" html="true">&lt;/td&gt;&lt;/tr&gt;&lt;tr&gt;&lt;td colspan="3"&gt;&lt;a href="selenium-screenshot-28.png"&gt;&lt;img src="selenium-screenshot-28.png" width="800px"&gt;&lt;/a&gt;</msg>
<msg time="2025-12-16T00:01:22.732995" level="FAIL">Element 'css=.ngx-spinner-overlay,.loading-overlay,.spinner,.mat-progress-spinner,.cdk-overlay-backdrop' did not appear in 3 seconds.</msg>
<arg>${GLOBAL_SPINNER}</arg>
<arg>3</arg>
<doc>Waits until the element ``locator`` appears on the current page.</doc>
<status status="FAIL" start="2025-12-16T00:01:19.600497" elapsed="3.141642">Element 'css=.ngx-spinner-overlay,.loading-overlay,.spinner,.mat-progress-spinner,.cdk-overlay-backdrop' did not appear in 3 seconds.</status>
</kw>
<arg>Wait Until Page Contains Element</arg>
<arg>${GLOBAL_SPINNER}</arg>
<arg>3</arg>
<doc>Runs the given keyword with the given arguments and ignores possible error.</doc>
<status status="PASS" start="2025-12-16T00:01:19.600263" elapsed="3.142304"/>
</kw>
<kw name="Wait Until Element Is Not Visible" owner="SeleniumLibrary">
<arg>${GLOBAL_SPINNER}</arg>
<arg>${timeout}</arg>
<doc>Waits until the element ``locator`` is not visible.</doc>
<status status="PASS" start="2025-12-16T00:01:22.743048" elapsed="0.014259"/>
</kw>
<status status="PASS" start="2025-12-16T00:01:19.599803" elapsed="3.157698"/>
</kw>
<kw name="Click Element Safe">
<kw name="Wait For Spinner Hidden">
<kw name="Wait Until Element Is Not Visible" owner="SeleniumLibrary">
<arg>css=div.back-spenner.ng-star-inserted</arg>
<arg>1000</arg>
<doc>Waits until the element ``locator`` is not visible.</doc>
<status status="PASS" start="2025-12-16T00:01:22.759624" elapsed="0.011880"/>
</kw>
<doc>صبر کردن تا loading Angular ناپدید شود</doc>
<status status="PASS" start="2025-12-16T00:01:22.758937" elapsed="0.013061"/>
</kw>
<kw name="Wait Until Element Is Visible" owner="SeleniumLibrary">
<msg time="2025-12-16T00:01:28.033933" level="INFO" html="true">&lt;/td&gt;&lt;/tr&gt;&lt;tr&gt;&lt;td colspan="3"&gt;&lt;a href="selenium-screenshot-29.png"&gt;&lt;img src="selenium-screenshot-29.png" width="800px"&gt;&lt;/a&gt;</msg>
<msg time="2025-12-16T00:01:28.034528" level="FAIL">Element 'css=button.mat-tooltip-trigger.btn-action.ng-star-inserted' not visible after 5 seconds.</msg>
<arg>${locator}</arg>
<doc>Waits until the element ``locator`` is visible.</doc>
<status status="FAIL" start="2025-12-16T00:01:22.772180" elapsed="5.270863">Element 'css=button.mat-tooltip-trigger.btn-action.ng-star-inserted' not visible after 5 seconds.</status>
</kw>
<kw name="Wait Until Element Is Enabled" owner="SeleniumLibrary">
<arg>${locator}</arg>
<doc>Waits until the element ``locator`` is enabled.</doc>
<status status="NOT RUN" start="2025-12-16T00:01:28.043370" elapsed="0.000193"/>
</kw>
<kw name="Scroll Element Into View" owner="SeleniumLibrary">
<arg>${locator}</arg>
<doc>Scrolls the element identified by ``locator`` into view.</doc>
<status status="NOT RUN" start="2025-12-16T00:01:28.043757" elapsed="0.000169"/>
</kw>
<kw name="Click Element" owner="SeleniumLibrary">
<arg>${locator}</arg>
<doc>Click the element identified by ``locator``.</doc>
<status status="NOT RUN" start="2025-12-16T00:01:28.044124" elapsed="0.000160"/>
</kw>
<arg>css=button.mat-tooltip-trigger.btn-action.ng-star-inserted</arg>
<status status="FAIL" start="2025-12-16T00:01:22.758058" elapsed="5.286737">Element 'css=button.mat-tooltip-trigger.btn-action.ng-star-inserted' not visible after 5 seconds.</status>
</kw>
<kw name="Wait For Page Ready">
<status status="NOT RUN" start="2025-12-16T00:01:28.045487" elapsed="0.000136"/>
</kw>
<kw name="Click Element Safe">
<arg>css=button.mat-tooltip-trigger.btn.btn-edit1</arg>
<status status="NOT RUN" start="2025-12-16T00:01:28.046303" elapsed="0.000388"/>
</kw>
<kw name="Wait For Page Ready">
<status status="NOT RUN" start="2025-12-16T00:01:28.047429" elapsed="0.000358"/>
</kw>
<kw name="Select From Ng Select">
<arg>wardfileld</arg>
<arg>اطفال 2 - تخت خالی (33)</arg>
<status status="NOT RUN" start="2025-12-16T00:01:28.048284" elapsed="0.000138"/>
</kw>
<kw name="Select From Ng Select">
<arg>doctorField</arg>
<arg>Siavash Siavash</arg>
<status status="NOT RUN" start="2025-12-16T00:01:28.048906" elapsed="0.000343"/>
</kw>
<kw name="Wait For Page Ready">
<status status="NOT RUN" start="2025-12-16T00:01:28.049679" elapsed="0.000133"/>
</kw>
<kw name="Click Element Safe">
<arg>css=button.btn-saveFile</arg>
<status status="NOT RUN" start="2025-12-16T00:01:28.050270" elapsed="0.000135"/>
</kw>
<kw name="Wait For Page Ready">
<status status="NOT RUN" start="2025-12-16T00:01:28.050709" elapsed="0.000167"/>
</kw>
<kw name="Click Element Safe">
<arg>css=button.swal2-deny.swal2-styled</arg>
<status status="NOT RUN" start="2025-12-16T00:01:28.051539" elapsed="0.000354"/>
</kw>
<doc>ویرایش بیمار preadmit</doc>
<tag>UI_Test</tag>
<status status="FAIL" start="2025-12-16T00:00:59.169768" elapsed="28.882965">Element 'css=button.mat-tooltip-trigger.btn-action.ng-star-inserted' not visible after 5 seconds.</status>
</test>
<status status="FAIL" start="2025-12-16T00:00:59.001177" elapsed="29.101877"/>
</suite>
<status status="FAIL" start="2025-12-16T00:00:58.970030" elapsed="29.153467"/>
</suite>
<statistics>
<total>
<stat pass="0" fail="1" skip="0">All Tests</stat>
</total>
<tag>
<stat pass="0" fail="1" skip="0">UI_Test</stat>
</tag>
<suite>
<stat name="AdmitHis-Test" id="s1" pass="0" fail="1" skip="0">AdmitHis-Test</stat>
<stat name="AdmitHis" id="s1-s1" pass="0" fail="1" skip="0">AdmitHis-Test.AdmitHis</stat>
</suite>
</statistics>
<errors>
<msg time="2025-12-16T00:00:58.953086" level="WARN">Error in file 'D:\Payvand\Projects\HisAdmit\AdmitHis-Test\AdmitHis.robot' on line 1: Singular section headers like '*** Setting ****' are deprecated. Use plural format like '*** Settings ***' instead.</msg>
</errors>
</robot>
