<?xml version="1.0" encoding="UTF-8"?>
<robot generator="Robot 7.4.2 (Python 3.12.13 on win32)" generated="2026-06-19T20:44:39.666316" rpa="false" schemaversion="5">
<suite id="s1" name="AdmitHis-Test" source="D:\Payvand\Projects\HisAdmit-Playwright\AdmitHis-Test">
<suite id="s1-s1" name="AdmitHis-UI" source="D:\Payvand\Projects\HisAdmit-Playwright\AdmitHis-Test\AdmitHis-UI.robot">
<kw name="Create AdmitHIS Session" owner="AdmitHis-UI-keywords" type="SETUP">
<kw name="Create Session" owner="RequestsLibrary">
<msg time="2026-06-19T20:44:40.569955" level="INFO">Creating Session using : alias=HIS, url=http://192.168.5.19:1600, headers={},                     cookies={}, auth=None, timeout=None, proxies=None, verify=False,                     debug=0 </msg>
<arg>HIS</arg>
<arg>${AdmitHis_Api_URL}</arg>
<arg>verify=${False}</arg>
<doc>Create Session: create a HTTP session to a server</doc>
<status status="PASS" start="2026-06-19T20:44:40.569955" elapsed="0.001306"/>
</kw>
<status status="PASS" start="2026-06-19T20:44:40.566712" elapsed="0.005082"/>
</kw>
<test id="s1-s1-t1" name="01-UI - Open Filing Page" line="17">
<kw name="Disable Screenshots" owner="AdmitHis-UI-keywords">
<kw name="Register Keyword To Run On Failure" owner="SeleniumLibrary">
<msg time="2026-06-19T20:44:40.578395" level="INFO">No keyword will be run on failure.</msg>
<arg>NONE</arg>
<doc>Sets the keyword to execute, when a SeleniumLibrary keyword fails.</doc>
<status status="PASS" start="2026-06-19T20:44:40.578395" elapsed="0.000000"/>
</kw>
<status status="PASS" start="2026-06-19T20:44:40.577386" elapsed="0.001009"/>
</kw>
<kw name="Start Browser AdmitHis With Token" owner="AdmitHis-UI-keywords">
<kw name="Open Browser" owner="SeleniumLibrary">
<msg time="2026-06-19T20:44:40.580402" level="WARN">executable_path is being deprecated. Please use service to configure the driver's executable_path as per documentation.</msg>
<msg time="2026-06-19T20:44:40.601115" level="INFO">Opening browser 'chrome' to base url 'http://192.168.5.19:8019/filing'.</msg>
<arg>${AdmitHis_App_URL}</arg>
<arg>chrome</arg>
<arg>executable_path=C:/chromedriver.exe</arg>
<doc>Opens a new browser instance to the optional ``url``.</doc>
<status status="PASS" start="2026-06-19T20:44:40.580402" elapsed="1.665968"/>
</kw>
<kw name="Maximize Browser Window" owner="SeleniumLibrary">
<doc>Maximizes current browser window.</doc>
<status status="PASS" start="2026-06-19T20:44:42.246370" elapsed="2.453568"/>
</kw>
<kw name="Add Cookie" owner="SeleniumLibrary">
<arg>token</arg>
<arg>${COOKIE_TOKEN}</arg>
<doc>Adds a cookie to your current session.</doc>
<status status="PASS" start="2026-06-19T20:44:44.699938" elapsed="0.012590"/>
</kw>
<kw name="Reload Page" owner="SeleniumLibrary">
<doc>Simulates user reloading page.</doc>
<status status="PASS" start="2026-06-19T20:44:44.712528" elapsed="2.592959"/>
</kw>
<doc>باز کردن کروم + تزریق کوکی token</doc>
<status status="PASS" start="2026-06-19T20:44:40.580402" elapsed="6.725697"/>
</kw>
<kw name="Go To AdmitHis Page" owner="AdmitHis-UI-keywords">
<kw name="Go To" owner="SeleniumLibrary">
<msg time="2026-06-19T20:44:47.308470" level="INFO">Opening url 'http://192.168.5.19:8019/filing'</msg>
<arg>${AdmitHis_App_URL}</arg>
<doc>Navigates the current browser window to the provided ``url``.</doc>
<status status="PASS" start="2026-06-19T20:44:47.308043" elapsed="0.030800"/>
</kw>
<kw name="Reload Page" owner="SeleniumLibrary">
<doc>Simulates user reloading page.</doc>
<status status="PASS" start="2026-06-19T20:44:47.339457" elapsed="0.277056"/>
</kw>
<doc>رفتن مستقیم به صفحه پذیرش بستری</doc>
<status status="PASS" start="2026-06-19T20:44:47.307289" elapsed="0.309224"/>
</kw>
<kw name="Wait For Spinner Hidden" owner="AdmitHis-UI-keywords">
<kw name="Wait Until Element Is Not Visible" owner="SeleniumLibrary">
<arg>css=div.back-spenner.ng-star-inserted</arg>
<arg>1000</arg>
<doc>Waits until the element ``locator`` is not visible.</doc>
<status status="PASS" start="2026-06-19T20:44:47.618663" elapsed="0.032831"/>
</kw>
<doc>صبر کردن تا loading Angular ناپدید شود</doc>
<status status="PASS" start="2026-06-19T20:44:47.618663" elapsed="0.032831"/>
</kw>
<kw name="Log To Console" owner="BuiltIn">
<arg>---- DONE ----</arg>
<doc>Logs the given message to the console.</doc>
<status status="PASS" start="2026-06-19T20:44:47.651494" elapsed="0.002210"/>
</kw>
<doc>باز  کردن صفحه پذیرش بستری</doc>
<tag>preadmit</tag>
<tag>step01</tag>
<tag>STEP_01_Open_Browser</tag>
<tag>UI_Test</tag>
<status status="PASS" start="2026-06-19T20:44:40.572174" elapsed="7.082544"/>
</test>
<test id="s1-s1-t2" name="02-UI - Enter national code of preadmit patient" line="29">
<kw name="Disable Screenshots" owner="AdmitHis-UI-keywords">
<kw name="Register Keyword To Run On Failure" owner="SeleniumLibrary">
<msg time="2026-06-19T20:44:47.674261" level="INFO">No keyword will be run on failure.</msg>
<arg>NONE</arg>
<doc>Sets the keyword to execute, when a SeleniumLibrary keyword fails.</doc>
<status status="PASS" start="2026-06-19T20:44:47.674261" elapsed="0.000000"/>
</kw>
<status status="PASS" start="2026-06-19T20:44:47.666010" elapsed="0.010294"/>
</kw>
<kw name="Wait For Page Ready" owner="AdmitHis-UI-keywords">
<kw name="Run Keyword And Ignore Error" owner="BuiltIn">
<kw name="Wait Until Page Contains Element" owner="SeleniumLibrary">
<msg time="2026-06-19T20:44:50.716752" level="FAIL">Element 'css=.ngx-spinner-overlay,.loading-overlay,.spinner,.mat-progress-spinner,.cdk-overlay-backdrop' did not appear in 3 seconds.</msg>
<arg>${GLOBAL_SPINNER}</arg>
<arg>3</arg>
<doc>Waits until the element ``locator`` appears on the current page.</doc>
<status status="FAIL" start="2026-06-19T20:44:47.676304" elapsed="3.048768">Element 'css=.ngx-spinner-overlay,.loading-overlay,.spinner,.mat-progress-spinner,.cdk-overlay-backdrop' did not appear in 3 seconds.</status>
</kw>
<arg>Wait Until Page Contains Element</arg>
<arg>${GLOBAL_SPINNER}</arg>
<arg>3</arg>
<doc>Runs the given keyword with the given arguments and ignores possible error.</doc>
<status status="PASS" start="2026-06-19T20:44:47.676304" elapsed="3.049761"/>
</kw>
<kw name="Wait Until Element Is Not Visible" owner="SeleniumLibrary">
<arg>${GLOBAL_SPINNER}</arg>
<arg>${timeout}</arg>
<doc>Waits until the element ``locator`` is not visible.</doc>
<status status="PASS" start="2026-06-19T20:44:50.726065" elapsed="0.016106"/>
</kw>
<status status="PASS" start="2026-06-19T20:44:47.676304" elapsed="3.065867"/>
</kw>
<kw name="Wait Until Element Is Visible" owner="SeleniumLibrary">
<arg>//input[@formcontrolname='nationalCode']</arg>
<arg>50s</arg>
<doc>Waits until the element ``locator`` is visible.</doc>
<status status="PASS" start="2026-06-19T20:44:50.742171" elapsed="40.802262"/>
</kw>
<kw name="Clear Element Text" owner="SeleniumLibrary">
<arg>//input[@formcontrolname='nationalCode']</arg>
<doc>Clears the value of the text-input-element identified by ``locator``.</doc>
<status status="PASS" start="2026-06-19T20:45:31.546445" elapsed="0.078618"/>
</kw>
<kw name="Input Text" owner="SeleniumLibrary">
<msg time="2026-06-19T20:45:31.629123" level="INFO">Typing text '1520554001' into text field '//input[@formcontrolname='nationalCode']'.</msg>
<arg>//input[@formcontrolname='nationalCode']</arg>
<arg>${nationalCode}</arg>
<doc>Types the given ``text`` into the text field identified by ``locator``.</doc>
<status status="PASS" start="2026-06-19T20:45:31.627119" elapsed="0.312217"/>
</kw>
<kw name="Click Element Safe" owner="AdmitHis-UI-keywords">
<kw name="Wait For Spinner Hidden" owner="AdmitHis-UI-keywords">
<kw name="Wait Until Element Is Not Visible" owner="SeleniumLibrary">
<arg>css=div.back-spenner.ng-star-inserted</arg>
<arg>1000</arg>
<doc>Waits until the element ``locator`` is not visible.</doc>
<status status="PASS" start="2026-06-19T20:45:31.942409" elapsed="5.476182"/>
</kw>
<doc>صبر کردن تا loading Angular ناپدید شود</doc>
<status status="PASS" start="2026-06-19T20:45:31.940899" elapsed="5.477692"/>
</kw>
<kw name="Wait Until Element Is Visible" owner="SeleniumLibrary">
<arg>${locator}</arg>
<doc>Waits until the element ``locator`` is visible.</doc>
<status status="PASS" start="2026-06-19T20:45:37.421887" elapsed="0.033379"/>
</kw>
<kw name="Wait Until Element Is Enabled" owner="SeleniumLibrary">
<arg>${locator}</arg>
<doc>Waits until the element ``locator`` is enabled.</doc>
<status status="PASS" start="2026-06-19T20:45:37.457273" elapsed="0.036612"/>
</kw>
<kw name="Scroll Element Into View" owner="SeleniumLibrary">
<arg>${locator}</arg>
<doc>Scrolls the element identified by ``locator`` into view.</doc>
<status status="PASS" start="2026-06-19T20:45:37.493885" elapsed="0.308587"/>
</kw>
<kw name="Click Element" owner="SeleniumLibrary">
<msg time="2026-06-19T20:45:37.802472" level="INFO">Clicking element 'id=button-addon3'.</msg>
<arg>${locator}</arg>
<doc>Click the element identified by ``locator``.</doc>
<status status="PASS" start="2026-06-19T20:45:37.802472" elapsed="0.119862"/>
</kw>
<arg>id=button-addon3</arg>
<status status="PASS" start="2026-06-19T20:45:31.939336" elapsed="5.986997"/>
</kw>
<kw name="Wait For Page Ready" owner="AdmitHis-UI-keywords">
<kw name="Run Keyword And Ignore Error" owner="BuiltIn">
<kw name="Wait Until Page Contains Element" owner="SeleniumLibrary">
<msg time="2026-06-19T20:45:41.038134" level="FAIL">Element 'css=.ngx-spinner-overlay,.loading-overlay,.spinner,.mat-progress-spinner,.cdk-overlay-backdrop' did not appear in 3 seconds.</msg>
<arg>${GLOBAL_SPINNER}</arg>
<arg>3</arg>
<doc>Waits until the element ``locator`` appears on the current page.</doc>
<status status="FAIL" start="2026-06-19T20:45:37.928290" elapsed="3.118295">Element 'css=.ngx-spinner-overlay,.loading-overlay,.spinner,.mat-progress-spinner,.cdk-overlay-backdrop' did not appear in 3 seconds.</status>
</kw>
<arg>Wait Until Page Contains Element</arg>
<arg>${GLOBAL_SPINNER}</arg>
<arg>3</arg>
<doc>Runs the given keyword with the given arguments and ignores possible error.</doc>
<status status="PASS" start="2026-06-19T20:45:37.928290" elapsed="3.120304"/>
</kw>
<kw name="Wait Until Element Is Not Visible" owner="SeleniumLibrary">
<arg>${GLOBAL_SPINNER}</arg>
<arg>${timeout}</arg>
<doc>Waits until the element ``locator`` is not visible.</doc>
<status status="PASS" start="2026-06-19T20:45:41.048594" elapsed="0.019630"/>
</kw>
<status status="PASS" start="2026-06-19T20:45:37.927728" elapsed="3.140496"/>
</kw>
<doc>وارد کردن کد ملی بیمار و استعلام کد ملی</doc>
<tag>preadmit</tag>
<tag>step02</tag>
<tag>UI_Test</tag>
<status status="PASS" start="2026-06-19T20:44:47.666010" elapsed="53.402214"/>
</test>
<test id="s1-s1-t3" name="03-UI - Fill Patient PreAdmit Info" line="44">
<kw name="Disable Screenshots" owner="AdmitHis-UI-keywords">
<kw name="Register Keyword To Run On Failure" owner="SeleniumLibrary">
<msg time="2026-06-19T20:45:41.093378" level="INFO">No keyword will be run on failure.</msg>
<arg>NONE</arg>
<doc>Sets the keyword to execute, when a SeleniumLibrary keyword fails.</doc>
<status status="PASS" start="2026-06-19T20:45:41.093378" elapsed="0.002015"/>
</kw>
<status status="PASS" start="2026-06-19T20:45:41.091362" elapsed="0.004031"/>
</kw>
<kw name="Wait For Page Ready" owner="AdmitHis-UI-keywords">
<kw name="Run Keyword And Ignore Error" owner="BuiltIn">
<kw name="Wait Until Page Contains Element" owner="SeleniumLibrary">
<arg>${GLOBAL_SPINNER}</arg>
<arg>3</arg>
<doc>Waits until the element ``locator`` appears on the current page.</doc>
<status status="FAIL" start="2026-06-19T20:45:41.099601" elapsed="2.668993">Execution terminated by signal</status>
</kw>
<arg>Wait Until Page Contains Element</arg>
<arg>${GLOBAL_SPINNER}</arg>
<arg>3</arg>
<doc>Runs the given keyword with the given arguments and ignores possible error.</doc>
<status status="FAIL" start="2026-06-19T20:45:41.098589" elapsed="2.670005">Execution terminated by signal</status>
</kw>
<kw name="Wait Until Element Is Not Visible" owner="SeleniumLibrary">
<arg>${GLOBAL_SPINNER}</arg>
<arg>${timeout}</arg>
<doc>Waits until the element ``locator`` is not visible.</doc>
<status status="NOT RUN" start="2026-06-19T20:45:43.768594" elapsed="0.000000"/>
</kw>
<status status="FAIL" start="2026-06-19T20:45:41.097401" elapsed="2.671193">Execution terminated by signal</status>
</kw>
<kw name="Select From Ng Select" owner="AdmitHis-UI-keywords">
<arg>maritalStatus</arg>
<arg>مجرد</arg>
<status status="NOT RUN" start="2026-06-19T20:45:43.768594" elapsed="0.000000"/>
</kw>
<kw name="Select From Ng Select" owner="AdmitHis-UI-keywords">
<arg>insurRelation</arg>
<arg>خود فرد</arg>
<status status="NOT RUN" start="2026-06-19T20:45:43.771692" elapsed="0.000000"/>
</kw>
<kw name="Input Text" owner="SeleniumLibrary">
<arg>//input[@formcontrolname='mobileNumber']</arg>
<arg>09383509316</arg>
<doc>Types the given ``text`` into the text field identified by ``locator``.</doc>
<status status="NOT RUN" start="2026-06-19T20:45:43.771692" elapsed="0.000000"/>
</kw>
<kw name="Input Text" owner="SeleniumLibrary">
<arg>//input[@formcontrolname='address']</arg>
<arg>dfgdfgdfgd</arg>
<doc>Types the given ``text`` into the text field identified by ``locator``.</doc>
<status status="NOT RUN" start="2026-06-19T20:45:43.771692" elapsed="0.001740"/>
</kw>
<kw name="Input Text" owner="SeleniumLibrary">
<arg>//input[@formcontrolname='accompanyfullName']</arg>
<arg>مهرشاد شیخ الاسلامی</arg>
<doc>Types the given ``text`` into the text field identified by ``locator``.</doc>
<status status="NOT RUN" start="2026-06-19T20:45:43.776768" elapsed="0.003108"/>
</kw>
<kw name="Select From Ng Select" owner="AdmitHis-UI-keywords">
<arg>relation</arg>
<arg>خود فرد</arg>
<status status="NOT RUN" start="2026-06-19T20:45:43.781844" elapsed="0.000000"/>
</kw>
<kw name="Input Text" owner="SeleniumLibrary">
<arg>//input[@formcontrolname='accompanyMobileNumber']</arg>
<arg>09383586316</arg>
<doc>Types the given ``text`` into the text field identified by ``locator``.</doc>
<status status="NOT RUN" start="2026-06-19T20:45:43.782651" elapsed="0.000000"/>
</kw>
<kw name="Wait For Spinner Hidden" owner="AdmitHis-UI-keywords">
<doc>صبر کردن تا loading Angular ناپدید شود</doc>
<status status="NOT RUN" start="2026-06-19T20:45:43.783392" elapsed="0.001160"/>
</kw>
<kw name="Wait Until Element Is Visible" owner="SeleniumLibrary">
<arg>id=button-addon2</arg>
<doc>Waits until the element ``locator`` is visible.</doc>
<status status="NOT RUN" start="2026-06-19T20:45:43.784552" elapsed="0.000000"/>
</kw>
<kw name="Click Element" owner="SeleniumLibrary">
<arg>id=button-addon2</arg>
<doc>Click the element identified by ``locator``.</doc>
<status status="NOT RUN" start="2026-06-19T20:45:43.784552" elapsed="0.000000"/>
</kw>
<kw name="Select From Ng Select" owner="AdmitHis-UI-keywords">
<arg>firstRecognition</arg>
<arg>شکستگی</arg>
<status status="NOT RUN" start="2026-06-19T20:45:43.784552" elapsed="0.002007"/>
</kw>
<kw name="Select From Ng Select" owner="AdmitHis-UI-keywords">
<arg>howToRefer</arg>
<arg>وسیله شخصی</arg>
<status status="NOT RUN" start="2026-06-19T20:45:43.790319" elapsed="0.000000"/>
</kw>
<kw name="Select From Ng Select" owner="AdmitHis-UI-keywords">
<arg>causeOfHospitalization</arg>
<arg>دل درد</arg>
<status status="NOT RUN" start="2026-06-19T20:45:43.790319" elapsed="0.002014"/>
</kw>
<doc>پر کردن اطلاعات مورد نیاز بیمار</doc>
<tag>preadmit</tag>
<tag>step03</tag>
<tag>UI_Test</tag>
<status status="FAIL" start="2026-06-19T20:45:41.086000" elapsed="2.710359">Execution terminated by signal</status>
</test>
<test id="s1-s1-t4" name="04-UI - Assign Ward And Doctor And Prepayment" line="69">
<doc>انتخاب بخش و پزشک بیمار preadmit</doc>
<tag>preadmit</tag>
<tag>robot:exit</tag>
<tag>step04</tag>
<tag>UI_Test</tag>
<status status="FAIL" start="2026-06-19T20:45:43.853086" elapsed="0.012168">Test execution stopped due to a fatal error.</status>
</test>
<test id="s1-s1-t5" name="05-UI - Save Admission Filing" line="81">
<doc>سیو کردن پذیرش preadmit</doc>
<tag>preadmit</tag>
<tag>robot:exit</tag>
<tag>step05</tag>
<tag>UI_Test</tag>
<status status="FAIL" start="2026-06-19T20:45:43.868987" elapsed="0.032517">Test execution stopped due to a fatal error.</status>
</test>
<test id="s1-s1-t6" name="06-UI - deny admit print page" line="92">
<doc>لغو پرینت برگه پذیرش</doc>
<tag>preadmit</tag>
<tag>robot:exit</tag>
<tag>step06</tag>
<tag>UI_Test</tag>
<status status="FAIL" start="2026-06-19T20:45:43.915108" elapsed="0.005195">Test execution stopped due to a fatal error.</status>
</test>
<test id="s1-s1-t7" name="07-UI - Open Cash Web And Pay" line="99">
<doc>باز کردن صندوق و دریافت پیش پرداخت بیمار پری ادمیت</doc>
<tag>preadmit</tag>
<tag>robot:exit</tag>
<tag>step07</tag>
<tag>UI_Test</tag>
<status status="FAIL" start="2026-06-19T20:45:43.947695" elapsed="0.017550">Test execution stopped due to a fatal error.</status>
</test>
<test id="s1-s1-t8" name="08-UI - go to inpatient list" line="107">
<doc>رفتن به لیست بیماران بستری</doc>
<tag>preadmit</tag>
<tag>robot:exit</tag>
<tag>step08</tag>
<tag>UI_Test</tag>
<status status="FAIL" start="2026-06-19T20:45:43.982933" elapsed="0.015128">Test execution stopped due to a fatal error.</status>
</test>
<test id="s1-s1-t9" name="09-UI - Load Preadmit Patient List" line="120">
<doc>لیست بیماران preadmit</doc>
<tag>preadmit</tag>
<tag>robot:exit</tag>
<tag>step09</tag>
<tag>UI_Test</tag>
<status status="FAIL" start="2026-06-19T20:45:44.013465" elapsed="0.009113">Test execution stopped due to a fatal error.</status>
</test>
<test id="s1-s1-t10" name="10-UI - Edit Preadmit Patient" line="133">
<doc>ویرایش بیمار preadmit</doc>
<tag>preadmit</tag>
<tag>robot:exit</tag>
<tag>step10</tag>
<tag>UI_Test</tag>
<status status="FAIL" start="2026-06-19T20:45:44.029649" elapsed="0.008401">Test execution stopped due to a fatal error.</status>
</test>
<test id="s1-s1-t11" name="11-UI - Cancel Preadmit" line="162">
<doc>لغو پذیرش preadmit</doc>
<tag>preadmit</tag>
<tag>robot:exit</tag>
<tag>step11</tag>
<tag>UI_Test</tag>
<status status="FAIL" start="2026-06-19T20:45:44.062948" elapsed="0.011612">Test execution stopped due to a fatal error.</status>
</test>
<test id="s1-s1-t12" name="12-UI - Open Cash Web And Refund" line="182">
<doc>بازپرداخت به بیمار در صندوق</doc>
<tag>preadmit</tag>
<tag>robot:exit</tag>
<tag>step12</tag>
<tag>UI_Test</tag>
<status status="FAIL" start="2026-06-19T20:45:44.086137" elapsed="0.005535">Test execution stopped due to a fatal error.</status>
</test>
<test id="s1-s1-t13" name="13-UI - Open Filling Page" line="193">
<doc>باز  کردن صفحه پذیرش بستری</doc>
<tag>inpatient</tag>
<tag>Open_Browser</tag>
<tag>robot:exit</tag>
<tag>step13</tag>
<tag>UI_Test</tag>
<status status="FAIL" start="2026-06-19T20:45:44.103548" elapsed="0.014452">Test execution stopped due to a fatal error.</status>
</test>
<test id="s1-s1-t14" name="14-UI - Enter national code of inpatient" line="205">
<doc>وارد کردن کد ملی بیمار و استعلام کد ملی</doc>
<tag>inpatient</tag>
<tag>robot:exit</tag>
<tag>step14</tag>
<tag>UI_Test</tag>
<status status="FAIL" start="2026-06-19T20:45:44.128360" elapsed="0.008752">Test execution stopped due to a fatal error.</status>
</test>
<test id="s1-s1-t15" name="15-UI - Fill inpatient Info" line="217">
<doc>پر کردن اطلاعات مورد نیاز بیمار</doc>
<tag>inpatient</tag>
<tag>robot:exit</tag>
<tag>step15</tag>
<tag>UI_Test</tag>
<status status="FAIL" start="2026-06-19T20:45:44.148503" elapsed="0.049780">Test execution stopped due to a fatal error.</status>
</test>
<test id="s1-s1-t16" name="16-UI - Assign Ward And Doctor" line="241">
<doc>انتخاب بخش و پزشک بیمار preadmit</doc>
<tag>inpatient</tag>
<tag>robot:exit</tag>
<tag>step16</tag>
<tag>UI_Test</tag>
<status status="FAIL" start="2026-06-19T20:45:44.211571" elapsed="0.010057">Test execution stopped due to a fatal error.</status>
</test>
<test id="s1-s1-t17" name="17-UI - Save Admission Filing" line="254">
<doc>سیو کردن پذیرش preadmit</doc>
<tag>inpatient</tag>
<tag>robot:exit</tag>
<tag>step17</tag>
<tag>UI_Test</tag>
<status status="FAIL" start="2026-06-19T20:45:44.239729" elapsed="0.013980">Test execution stopped due to a fatal error.</status>
</test>
<test id="s1-s1-t18" name="18-UI - deny admit print page" line="263">
<doc>لغو پرینت برگه پذیرش</doc>
<tag>inpatient</tag>
<tag>robot:exit</tag>
<tag>step18</tag>
<tag>UI_Test</tag>
<status status="FAIL" start="2026-06-19T20:45:44.262423" elapsed="0.013091">Test execution stopped due to a fatal error.</status>
</test>
<test id="s1-s1-t19" name="19-UI - go to inpatient list" line="270">
<doc>رفتن به لیست بیماران بستری</doc>
<tag>inpatient</tag>
<tag>robot:exit</tag>
<tag>step19</tag>
<tag>UI_Test</tag>
<status status="FAIL" start="2026-06-19T20:45:44.280527" elapsed="0.014201">Test execution stopped due to a fatal error.</status>
</test>
<test id="s1-s1-t20" name="20-UI - Edit Preadmit Patient" line="282">
<doc>ویرایش بیمار بستری</doc>
<tag>inpatient</tag>
<tag>robot:exit</tag>
<tag>step20</tag>
<tag>UI_Test</tag>
<status status="FAIL" start="2026-06-19T20:45:44.300500" elapsed="0.008380">Test execution stopped due to a fatal error.</status>
</test>
<status status="FAIL" start="2026-06-19T20:44:39.740827" elapsed="64.590331"/>
</suite>
<status status="FAIL" start="2026-06-19T20:44:39.689722" elapsed="64.659647"/>
</suite>
<statistics>
<total>
<stat pass="2" fail="18" skip="0">All Tests</stat>
</total>
<tag>
<stat info="combined" combined="NOT robot:exit" pass="2" fail="1" skip="0">NOT robot:exit</stat>
<stat pass="0" fail="8" skip="0">inpatient</stat>
<stat pass="0" fail="1" skip="0">Open_Browser</stat>
<stat pass="2" fail="10" skip="0">preadmit</stat>
<stat pass="1" fail="0" skip="0">step01</stat>
<stat pass="1" fail="0" skip="0">STEP_01_Open_Browser</stat>
<stat pass="1" fail="0" skip="0">step02</stat>
<stat pass="0" fail="1" skip="0">step03</stat>
<stat pass="0" fail="1" skip="0">step04</stat>
<stat pass="0" fail="1" skip="0">step05</stat>
<stat pass="0" fail="1" skip="0">step06</stat>
<stat pass="0" fail="1" skip="0">step07</stat>
<stat pass="0" fail="1" skip="0">step08</stat>
<stat pass="0" fail="1" skip="0">step09</stat>
<stat pass="0" fail="1" skip="0">step10</stat>
<stat pass="0" fail="1" skip="0">step11</stat>
<stat pass="0" fail="1" skip="0">step12</stat>
<stat pass="0" fail="1" skip="0">step13</stat>
<stat pass="0" fail="1" skip="0">step14</stat>
<stat pass="0" fail="1" skip="0">step15</stat>
<stat pass="0" fail="1" skip="0">step16</stat>
<stat pass="0" fail="1" skip="0">step17</stat>
<stat pass="0" fail="1" skip="0">step18</stat>
<stat pass="0" fail="1" skip="0">step19</stat>
<stat pass="0" fail="1" skip="0">step20</stat>
<stat pass="2" fail="18" skip="0">UI_Test</stat>
</tag>
<suite>
<stat name="AdmitHis-Test" id="s1" pass="2" fail="18" skip="0">AdmitHis-Test</stat>
<stat name="AdmitHis-UI" id="s1-s1" pass="2" fail="18" skip="0">AdmitHis-Test.AdmitHis-UI</stat>
</suite>
</statistics>
<errors>
<msg time="2026-06-19T20:44:39.649900" level="WARN">Error in file 'D:\Payvand\Projects\HisAdmit-Playwright\AdmitHis-Test\AdmitRis-Api.robot' on line 262: The '[Return]' setting is deprecated. Use the 'RETURN' statement instead.</msg>
<msg time="2026-06-19T20:44:39.649900" level="WARN">Error in file 'D:\Payvand\Projects\HisAdmit-Playwright\AdmitHis-Test\AdmitRis-Api.robot' on line 277: The '[Return]' setting is deprecated. Use the 'RETURN' statement instead.</msg>
<msg time="2026-06-19T20:44:40.580402" level="WARN">executable_path is being deprecated. Please use service to configure the driver's executable_path as per documentation.</msg>
</errors>
</robot>
