<?xml version="1.0" encoding="UTF-8"?>
<robot generator="Robot 7.4.2 (Python 3.13.13 on win32)" generated="2026-06-13T23:41:15.183037" rpa="false" schemaversion="5">
<suite id="s1" name="AdmitHis-Test" source="D:\Mehrshad\Test-Project\HisAdmit\AdmitHis-Test">
<suite id="s1-s1" name="AdmitHis-UI" source="D:\Mehrshad\Test-Project\HisAdmit\AdmitHis-Test\AdmitHis-UI.robot">
<kw name="Create AdmitHIS Session" owner="AdmitHis-UI-keywords" type="SETUP">
<kw name="Create Session" owner="RequestsLibrary">
<msg time="2026-06-13T23:41:16.099143" level="INFO">Creating Session using : alias=HIS, url=http://192.168.5.19:1600, headers={},                     cookies={}, auth=None, timeout=None, proxies=None, verify=False,                     debug=0 </msg>
<arg>HIS</arg>
<arg>${AdmitHis_Api_URL}</arg>
<arg>verify=${False}</arg>
<doc>Create Session: create a HTTP session to a server</doc>
<status status="PASS" start="2026-06-13T23:41:16.097309" elapsed="0.002718"/>
</kw>
<status status="PASS" start="2026-06-13T23:41:16.095112" elapsed="0.005262"/>
</kw>
<test id="s1-s1-t1" name="01-UI - Open Filing Page" line="17">
<kw name="Disable Screenshots" owner="AdmitHis-UI-keywords">
<kw name="Register Keyword To Run On Failure" owner="SeleniumLibrary">
<msg time="2026-06-13T23:41:16.106969" level="INFO">No keyword will be run on failure.</msg>
<arg>NONE</arg>
<doc>Sets the keyword to execute, when a SeleniumLibrary keyword fails.</doc>
<status status="PASS" start="2026-06-13T23:41:16.106543" elapsed="0.000641"/>
</kw>
<status status="PASS" start="2026-06-13T23:41:16.105657" elapsed="0.001691"/>
</kw>
<kw name="Start Browser AdmitHis With Token" owner="AdmitHis-UI-keywords">
<kw name="Open Browser" owner="SeleniumLibrary">
<msg time="2026-06-13T23:41:16.109495" level="WARN">executable_path is being deprecated. Please use service to configure the driver's executable_path as per documentation.</msg>
<msg time="2026-06-13T23:41:16.117241" level="INFO">Opening browser 'chrome' to base url 'http://192.168.5.19:8019/filing'.</msg>
<arg>${AdmitHis_App_URL}</arg>
<arg>chrome</arg>
<arg>executable_path=C:/chromedriver.exe</arg>
<doc>Opens a new browser instance to the optional ``url``.</doc>
<status status="PASS" start="2026-06-13T23:41:16.108681" elapsed="1.318962"/>
</kw>
<kw name="Maximize Browser Window" owner="SeleniumLibrary">
<doc>Maximizes current browser window.</doc>
<status status="PASS" start="2026-06-13T23:41:17.428073" elapsed="0.033079"/>
</kw>
<kw name="Add Cookie" owner="SeleniumLibrary">
<arg>token</arg>
<arg>${COOKIE_TOKEN}</arg>
<doc>Adds a cookie to your current session.</doc>
<status status="PASS" start="2026-06-13T23:41:17.461499" elapsed="0.009331"/>
</kw>
<kw name="Reload Page" owner="SeleniumLibrary">
<doc>Simulates user reloading page.</doc>
<status status="PASS" start="2026-06-13T23:41:17.471287" elapsed="0.118758"/>
</kw>
<doc>باز کردن کروم + تزریق کوکی token</doc>
<status status="PASS" start="2026-06-13T23:41:16.107750" elapsed="1.482661"/>
</kw>
<kw name="Go To AdmitHis Page" owner="AdmitHis-UI-keywords">
<kw name="Go To" owner="SeleniumLibrary">
<msg time="2026-06-13T23:41:17.591907" level="INFO">Opening url 'http://192.168.5.19:8019/filing'</msg>
<arg>${AdmitHis_App_URL}</arg>
<doc>Navigates the current browser window to the provided ``url``.</doc>
<status status="PASS" start="2026-06-13T23:41:17.591601" elapsed="0.079733"/>
</kw>
<kw name="Reload Page" owner="SeleniumLibrary">
<doc>Simulates user reloading page.</doc>
<status status="PASS" start="2026-06-13T23:41:17.671577" elapsed="0.063304"/>
</kw>
<doc>رفتن مستقیم به صفحه پذیرش بستری</doc>
<status status="PASS" start="2026-06-13T23:41:17.591055" elapsed="0.144010"/>
</kw>
<kw name="Wait For Spinner Hidden" owner="AdmitHis-UI-keywords">
<kw name="Wait Until Element Is Not Visible" owner="SeleniumLibrary">
<arg>css=div.back-spenner.ng-star-inserted</arg>
<arg>1000</arg>
<doc>Waits until the element ``locator`` is not visible.</doc>
<status status="PASS" start="2026-06-13T23:41:17.735977" elapsed="0.009896"/>
</kw>
<doc>صبر کردن تا loading Angular ناپدید شود</doc>
<status status="PASS" start="2026-06-13T23:41:17.735444" elapsed="0.010621"/>
</kw>
<kw name="Log To Console" owner="BuiltIn">
<arg>---- DONE ----</arg>
<doc>Logs the given message to the console.</doc>
<status status="PASS" start="2026-06-13T23:41:17.746411" elapsed="0.000658"/>
</kw>
<doc>باز  کردن صفحه پذیرش بستری</doc>
<tag>preadmit</tag>
<tag>step01</tag>
<tag>STEP_01_Open_Browser</tag>
<tag>UI_Test</tag>
<status status="PASS" start="2026-06-13T23:41:16.100550" elapsed="1.646897"/>
</test>
<test id="s1-s1-t2" name="02-UI - Enter national code of preadmit patient" line="29">
<kw name="Disable Screenshots" owner="AdmitHis-UI-keywords">
<kw name="Register Keyword To Run On Failure" owner="SeleniumLibrary">
<msg time="2026-06-13T23:41:17.757097" level="INFO">No keyword will be run on failure.</msg>
<arg>NONE</arg>
<doc>Sets the keyword to execute, when a SeleniumLibrary keyword fails.</doc>
<status status="PASS" start="2026-06-13T23:41:17.756397" elapsed="0.001039"/>
</kw>
<status status="PASS" start="2026-06-13T23:41:17.755540" elapsed="0.002165"/>
</kw>
<kw name="Wait For Page Ready" owner="AdmitHis-UI-keywords">
<kw name="Run Keyword And Ignore Error" owner="BuiltIn">
<kw name="Wait Until Page Contains Element" owner="SeleniumLibrary">
<msg time="2026-06-13T23:41:20.854458" level="FAIL">Element 'css=.ngx-spinner-overlay,.loading-overlay,.spinner,.mat-progress-spinner,.cdk-overlay-backdrop' did not appear in 3 seconds.</msg>
<arg>${GLOBAL_SPINNER}</arg>
<arg>3</arg>
<doc>Waits until the element ``locator`` appears on the current page.</doc>
<status status="FAIL" start="2026-06-13T23:41:17.760132" elapsed="3.115311">Element 'css=.ngx-spinner-overlay,.loading-overlay,.spinner,.mat-progress-spinner,.cdk-overlay-backdrop' did not appear in 3 seconds.</status>
</kw>
<arg>Wait Until Page Contains Element</arg>
<arg>${GLOBAL_SPINNER}</arg>
<arg>3</arg>
<doc>Runs the given keyword with the given arguments and ignores possible error.</doc>
<status status="PASS" start="2026-06-13T23:41:17.759143" elapsed="3.117001"/>
</kw>
<kw name="Wait Until Element Is Not Visible" owner="SeleniumLibrary">
<arg>${GLOBAL_SPINNER}</arg>
<arg>${timeout}</arg>
<doc>Waits until the element ``locator`` is not visible.</doc>
<status status="PASS" start="2026-06-13T23:41:20.876882" elapsed="0.021086"/>
</kw>
<status status="PASS" start="2026-06-13T23:41:17.758321" elapsed="3.140592"/>
</kw>
<kw name="Wait Until Element Is Visible" owner="SeleniumLibrary">
<arg>//input[@formcontrolname='nationalCode']</arg>
<arg>50s</arg>
<doc>Waits until the element ``locator`` is visible.</doc>
<status status="PASS" start="2026-06-13T23:41:20.900381" elapsed="4.223521"/>
</kw>
<kw name="Clear Element Text" owner="SeleniumLibrary">
<arg>//input[@formcontrolname='nationalCode']</arg>
<doc>Clears the value of the text-input-element identified by ``locator``.</doc>
<status status="PASS" start="2026-06-13T23:41:25.124558" elapsed="0.053206"/>
</kw>
<kw name="Input Text" owner="SeleniumLibrary">
<msg time="2026-06-13T23:41:25.180403" level="INFO">Typing text '1520554001' into text field '//input[@formcontrolname='nationalCode']'.</msg>
<arg>//input[@formcontrolname='nationalCode']</arg>
<arg>${nationalCode}</arg>
<doc>Types the given ``text`` into the text field identified by ``locator``.</doc>
<status status="PASS" start="2026-06-13T23:41:25.178991" elapsed="0.206276"/>
</kw>
<kw name="Click Element Safe" owner="AdmitHis-UI-keywords">
<kw name="Wait For Spinner Hidden" owner="AdmitHis-UI-keywords">
<kw name="Wait Until Element Is Not Visible" owner="SeleniumLibrary">
<arg>css=div.back-spenner.ng-star-inserted</arg>
<arg>1000</arg>
<doc>Waits until the element ``locator`` is not visible.</doc>
<status status="PASS" start="2026-06-13T23:41:25.387770" elapsed="3.411787"/>
</kw>
<doc>صبر کردن تا loading Angular ناپدید شود</doc>
<status status="PASS" start="2026-06-13T23:41:25.387038" elapsed="3.413239"/>
</kw>
<kw name="Wait Until Element Is Visible" owner="SeleniumLibrary">
<arg>${locator}</arg>
<doc>Waits until the element ``locator`` is visible.</doc>
<status status="PASS" start="2026-06-13T23:41:28.801743" elapsed="0.058686"/>
</kw>
<kw name="Wait Until Element Is Enabled" owner="SeleniumLibrary">
<arg>${locator}</arg>
<doc>Waits until the element ``locator`` is enabled.</doc>
<status status="PASS" start="2026-06-13T23:41:28.860717" elapsed="0.026103"/>
</kw>
<kw name="Scroll Element Into View" owner="SeleniumLibrary">
<arg>${locator}</arg>
<doc>Scrolls the element identified by ``locator`` into view.</doc>
<status status="PASS" start="2026-06-13T23:41:28.887223" elapsed="4.427176"/>
</kw>
<kw name="Click Element" owner="SeleniumLibrary">
<msg time="2026-06-13T23:41:33.315138" level="INFO">Clicking element 'id=button-addon3'.</msg>
<arg>${locator}</arg>
<doc>Click the element identified by ``locator``.</doc>
<status status="PASS" start="2026-06-13T23:41:33.314663" elapsed="0.149711"/>
</kw>
<arg>id=button-addon3</arg>
<status status="PASS" start="2026-06-13T23:41:25.386234" elapsed="8.079689"/>
</kw>
<kw name="Wait For Page Ready" owner="AdmitHis-UI-keywords">
<kw name="Run Keyword And Ignore Error" owner="BuiltIn">
<kw name="Wait Until Page Contains Element" owner="SeleniumLibrary">
<msg time="2026-06-13T23:41:36.666474" level="FAIL">Element 'css=.ngx-spinner-overlay,.loading-overlay,.spinner,.mat-progress-spinner,.cdk-overlay-backdrop' did not appear in 3 seconds.</msg>
<arg>${GLOBAL_SPINNER}</arg>
<arg>3</arg>
<doc>Waits until the element ``locator`` appears on the current page.</doc>
<status status="FAIL" start="2026-06-13T23:41:33.469605" elapsed="3.204051">Element 'css=.ngx-spinner-overlay,.loading-overlay,.spinner,.mat-progress-spinner,.cdk-overlay-backdrop' did not appear in 3 seconds.</status>
</kw>
<arg>Wait Until Page Contains Element</arg>
<arg>${GLOBAL_SPINNER}</arg>
<arg>3</arg>
<doc>Runs the given keyword with the given arguments and ignores possible error.</doc>
<status status="PASS" start="2026-06-13T23:41:33.468147" elapsed="3.205845"/>
</kw>
<kw name="Wait Until Element Is Not Visible" owner="SeleniumLibrary">
<arg>${GLOBAL_SPINNER}</arg>
<arg>${timeout}</arg>
<doc>Waits until the element ``locator`` is not visible.</doc>
<status status="PASS" start="2026-06-13T23:41:36.674362" elapsed="0.008353"/>
</kw>
<status status="PASS" start="2026-06-13T23:41:33.466993" elapsed="3.216061"/>
</kw>
<doc>وارد کردن کد ملی بیمار و استعلام کد ملی</doc>
<tag>preadmit</tag>
<tag>step02</tag>
<tag>UI_Test</tag>
<status status="PASS" start="2026-06-13T23:41:17.751557" elapsed="18.932003"/>
</test>
<test id="s1-s1-t3" name="03-UI - Fill Patient PreAdmit Info" line="44">
<kw name="Disable Screenshots" owner="AdmitHis-UI-keywords">
<kw name="Register Keyword To Run On Failure" owner="SeleniumLibrary">
<msg time="2026-06-13T23:41:36.699619" level="INFO">No keyword will be run on failure.</msg>
<arg>NONE</arg>
<doc>Sets the keyword to execute, when a SeleniumLibrary keyword fails.</doc>
<status status="PASS" start="2026-06-13T23:41:36.699027" elapsed="0.000906"/>
</kw>
<status status="PASS" start="2026-06-13T23:41:36.698111" elapsed="0.002125"/>
</kw>
<kw name="Wait For Page Ready" owner="AdmitHis-UI-keywords">
<kw name="Run Keyword And Ignore Error" owner="BuiltIn">
<kw name="Wait Until Page Contains Element" owner="SeleniumLibrary">
<msg time="2026-06-13T23:41:39.828052" level="FAIL">Element 'css=.ngx-spinner-overlay,.loading-overlay,.spinner,.mat-progress-spinner,.cdk-overlay-backdrop' did not appear in 3 seconds.</msg>
<arg>${GLOBAL_SPINNER}</arg>
<arg>3</arg>
<doc>Waits until the element ``locator`` appears on the current page.</doc>
<status status="FAIL" start="2026-06-13T23:41:36.703096" elapsed="3.132166">Element 'css=.ngx-spinner-overlay,.loading-overlay,.spinner,.mat-progress-spinner,.cdk-overlay-backdrop' did not appear in 3 seconds.</status>
</kw>
<arg>Wait Until Page Contains Element</arg>
<arg>${GLOBAL_SPINNER}</arg>
<arg>3</arg>
<doc>Runs the given keyword with the given arguments and ignores possible error.</doc>
<status status="PASS" start="2026-06-13T23:41:36.701931" elapsed="3.133676"/>
</kw>
<kw name="Wait Until Element Is Not Visible" owner="SeleniumLibrary">
<arg>${GLOBAL_SPINNER}</arg>
<arg>${timeout}</arg>
<doc>Waits until the element ``locator`` is not visible.</doc>
<status status="PASS" start="2026-06-13T23:41:39.835985" elapsed="0.013885"/>
</kw>
<status status="PASS" start="2026-06-13T23:41:36.700881" elapsed="3.149317"/>
</kw>
<kw name="Select From Ng Select" owner="AdmitHis-UI-keywords">
<kw name="Wait For Spinner Hidden" owner="AdmitHis-UI-keywords">
<kw name="Wait Until Element Is Not Visible" owner="SeleniumLibrary">
<arg>css=div.back-spenner.ng-star-inserted</arg>
<arg>1000</arg>
<doc>Waits until the element ``locator`` is not visible.</doc>
<status status="PASS" start="2026-06-13T23:41:39.852672" elapsed="6.508063"/>
</kw>
<doc>صبر کردن تا loading Angular ناپدید شود</doc>
<status status="PASS" start="2026-06-13T23:41:39.851857" elapsed="6.509195"/>
</kw>
<kw name="Wait Until Element Is Visible" owner="SeleniumLibrary">
<arg>css=ng-select[formcontrolname='${formcontrol}']</arg>
<doc>Waits until the element ``locator`` is visible.</doc>
<status status="PASS" start="2026-06-13T23:41:46.361441" elapsed="0.024860"/>
</kw>
<kw name="Click Element" owner="SeleniumLibrary">
<msg time="2026-06-13T23:41:46.387737" level="INFO">Clicking element 'css=ng-select[formcontrolname='maritalStatus']'.</msg>
<arg>css=ng-select[formcontrolname='${formcontrol}']</arg>
<doc>Click the element identified by ``locator``.</doc>
<status status="PASS" start="2026-06-13T23:41:46.386765" elapsed="0.144190"/>
</kw>
<kw name="Wait Until Element Is Visible" owner="SeleniumLibrary">
<arg>css=ng-select[formcontrolname='${formcontrol}'] input[type='text']</arg>
<doc>Waits until the element ``locator`` is visible.</doc>
<status status="PASS" start="2026-06-13T23:41:46.531305" elapsed="0.027100"/>
</kw>
<kw name="Input Text" owner="SeleniumLibrary">
<msg time="2026-06-13T23:41:46.559551" level="INFO">Typing text 'مجرد' into text field 'css=ng-select[formcontrolname='maritalStatus'] input[type='text']'.</msg>
<arg>css=ng-select[formcontrolname='${formcontrol}'] input[type='text']</arg>
<arg>${value}</arg>
<doc>Types the given ``text`` into the text field identified by ``locator``.</doc>
<status status="PASS" start="2026-06-13T23:41:46.558779" elapsed="0.085550"/>
</kw>
<kw name="Wait Until Element Is Visible" owner="SeleniumLibrary">
<arg>xpath=//div[contains(@class,'ng-option') and contains(normalize-space(.), '${value}')]</arg>
<doc>Waits until the element ``locator`` is visible.</doc>
<status status="PASS" start="2026-06-13T23:41:46.644586" elapsed="0.023805"/>
</kw>
<kw name="Click Element" owner="SeleniumLibrary">
<msg time="2026-06-13T23:41:46.669463" level="INFO">Clicking element 'xpath=//div[contains(@class,'ng-option') and contains(normalize-space(.), 'مجرد')]'.</msg>
<arg>xpath=//div[contains(@class,'ng-option') and contains(normalize-space(.), '${value}')]</arg>
<doc>Click the element identified by ``locator``.</doc>
<status status="PASS" start="2026-06-13T23:41:46.668653" elapsed="0.060284"/>
</kw>
<kw name="Press Keys" owner="SeleniumLibrary">
<msg time="2026-06-13T23:41:46.730270" level="INFO">Sending key(s) ('TAB',) to css=ng-select[formcontrolname='maritalStatus'] input[type='text'] element.</msg>
<msg time="2026-06-13T23:41:47.044671" level="INFO">Pressing special key TAB to element.</msg>
<msg time="2026-06-13T23:41:47.045000" level="INFO">Releasing special key TAB.</msg>
<arg>css=ng-select[formcontrolname='${formcontrol}'] input[type='text']</arg>
<arg>TAB</arg>
<doc>Simulates the user pressing key(s) to an element or on the active browser.</doc>
<status status="PASS" start="2026-06-13T23:41:46.729460" elapsed="0.351130"/>
</kw>
<arg>maritalStatus</arg>
<arg>مجرد</arg>
<status status="PASS" start="2026-06-13T23:41:39.850876" elapsed="7.230055"/>
</kw>
<kw name="Select From Ng Select" owner="AdmitHis-UI-keywords">
<kw name="Wait For Spinner Hidden" owner="AdmitHis-UI-keywords">
<kw name="Wait Until Element Is Not Visible" owner="SeleniumLibrary">
<arg>css=div.back-spenner.ng-star-inserted</arg>
<arg>1000</arg>
<doc>Waits until the element ``locator`` is not visible.</doc>
<status status="PASS" start="2026-06-13T23:41:47.085410" elapsed="0.008609"/>
</kw>
<doc>صبر کردن تا loading Angular ناپدید شود</doc>
<status status="PASS" start="2026-06-13T23:41:47.084641" elapsed="0.009598"/>
</kw>
<kw name="Wait Until Element Is Visible" owner="SeleniumLibrary">
<arg>css=ng-select[formcontrolname='${formcontrol}']</arg>
<doc>Waits until the element ``locator`` is visible.</doc>
<status status="PASS" start="2026-06-13T23:41:47.094464" elapsed="0.022394"/>
</kw>
<kw name="Click Element" owner="SeleniumLibrary">
<msg time="2026-06-13T23:41:47.117658" level="INFO">Clicking element 'css=ng-select[formcontrolname='insurRelation']'.</msg>
<arg>css=ng-select[formcontrolname='${formcontrol}']</arg>
<doc>Click the element identified by ``locator``.</doc>
<status status="PASS" start="2026-06-13T23:41:47.117173" elapsed="0.076018"/>
</kw>
<kw name="Wait Until Element Is Visible" owner="SeleniumLibrary">
<arg>css=ng-select[formcontrolname='${formcontrol}'] input[type='text']</arg>
<doc>Waits until the element ``locator`` is visible.</doc>
<status status="PASS" start="2026-06-13T23:41:47.193443" elapsed="0.083902"/>
</kw>
<kw name="Input Text" owner="SeleniumLibrary">
<msg time="2026-06-13T23:41:47.278110" level="INFO">Typing text 'خود فرد' into text field 'css=ng-select[formcontrolname='insurRelation'] input[type='text']'.</msg>
<arg>css=ng-select[formcontrolname='${formcontrol}'] input[type='text']</arg>
<arg>${value}</arg>
<doc>Types the given ``text`` into the text field identified by ``locator``.</doc>
<status status="PASS" start="2026-06-13T23:41:47.277593" elapsed="0.099548"/>
</kw>
<kw name="Wait Until Element Is Visible" owner="SeleniumLibrary">
<arg>xpath=//div[contains(@class,'ng-option') and contains(normalize-space(.), '${value}')]</arg>
<doc>Waits until the element ``locator`` is visible.</doc>
<status status="PASS" start="2026-06-13T23:41:47.377455" elapsed="0.014536"/>
</kw>
<kw name="Click Element" owner="SeleniumLibrary">
<msg time="2026-06-13T23:41:47.392717" level="INFO">Clicking element 'xpath=//div[contains(@class,'ng-option') and contains(normalize-space(.), 'خود فرد')]'.</msg>
<arg>xpath=//div[contains(@class,'ng-option') and contains(normalize-space(.), '${value}')]</arg>
<doc>Click the element identified by ``locator``.</doc>
<status status="PASS" start="2026-06-13T23:41:47.392241" elapsed="0.056954"/>
</kw>
<kw name="Press Keys" owner="SeleniumLibrary">
<msg time="2026-06-13T23:41:47.449954" level="INFO">Sending key(s) ('TAB',) to css=ng-select[formcontrolname='insurRelation'] input[type='text'] element.</msg>
<msg time="2026-06-13T23:41:47.773828" level="INFO">Pressing special key TAB to element.</msg>
<msg time="2026-06-13T23:41:47.774419" level="INFO">Releasing special key TAB.</msg>
<arg>css=ng-select[formcontrolname='${formcontrol}'] input[type='text']</arg>
<arg>TAB</arg>
<doc>Simulates the user pressing key(s) to an element or on the active browser.</doc>
<status status="PASS" start="2026-06-13T23:41:47.449445" elapsed="0.370983"/>
</kw>
<arg>insurRelation</arg>
<arg>خود فرد</arg>
<status status="PASS" start="2026-06-13T23:41:47.083721" elapsed="0.737112"/>
</kw>
<kw name="Input Text" owner="SeleniumLibrary">
<msg time="2026-06-13T23:41:47.823386" level="INFO">Typing text '09383509316' into text field '//input[@formcontrolname='mobileNumber']'.</msg>
<arg>//input[@formcontrolname='mobileNumber']</arg>
<arg>09383509316</arg>
<doc>Types the given ``text`` into the text field identified by ``locator``.</doc>
<status status="PASS" start="2026-06-13T23:41:47.821835" elapsed="0.190566"/>
</kw>
<kw name="Input Text" owner="SeleniumLibrary">
<msg time="2026-06-13T23:41:48.013559" level="INFO">Typing text 'dfgdfgdfgd' into text field '//input[@formcontrolname='address']'.</msg>
<arg>//input[@formcontrolname='address']</arg>
<arg>dfgdfgdfgd</arg>
<doc>Types the given ``text`` into the text field identified by ``locator``.</doc>
<status status="PASS" start="2026-06-13T23:41:48.013009" elapsed="0.184153"/>
</kw>
<kw name="Input Text" owner="SeleniumLibrary">
<msg time="2026-06-13T23:41:48.199429" level="INFO">Typing text 'مهرشاد شیخ الاسلامی' into text field '//input[@formcontrolname='accompanyfullName']'.</msg>
<arg>//input[@formcontrolname='accompanyfullName']</arg>
<arg>مهرشاد شیخ الاسلامی</arg>
<doc>Types the given ``text`` into the text field identified by ``locator``.</doc>
<status status="PASS" start="2026-06-13T23:41:48.198663" elapsed="0.181169"/>
</kw>
<kw name="Select From Ng Select" owner="AdmitHis-UI-keywords">
<kw name="Wait For Spinner Hidden" owner="AdmitHis-UI-keywords">
<kw name="Wait Until Element Is Not Visible" owner="SeleniumLibrary">
<arg>css=div.back-spenner.ng-star-inserted</arg>
<arg>1000</arg>
<doc>Waits until the element ``locator`` is not visible.</doc>
<status status="PASS" start="2026-06-13T23:41:48.381523" elapsed="0.007083"/>
</kw>
<doc>صبر کردن تا loading Angular ناپدید شود</doc>
<status status="PASS" start="2026-06-13T23:41:48.381032" elapsed="0.007783"/>
</kw>
<kw name="Wait Until Element Is Visible" owner="SeleniumLibrary">
<arg>css=ng-select[formcontrolname='${formcontrol}']</arg>
<doc>Waits until the element ``locator`` is visible.</doc>
<status status="PASS" start="2026-06-13T23:41:48.389028" elapsed="0.020338"/>
</kw>
<kw name="Click Element" owner="SeleniumLibrary">
<msg time="2026-06-13T23:41:48.410104" level="INFO">Clicking element 'css=ng-select[formcontrolname='relation']'.</msg>
<arg>css=ng-select[formcontrolname='${formcontrol}']</arg>
<doc>Click the element identified by ``locator``.</doc>
<status status="PASS" start="2026-06-13T23:41:48.409625" elapsed="0.073505"/>
</kw>
<kw name="Wait Until Element Is Visible" owner="SeleniumLibrary">
<arg>css=ng-select[formcontrolname='${formcontrol}'] input[type='text']</arg>
<doc>Waits until the element ``locator`` is visible.</doc>
<status status="PASS" start="2026-06-13T23:41:48.484816" elapsed="0.022504"/>
</kw>
<kw name="Input Text" owner="SeleniumLibrary">
<msg time="2026-06-13T23:41:48.508081" level="INFO">Typing text 'خود فرد' into text field 'css=ng-select[formcontrolname='relation'] input[type='text']'.</msg>
<arg>css=ng-select[formcontrolname='${formcontrol}'] input[type='text']</arg>
<arg>${value}</arg>
<doc>Types the given ``text`` into the text field identified by ``locator``.</doc>
<status status="PASS" start="2026-06-13T23:41:48.507570" elapsed="0.093344"/>
</kw>
<kw name="Wait Until Element Is Visible" owner="SeleniumLibrary">
<arg>xpath=//div[contains(@class,'ng-option') and contains(normalize-space(.), '${value}')]</arg>
<doc>Waits until the element ``locator`` is visible.</doc>
<status status="PASS" start="2026-06-13T23:41:48.601381" elapsed="0.017223"/>
</kw>
<kw name="Click Element" owner="SeleniumLibrary">
<msg time="2026-06-13T23:41:48.619465" level="INFO">Clicking element 'xpath=//div[contains(@class,'ng-option') and contains(normalize-space(.), 'خود فرد')]'.</msg>
<arg>xpath=//div[contains(@class,'ng-option') and contains(normalize-space(.), '${value}')]</arg>
<doc>Click the element identified by ``locator``.</doc>
<status status="PASS" start="2026-06-13T23:41:48.618996" elapsed="0.060902"/>
</kw>
<kw name="Press Keys" owner="SeleniumLibrary">
<msg time="2026-06-13T23:41:48.681329" level="INFO">Sending key(s) ('TAB',) to css=ng-select[formcontrolname='relation'] input[type='text'] element.</msg>
<msg time="2026-06-13T23:41:48.996711" level="INFO">Pressing special key TAB to element.</msg>
<msg time="2026-06-13T23:41:48.997368" level="INFO">Releasing special key TAB.</msg>
<arg>css=ng-select[formcontrolname='${formcontrol}'] input[type='text']</arg>
<arg>TAB</arg>
<doc>Simulates the user pressing key(s) to an element or on the active browser.</doc>
<status status="PASS" start="2026-06-13T23:41:48.680608" elapsed="0.355125"/>
</kw>
<arg>relation</arg>
<arg>خود فرد</arg>
<status status="PASS" start="2026-06-13T23:41:48.380398" elapsed="0.655706"/>
</kw>
<kw name="Input Text" owner="SeleniumLibrary">
<msg time="2026-06-13T23:41:49.037482" level="INFO">Typing text '09383586316' into text field '//input[@formcontrolname='accompanyMobileNumber']'.</msg>
<arg>//input[@formcontrolname='accompanyMobileNumber']</arg>
<arg>09383586316</arg>
<doc>Types the given ``text`` into the text field identified by ``locator``.</doc>
<status status="PASS" start="2026-06-13T23:41:49.036657" elapsed="0.130142"/>
</kw>
<kw name="Wait For Spinner Hidden" owner="AdmitHis-UI-keywords">
<kw name="Wait Until Element Is Not Visible" owner="SeleniumLibrary">
<arg>css=div.back-spenner.ng-star-inserted</arg>
<arg>1000</arg>
<doc>Waits until the element ``locator`` is not visible.</doc>
<status status="PASS" start="2026-06-13T23:41:49.168119" elapsed="0.005861"/>
</kw>
<doc>صبر کردن تا loading Angular ناپدید شود</doc>
<status status="PASS" start="2026-06-13T23:41:49.167598" elapsed="0.006568"/>
</kw>
<kw name="Wait Until Element Is Visible" owner="SeleniumLibrary">
<arg>id=button-addon2</arg>
<doc>Waits until the element ``locator`` is visible.</doc>
<status status="PASS" start="2026-06-13T23:41:49.174548" elapsed="0.016535"/>
</kw>
<kw name="Click Element" owner="SeleniumLibrary">
<msg time="2026-06-13T23:41:49.192307" level="INFO">Clicking element 'id=button-addon2'.</msg>
<arg>id=button-addon2</arg>
<doc>Click the element identified by ``locator``.</doc>
<status status="PASS" start="2026-06-13T23:41:49.191626" elapsed="0.065230"/>
</kw>
<kw name="Select From Ng Select" owner="AdmitHis-UI-keywords">
<kw name="Wait For Spinner Hidden" owner="AdmitHis-UI-keywords">
<kw name="Wait Until Element Is Not Visible" owner="SeleniumLibrary">
<arg>css=div.back-spenner.ng-star-inserted</arg>
<arg>1000</arg>
<doc>Waits until the element ``locator`` is not visible.</doc>
<status status="PASS" start="2026-06-13T23:41:49.258329" elapsed="0.005380"/>
</kw>
<doc>صبر کردن تا loading Angular ناپدید شود</doc>
<status status="PASS" start="2026-06-13T23:41:49.257938" elapsed="0.005970"/>
</kw>
<kw name="Wait Until Element Is Visible" owner="SeleniumLibrary">
<arg>css=ng-select[formcontrolname='${formcontrol}']</arg>
<doc>Waits until the element ``locator`` is visible.</doc>
<status status="PASS" start="2026-06-13T23:41:49.264096" elapsed="0.012806"/>
</kw>
<kw name="Click Element" owner="SeleniumLibrary">
<msg time="2026-06-13T23:41:49.277633" level="INFO">Clicking element 'css=ng-select[formcontrolname='firstRecognition']'.</msg>
<arg>css=ng-select[formcontrolname='${formcontrol}']</arg>
<doc>Click the element identified by ``locator``.</doc>
<status status="PASS" start="2026-06-13T23:41:49.277150" elapsed="0.073690"/>
</kw>
<kw name="Wait Until Element Is Visible" owner="SeleniumLibrary">
<arg>css=ng-select[formcontrolname='${formcontrol}'] input[type='text']</arg>
<doc>Waits until the element ``locator`` is visible.</doc>
<status status="PASS" start="2026-06-13T23:41:49.351255" elapsed="0.018812"/>
</kw>
<kw name="Input Text" owner="SeleniumLibrary">
<msg time="2026-06-13T23:41:49.371151" level="INFO">Typing text 'شکستگی' into text field 'css=ng-select[formcontrolname='firstRecognition'] input[type='text']'.</msg>
<arg>css=ng-select[formcontrolname='${formcontrol}'] input[type='text']</arg>
<arg>${value}</arg>
<doc>Types the given ``text`` into the text field identified by ``locator``.</doc>
<status status="PASS" start="2026-06-13T23:41:49.370438" elapsed="0.297330"/>
</kw>
<kw name="Wait Until Element Is Visible" owner="SeleniumLibrary">
<arg>xpath=//div[contains(@class,'ng-option') and contains(normalize-space(.), '${value}')]</arg>
<doc>Waits until the element ``locator`` is visible.</doc>
<status status="PASS" start="2026-06-13T23:41:49.668238" elapsed="0.022143"/>
</kw>
<kw name="Click Element" owner="SeleniumLibrary">
<msg time="2026-06-13T23:41:49.691104" level="INFO">Clicking element 'xpath=//div[contains(@class,'ng-option') and contains(normalize-space(.), 'شکستگی')]'.</msg>
<arg>xpath=//div[contains(@class,'ng-option') and contains(normalize-space(.), '${value}')]</arg>
<doc>Click the element identified by ``locator``.</doc>
<status status="PASS" start="2026-06-13T23:41:49.690634" elapsed="0.071385"/>
</kw>
<kw name="Press Keys" owner="SeleniumLibrary">
<msg time="2026-06-13T23:41:49.762752" level="INFO">Sending key(s) ('TAB',) to css=ng-select[formcontrolname='firstRecognition'] input[type='text'] element.</msg>
<msg time="2026-06-13T23:41:50.093064" level="INFO">Pressing special key TAB to element.</msg>
<msg time="2026-06-13T23:41:50.093548" level="INFO">Releasing special key TAB.</msg>
<arg>css=ng-select[formcontrolname='${formcontrol}'] input[type='text']</arg>
<arg>TAB</arg>
<doc>Simulates the user pressing key(s) to an element or on the active browser.</doc>
<status status="PASS" start="2026-06-13T23:41:49.762261" elapsed="0.351912"/>
</kw>
<arg>firstRecognition</arg>
<arg>شکستگی</arg>
<status status="PASS" start="2026-06-13T23:41:49.257344" elapsed="0.857108"/>
</kw>
<kw name="Select From Ng Select" owner="AdmitHis-UI-keywords">
<kw name="Wait For Spinner Hidden" owner="AdmitHis-UI-keywords">
<kw name="Wait Until Element Is Not Visible" owner="SeleniumLibrary">
<arg>css=div.back-spenner.ng-star-inserted</arg>
<arg>1000</arg>
<doc>Waits until the element ``locator`` is not visible.</doc>
<status status="PASS" start="2026-06-13T23:41:50.115945" elapsed="0.007020"/>
</kw>
<doc>صبر کردن تا loading Angular ناپدید شود</doc>
<status status="PASS" start="2026-06-13T23:41:50.115544" elapsed="0.007725"/>
</kw>
<kw name="Wait Until Element Is Visible" owner="SeleniumLibrary">
<arg>css=ng-select[formcontrolname='${formcontrol}']</arg>
<doc>Waits until the element ``locator`` is visible.</doc>
<status status="PASS" start="2026-06-13T23:41:50.123581" elapsed="0.027271"/>
</kw>
<kw name="Click Element" owner="SeleniumLibrary">
<msg time="2026-06-13T23:41:50.151734" level="INFO">Clicking element 'css=ng-select[formcontrolname='howToRefer']'.</msg>
<arg>css=ng-select[formcontrolname='${formcontrol}']</arg>
<doc>Click the element identified by ``locator``.</doc>
<status status="PASS" start="2026-06-13T23:41:50.151192" elapsed="0.064163"/>
</kw>
<kw name="Wait Until Element Is Visible" owner="SeleniumLibrary">
<arg>css=ng-select[formcontrolname='${formcontrol}'] input[type='text']</arg>
<doc>Waits until the element ``locator`` is visible.</doc>
<status status="PASS" start="2026-06-13T23:41:50.215731" elapsed="0.018337"/>
</kw>
<kw name="Input Text" owner="SeleniumLibrary">
<msg time="2026-06-13T23:41:50.234835" level="INFO">Typing text 'وسیله شخصی' into text field 'css=ng-select[formcontrolname='howToRefer'] input[type='text']'.</msg>
<arg>css=ng-select[formcontrolname='${formcontrol}'] input[type='text']</arg>
<arg>${value}</arg>
<doc>Types the given ``text`` into the text field identified by ``locator``.</doc>
<status status="PASS" start="2026-06-13T23:41:50.234317" elapsed="0.099039"/>
</kw>
<kw name="Wait Until Element Is Visible" owner="SeleniumLibrary">
<arg>xpath=//div[contains(@class,'ng-option') and contains(normalize-space(.), '${value}')]</arg>
<doc>Waits until the element ``locator`` is visible.</doc>
<status status="PASS" start="2026-06-13T23:41:50.333661" elapsed="0.016375"/>
</kw>
<kw name="Click Element" owner="SeleniumLibrary">
<msg time="2026-06-13T23:41:50.350846" level="INFO">Clicking element 'xpath=//div[contains(@class,'ng-option') and contains(normalize-space(.), 'وسیله شخصی')]'.</msg>
<arg>xpath=//div[contains(@class,'ng-option') and contains(normalize-space(.), '${value}')]</arg>
<doc>Click the element identified by ``locator``.</doc>
<status status="PASS" start="2026-06-13T23:41:50.350343" elapsed="0.083000"/>
</kw>
<kw name="Press Keys" owner="SeleniumLibrary">
<msg time="2026-06-13T23:41:50.434764" level="INFO">Sending key(s) ('TAB',) to css=ng-select[formcontrolname='howToRefer'] input[type='text'] element.</msg>
<msg time="2026-06-13T23:41:50.783169" level="INFO">Pressing special key TAB to element.</msg>
<msg time="2026-06-13T23:41:50.783575" level="INFO">Releasing special key TAB.</msg>
<arg>css=ng-select[formcontrolname='${formcontrol}'] input[type='text']</arg>
<arg>TAB</arg>
<doc>Simulates the user pressing key(s) to an element or on the active browser.</doc>
<status status="PASS" start="2026-06-13T23:41:50.433792" elapsed="0.368064"/>
</kw>
<arg>howToRefer</arg>
<arg>وسیله شخصی</arg>
<status status="PASS" start="2026-06-13T23:41:50.114985" elapsed="0.687144"/>
</kw>
<kw name="Select From Ng Select" owner="AdmitHis-UI-keywords">
<kw name="Wait For Spinner Hidden" owner="AdmitHis-UI-keywords">
<kw name="Wait Until Element Is Not Visible" owner="SeleniumLibrary">
<arg>css=div.back-spenner.ng-star-inserted</arg>
<arg>1000</arg>
<doc>Waits until the element ``locator`` is not visible.</doc>
<status status="PASS" start="2026-06-13T23:41:50.806569" elapsed="0.012554"/>
</kw>
<doc>صبر کردن تا loading Angular ناپدید شود</doc>
<status status="PASS" start="2026-06-13T23:41:50.805603" elapsed="0.013808"/>
</kw>
<kw name="Wait Until Element Is Visible" owner="SeleniumLibrary">
<arg>css=ng-select[formcontrolname='${formcontrol}']</arg>
<doc>Waits until the element ``locator`` is visible.</doc>
<status status="PASS" start="2026-06-13T23:41:50.819726" elapsed="0.018469"/>
</kw>
<kw name="Click Element" owner="SeleniumLibrary">
<msg time="2026-06-13T23:41:50.838958" level="INFO">Clicking element 'css=ng-select[formcontrolname='causeOfHospitalization']'.</msg>
<arg>css=ng-select[formcontrolname='${formcontrol}']</arg>
<doc>Click the element identified by ``locator``.</doc>
<status status="PASS" start="2026-06-13T23:41:50.838466" elapsed="0.078672"/>
</kw>
<kw name="Wait Until Element Is Visible" owner="SeleniumLibrary">
<arg>css=ng-select[formcontrolname='${formcontrol}'] input[type='text']</arg>
<doc>Waits until the element ``locator`` is visible.</doc>
<status status="PASS" start="2026-06-13T23:41:50.917383" elapsed="0.013905"/>
</kw>
<kw name="Input Text" owner="SeleniumLibrary">
<msg time="2026-06-13T23:41:50.932038" level="INFO">Typing text 'دل درد' into text field 'css=ng-select[formcontrolname='causeOfHospitalization'] input[type='text']'.</msg>
<arg>css=ng-select[formcontrolname='${formcontrol}'] input[type='text']</arg>
<arg>${value}</arg>
<doc>Types the given ``text`` into the text field identified by ``locator``.</doc>
<status status="PASS" start="2026-06-13T23:41:50.931528" elapsed="0.092407"/>
</kw>
<kw name="Wait Until Element Is Visible" owner="SeleniumLibrary">
<arg>xpath=//div[contains(@class,'ng-option') and contains(normalize-space(.), '${value}')]</arg>
<doc>Waits until the element ``locator`` is visible.</doc>
<status status="PASS" start="2026-06-13T23:41:51.024188" elapsed="0.014467"/>
</kw>
<kw name="Click Element" owner="SeleniumLibrary">
<msg time="2026-06-13T23:41:51.039381" level="INFO">Clicking element 'xpath=//div[contains(@class,'ng-option') and contains(normalize-space(.), 'دل درد')]'.</msg>
<arg>xpath=//div[contains(@class,'ng-option') and contains(normalize-space(.), '${value}')]</arg>
<doc>Click the element identified by ``locator``.</doc>
<status status="PASS" start="2026-06-13T23:41:51.038907" elapsed="0.052100"/>
</kw>
<kw name="Press Keys" owner="SeleniumLibrary">
<msg time="2026-06-13T23:41:51.091854" level="INFO">Sending key(s) ('TAB',) to css=ng-select[formcontrolname='causeOfHospitalization'] input[type='text'] element.</msg>
<msg time="2026-06-13T23:41:51.411044" level="INFO">Pressing special key TAB to element.</msg>
<msg time="2026-06-13T23:41:51.411298" level="INFO">Releasing special key TAB.</msg>
<arg>css=ng-select[formcontrolname='${formcontrol}'] input[type='text']</arg>
<arg>TAB</arg>
<doc>Simulates the user pressing key(s) to an element or on the active browser.</doc>
<status status="PASS" start="2026-06-13T23:41:51.091260" elapsed="0.340654"/>
</kw>
<arg>causeOfHospitalization</arg>
<arg>دل درد</arg>
<status status="PASS" start="2026-06-13T23:41:50.802657" elapsed="0.629519"/>
</kw>
<doc>پر کردن اطلاعات مورد نیاز بیمار</doc>
<tag>preadmit</tag>
<tag>step03</tag>
<tag>UI_Test</tag>
<status status="PASS" start="2026-06-13T23:41:36.692773" elapsed="14.739811"/>
</test>
<test id="s1-s1-t4" name="04-UI - Assign Ward And Doctor And Prepayment" line="69">
<kw name="Disable Screenshots" owner="AdmitHis-UI-keywords">
<kw name="Register Keyword To Run On Failure" owner="SeleniumLibrary">
<msg time="2026-06-13T23:41:51.458656" level="INFO">No keyword will be run on failure.</msg>
<arg>NONE</arg>
<doc>Sets the keyword to execute, when a SeleniumLibrary keyword fails.</doc>
<status status="PASS" start="2026-06-13T23:41:51.458107" elapsed="0.000980"/>
</kw>
<status status="PASS" start="2026-06-13T23:41:51.457161" elapsed="0.002194"/>
</kw>
<kw name="Wait For Page Ready" owner="AdmitHis-UI-keywords">
<kw name="Run Keyword And Ignore Error" owner="BuiltIn">
<kw name="Wait Until Page Contains Element" owner="SeleniumLibrary">
<msg time="2026-06-13T23:41:54.494760" level="FAIL">Element 'css=.ngx-spinner-overlay,.loading-overlay,.spinner,.mat-progress-spinner,.cdk-overlay-backdrop' did not appear in 3 seconds.</msg>
<arg>${GLOBAL_SPINNER}</arg>
<arg>3</arg>
<doc>Waits until the element ``locator`` appears on the current page.</doc>
<status status="FAIL" start="2026-06-13T23:41:51.462200" elapsed="3.044621">Element 'css=.ngx-spinner-overlay,.loading-overlay,.spinner,.mat-progress-spinner,.cdk-overlay-backdrop' did not appear in 3 seconds.</status>
</kw>
<arg>Wait Until Page Contains Element</arg>
<arg>${GLOBAL_SPINNER}</arg>
<arg>3</arg>
<doc>Runs the given keyword with the given arguments and ignores possible error.</doc>
<status status="PASS" start="2026-06-13T23:41:51.461339" elapsed="3.045913"/>
</kw>
<kw name="Wait Until Element Is Not Visible" owner="SeleniumLibrary">
<arg>${GLOBAL_SPINNER}</arg>
<arg>${timeout}</arg>
<doc>Waits until the element ``locator`` is not visible.</doc>
<status status="PASS" start="2026-06-13T23:41:54.507735" elapsed="0.017373"/>
</kw>
<status status="PASS" start="2026-06-13T23:41:51.460420" elapsed="3.065297"/>
</kw>
<kw name="Select From Ng Select" owner="AdmitHis-UI-keywords">
<kw name="Wait For Spinner Hidden" owner="AdmitHis-UI-keywords">
<kw name="Wait Until Element Is Not Visible" owner="SeleniumLibrary">
<arg>css=div.back-spenner.ng-star-inserted</arg>
<arg>1000</arg>
<doc>Waits until the element ``locator`` is not visible.</doc>
<status status="PASS" start="2026-06-13T23:41:54.530470" elapsed="0.013931"/>
</kw>
<doc>صبر کردن تا loading Angular ناپدید شود</doc>
<status status="PASS" start="2026-06-13T23:41:54.528798" elapsed="0.015831"/>
</kw>
<kw name="Wait Until Element Is Visible" owner="SeleniumLibrary">
<arg>css=ng-select[formcontrolname='${formcontrol}']</arg>
<doc>Waits until the element ``locator`` is visible.</doc>
<status status="PASS" start="2026-06-13T23:41:54.544849" elapsed="0.021228"/>
</kw>
<kw name="Click Element" owner="SeleniumLibrary">
<msg time="2026-06-13T23:41:54.567571" level="INFO">Clicking element 'css=ng-select[formcontrolname='wardfileld']'.</msg>
<arg>css=ng-select[formcontrolname='${formcontrol}']</arg>
<doc>Click the element identified by ``locator``.</doc>
<status status="PASS" start="2026-06-13T23:41:54.566386" elapsed="0.083907"/>
</kw>
<kw name="Wait Until Element Is Visible" owner="SeleniumLibrary">
<arg>css=ng-select[formcontrolname='${formcontrol}'] input[type='text']</arg>
<doc>Waits until the element ``locator`` is visible.</doc>
<status status="PASS" start="2026-06-13T23:41:54.650708" elapsed="0.020832"/>
</kw>
<kw name="Input Text" owner="SeleniumLibrary">
<msg time="2026-06-13T23:41:54.672621" level="INFO">Typing text 'اطفال 2 - تخت خالی' into text field 'css=ng-select[formcontrolname='wardfileld'] input[type='text']'.</msg>
<arg>css=ng-select[formcontrolname='${formcontrol}'] input[type='text']</arg>
<arg>${value}</arg>
<doc>Types the given ``text`` into the text field identified by ``locator``.</doc>
<status status="PASS" start="2026-06-13T23:41:54.671783" elapsed="0.149093"/>
</kw>
<kw name="Wait Until Element Is Visible" owner="SeleniumLibrary">
<arg>xpath=//div[contains(@class,'ng-option') and contains(normalize-space(.), '${value}')]</arg>
<doc>Waits until the element ``locator`` is visible.</doc>
<status status="PASS" start="2026-06-13T23:41:54.821396" elapsed="0.018863"/>
</kw>
<kw name="Click Element" owner="SeleniumLibrary">
<msg time="2026-06-13T23:41:54.841644" level="INFO">Clicking element 'xpath=//div[contains(@class,'ng-option') and contains(normalize-space(.), 'اطفال 2 - تخت خالی')]'.</msg>
<arg>xpath=//div[contains(@class,'ng-option') and contains(normalize-space(.), '${value}')]</arg>
<doc>Click the element identified by ``locator``.</doc>
<status status="PASS" start="2026-06-13T23:41:54.840625" elapsed="0.062607"/>
</kw>
<kw name="Press Keys" owner="SeleniumLibrary">
<msg time="2026-06-13T23:41:54.904533" level="INFO">Sending key(s) ('TAB',) to css=ng-select[formcontrolname='wardfileld'] input[type='text'] element.</msg>
<msg time="2026-06-13T23:41:55.241855" level="INFO">Pressing special key TAB to element.</msg>
<msg time="2026-06-13T23:41:55.242493" level="INFO">Releasing special key TAB.</msg>
<arg>css=ng-select[formcontrolname='${formcontrol}'] input[type='text']</arg>
<arg>TAB</arg>
<doc>Simulates the user pressing key(s) to an element or on the active browser.</doc>
<status status="PASS" start="2026-06-13T23:41:54.903655" elapsed="0.374585"/>
</kw>
<arg>wardfileld</arg>
<arg>اطفال 2 - تخت خالی</arg>
<status status="PASS" start="2026-06-13T23:41:54.526844" elapsed="0.751628"/>
</kw>
<kw name="Select From Ng Select" owner="AdmitHis-UI-keywords">
<kw name="Wait For Spinner Hidden" owner="AdmitHis-UI-keywords">
<kw name="Wait Until Element Is Not Visible" owner="SeleniumLibrary">
<arg>css=div.back-spenner.ng-star-inserted</arg>
<arg>1000</arg>
<doc>Waits until the element ``locator`` is not visible.</doc>
<status status="PASS" start="2026-06-13T23:41:55.280163" elapsed="3.759405"/>
</kw>
<doc>صبر کردن تا loading Angular ناپدید شود</doc>
<status status="PASS" start="2026-06-13T23:41:55.279686" elapsed="3.760213"/>
</kw>
<kw name="Wait Until Element Is Visible" owner="SeleniumLibrary">
<arg>css=ng-select[formcontrolname='${formcontrol}']</arg>
<doc>Waits until the element ``locator`` is visible.</doc>
<status status="PASS" start="2026-06-13T23:41:59.040239" elapsed="0.034957"/>
</kw>
<kw name="Click Element" owner="SeleniumLibrary">
<msg time="2026-06-13T23:41:59.075959" level="INFO">Clicking element 'css=ng-select[formcontrolname='doctorField']'.</msg>
<arg>css=ng-select[formcontrolname='${formcontrol}']</arg>
<doc>Click the element identified by ``locator``.</doc>
<status status="PASS" start="2026-06-13T23:41:59.075454" elapsed="0.079882"/>
</kw>
<kw name="Wait Until Element Is Visible" owner="SeleniumLibrary">
<arg>css=ng-select[formcontrolname='${formcontrol}'] input[type='text']</arg>
<doc>Waits until the element ``locator`` is visible.</doc>
<status status="PASS" start="2026-06-13T23:41:59.155607" elapsed="0.033275"/>
</kw>
<kw name="Input Text" owner="SeleniumLibrary">
<msg time="2026-06-13T23:41:59.191495" level="INFO">Typing text 'Siavash Siavash' into text field 'css=ng-select[formcontrolname='doctorField'] input[type='text']'.</msg>
<arg>css=ng-select[formcontrolname='${formcontrol}'] input[type='text']</arg>
<arg>${value}</arg>
<doc>Types the given ``text`` into the text field identified by ``locator``.</doc>
<status status="PASS" start="2026-06-13T23:41:59.190332" elapsed="0.158370"/>
</kw>
<kw name="Wait Until Element Is Visible" owner="SeleniumLibrary">
<arg>xpath=//div[contains(@class,'ng-option') and contains(normalize-space(.), '${value}')]</arg>
<doc>Waits until the element ``locator`` is visible.</doc>
<status status="PASS" start="2026-06-13T23:41:59.349131" elapsed="0.047379"/>
</kw>
<kw name="Click Element" owner="SeleniumLibrary">
<msg time="2026-06-13T23:41:59.397240" level="INFO">Clicking element 'xpath=//div[contains(@class,'ng-option') and contains(normalize-space(.), 'Siavash Siavash')]'.</msg>
<arg>xpath=//div[contains(@class,'ng-option') and contains(normalize-space(.), '${value}')]</arg>
<doc>Click the element identified by ``locator``.</doc>
<status status="PASS" start="2026-06-13T23:41:59.396766" elapsed="0.053375"/>
</kw>
<kw name="Press Keys" owner="SeleniumLibrary">
<msg time="2026-06-13T23:41:59.450944" level="INFO">Sending key(s) ('TAB',) to css=ng-select[formcontrolname='doctorField'] input[type='text'] element.</msg>
<msg time="2026-06-13T23:41:59.800245" level="INFO">Pressing special key TAB to element.</msg>
<msg time="2026-06-13T23:41:59.800969" level="INFO">Releasing special key TAB.</msg>
<arg>css=ng-select[formcontrolname='${formcontrol}'] input[type='text']</arg>
<arg>TAB</arg>
<doc>Simulates the user pressing key(s) to an element or on the active browser.</doc>
<status status="PASS" start="2026-06-13T23:41:59.450411" elapsed="0.391359"/>
</kw>
<arg>doctorField</arg>
<arg>Siavash Siavash</arg>
<status status="PASS" start="2026-06-13T23:41:55.279028" elapsed="4.562963"/>
</kw>
<kw name="Select From Ng Select" owner="AdmitHis-UI-keywords">
<kw name="Wait For Spinner Hidden" owner="AdmitHis-UI-keywords">
<kw name="Wait Until Element Is Not Visible" owner="SeleniumLibrary">
<arg>css=div.back-spenner.ng-star-inserted</arg>
<arg>1000</arg>
<doc>Waits until the element ``locator`` is not visible.</doc>
<status status="PASS" start="2026-06-13T23:41:59.844133" elapsed="0.006642"/>
</kw>
<doc>صبر کردن تا loading Angular ناپدید شود</doc>
<status status="PASS" start="2026-06-13T23:41:59.843215" elapsed="0.007741"/>
</kw>
<kw name="Wait Until Element Is Visible" owner="SeleniumLibrary">
<arg>css=ng-select[formcontrolname='${formcontrol}']</arg>
<doc>Waits until the element ``locator`` is visible.</doc>
<status status="PASS" start="2026-06-13T23:41:59.851131" elapsed="0.026749"/>
</kw>
<kw name="Click Element" owner="SeleniumLibrary">
<msg time="2026-06-13T23:41:59.878655" level="INFO">Clicking element 'css=ng-select[formcontrolname='responsiblePatient']'.</msg>
<arg>css=ng-select[formcontrolname='${formcontrol}']</arg>
<doc>Click the element identified by ``locator``.</doc>
<status status="PASS" start="2026-06-13T23:41:59.878161" elapsed="0.060964"/>
</kw>
<kw name="Wait Until Element Is Visible" owner="SeleniumLibrary">
<arg>css=ng-select[formcontrolname='${formcontrol}'] input[type='text']</arg>
<doc>Waits until the element ``locator`` is visible.</doc>
<status status="PASS" start="2026-06-13T23:41:59.939451" elapsed="0.016241"/>
</kw>
<kw name="Input Text" owner="SeleniumLibrary">
<msg time="2026-06-13T23:41:59.956460" level="INFO">Typing text 'خود فرد' into text field 'css=ng-select[formcontrolname='responsiblePatient'] input[type='text']'.</msg>
<arg>css=ng-select[formcontrolname='${formcontrol}'] input[type='text']</arg>
<arg>${value}</arg>
<doc>Types the given ``text`` into the text field identified by ``locator``.</doc>
<status status="PASS" start="2026-06-13T23:41:59.955940" elapsed="0.096243"/>
</kw>
<kw name="Wait Until Element Is Visible" owner="SeleniumLibrary">
<arg>xpath=//div[contains(@class,'ng-option') and contains(normalize-space(.), '${value}')]</arg>
<doc>Waits until the element ``locator`` is visible.</doc>
<status status="PASS" start="2026-06-13T23:42:00.052431" elapsed="0.011518"/>
</kw>
<kw name="Click Element" owner="SeleniumLibrary">
<msg time="2026-06-13T23:42:00.064669" level="INFO">Clicking element 'xpath=//div[contains(@class,'ng-option') and contains(normalize-space(.), 'خود فرد')]'.</msg>
<arg>xpath=//div[contains(@class,'ng-option') and contains(normalize-space(.), '${value}')]</arg>
<doc>Click the element identified by ``locator``.</doc>
<status status="PASS" start="2026-06-13T23:42:00.064199" elapsed="0.064598"/>
</kw>
<kw name="Press Keys" owner="SeleniumLibrary">
<msg time="2026-06-13T23:42:00.129837" level="INFO">Sending key(s) ('TAB',) to css=ng-select[formcontrolname='responsiblePatient'] input[type='text'] element.</msg>
<msg time="2026-06-13T23:42:00.441319" level="INFO">Pressing special key TAB to element.</msg>
<msg time="2026-06-13T23:42:00.442172" level="INFO">Releasing special key TAB.</msg>
<arg>css=ng-select[formcontrolname='${formcontrol}'] input[type='text']</arg>
<arg>TAB</arg>
<doc>Simulates the user pressing key(s) to an element or on the active browser.</doc>
<status status="PASS" start="2026-06-13T23:42:00.129310" elapsed="0.335953"/>
</kw>
<arg>responsiblePatient</arg>
<arg>خود فرد</arg>
<status status="PASS" start="2026-06-13T23:41:59.842455" elapsed="0.623118"/>
</kw>
<kw name="Input Text" owner="SeleniumLibrary">
<msg time="2026-06-13T23:42:00.466745" level="INFO">Typing text '10000' into text field '//input[@formcontrolname='prepayment']'.</msg>
<arg>//input[@formcontrolname='prepayment']</arg>
<arg>10000</arg>
<doc>Types the given ``text`` into the text field identified by ``locator``.</doc>
<status status="PASS" start="2026-06-13T23:42:00.466048" elapsed="0.107303"/>
</kw>
<doc>انتخاب بخش و پزشک بیمار preadmit</doc>
<tag>preadmit</tag>
<tag>step04</tag>
<tag>UI_Test</tag>
<status status="PASS" start="2026-06-13T23:41:51.438050" elapsed="9.135891"/>
</test>
<test id="s1-s1-t5" name="05-UI - Save Admission Filing" line="81">
<kw name="Disable Screenshots" owner="AdmitHis-UI-keywords">
<kw name="Register Keyword To Run On Failure" owner="SeleniumLibrary">
<msg time="2026-06-13T23:42:00.593487" level="INFO">No keyword will be run on failure.</msg>
<arg>NONE</arg>
<doc>Sets the keyword to execute, when a SeleniumLibrary keyword fails.</doc>
<status status="PASS" start="2026-06-13T23:42:00.593095" elapsed="0.000734"/>
</kw>
<status status="PASS" start="2026-06-13T23:42:00.592028" elapsed="0.001964"/>
</kw>
<kw name="Click Element Safe" owner="AdmitHis-UI-keywords">
<kw name="Wait For Spinner Hidden" owner="AdmitHis-UI-keywords">
<kw name="Wait Until Element Is Not Visible" owner="SeleniumLibrary">
<arg>css=div.back-spenner.ng-star-inserted</arg>
<arg>1000</arg>
<doc>Waits until the element ``locator`` is not visible.</doc>
<status status="PASS" start="2026-06-13T23:42:00.595783" elapsed="0.006846"/>
</kw>
<doc>صبر کردن تا loading Angular ناپدید شود</doc>
<status status="PASS" start="2026-06-13T23:42:00.595294" elapsed="0.007662"/>
</kw>
<kw name="Wait Until Element Is Visible" owner="SeleniumLibrary">
<arg>${locator}</arg>
<doc>Waits until the element ``locator`` is visible.</doc>
<status status="PASS" start="2026-06-13T23:42:00.603288" elapsed="0.024437"/>
</kw>
<kw name="Wait Until Element Is Enabled" owner="SeleniumLibrary">
<arg>${locator}</arg>
<doc>Waits until the element ``locator`` is enabled.</doc>
<status status="PASS" start="2026-06-13T23:42:00.628150" elapsed="0.020267"/>
</kw>
<kw name="Scroll Element Into View" owner="SeleniumLibrary">
<arg>${locator}</arg>
<doc>Scrolls the element identified by ``locator`` into view.</doc>
<status status="PASS" start="2026-06-13T23:42:00.648973" elapsed="0.304337"/>
</kw>
<kw name="Click Element" owner="SeleniumLibrary">
<msg time="2026-06-13T23:42:00.956336" level="INFO">Clicking element 'css=button.btn-saveFile'.</msg>
<arg>${locator}</arg>
<doc>Click the element identified by ``locator``.</doc>
<status status="PASS" start="2026-06-13T23:42:00.954330" elapsed="0.096236"/>
</kw>
<arg>css=button.btn-saveFile</arg>
<status status="PASS" start="2026-06-13T23:42:00.594507" elapsed="0.456410"/>
</kw>
<kw name="Wait For Page Ready" owner="AdmitHis-UI-keywords">
<kw name="Run Keyword And Ignore Error" owner="BuiltIn">
<kw name="Wait Until Page Contains Element" owner="SeleniumLibrary">
<msg time="2026-06-13T23:42:04.165470" level="FAIL">Element 'css=.ngx-spinner-overlay,.loading-overlay,.spinner,.mat-progress-spinner,.cdk-overlay-backdrop' did not appear in 3 seconds.</msg>
<arg>${GLOBAL_SPINNER}</arg>
<arg>3</arg>
<doc>Waits until the element ``locator`` appears on the current page.</doc>
<status status="FAIL" start="2026-06-13T23:42:01.054282" elapsed="3.121208">Element 'css=.ngx-spinner-overlay,.loading-overlay,.spinner,.mat-progress-spinner,.cdk-overlay-backdrop' did not appear in 3 seconds.</status>
</kw>
<arg>Wait Until Page Contains Element</arg>
<arg>${GLOBAL_SPINNER}</arg>
<arg>3</arg>
<doc>Runs the given keyword with the given arguments and ignores possible error.</doc>
<status status="PASS" start="2026-06-13T23:42:01.053172" elapsed="3.122726"/>
</kw>
<kw name="Wait Until Element Is Not Visible" owner="SeleniumLibrary">
<arg>${GLOBAL_SPINNER}</arg>
<arg>${timeout}</arg>
<doc>Waits until the element ``locator`` is not visible.</doc>
<status status="PASS" start="2026-06-13T23:42:04.176351" elapsed="0.019316"/>
</kw>
<status status="PASS" start="2026-06-13T23:42:01.052079" elapsed="3.144311"/>
</kw>
<doc>سیو کردن پذیرش preadmit</doc>
<tag>preadmit</tag>
<tag>step05</tag>
<tag>UI_Test</tag>
<status status="PASS" start="2026-06-13T23:42:00.578882" elapsed="3.618706"/>
</test>
<test id="s1-s1-t6" name="06-UI - deny admit print page" line="92">
<kw name="Disable Screenshots" owner="AdmitHis-UI-keywords">
<kw name="Register Keyword To Run On Failure" owner="SeleniumLibrary">
<msg time="2026-06-13T23:42:04.212636" level="INFO">No keyword will be run on failure.</msg>
<arg>NONE</arg>
<doc>Sets the keyword to execute, when a SeleniumLibrary keyword fails.</doc>
<status status="PASS" start="2026-06-13T23:42:04.212089" elapsed="0.001052"/>
</kw>
<status status="PASS" start="2026-06-13T23:42:04.210962" elapsed="0.002452"/>
</kw>
<kw name="Click Element Safe" owner="AdmitHis-UI-keywords">
<kw name="Wait For Spinner Hidden" owner="AdmitHis-UI-keywords">
<kw name="Wait Until Element Is Not Visible" owner="SeleniumLibrary">
<arg>css=div.back-spenner.ng-star-inserted</arg>
<arg>1000</arg>
<doc>Waits until the element ``locator`` is not visible.</doc>
<status status="PASS" start="2026-06-13T23:42:04.215636" elapsed="22.710336"/>
</kw>
<doc>صبر کردن تا loading Angular ناپدید شود</doc>
<status status="PASS" start="2026-06-13T23:42:04.215040" elapsed="22.711151"/>
</kw>
<kw name="Wait Until Element Is Visible" owner="SeleniumLibrary">
<arg>${locator}</arg>
<doc>Waits until the element ``locator`` is visible.</doc>
<status status="PASS" start="2026-06-13T23:42:26.926405" elapsed="0.018352"/>
</kw>
<kw name="Wait Until Element Is Enabled" owner="SeleniumLibrary">
<arg>${locator}</arg>
<doc>Waits until the element ``locator`` is enabled.</doc>
<status status="PASS" start="2026-06-13T23:42:26.945013" elapsed="0.035890"/>
</kw>
<kw name="Scroll Element Into View" owner="SeleniumLibrary">
<arg>${locator}</arg>
<doc>Scrolls the element identified by ``locator`` into view.</doc>
<status status="PASS" start="2026-06-13T23:42:26.981138" elapsed="0.303588"/>
</kw>
<kw name="Click Element" owner="SeleniumLibrary">
<msg time="2026-06-13T23:42:27.286771" level="INFO">Clicking element 'css=button.swal2-deny.swal2-styled'.</msg>
<arg>${locator}</arg>
<doc>Click the element identified by ``locator``.</doc>
<status status="PASS" start="2026-06-13T23:42:27.285678" elapsed="0.122751"/>
</kw>
<arg>css=button.swal2-deny.swal2-styled</arg>
<status status="PASS" start="2026-06-13T23:42:04.214131" elapsed="23.194583"/>
</kw>
<doc>لغو پرینت برگه پذیرش</doc>
<tag>preadmit</tag>
<tag>step06</tag>
<tag>UI_Test</tag>
<status status="PASS" start="2026-06-13T23:42:04.205894" elapsed="23.203488"/>
</test>
<test id="s1-s1-t7" name="07-UI - Open Cash Web And Pay" line="99">
<kw name="Disable Screenshots" owner="AdmitHis-UI-keywords">
<kw name="Register Keyword To Run On Failure" owner="SeleniumLibrary">
<msg time="2026-06-13T23:42:27.426058" level="INFO">No keyword will be run on failure.</msg>
<arg>NONE</arg>
<doc>Sets the keyword to execute, when a SeleniumLibrary keyword fails.</doc>
<status status="PASS" start="2026-06-13T23:42:27.425265" elapsed="0.001193"/>
</kw>
<status status="PASS" start="2026-06-13T23:42:27.424215" elapsed="0.002765"/>
</kw>
<kw name="Cash Pay Patient By National Code" owner="AdmitHis-UI-keywords">
<kw name="Wait For Page Ready" owner="AdmitHis-UI-keywords">
<kw name="Run Keyword And Ignore Error" owner="BuiltIn">
<kw name="Wait Until Page Contains Element" owner="SeleniumLibrary">
<msg time="2026-06-13T23:42:30.489545" level="FAIL">Element 'css=.ngx-spinner-overlay,.loading-overlay,.spinner,.mat-progress-spinner,.cdk-overlay-backdrop' did not appear in 3 seconds.</msg>
<arg>${GLOBAL_SPINNER}</arg>
<arg>3</arg>
<doc>Waits until the element ``locator`` appears on the current page.</doc>
<status status="FAIL" start="2026-06-13T23:42:27.430831" elapsed="3.078436">Element 'css=.ngx-spinner-overlay,.loading-overlay,.spinner,.mat-progress-spinner,.cdk-overlay-backdrop' did not appear in 3 seconds.</status>
</kw>
<arg>Wait Until Page Contains Element</arg>
<arg>${GLOBAL_SPINNER}</arg>
<arg>3</arg>
<doc>Runs the given keyword with the given arguments and ignores possible error.</doc>
<status status="PASS" start="2026-06-13T23:42:27.430024" elapsed="3.080737"/>
</kw>
<kw name="Wait Until Element Is Not Visible" owner="SeleniumLibrary">
<arg>${GLOBAL_SPINNER}</arg>
<arg>${timeout}</arg>
<doc>Waits until the element ``locator`` is not visible.</doc>
<status status="PASS" start="2026-06-13T23:42:30.511902" elapsed="0.021409"/>
</kw>
<status status="PASS" start="2026-06-13T23:42:27.428832" elapsed="3.104902"/>
</kw>
<kw name="Switch To Cash App" owner="AdmitHis-UI-keywords">
<kw name="Go To" owner="SeleniumLibrary">
<msg time="2026-06-13T23:42:30.535948" level="INFO">Opening url 'http://192.168.5.19:8075/admit'</msg>
<arg>${Cash_App_URL}</arg>
<doc>Navigates the current browser window to the provided ``url``.</doc>
<status status="PASS" start="2026-06-13T23:42:30.535268" elapsed="0.305620"/>
</kw>
<kw name="Wait Until Location Contains" owner="SeleniumLibrary">
<arg>8075</arg>
<doc>Waits until the current URL contains ``expected``.</doc>
<status status="PASS" start="2026-06-13T23:42:30.841468" elapsed="0.006182"/>
</kw>
<kw name="Wait For Spinner Hidden" owner="AdmitHis-UI-keywords">
<kw name="Wait Until Element Is Not Visible" owner="SeleniumLibrary">
<arg>css=div.back-spenner.ng-star-inserted</arg>
<arg>1000</arg>
<doc>Waits until the element ``locator`` is not visible.</doc>
<status status="PASS" start="2026-06-13T23:42:30.848801" elapsed="0.008618"/>
</kw>
<doc>صبر کردن تا loading Angular ناپدید شود</doc>
<status status="PASS" start="2026-06-13T23:42:30.848065" elapsed="0.009642"/>
</kw>
<kw name="Wait For Page Ready" owner="AdmitHis-UI-keywords">
<kw name="Run Keyword And Ignore Error" owner="BuiltIn">
<kw name="Wait Until Page Contains Element" owner="SeleniumLibrary">
<msg time="2026-06-13T23:42:34.080931" level="FAIL">Element 'css=.ngx-spinner-overlay,.loading-overlay,.spinner,.mat-progress-spinner,.cdk-overlay-backdrop' did not appear in 3 seconds.</msg>
<arg>${GLOBAL_SPINNER}</arg>
<arg>3</arg>
<doc>Waits until the element ``locator`` appears on the current page.</doc>
<status status="FAIL" start="2026-06-13T23:42:30.859727" elapsed="3.239413">Element 'css=.ngx-spinner-overlay,.loading-overlay,.spinner,.mat-progress-spinner,.cdk-overlay-backdrop' did not appear in 3 seconds.</status>
</kw>
<arg>Wait Until Page Contains Element</arg>
<arg>${GLOBAL_SPINNER}</arg>
<arg>3</arg>
<doc>Runs the given keyword with the given arguments and ignores possible error.</doc>
<status status="PASS" start="2026-06-13T23:42:30.858859" elapsed="3.240990"/>
</kw>
<kw name="Wait Until Element Is Not Visible" owner="SeleniumLibrary">
<arg>${GLOBAL_SPINNER}</arg>
<arg>${timeout}</arg>
<doc>Waits until the element ``locator`` is not visible.</doc>
<status status="PASS" start="2026-06-13T23:42:34.100686" elapsed="0.021197"/>
</kw>
<status status="PASS" start="2026-06-13T23:42:30.858068" elapsed="3.264267"/>
</kw>
<status status="PASS" start="2026-06-13T23:42:30.534252" elapsed="3.588403"/>
</kw>
<kw name="Wait For Page Ready" owner="AdmitHis-UI-keywords">
<kw name="Run Keyword And Ignore Error" owner="BuiltIn">
<kw name="Wait Until Page Contains Element" owner="SeleniumLibrary">
<msg time="2026-06-13T23:42:37.227823" level="FAIL">Element 'css=.ngx-spinner-overlay,.loading-overlay,.spinner,.mat-progress-spinner,.cdk-overlay-backdrop' did not appear in 3 seconds.</msg>
<arg>${GLOBAL_SPINNER}</arg>
<arg>3</arg>
<doc>Waits until the element ``locator`` appears on the current page.</doc>
<status status="FAIL" start="2026-06-13T23:42:34.125633" elapsed="3.119239">Element 'css=.ngx-spinner-overlay,.loading-overlay,.spinner,.mat-progress-spinner,.cdk-overlay-backdrop' did not appear in 3 seconds.</status>
</kw>
<arg>Wait Until Page Contains Element</arg>
<arg>${GLOBAL_SPINNER}</arg>
<arg>3</arg>
<doc>Runs the given keyword with the given arguments and ignores possible error.</doc>
<status status="PASS" start="2026-06-13T23:42:34.124387" elapsed="3.121203"/>
</kw>
<kw name="Wait Until Element Is Not Visible" owner="SeleniumLibrary">
<arg>${GLOBAL_SPINNER}</arg>
<arg>${timeout}</arg>
<doc>Waits until the element ``locator`` is not visible.</doc>
<status status="PASS" start="2026-06-13T23:42:37.246422" elapsed="0.023860"/>
</kw>
<status status="PASS" start="2026-06-13T23:42:34.123187" elapsed="3.147540"/>
</kw>
<kw name="Wait For Spinner Hidden" owner="AdmitHis-UI-keywords">
<kw name="Wait Until Element Is Not Visible" owner="SeleniumLibrary">
<arg>css=div.back-spenner.ng-star-inserted</arg>
<arg>1000</arg>
<doc>Waits until the element ``locator`` is not visible.</doc>
<status status="PASS" start="2026-06-13T23:42:37.272363" elapsed="0.016496"/>
</kw>
<doc>صبر کردن تا loading Angular ناپدید شود</doc>
<status status="PASS" start="2026-06-13T23:42:37.271257" elapsed="0.018041"/>
</kw>
<kw name="Input Text" owner="SeleniumLibrary">
<msg time="2026-06-13T23:42:37.290899" level="INFO">Typing text '1520554001' into text field 'xpath=//input[@formcontrolname='nationalCode']'.</msg>
<arg>xpath=//input[@formcontrolname='nationalCode']</arg>
<arg>${nationalCode}</arg>
<doc>Types the given ``text`` into the text field identified by ``locator``.</doc>
<status status="PASS" start="2026-06-13T23:42:37.289784" elapsed="0.216584"/>
</kw>
<kw name="Wait For Page Ready" owner="AdmitHis-UI-keywords">
<kw name="Run Keyword And Ignore Error" owner="BuiltIn">
<kw name="Wait Until Page Contains Element" owner="SeleniumLibrary">
<msg time="2026-06-13T23:42:40.633725" level="FAIL">Element 'css=.ngx-spinner-overlay,.loading-overlay,.spinner,.mat-progress-spinner,.cdk-overlay-backdrop' did not appear in 3 seconds.</msg>
<arg>${GLOBAL_SPINNER}</arg>
<arg>3</arg>
<doc>Waits until the element ``locator`` appears on the current page.</doc>
<status status="FAIL" start="2026-06-13T23:42:37.508514" elapsed="3.142010">Element 'css=.ngx-spinner-overlay,.loading-overlay,.spinner,.mat-progress-spinner,.cdk-overlay-backdrop' did not appear in 3 seconds.</status>
</kw>
<arg>Wait Until Page Contains Element</arg>
<arg>${GLOBAL_SPINNER}</arg>
<arg>3</arg>
<doc>Runs the given keyword with the given arguments and ignores possible error.</doc>
<status status="PASS" start="2026-06-13T23:42:37.507562" elapsed="3.144275"/>
</kw>
<kw name="Wait Until Element Is Not Visible" owner="SeleniumLibrary">
<arg>${GLOBAL_SPINNER}</arg>
<arg>${timeout}</arg>
<doc>Waits until the element ``locator`` is not visible.</doc>
<status status="PASS" start="2026-06-13T23:42:40.653440" elapsed="0.024029"/>
</kw>
<status status="PASS" start="2026-06-13T23:42:37.506789" elapsed="3.171098"/>
</kw>
<kw name="Click Element Safe" owner="AdmitHis-UI-keywords">
<kw name="Wait For Spinner Hidden" owner="AdmitHis-UI-keywords">
<kw name="Wait Until Element Is Not Visible" owner="SeleniumLibrary">
<arg>css=div.back-spenner.ng-star-inserted</arg>
<arg>1000</arg>
<doc>Waits until the element ``locator`` is not visible.</doc>
<status status="PASS" start="2026-06-13T23:42:40.680670" elapsed="0.015490"/>
</kw>
<doc>صبر کردن تا loading Angular ناپدید شود</doc>
<status status="PASS" start="2026-06-13T23:42:40.679670" elapsed="0.016982"/>
</kw>
<kw name="Wait Until Element Is Visible" owner="SeleniumLibrary">
<arg>${locator}</arg>
<doc>Waits until the element ``locator`` is visible.</doc>
<status status="PASS" start="2026-06-13T23:42:40.697094" elapsed="0.039465"/>
</kw>
<kw name="Wait Until Element Is Enabled" owner="SeleniumLibrary">
<arg>${locator}</arg>
<doc>Waits until the element ``locator`` is enabled.</doc>
<status status="PASS" start="2026-06-13T23:42:40.737228" elapsed="0.042824"/>
</kw>
<kw name="Scroll Element Into View" owner="SeleniumLibrary">
<arg>${locator}</arg>
<doc>Scrolls the element identified by ``locator`` into view.</doc>
<status status="PASS" start="2026-06-13T23:42:40.780593" elapsed="0.354051"/>
</kw>
<kw name="Click Element" owner="SeleniumLibrary">
<msg time="2026-06-13T23:42:41.137362" level="INFO">Clicking element 'xpath=//button[contains(@class,'btn-warning') and .//mat-icon[.='search']]'.</msg>
<arg>${locator}</arg>
<doc>Click the element identified by ``locator``.</doc>
<status status="PASS" start="2026-06-13T23:42:41.135737" elapsed="0.184498"/>
</kw>
<arg>xpath=//button[contains(@class,'btn-warning') and .//mat-icon[.='search']]</arg>
<status status="PASS" start="2026-06-13T23:42:40.678418" elapsed="0.642104"/>
</kw>
<kw name="Wait For Page Ready" owner="AdmitHis-UI-keywords">
<kw name="Run Keyword And Ignore Error" owner="BuiltIn">
<kw name="Wait Until Page Contains Element" owner="SeleniumLibrary">
<msg time="2026-06-13T23:42:44.505093" level="FAIL">Element 'css=.ngx-spinner-overlay,.loading-overlay,.spinner,.mat-progress-spinner,.cdk-overlay-backdrop' did not appear in 3 seconds.</msg>
<arg>${GLOBAL_SPINNER}</arg>
<arg>3</arg>
<doc>Waits until the element ``locator`` appears on the current page.</doc>
<status status="FAIL" start="2026-06-13T23:42:41.322839" elapsed="3.195993">Element 'css=.ngx-spinner-overlay,.loading-overlay,.spinner,.mat-progress-spinner,.cdk-overlay-backdrop' did not appear in 3 seconds.</status>
</kw>
<arg>Wait Until Page Contains Element</arg>
<arg>${GLOBAL_SPINNER}</arg>
<arg>3</arg>
<doc>Runs the given keyword with the given arguments and ignores possible error.</doc>
<status status="PASS" start="2026-06-13T23:42:41.321886" elapsed="3.197369"/>
</kw>
<kw name="Wait Until Element Is Not Visible" owner="SeleniumLibrary">
<arg>${GLOBAL_SPINNER}</arg>
<arg>${timeout}</arg>
<doc>Waits until the element ``locator`` is not visible.</doc>
<status status="PASS" start="2026-06-13T23:42:44.519742" elapsed="0.021800"/>
</kw>
<status status="PASS" start="2026-06-13T23:42:41.320893" elapsed="3.221065"/>
</kw>
<kw name="Wait For Spinner Hidden" owner="AdmitHis-UI-keywords">
<kw name="Wait Until Element Is Not Visible" owner="SeleniumLibrary">
<arg>css=div.back-spenner.ng-star-inserted</arg>
<arg>1000</arg>
<doc>Waits until the element ``locator`` is not visible.</doc>
<status status="PASS" start="2026-06-13T23:42:44.543443" elapsed="1.474774"/>
</kw>
<doc>صبر کردن تا loading Angular ناپدید شود</doc>
<status status="PASS" start="2026-06-13T23:42:44.542451" elapsed="1.476282"/>
</kw>
<kw name="Set Variable" owner="BuiltIn">
<msg time="2026-06-13T23:42:46.020836" level="INFO">${row_xpath} = //tr[.//td[contains(normalize-space(), '1520554001')]]</msg>
<var>${row_xpath}</var>
<arg>//tr[.//td[contains(normalize-space(), '${nationalCode}')]]</arg>
<doc>Returns the given values which can then be assigned to a variables.</doc>
<status status="PASS" start="2026-06-13T23:42:46.019311" elapsed="0.001952"/>
</kw>
<kw name="Wait Until Keyword Succeeds" owner="BuiltIn">
<kw name="Element Should Be Visible" owner="SeleniumLibrary">
<msg time="2026-06-13T23:42:46.058732" level="INFO">Element '//tr[.//td[contains(normalize-space(), '1520554001')]]' is displayed.</msg>
<arg>${row_xpath}</arg>
<doc>Verifies that the element identified by ``locator`` is visible.</doc>
<status status="PASS" start="2026-06-13T23:42:46.023976" elapsed="0.035063"/>
</kw>
<arg>3x</arg>
<arg>5s</arg>
<arg>Element Should Be Visible</arg>
<arg>${row_xpath}</arg>
<doc>Runs the specified keyword and retries if it fails.</doc>
<status status="PASS" start="2026-06-13T23:42:46.021870" elapsed="0.037406"/>
</kw>
<kw name="Double Click Element" owner="SeleniumLibrary">
<msg time="2026-06-13T23:42:46.060352" level="INFO">Double clicking element '//tr[.//td[contains(normalize-space(), '1520554001')]]'.</msg>
<arg>${row_xpath}</arg>
<doc>Double clicks the element identified by ``locator``.</doc>
<status status="PASS" start="2026-06-13T23:42:46.059589" elapsed="0.402639"/>
</kw>
<kw name="Wait Until Element Is Visible" owner="SeleniumLibrary">
<arg>xpath=//button[normalize-space(text())='پرداخت']</arg>
<arg>30s</arg>
<doc>Waits until the element ``locator`` is visible.</doc>
<status status="PASS" start="2026-06-13T23:42:46.462508" elapsed="0.045244"/>
</kw>
<kw name="Click Element Safe" owner="AdmitHis-UI-keywords">
<kw name="Wait For Spinner Hidden" owner="AdmitHis-UI-keywords">
<kw name="Wait Until Element Is Not Visible" owner="SeleniumLibrary">
<arg>css=div.back-spenner.ng-star-inserted</arg>
<arg>1000</arg>
<doc>Waits until the element ``locator`` is not visible.</doc>
<status status="PASS" start="2026-06-13T23:42:46.509413" elapsed="0.007143"/>
</kw>
<doc>صبر کردن تا loading Angular ناپدید شود</doc>
<status status="PASS" start="2026-06-13T23:42:46.508963" elapsed="0.007811"/>
</kw>
<kw name="Wait Until Element Is Visible" owner="SeleniumLibrary">
<arg>${locator}</arg>
<doc>Waits until the element ``locator`` is visible.</doc>
<status status="PASS" start="2026-06-13T23:42:46.517096" elapsed="0.015587"/>
</kw>
<kw name="Wait Until Element Is Enabled" owner="SeleniumLibrary">
<arg>${locator}</arg>
<doc>Waits until the element ``locator`` is enabled.</doc>
<status status="PASS" start="2026-06-13T23:42:46.532957" elapsed="0.023228"/>
</kw>
<kw name="Scroll Element Into View" owner="SeleniumLibrary">
<arg>${locator}</arg>
<doc>Scrolls the element identified by ``locator`` into view.</doc>
<status status="PASS" start="2026-06-13T23:42:46.556555" elapsed="0.328377"/>
</kw>
<kw name="Click Element" owner="SeleniumLibrary">
<msg time="2026-06-13T23:42:46.887415" level="INFO">Clicking element 'xpath=//button[normalize-space(text())='پرداخت']'.</msg>
<arg>${locator}</arg>
<doc>Click the element identified by ``locator``.</doc>
<status status="PASS" start="2026-06-13T23:42:46.885793" elapsed="0.146268"/>
</kw>
<arg>xpath=//button[normalize-space(text())='پرداخت']</arg>
<status status="PASS" start="2026-06-13T23:42:46.508221" elapsed="0.524140"/>
</kw>
<kw name="Wait For Page Ready" owner="AdmitHis-UI-keywords">
<kw name="Run Keyword And Ignore Error" owner="BuiltIn">
<kw name="Wait Until Page Contains Element" owner="SeleniumLibrary">
<msg time="2026-06-13T23:42:50.216744" level="FAIL">Element 'css=.ngx-spinner-overlay,.loading-overlay,.spinner,.mat-progress-spinner,.cdk-overlay-backdrop' did not appear in 3 seconds.</msg>
<arg>${GLOBAL_SPINNER}</arg>
<arg>3</arg>
<doc>Waits until the element ``locator`` appears on the current page.</doc>
<status status="FAIL" start="2026-06-13T23:42:47.035913" elapsed="3.198039">Element 'css=.ngx-spinner-overlay,.loading-overlay,.spinner,.mat-progress-spinner,.cdk-overlay-backdrop' did not appear in 3 seconds.</status>
</kw>
<arg>Wait Until Page Contains Element</arg>
<arg>${GLOBAL_SPINNER}</arg>
<arg>3</arg>
<doc>Runs the given keyword with the given arguments and ignores possible error.</doc>
<status status="PASS" start="2026-06-13T23:42:47.034809" elapsed="3.199847"/>
</kw>
<kw name="Wait Until Element Is Not Visible" owner="SeleniumLibrary">
<arg>${GLOBAL_SPINNER}</arg>
<arg>${timeout}</arg>
<doc>Waits until the element ``locator`` is not visible.</doc>
<status status="PASS" start="2026-06-13T23:42:50.235483" elapsed="0.020616"/>
</kw>
<status status="PASS" start="2026-06-13T23:42:47.032858" elapsed="3.223673"/>
</kw>
<kw name="Click Element Safe" owner="AdmitHis-UI-keywords">
<kw name="Wait For Spinner Hidden" owner="AdmitHis-UI-keywords">
<kw name="Wait Until Element Is Not Visible" owner="SeleniumLibrary">
<arg>css=div.back-spenner.ng-star-inserted</arg>
<arg>1000</arg>
<doc>Waits until the element ``locator`` is not visible.</doc>
<status status="PASS" start="2026-06-13T23:42:50.259418" elapsed="0.015554"/>
</kw>
<doc>صبر کردن تا loading Angular ناپدید شود</doc>
<status status="PASS" start="2026-06-13T23:42:50.258413" elapsed="0.017005"/>
</kw>
<kw name="Wait Until Element Is Visible" owner="SeleniumLibrary">
<arg>${locator}</arg>
<doc>Waits until the element ``locator`` is visible.</doc>
<status status="PASS" start="2026-06-13T23:42:50.275904" elapsed="0.081349"/>
</kw>
<kw name="Wait Until Element Is Enabled" owner="SeleniumLibrary">
<arg>${locator}</arg>
<doc>Waits until the element ``locator`` is enabled.</doc>
<status status="PASS" start="2026-06-13T23:42:50.357513" elapsed="0.020836"/>
</kw>
<kw name="Scroll Element Into View" owner="SeleniumLibrary">
<arg>${locator}</arg>
<doc>Scrolls the element identified by ``locator`` into view.</doc>
<status status="PASS" start="2026-06-13T23:42:50.378598" elapsed="0.287547"/>
</kw>
<kw name="Click Element" owner="SeleniumLibrary">
<msg time="2026-06-13T23:42:50.668792" level="INFO">Clicking element 'xpath=//button[contains(@class,'swal2-confirm') and normalize-space(.)='بله']'.</msg>
<arg>${locator}</arg>
<doc>Click the element identified by ``locator``.</doc>
<status status="PASS" start="2026-06-13T23:42:50.667149" elapsed="0.149610"/>
</kw>
<arg>xpath=//button[contains(@class,'swal2-confirm') and normalize-space(.)='بله']</arg>
<status status="PASS" start="2026-06-13T23:42:50.257179" elapsed="0.559786"/>
</kw>
<arg>${nationalCode}</arg>
<doc>Open Cash App, search patient by national code and complete payment flow</doc>
<status status="PASS" start="2026-06-13T23:42:27.427841" elapsed="23.389260"/>
</kw>
<doc>باز کردن صندوق و دریافت پیش پرداخت بیمار پری ادمیت</doc>
<tag>preadmit</tag>
<tag>step07</tag>
<tag>UI_Test</tag>
<status status="PASS" start="2026-06-13T23:42:27.418514" elapsed="23.398993"/>
</test>
<test id="s1-s1-t8" name="08-UI - go to inpatient list" line="107">
<kw name="Disable Screenshots" owner="AdmitHis-UI-keywords">
<kw name="Register Keyword To Run On Failure" owner="SeleniumLibrary">
<msg time="2026-06-13T23:42:50.841290" level="INFO">No keyword will be run on failure.</msg>
<arg>NONE</arg>
<doc>Sets the keyword to execute, when a SeleniumLibrary keyword fails.</doc>
<status status="PASS" start="2026-06-13T23:42:50.840500" elapsed="0.001101"/>
</kw>
<status status="PASS" start="2026-06-13T23:42:50.839728" elapsed="0.002154"/>
</kw>
<kw name="Wait For Page Ready" owner="AdmitHis-UI-keywords">
<kw name="Run Keyword And Ignore Error" owner="BuiltIn">
<kw name="Wait Until Page Contains Element" owner="SeleniumLibrary">
<msg time="2026-06-13T23:42:54.030171" level="FAIL">Element 'css=.ngx-spinner-overlay,.loading-overlay,.spinner,.mat-progress-spinner,.cdk-overlay-backdrop' did not appear in 3 seconds.</msg>
<arg>${GLOBAL_SPINNER}</arg>
<arg>3</arg>
<doc>Waits until the element ``locator`` appears on the current page.</doc>
<status status="FAIL" start="2026-06-13T23:42:50.844391" elapsed="3.196332">Element 'css=.ngx-spinner-overlay,.loading-overlay,.spinner,.mat-progress-spinner,.cdk-overlay-backdrop' did not appear in 3 seconds.</status>
</kw>
<arg>Wait Until Page Contains Element</arg>
<arg>${GLOBAL_SPINNER}</arg>
<arg>3</arg>
<doc>Runs the given keyword with the given arguments and ignores possible error.</doc>
<status status="PASS" start="2026-06-13T23:42:50.843410" elapsed="3.197716"/>
</kw>
<kw name="Wait Until Element Is Not Visible" owner="SeleniumLibrary">
<arg>${GLOBAL_SPINNER}</arg>
<arg>${timeout}</arg>
<doc>Waits until the element ``locator`` is not visible.</doc>
<status status="PASS" start="2026-06-13T23:42:54.041543" elapsed="0.012075"/>
</kw>
<status status="PASS" start="2026-06-13T23:42:50.842464" elapsed="3.211374"/>
</kw>
<kw name="Switch To AdmitHis App" owner="AdmitHis-UI-keywords">
<kw name="Go To" owner="SeleniumLibrary">
<msg time="2026-06-13T23:42:54.055592" level="INFO">Opening url 'http://192.168.5.19:8019/filing'</msg>
<arg>${AdmitHis_App_URL}</arg>
<doc>Navigates the current browser window to the provided ``url``.</doc>
<status status="PASS" start="2026-06-13T23:42:54.054964" elapsed="0.159686"/>
</kw>
<kw name="Wait Until Location Contains" owner="SeleniumLibrary">
<arg>8019</arg>
<doc>Waits until the current URL contains ``expected``.</doc>
<status status="PASS" start="2026-06-13T23:42:54.214906" elapsed="0.006486"/>
</kw>
<kw name="Wait For Spinner Hidden" owner="AdmitHis-UI-keywords">
<kw name="Wait Until Element Is Not Visible" owner="SeleniumLibrary">
<arg>css=div.back-spenner.ng-star-inserted</arg>
<arg>1000</arg>
<doc>Waits until the element ``locator`` is not visible.</doc>
<status status="PASS" start="2026-06-13T23:42:54.222146" elapsed="0.005895"/>
</kw>
<doc>صبر کردن تا loading Angular ناپدید شود</doc>
<status status="PASS" start="2026-06-13T23:42:54.221665" elapsed="0.006583"/>
</kw>
<kw name="Wait For Page Ready" owner="AdmitHis-UI-keywords">
<kw name="Run Keyword And Ignore Error" owner="BuiltIn">
<kw name="Wait Until Page Contains Element" owner="SeleniumLibrary">
<msg time="2026-06-13T23:42:57.312292" level="FAIL">Element 'css=.ngx-spinner-overlay,.loading-overlay,.spinner,.mat-progress-spinner,.cdk-overlay-backdrop' did not appear in 3 seconds.</msg>
<arg>${GLOBAL_SPINNER}</arg>
<arg>3</arg>
<doc>Waits until the element ``locator`` appears on the current page.</doc>
<status status="FAIL" start="2026-06-13T23:42:54.229438" elapsed="3.101647">Element 'css=.ngx-spinner-overlay,.loading-overlay,.spinner,.mat-progress-spinner,.cdk-overlay-backdrop' did not appear in 3 seconds.</status>
</kw>
<arg>Wait Until Page Contains Element</arg>
<arg>${GLOBAL_SPINNER}</arg>
<arg>3</arg>
<doc>Runs the given keyword with the given arguments and ignores possible error.</doc>
<status status="PASS" start="2026-06-13T23:42:54.228974" elapsed="3.102816"/>
</kw>
<kw name="Wait Until Element Is Not Visible" owner="SeleniumLibrary">
<arg>${GLOBAL_SPINNER}</arg>
<arg>${timeout}</arg>
<doc>Waits until the element ``locator`` is not visible.</doc>
<status status="PASS" start="2026-06-13T23:42:57.332682" elapsed="0.014287"/>
</kw>
<status status="PASS" start="2026-06-13T23:42:54.228484" elapsed="3.118827"/>
</kw>
<status status="PASS" start="2026-06-13T23:42:54.054356" elapsed="3.293193"/>
</kw>
<kw name="Click Element Safe" owner="AdmitHis-UI-keywords">
<kw name="Wait For Spinner Hidden" owner="AdmitHis-UI-keywords">
<kw name="Wait Until Element Is Not Visible" owner="SeleniumLibrary">
<arg>css=div.back-spenner.ng-star-inserted</arg>
<arg>1000</arg>
<doc>Waits until the element ``locator`` is not visible.</doc>
<status status="PASS" start="2026-06-13T23:42:57.350088" elapsed="0.014861"/>
</kw>
<doc>صبر کردن تا loading Angular ناپدید شود</doc>
<status status="PASS" start="2026-06-13T23:42:57.349338" elapsed="0.016216"/>
</kw>
<kw name="Wait Until Element Is Visible" owner="SeleniumLibrary">
<arg>${locator}</arg>
<doc>Waits until the element ``locator`` is visible.</doc>
<status status="PASS" start="2026-06-13T23:42:57.366436" elapsed="3.245143"/>
</kw>
<kw name="Wait Until Element Is Enabled" owner="SeleniumLibrary">
<arg>${locator}</arg>
<doc>Waits until the element ``locator`` is enabled.</doc>
<status status="PASS" start="2026-06-13T23:43:00.612102" elapsed="0.022305"/>
</kw>
<kw name="Scroll Element Into View" owner="SeleniumLibrary">
<arg>${locator}</arg>
<doc>Scrolls the element identified by ``locator`` into view.</doc>
<status status="PASS" start="2026-06-13T23:43:00.635279" elapsed="0.336542"/>
</kw>
<kw name="Click Element" owner="SeleniumLibrary">
[...]
<var>${class}</var>
<arg>${field}</arg>
<arg>class</arg>
<doc>Returns the value of ``attribute`` from the element ``locator``.</doc>
<status status="PASS" start="2026-06-13T23:45:51.563741" elapsed="0.010483"/>
</kw>
<kw name="Run Keyword And Return Status" owner="BuiltIn">
<kw name="Should Contain" owner="BuiltIn">
<msg time="2026-06-13T23:45:51.575956" level="FAIL">'mat-input-element mat-form-field-autofill-control ng-tns-c89-143 ng-untouched ng-pristine ng-valid cdk-text-field-autofill-monitored' does not contain 'disabled'</msg>
<arg>${class}</arg>
<arg>disabled</arg>
<doc>Fails if ``container`` does not contain ``item`` one or more times.</doc>
<status status="FAIL" start="2026-06-13T23:45:51.575091" elapsed="0.003940">'mat-input-element mat-form-field-autofill-control ng-tns-c89-143 ng-untouched ng-pristine ng-valid cdk-text-field-autofill-monitored' does not contain 'disabled'</status>
</kw>
<msg time="2026-06-13T23:45:51.579328" level="INFO">${has_disabled_class} = False</msg>
<var>${has_disabled_class}</var>
<arg>Should Contain</arg>
<arg>${class}</arg>
<arg>disabled</arg>
<doc>Runs the specified keyword and returns the status as a Boolean value.</doc>
<status status="PASS" start="2026-06-13T23:45:51.574461" elapsed="0.005186"/>
</kw>
<kw name="Evaluate" owner="BuiltIn">
<msg time="2026-06-13T23:45:51.580764" level="INFO">${is_disabled} = True</msg>
<var>${is_disabled}</var>
<arg>${selenium_disabled} or ${has_disabled_class}</arg>
<doc>Evaluates the given expression in Python and returns the result.</doc>
<status status="PASS" start="2026-06-13T23:45:51.580001" elapsed="0.000983"/>
</kw>
<if>
<branch type="IF" condition="not ${is_disabled}">
<kw name="Fail" owner="BuiltIn">
<arg>Field should be disabled but is enabled: ${field}</arg>
<doc>Fails the test with the given message and optionally alters its tags.</doc>
<status status="NOT RUN" start="2026-06-13T23:45:51.581896" elapsed="0.000284"/>
</kw>
<status status="NOT RUN" start="2026-06-13T23:45:51.581323" elapsed="0.001019"/>
</branch>
<status status="PASS" start="2026-06-13T23:45:51.581285" elapsed="0.001182"/>
</if>
<var name="${field}">//input[@formcontrolname='prepaymentDoctor']</var>
<status status="PASS" start="2026-06-13T23:45:51.447291" elapsed="0.135234"/>
</iter>
<iter>
<kw name="Wait Until Element Is Visible" owner="SeleniumLibrary">
<arg>${field}</arg>
<arg>10s</arg>
<doc>Waits until the element ``locator`` is visible.</doc>
<status status="PASS" start="2026-06-13T23:45:51.583222" elapsed="0.014240"/>
</kw>
<kw name="Run Keyword And Return Status" owner="BuiltIn">
<kw name="Element Should Be Disabled" owner="SeleniumLibrary">
<msg time="2026-06-13T23:45:51.612306" level="FAIL">Element '//ng-select[@formcontrolname='doctorField']' is enabled.</msg>
<arg>${field}</arg>
<doc>Verifies that element identified by ``locator`` is disabled.</doc>
<status status="FAIL" start="2026-06-13T23:45:51.598279" elapsed="0.018443">Element '//ng-select[@formcontrolname='doctorField']' is enabled.</status>
</kw>
<msg time="2026-06-13T23:45:51.617158" level="INFO">${selenium_disabled} = False</msg>
<var>${selenium_disabled}</var>
<arg>Element Should Be Disabled</arg>
<arg>${field}</arg>
<doc>Runs the specified keyword and returns the status as a Boolean value.</doc>
<status status="PASS" start="2026-06-13T23:45:51.597726" elapsed="0.019745"/>
</kw>
<kw name="Get Element Attribute" owner="SeleniumLibrary">
<msg time="2026-06-13T23:45:51.628309" level="INFO">${class} = required ng-select-searchable ng-select-clearable ng-select ng-select-single ng-untouched ng-pristine ng-select-disabled ng-valid</msg>
<var>${class}</var>
<arg>${field}</arg>
<arg>class</arg>
<doc>Returns the value of ``attribute`` from the element ``locator``.</doc>
<status status="PASS" start="2026-06-13T23:45:51.617803" elapsed="0.010664"/>
</kw>
<kw name="Run Keyword And Return Status" owner="BuiltIn">
<kw name="Should Contain" owner="BuiltIn">
<arg>${class}</arg>
<arg>disabled</arg>
<doc>Fails if ``container`` does not contain ``item`` one or more times.</doc>
<status status="PASS" start="2026-06-13T23:45:51.629335" elapsed="0.000822"/>
</kw>
<msg time="2026-06-13T23:45:51.630390" level="INFO">${has_disabled_class} = True</msg>
<var>${has_disabled_class}</var>
<arg>Should Contain</arg>
<arg>${class}</arg>
<arg>disabled</arg>
<doc>Runs the specified keyword and returns the status as a Boolean value.</doc>
<status status="PASS" start="2026-06-13T23:45:51.628717" elapsed="0.001929"/>
</kw>
<kw name="Evaluate" owner="BuiltIn">
<msg time="2026-06-13T23:45:51.631800" level="INFO">${is_disabled} = True</msg>
<var>${is_disabled}</var>
<arg>${selenium_disabled} or ${has_disabled_class}</arg>
<doc>Evaluates the given expression in Python and returns the result.</doc>
<status status="PASS" start="2026-06-13T23:45:51.630887" elapsed="0.001184"/>
</kw>
<if>
<branch type="IF" condition="not ${is_disabled}">
<kw name="Fail" owner="BuiltIn">
<arg>Field should be disabled but is enabled: ${field}</arg>
<doc>Fails the test with the given message and optionally alters its tags.</doc>
<status status="NOT RUN" start="2026-06-13T23:45:51.632839" elapsed="0.000340"/>
</kw>
<status status="NOT RUN" start="2026-06-13T23:45:51.632283" elapsed="0.001024"/>
</branch>
<status status="PASS" start="2026-06-13T23:45:51.632248" elapsed="0.001126"/>
</if>
<var name="${field}">//ng-select[@formcontrolname='doctorField']</var>
<status status="PASS" start="2026-06-13T23:45:51.582908" elapsed="0.050499"/>
</iter>
<var>${field}</var>
<value>@{fields}</value>
<status status="PASS" start="2026-06-13T23:45:50.896876" elapsed="0.736604"/>
</for>
<arg>//ng-select[@formcontrolname='typeOfAdmission']</arg>
<arg>//ng-select[@formcontrolname='priorityHospitalization']</arg>
<arg>//ng-select[@formcontrolname='patientClass']</arg>
<arg>//ng-select[@formcontrolname='firstRecognition']</arg>
<arg>//ng-select[@formcontrolname='howToRefer']</arg>
<arg>//ng-select[@formcontrolname='causeOfHospitalization']</arg>
<arg>//input[@formcontrolname='wardfileText']</arg>
<arg>//input[@formcontrolname='bedNumberText']</arg>
<arg>//input[@formcontrolname='prepayment']</arg>
<arg>//input[@formcontrolname='prepaymentDoctor']</arg>
<arg>//ng-select[@formcontrolname='doctorField']</arg>
<doc>چک می‌کند که تمام فیلدهای ارسال‌شده واقعاً غیرفعال باشند</doc>
<status status="PASS" start="2026-06-13T23:45:50.894967" elapsed="0.738632"/>
</kw>
<kw name="Select From Ng Select" owner="AdmitHis-UI-keywords">
<kw name="Wait For Spinner Hidden" owner="AdmitHis-UI-keywords">
<kw name="Wait Until Element Is Not Visible" owner="SeleniumLibrary">
<arg>css=div.back-spenner.ng-star-inserted</arg>
<arg>1000</arg>
<doc>Waits until the element ``locator`` is not visible.</doc>
<status status="PASS" start="2026-06-13T23:45:51.634999" elapsed="0.005358"/>
</kw>
<doc>صبر کردن تا loading Angular ناپدید شود</doc>
<status status="PASS" start="2026-06-13T23:45:51.634603" elapsed="0.006106"/>
</kw>
<kw name="Wait Until Element Is Visible" owner="SeleniumLibrary">
<arg>css=ng-select[formcontrolname='${formcontrol}']</arg>
<doc>Waits until the element ``locator`` is visible.</doc>
<status status="PASS" start="2026-06-13T23:45:51.641027" elapsed="0.010569"/>
</kw>
<kw name="Click Element" owner="SeleniumLibrary">
<msg time="2026-06-13T23:45:51.652333" level="INFO">Clicking element 'css=ng-select[formcontrolname='responsiblePatient']'.</msg>
<arg>css=ng-select[formcontrolname='${formcontrol}']</arg>
<doc>Click the element identified by ``locator``.</doc>
<status status="PASS" start="2026-06-13T23:45:51.651853" elapsed="0.096641"/>
</kw>
<kw name="Wait Until Element Is Visible" owner="SeleniumLibrary">
<arg>css=ng-select[formcontrolname='${formcontrol}'] input[type='text']</arg>
<doc>Waits until the element ``locator`` is visible.</doc>
<status status="PASS" start="2026-06-13T23:45:51.748922" elapsed="0.022029"/>
</kw>
<kw name="Input Text" owner="SeleniumLibrary">
<msg time="2026-06-13T23:45:51.772529" level="INFO">Typing text 'همسر' into text field 'css=ng-select[formcontrolname='responsiblePatient'] input[type='text']'.</msg>
<arg>css=ng-select[formcontrolname='${formcontrol}'] input[type='text']</arg>
<arg>${value}</arg>
<doc>Types the given ``text`` into the text field identified by ``locator``.</doc>
<status status="PASS" start="2026-06-13T23:45:51.771510" elapsed="0.080614"/>
</kw>
<kw name="Wait Until Element Is Visible" owner="SeleniumLibrary">
<arg>xpath=//div[contains(@class,'ng-option') and contains(normalize-space(.), '${value}')]</arg>
<doc>Waits until the element ``locator`` is visible.</doc>
<status status="PASS" start="2026-06-13T23:45:51.852402" elapsed="0.058336"/>
</kw>
<kw name="Click Element" owner="SeleniumLibrary">
<msg time="2026-06-13T23:45:51.911473" level="INFO">Clicking element 'xpath=//div[contains(@class,'ng-option') and contains(normalize-space(.), 'همسر')]'.</msg>
<arg>xpath=//div[contains(@class,'ng-option') and contains(normalize-space(.), '${value}')]</arg>
<doc>Click the element identified by ``locator``.</doc>
<status status="PASS" start="2026-06-13T23:45:51.910991" elapsed="0.053883"/>
</kw>
<kw name="Press Keys" owner="SeleniumLibrary">
<msg time="2026-06-13T23:45:51.965629" level="INFO">Sending key(s) ('TAB',) to css=ng-select[formcontrolname='responsiblePatient'] input[type='text'] element.</msg>
<msg time="2026-06-13T23:45:52.262360" level="INFO">Pressing special key TAB to element.</msg>
<msg time="2026-06-13T23:45:52.263038" level="INFO">Releasing special key TAB.</msg>
<arg>css=ng-select[formcontrolname='${formcontrol}'] input[type='text']</arg>
<arg>TAB</arg>
<doc>Simulates the user pressing key(s) to an element or on the active browser.</doc>
<status status="PASS" start="2026-06-13T23:45:51.965126" elapsed="0.326913"/>
</kw>
<arg>responsiblePatient</arg>
<arg>همسر</arg>
<status status="PASS" start="2026-06-13T23:45:51.634047" elapsed="0.658204"/>
</kw>
<kw name="Wait For Page Ready" owner="AdmitHis-UI-keywords">
<kw name="Run Keyword And Ignore Error" owner="BuiltIn">
<kw name="Wait Until Page Contains Element" owner="SeleniumLibrary">
<msg time="2026-06-13T23:45:55.384061" level="FAIL">Element 'css=.ngx-spinner-overlay,.loading-overlay,.spinner,.mat-progress-spinner,.cdk-overlay-backdrop' did not appear in 3 seconds.</msg>
<arg>${GLOBAL_SPINNER}</arg>
<arg>3</arg>
<doc>Waits until the element ``locator`` appears on the current page.</doc>
<status status="FAIL" start="2026-06-13T23:45:52.294080" elapsed="3.107776">Element 'css=.ngx-spinner-overlay,.loading-overlay,.spinner,.mat-progress-spinner,.cdk-overlay-backdrop' did not appear in 3 seconds.</status>
</kw>
<arg>Wait Until Page Contains Element</arg>
<arg>${GLOBAL_SPINNER}</arg>
<arg>3</arg>
<doc>Runs the given keyword with the given arguments and ignores possible error.</doc>
<status status="PASS" start="2026-06-13T23:45:52.293392" elapsed="3.109023"/>
</kw>
<kw name="Wait Until Element Is Not Visible" owner="SeleniumLibrary">
<arg>${GLOBAL_SPINNER}</arg>
<arg>${timeout}</arg>
<doc>Waits until the element ``locator`` is not visible.</doc>
<status status="PASS" start="2026-06-13T23:45:55.403079" elapsed="0.016242"/>
</kw>
<status status="PASS" start="2026-06-13T23:45:52.292684" elapsed="3.127438"/>
</kw>
<kw name="Click Element Safe" owner="AdmitHis-UI-keywords">
<kw name="Wait For Spinner Hidden" owner="AdmitHis-UI-keywords">
<kw name="Wait Until Element Is Not Visible" owner="SeleniumLibrary">
<arg>css=div.back-spenner.ng-star-inserted</arg>
<arg>1000</arg>
<doc>Waits until the element ``locator`` is not visible.</doc>
<status status="PASS" start="2026-06-13T23:45:55.423810" elapsed="0.013273"/>
</kw>
<doc>صبر کردن تا loading Angular ناپدید شود</doc>
<status status="PASS" start="2026-06-13T23:45:55.422780" elapsed="0.015065"/>
</kw>
<kw name="Wait Until Element Is Visible" owner="SeleniumLibrary">
<arg>${locator}</arg>
<doc>Waits until the element ``locator`` is visible.</doc>
<status status="PASS" start="2026-06-13T23:45:55.438541" elapsed="0.024005"/>
</kw>
<kw name="Wait Until Element Is Enabled" owner="SeleniumLibrary">
<arg>${locator}</arg>
<doc>Waits until the element ``locator`` is enabled.</doc>
<status status="PASS" start="2026-06-13T23:45:55.462940" elapsed="0.033437"/>
</kw>
<kw name="Scroll Element Into View" owner="SeleniumLibrary">
<arg>${locator}</arg>
<doc>Scrolls the element identified by ``locator`` into view.</doc>
<status status="PASS" start="2026-06-13T23:45:55.496753" elapsed="0.300308"/>
</kw>
<kw name="Click Element" owner="SeleniumLibrary">
<msg time="2026-06-13T23:45:55.798322" level="INFO">Clicking element 'css=button.btn-saveFile'.</msg>
<arg>${locator}</arg>
<doc>Click the element identified by ``locator``.</doc>
<status status="PASS" start="2026-06-13T23:45:55.797501" elapsed="0.157309"/>
</kw>
<arg>css=button.btn-saveFile</arg>
<status status="PASS" start="2026-06-13T23:45:55.421451" elapsed="0.533762"/>
</kw>
<kw name="Wait For Page Ready" owner="AdmitHis-UI-keywords">
<kw name="Run Keyword And Ignore Error" owner="BuiltIn">
<kw name="Wait Until Page Contains Element" owner="SeleniumLibrary">
<msg time="2026-06-13T23:45:58.961713" level="FAIL">Element 'css=.ngx-spinner-overlay,.loading-overlay,.spinner,.mat-progress-spinner,.cdk-overlay-backdrop' did not appear in 3 seconds.</msg>
<arg>${GLOBAL_SPINNER}</arg>
<arg>3</arg>
<doc>Waits until the element ``locator`` appears on the current page.</doc>
<status status="FAIL" start="2026-06-13T23:45:55.959556" elapsed="3.015744">Element 'css=.ngx-spinner-overlay,.loading-overlay,.spinner,.mat-progress-spinner,.cdk-overlay-backdrop' did not appear in 3 seconds.</status>
</kw>
<arg>Wait Until Page Contains Element</arg>
<arg>${GLOBAL_SPINNER}</arg>
<arg>3</arg>
<doc>Runs the given keyword with the given arguments and ignores possible error.</doc>
<status status="PASS" start="2026-06-13T23:45:55.956819" elapsed="3.019006"/>
</kw>
<kw name="Wait Until Element Is Not Visible" owner="SeleniumLibrary">
<arg>${GLOBAL_SPINNER}</arg>
<arg>${timeout}</arg>
<doc>Waits until the element ``locator`` is not visible.</doc>
<status status="PASS" start="2026-06-13T23:45:58.976328" elapsed="0.018656"/>
</kw>
<status status="PASS" start="2026-06-13T23:45:55.955823" elapsed="3.039566"/>
</kw>
<kw name="Click Element Safe" owner="AdmitHis-UI-keywords">
<kw name="Wait For Spinner Hidden" owner="AdmitHis-UI-keywords">
<kw name="Wait Until Element Is Not Visible" owner="SeleniumLibrary">
<arg>css=div.back-spenner.ng-star-inserted</arg>
<arg>1000</arg>
<doc>Waits until the element ``locator`` is not visible.</doc>
<status status="PASS" start="2026-06-13T23:45:58.999226" elapsed="3.869570"/>
</kw>
<doc>صبر کردن تا loading Angular ناپدید شود</doc>
<status status="PASS" start="2026-06-13T23:45:58.998505" elapsed="3.870671"/>
</kw>
<kw name="Wait Until Element Is Visible" owner="SeleniumLibrary">
<arg>${locator}</arg>
<doc>Waits until the element ``locator`` is visible.</doc>
<status status="PASS" start="2026-06-13T23:46:02.869629" elapsed="0.023257"/>
</kw>
<kw name="Wait Until Element Is Enabled" owner="SeleniumLibrary">
<arg>${locator}</arg>
<doc>Waits until the element ``locator`` is enabled.</doc>
<status status="PASS" start="2026-06-13T23:46:02.893143" elapsed="0.017151"/>
</kw>
<kw name="Scroll Element Into View" owner="SeleniumLibrary">
<arg>${locator}</arg>
<doc>Scrolls the element identified by ``locator`` into view.</doc>
<status status="PASS" start="2026-06-13T23:46:02.910569" elapsed="0.325497"/>
</kw>
<kw name="Click Element" owner="SeleniumLibrary">
<msg time="2026-06-13T23:46:03.238664" level="INFO">Clicking element 'css=button.swal2-deny.swal2-styled'.</msg>
<arg>${locator}</arg>
<doc>Click the element identified by ``locator``.</doc>
<status status="PASS" start="2026-06-13T23:46:03.237193" elapsed="0.118669"/>
</kw>
<arg>css=button.swal2-deny.swal2-styled</arg>
<status status="PASS" start="2026-06-13T23:45:58.997337" elapsed="4.358883"/>
</kw>
<kw name="Wait For Page Ready" owner="AdmitHis-UI-keywords">
<kw name="Run Keyword And Ignore Error" owner="BuiltIn">
<kw name="Wait Until Page Contains Element" owner="SeleniumLibrary">
<msg time="2026-06-13T23:46:06.570613" level="FAIL">Element 'css=.ngx-spinner-overlay,.loading-overlay,.spinner,.mat-progress-spinner,.cdk-overlay-backdrop' did not appear in 3 seconds.</msg>
<arg>${GLOBAL_SPINNER}</arg>
<arg>3</arg>
<doc>Waits until the element ``locator`` appears on the current page.</doc>
<status status="FAIL" start="2026-06-13T23:46:03.358378" elapsed="3.230800">Element 'css=.ngx-spinner-overlay,.loading-overlay,.spinner,.mat-progress-spinner,.cdk-overlay-backdrop' did not appear in 3 seconds.</status>
</kw>
<arg>Wait Until Page Contains Element</arg>
<arg>${GLOBAL_SPINNER}</arg>
<arg>3</arg>
<doc>Runs the given keyword with the given arguments and ignores possible error.</doc>
<status status="PASS" start="2026-06-13T23:46:03.357614" elapsed="3.231913"/>
</kw>
<kw name="Wait Until Element Is Not Visible" owner="SeleniumLibrary">
<arg>${GLOBAL_SPINNER}</arg>
<arg>${timeout}</arg>
<doc>Waits until the element ``locator`` is not visible.</doc>
<status status="PASS" start="2026-06-13T23:46:06.589979" elapsed="0.007845"/>
</kw>
<status status="PASS" start="2026-06-13T23:46:03.356897" elapsed="3.241154"/>
</kw>
<doc>ویرایش بیمار بستری</doc>
<tag>inpatient</tag>
<tag>step20</tag>
<tag>UI_Test</tag>
<status status="PASS" start="2026-06-13T23:45:31.715372" elapsed="34.883163"/>
</test>
<status status="FAIL" start="2026-06-13T23:41:15.252285" elapsed="291.353412"/>
</suite>
<status status="FAIL" start="2026-06-13T23:41:15.200649" elapsed="291.418739"/>
</suite>
<statistics>
<total>
<stat pass="17" fail="3" skip="0">All Tests</stat>
</total>
<tag>
<stat pass="8" fail="0" skip="0">inpatient</stat>
<stat pass="1" fail="0" skip="0">Open_Browser</stat>
<stat pass="9" fail="3" skip="0">preadmit</stat>
<stat pass="1" fail="0" skip="0">step01</stat>
<stat pass="1" fail="0" skip="0">STEP_01_Open_Browser</stat>
<stat pass="1" fail="0" skip="0">step02</stat>
<stat pass="1" fail="0" skip="0">step03</stat>
<stat pass="1" fail="0" skip="0">step04</stat>
<stat pass="1" fail="0" skip="0">step05</stat>
<stat pass="1" fail="0" skip="0">step06</stat>
<stat pass="1" fail="0" skip="0">step07</stat>
<stat pass="1" fail="0" skip="0">step08</stat>
<stat pass="1" fail="0" skip="0">step09</stat>
<stat pass="0" fail="1" skip="0">step10</stat>
<stat pass="0" fail="1" skip="0">step11</stat>
<stat pass="0" fail="1" skip="0">step12</stat>
<stat pass="1" fail="0" skip="0">step13</stat>
<stat pass="1" fail="0" skip="0">step14</stat>
<stat pass="1" fail="0" skip="0">step15</stat>
<stat pass="1" fail="0" skip="0">step16</stat>
<stat pass="1" fail="0" skip="0">step17</stat>
<stat pass="1" fail="0" skip="0">step18</stat>
<stat pass="1" fail="0" skip="0">step19</stat>
<stat pass="1" fail="0" skip="0">step20</stat>
<stat pass="17" fail="3" skip="0">UI_Test</stat>
</tag>
<suite>
<stat name="AdmitHis-Test" id="s1" pass="17" fail="3" skip="0">AdmitHis-Test</stat>
<stat name="AdmitHis-UI" id="s1-s1" pass="17" fail="3" skip="0">AdmitHis-Test.AdmitHis-UI</stat>
</suite>
</statistics>
<errors>
<msg time="2026-06-13T23:41:15.170013" level="WARN">Error in file 'D:\Mehrshad\Test-Project\HisAdmit\AdmitHis-Test\AdmitRis-Api.robot' on line 262: The '[Return]' setting is deprecated. Use the 'RETURN' statement instead.</msg>
<msg time="2026-06-13T23:41:15.170309" level="WARN">Error in file 'D:\Mehrshad\Test-Project\HisAdmit\AdmitHis-Test\AdmitRis-Api.robot' on line 277: The '[Return]' setting is deprecated. Use the 'RETURN' statement instead.</msg>
<msg time="2026-06-13T23:41:16.109495" level="WARN">executable_path is being deprecated. Please use service to configure the driver's executable_path as per documentation.</msg>
<msg time="2026-06-13T23:44:24.254804" level="WARN">executable_path is being deprecated. Please use service to configure the driver's executable_path as per documentation.</msg>
</errors>
</robot>
